<?xml version="1.0" encoding="utf-8"?>
<TestRun id="762d8a09-2f9c-4d5b-a48f-e8fbeada5819" name="Ricardo@DESKTOP-R345UFQ 2026-08-25 07:42:33" runUser="DESKTOP-R345UFQ\Ricardo" xmlns="http://microsoft.com/schemas/VisualStudio/TeamTest/2010">
  <Times creation="2026-08-25T07:42:33.3194727-03:00" queuing="2026-08-25T07:42:33.3194730-03:00" start="2026-08-25T07:42:31.9561784-03:00" finish="2026-08-25T07:43:04.1026541-03:00" />
  <TestSettings name="default" id="c838ff96-c0c6-4791-85d9-7ac7ab5f4c8e">
    <Deployment runDeploymentRoot="Ricardo_DESKTOP-R345UFQ_2026-08-25_07_42_33" />
  </TestSettings>
  <Results>
    <UnitTestResult executionId="13bc185b-f6c2-4824-b301-d0d4811bf9e7" testId="e736ddf4-6188-0278-bb42-cd56f3416890" testName="Nao_resolvido_nao_conta_mesmo_com_endereco_bonito" computerName="DESKTOP-R345UFQ" duration="00:00:00.0080943" startTime="2026-08-25T07:42:33.1053172-03:00" endTime="2026-08-25T07:42:33.1605880-03:00" testType="13cdc9d9-ddb5-4fa4-a97d-d965ccfc6d4b" outcome="Passed" testListId="8c84fa94-04c1-424b-9868-57a2d4851a1d" relativeResultsDirectory="13bc185b-f6c2-4824-b301-d0d4811bf9e7" />
    <UnitTestResult executionId="709c9535-1cdc-4169-a934-58d4877bcf5a" testId="646585a0-4ced-93ee-b30d-a41960a6fdf0" testName="Cancelamento_no_meio_nao_publica_nada" computerName="DESKTOP-R345UFQ" duration="00:00:00.0008583" startTime="2026-08-25T07:42:36.3436077-03:00" endTime="2026-08-25T07:42:36.3445489-03:00" testType="13cdc9d9-ddb5-4fa4-a97d-d965ccfc6d4b" outcome="Passed" testListId="8c84fa94-04c1-424b-9868-57a2d4851a1d" relativeResultsDirectory="709c9535-1cdc-4169-a934-58d4877bcf5a" />
    <UnitTestResult executionId="66c57104-73b1-464d-837f-e59543362c39" testId="38d031ae-66a2-e475-bb4d-989d37a8e9b0" testName="Apagar_item_com_estado_do_usuario_e_RECUSADO" computerName="DESKTOP-R345UFQ" duration="00:00:00.3227141" startTime="2026-08-25T07:42:33.1953104-03:00" endTime="2026-08-25T07:42:33.5181583-03:00" testType="13cdc9d9-ddb5-4fa4-a97d-d965ccfc6d4b" outcome="Passed" testListId="8c84fa94-04c1-424b-9868-57a2d4851a1d" relativeResultsDirectory="66c57104-73b1-464d-837f-e59543362c39" />
    <UnitTestResult executionId="eb1e2f21-944e-4c1d-a80e-61da2fdf9ef2" testId="02b111cc-8b8a-5a24-413c-067cee635256" testName="Fechar_a_janela_durante_o_envio_e_recusado" computerName="DESKTOP-R345UFQ" duration="00:00:00.0142394" startTime="2026-08-25T07:42:33.6610254-03:00" endTime="2026-08-25T07:42:33.7220711-03:00" testType="13cdc9d9-ddb5-4fa4-a97d-d965ccfc6d4b" outcome="Passed" testListId="8c84fa94-04c1-424b-9868-57a2d4851a1d" relativeResultsDirectory="eb1e2f21-944e-4c1d-a80e-61da2fdf9ef2" />
    <UnitTestResult executionId="c10ac27d-9f27-49ca-b3f7-e52890550cd2" testId="0173f488-ade3-45a4-47c1-9ac68381f51c" testName="S7_e_independente_do_S6" computerName="DESKTOP-R345UFQ" duration="00:00:00.0005580" startTime="2026-08-25T07:42:36.3204220-03:00" endTime="2026-08-25T07:42:36.3210633-03:00" testType="13cdc9d9-ddb5-4fa4-a97d-d965ccfc6d4b" outcome="Passed" testListId="8c84fa94-04c1-424b-9868-57a2d4851a1d" relativeResultsDirectory="c10ac27d-9f27-49ca-b3f7-e52890550cd2" />
    <UnitTestResult executionId="a150c3be-9298-49e3-83c0-bd28909b86ec" testId="7cb50acb-6a18-932c-89bf-fca650c57152" testName="Fonte_que_lanca_na_pagina_FALHA_sem_publicar" computerName="DESKTOP-R345UFQ" duration="00:00:00.0004901" startTime="2026-08-25T07:42:36.3414266-03:00" endTime="2026-08-25T07:42:36.3420292-03:00" testType="13cdc9d9-ddb5-4fa4-a97d-d965ccfc6d4b" outcome="Passed" testListId="8c84fa94-04c1-424b-9868-57a2d4851a1d" relativeResultsDirectory="a150c3be-9298-49e3-83c0-bd28909b86ec" />
    <UnitTestResult executionId="9eaefdc1-fb20-42a6-8e9d-225add2ee73e" testId="83d35996-5e2a-1661-47e8-bf95e73a843d" testName="Nao_instalado_pula" computerName="DESKTOP-R345UFQ" duration="00:00:00.0021668" startTime="2026-08-25T07:42:33.5262892-03:00" endTime="2026-08-25T07:42:33.5285526-03:00" testType="13cdc9d9-ddb5-4fa4-a97d-d965ccfc6d4b" outcome="Passed" testListId="8c84fa94-04c1-424b-9868-57a2d4851a1d" relativeResultsDirectory="9eaefdc1-fb20-42a6-8e9d-225add2ee73e" />
    <UnitTestResult executionId="feb8d925-69e4-48b8-beea-cd8d640164ee" testId="bc248de1-b9f8-bcd0-450d-666def3ce9a9" testName="O_atraso_conta_do_ultimo_evento_e_nao_do_primeiro" computerName="DESKTOP-R345UFQ" duration="00:00:00.0012046" startTime="2026-08-25T07:42:34.3444536-03:00" endTime="2026-08-25T07:42:34.3458073-03:00" testType="13cdc9d9-ddb5-4fa4-a97d-d965ccfc6d4b" outcome="Passed" testListId="8c84fa94-04c1-424b-9868-57a2d4851a1d" relativeResultsDirectory="feb8d925-69e4-48b8-beea-cd8d640164ee" />
    <UnitTestResult executionId="700eaf70-c70f-4227-b4f5-fa1ba5ba27b5" testId="ff9d9229-2a16-31d9-0b75-ff2aa08fc1e1" testName="I2_recusa_provider_id_dentro_do_estado_do_usuario" computerName="DESKTOP-R345UFQ" duration="00:00:00.0011504" startTime="2026-08-25T07:42:36.3083050-03:00" endTime="2026-08-25T07:42:36.3095840-03:00" testType="13cdc9d9-ddb5-4fa4-a97d-d965ccfc6d4b" outcome="Passed" testListId="8c84fa94-04c1-424b-9868-57a2d4851a1d" relativeResultsDirectory="700eaf70-c70f-4227-b4f5-fa1ba5ba27b5" />
    <UnitTestResult executionId="7947ebab-1a71-4f7d-9a85-df9690aa4263" testId="ebabf666-d4df-1709-230c-1310f11aa2f2" testName="Varredura_que_publica_nao_tem_causa" computerName="DESKTOP-R345UFQ" duration="00:00:00.0138628" startTime="2026-08-25T07:42:33.5231296-03:00" endTime="2026-08-25T07:42:33.5376945-03:00" testType="13cdc9d9-ddb5-4fa4-a97d-d965ccfc6d4b" outcome="Passed" testListId="8c84fa94-04c1-424b-9868-57a2d4851a1d" relativeResultsDirectory="7947ebab-1a71-4f7d-9a85-df9690aa4263" />
    <UnitTestResult executionId="8556fa4b-957f-456d-a989-42665a135724" testId="cb1efdd8-0bf1-50f7-de57-82f03a28a229" testName="Aumentar_a_janela_tambem_exige_reconciliacao" computerName="DESKTOP-R345UFQ" duration="00:00:00.0004140" startTime="2026-08-25T07:42:34.8723907-03:00" endTime="2026-08-25T07:42:34.8733107-03:00" testType="13cdc9d9-ddb5-4fa4-a97d-d965ccfc6d4b" outcome="Passed" testListId="8c84fa94-04c1-424b-9868-57a2d4851a1d" relativeResultsDirectory="8556fa4b-957f-456d-a989-42665a135724" />
    <UnitTestResult executionId="307e023a-e290-4f6c-8587-3ca8d3186c3d" testId="5749f7e7-4066-f326-6a0b-50ab18157aac" testName="Ambiente_igual_nao_exige_reconciliacao" computerName="DESKTOP-R345UFQ" duration="00:00:00.0003742" startTime="2026-08-25T07:42:34.8726569-03:00" endTime="2026-08-25T07:42:34.8733407-03:00" testType="13cdc9d9-ddb5-4fa4-a97d-d965ccfc6d4b" outcome="Passed" testListId="8c84fa94-04c1-424b-9868-57a2d4851a1d" relativeResultsDirectory="307e023a-e290-4f6c-8587-3ca8d3186c3d" />
    <UnitTestResult executionId="c2714fd1-982c-4643-8a83-96b2c232a07f" testId="2a725422-4ccd-6e78-641c-e027c123ec59" testName="Caminho_feliz_publica_exatamente_uma_geracao" computerName="DESKTOP-R345UFQ" duration="00:00:00.0020320" startTime="2026-08-25T07:42:36.3241174-03:00" endTime="2026-08-25T07:42:36.3263133-03:00" testType="13cdc9d9-ddb5-4fa4-a97d-d965ccfc6d4b" outcome="Passed" testListId="8c84fa94-04c1-424b-9868-57a2d4851a1d" relativeResultsDirectory="c2714fd1-982c-4643-8a83-96b2c232a07f" />
    <UnitTestResult executionId="980f510f-1a6f-4417-a84d-4b0da8ab81f2" testId="eea2680b-72ab-8966-f1b0-ad8d3f611853" testName="Ambiente_fora_da_matriz_nao_pode_concluir_ausencia" computerName="DESKTOP-R345UFQ" duration="00:00:00.0003092" startTime="2026-08-25T07:42:34.8636510-03:00" endTime="2026-08-25T07:42:34.8643379-03:00" testType="13cdc9d9-ddb5-4fa4-a97d-d965ccfc6d4b" outcome="Passed" testListId="8c84fa94-04c1-424b-9868-57a2d4851a1d" relativeResultsDirectory="980f510f-1a6f-4417-a84d-4b0da8ab81f2" />
    <UnitTestResult executionId="74a2b7dc-1175-4625-a057-b8824c2d2752" testId="266baa19-df5d-46cc-3dbd-ee33eb42a0ac" testName="Model_e_Core_nao_miram_windows" computerName="DESKTOP-R345UFQ" duration="00:00:00.0026523" startTime="2026-08-25T07:42:33.1804155-03:00" endTime="2026-08-25T07:42:33.1834567-03:00" testType="13cdc9d9-ddb5-4fa4-a97d-d965ccfc6d4b" outcome="Passed" testListId="8c84fa94-04c1-424b-9868-57a2d4851a1d" relativeResultsDirectory="74a2b7dc-1175-4625-a057-b8824c2d2752" />
    <UnitTestResult executionId="a6d929b4-f7c0-47f4-87ae-3271e2d30c89" testId="c18a81a4-dab4-b392-7dc1-ec479e53a69c" testName="Varre_publica_e_a_UI_drena" computerName="DESKTOP-R345UFQ" duration="00:00:00.1574434" startTime="2026-08-25T07:42:35.8937023-03:00" endTime="2026-08-25T07:42:36.0513765-03:00" testType="13cdc9d9-ddb5-4fa4-a97d-d965ccfc6d4b" outcome="Passed" testListId="8c84fa94-04c1-424b-9868-57a2d4851a1d" relativeResultsDirectory="a6d929b4-f7c0-47f4-87ae-3271e2d30c89" />
    <UnitTestResult executionId="38570497-ed2b-4189-b773-49e6ac7abced" testId="2f12fc22-160a-2884-d73c-c6ade7378765" testName="Voltar_a_ser_observado_restaura_observavel" computerName="DESKTOP-R345UFQ" duration="00:00:00.0003050" startTime="2026-08-25T07:42:36.2945302-03:00" endTime="2026-08-25T07:42:36.2949255-03:00" testType="13cdc9d9-ddb5-4fa4-a97d-d965ccfc6d4b" outcome="Passed" testListId="8c84fa94-04c1-424b-9868-57a2d4851a1d" relativeResultsDirectory="38570497-ed2b-4189-b773-49e6ac7abced" />
    <UnitTestResult executionId="6ccb20b7-4053-4254-8866-a2c2b0d820a2" testId="29f8e553-1bbf-dd5b-9f6f-7c0fbba69fc2" testName="Anexar_instala_a_chave_nova_do_rascunho" computerName="DESKTOP-R345UFQ" duration="00:00:00.0736489" startTime="2026-08-25T07:42:33.6260979-03:00" endTime="2026-08-25T07:42:33.7298078-03:00" testType="13cdc9d9-ddb5-4fa4-a97d-d965ccfc6d4b" outcome="Passed" testListId="8c84fa94-04c1-424b-9868-57a2d4851a1d" relativeResultsDirectory="6ccb20b7-4053-4254-8866-a2c2b0d820a2" />
    <UnitTestResult executionId="f29b1bca-8b43-4cb1-bb73-6753b955f62e" testId="e05162de-eafd-11d4-d509-74dd9bfdd462" testName="Gravacao_falhando_nao_chega_a_confirmacao_de_envio" computerName="DESKTOP-R345UFQ" duration="00:00:00.0020759" startTime="2026-08-25T07:42:33.6102979-03:00" endTime="2026-08-25T07:42:33.6263340-03:00" testType="13cdc9d9-ddb5-4fa4-a97d-d965ccfc6d4b" outcome="Passed" testListId="8c84fa94-04c1-424b-9868-57a2d4851a1d" relativeResultsDirectory="f29b1bca-8b43-4cb1-bb73-6753b955f62e" />
    <UnitTestResult executionId="302ff03a-304f-41bd-b36c-40428bce7de1" testId="b007755d-b6ec-be7f-14f4-7483937833d3" testName="Ausente_nao_visto_de_novo_permanece_ausente" computerName="DESKTOP-R345UFQ" duration="00:00:00.0001538" startTime="2026-08-25T07:42:36.2897901-03:00" endTime="2026-08-25T07:42:36.2900184-03:00" testType="13cdc9d9-ddb5-4fa4-a97d-d965ccfc6d4b" outcome="Passed" testListId="8c84fa94-04c1-424b-9868-57a2d4851a1d" relativeResultsDirectory="302ff03a-304f-41bd-b36c-40428bce7de1" />
    <UnitTestResult executionId="084335c9-6309-4626-b34d-947a5f5d582c" testId="b149021e-39d3-c001-431e-2b2fc0c63cef" testName="Pagina_vazia_sem_progresso_ABORTA_cedo" computerName="DESKTOP-R345UFQ" duration="00:00:00.0004429" startTime="2026-08-25T07:42:36.3398267-03:00" endTime="2026-08-25T07:42:36.3403541-03:00" testType="13cdc9d9-ddb5-4fa4-a97d-d965ccfc6d4b" outcome="Passed" testListId="8c84fa94-04c1-424b-9868-57a2d4851a1d" relativeResultsDirectory="084335c9-6309-4626-b34d-947a5f5d582c" />
    <UnitTestResult executionId="def8b049-0056-4519-b031-0a5d93fb32a8" testId="20182413-6195-1183-2a19-550a895e9898" testName="Evento_isolado_recarrega_apos_o_silencio" computerName="DESKTOP-R345UFQ" duration="00:00:00.0001887" startTime="2026-08-25T07:42:34.3459144-03:00" endTime="2026-08-25T07:42:34.3462679-03:00" testType="13cdc9d9-ddb5-4fa4-a97d-d965ccfc6d4b" outcome="Passed" testListId="8c84fa94-04c1-424b-9868-57a2d4851a1d" relativeResultsDirectory="def8b049-0056-4519-b031-0a5d93fb32a8" />
    <UnitTestResult executionId="4ae4dca5-1537-4750-9b93-c14940d8d961" testId="f0cff5f5-5d6f-7089-e325-fc4c3c059ed2" testName="Vazio_completo_e_diferente_de_vazio_por_falha" computerName="DESKTOP-R345UFQ" duration="00:00:00.0009982" startTime="2026-08-25T07:42:35.8789777-03:00" endTime="2026-08-25T07:42:35.8807119-03:00" testType="13cdc9d9-ddb5-4fa4-a97d-d965ccfc6d4b" outcome="Passed" testListId="8c84fa94-04c1-424b-9868-57a2d4851a1d" relativeResultsDirectory="4ae4dca5-1537-4750-9b93-c14940d8d961" />
    <UnitTestResult executionId="12810427-dd9d-4d86-a643-df18c929a011" testId="cadbc136-2035-034a-d138-940b3ae62ae9" testName="Sem_cobertura_completa_NaoEncontrado_nao_confirma_ausencia" computerName="DESKTOP-R345UFQ" duration="00:00:00.0002629" startTime="2026-08-25T07:42:36.2899987-03:00" endTime="2026-08-25T07:42:36.2903485-03:00" testType="13cdc9d9-ddb5-4fa4-a97d-d965ccfc6d4b" outcome="Passed" testListId="8c84fa94-04c1-424b-9868-57a2d4851a1d" relativeResultsDirectory="12810427-dd9d-4d86-a643-df18c929a011" />
    <UnitTestResult executionId="87e95865-f3e3-4ffd-955e-5585d6ac79c3" testId="cc15c669-b095-5ae3-f45a-5c06f54c8f98" testName="A_confirmacao_mostra_os_anexos" computerName="DESKTOP-R345UFQ" duration="00:00:00.0156913" startTime="2026-08-25T07:42:33.6347250-03:00" endTime="2026-08-25T07:42:33.6645581-03:00" testType="13cdc9d9-ddb5-4fa4-a97d-d965ccfc6d4b" outcome="Passed" testListId="8c84fa94-04c1-424b-9868-57a2d4851a1d" relativeResultsDirectory="87e95865-f3e3-4ffd-955e-5585d6ac79c3" />
    <UnitTestResult executionId="a09062a6-f271-4850-b780-e3e7a5f41df6" testId="e59dbf02-600f-9d81-4ecd-d38371e6fdee" testName="Instalado_e_fechado_FALHA_em_vez_de_pular" computerName="DESKTOP-R345UFQ" duration="00:00:00.0021577" startTime="2026-08-25T07:42:33.5260844-03:00" endTime="2026-08-25T07:42:33.5285483-03:00" testType="13cdc9d9-ddb5-4fa4-a97d-d965ccfc6d4b" outcome="Passed" testListId="8c84fa94-04c1-424b-9868-57a2d4851a1d" relativeResultsDirectory="a09062a6-f271-4850-b780-e3e7a5f41df6" />
    <UnitTestResult executionId="e9e7b16d-13cf-45b9-b1a2-8530b83bfc26" testId="c5f361c0-f4f1-b3e1-1ccb-0986e36c55d5" testName="Falha_conhecida_no_envio_devolve_o_compositor_a_edicao" computerName="DESKTOP-R345UFQ" duration="00:00:00.0180387" startTime="2026-08-25T07:42:33.6030688-03:00" endTime="2026-08-25T07:42:33.6349584-03:00" testType="13cdc9d9-ddb5-4fa4-a97d-d965ccfc6d4b" outcome="Passed" testListId="8c84fa94-04c1-424b-9868-57a2d4851a1d" relativeResultsDirectory="e9e7b16d-13cf-45b9-b1a2-8530b83bfc26" />
    <UnitTestResult executionId="1fcb0707-72eb-4038-bb82-a78af2db90e4" testId="4c947eeb-8d67-de99-1bdb-782ec5c2debe" testName="Encolhimento_compensado_por_correio_novo_e_ACUSADO" computerName="DESKTOP-R345UFQ" duration="00:00:00.1420371" startTime="2026-08-25T07:42:33.8459405-03:00" endTime="2026-08-25T07:42:33.9882104-03:00" testType="13cdc9d9-ddb5-4fa4-a97d-d965ccfc6d4b" outcome="Passed" testListId="8c84fa94-04c1-424b-9868-57a2d4851a1d" relativeResultsDirectory="1fcb0707-72eb-4038-bb82-a78af2db90e4" />
    <UnitTestResult executionId="c79aef94-209a-4963-a8c9-7f3f2b956e13" testId="0b27ca00-4c6a-a4b3-05d2-72fc30526833" testName="Conferir_o_envio_grava_o_que_esta_na_tela_antes_de_perguntar" computerName="DESKTOP-R345UFQ" duration="00:00:00.0864851" startTime="2026-08-25T07:42:33.5299595-03:00" endTime="2026-08-25T07:42:33.6259431-03:00" testType="13cdc9d9-ddb5-4fa4-a97d-d965ccfc6d4b" outcome="Passed" testListId="8c84fa94-04c1-424b-9868-57a2d4851a1d" relativeResultsDirectory="c79aef94-209a-4963-a8c9-7f3f2b956e13" />
    <UnitTestResult executionId="de0440b3-ebaa-4006-b1d9-03be0e2dfd0b" testId="83ae479d-a8d2-7906-b124-a0e2c71265aa" testName="Zero_enganoso_REJEITA" computerName="DESKTOP-R345UFQ" duration="00:00:00.0003582" startTime="2026-08-25T07:42:36.3393317-03:00" endTime="2026-08-25T07:42:36.3397856-03:00" testType="13cdc9d9-ddb5-4fa4-a97d-d965ccfc6d4b" outcome="Passed" testListId="8c84fa94-04c1-424b-9868-57a2d4851a1d" relativeResultsDirectory="de0440b3-ebaa-4006-b1d9-03be0e2dfd0b" />
    <UnitTestResult executionId="1059a7d7-5abe-4865-8a65-9dedc8b69c7a" testId="ba6c2203-289a-89d1-a2f7-c80273e8b93b" testName="Evento_da_mesma_epoca_nao_bloqueia_o_compositor" computerName="DESKTOP-R345UFQ" duration="00:00:00.0633139" startTime="2026-08-25T07:42:33.7467196-03:00" endTime="2026-08-25T07:42:33.8181835-03:00" testType="13cdc9d9-ddb5-4fa4-a97d-d965ccfc6d4b" outcome="Passed" testListId="8c84fa94-04c1-424b-9868-57a2d4851a1d" relativeResultsDirectory="1059a7d7-5abe-4865-8a65-9dedc8b69c7a" />
    <UnitTestResult executionId="c8524109-88d8-44e0-8ee2-3d9495b9e1b7" testId="cbe120a0-e3cf-af5a-5d75-53c1d3041526" testName="Compositor_novo_depois_da_troca_funciona" computerName="DESKTOP-R345UFQ" duration="00:00:00.0546758" startTime="2026-08-25T07:42:33.7548435-03:00" endTime="2026-08-25T07:42:33.8159073-03:00" testType="13cdc9d9-ddb5-4fa4-a97d-d965ccfc6d4b" outcome="Passed" testListId="8c84fa94-04c1-424b-9868-57a2d4851a1d" relativeResultsDirectory="c8524109-88d8-44e0-8ee2-3d9495b9e1b7" />
    <UnitTestResult executionId="93a7fb02-6958-4bf2-9285-d6d839d71332" testId="4e28a7d9-7d6e-3b20-f4c4-40274394e438" testName="A_maquina_realmente_publica_alguma_coisa" computerName="DESKTOP-R345UFQ" duration="00:00:00.0015165" startTime="2026-08-25T07:42:36.3242899-03:00" endTime="2026-08-25T07:42:36.3259088-03:00" testType="13cdc9d9-ddb5-4fa4-a97d-d965ccfc6d4b" outcome="Passed" testListId="8c84fa94-04c1-424b-9868-57a2d4851a1d" relativeResultsDirectory="93a7fb02-6958-4bf2-9285-d6d839d71332" />
    <UnitTestResult executionId="c6d753b0-2bd3-4a0e-94da-ca9e9cb6741c" testId="ed3f8a1e-d899-ca3f-c734-32a7c82a3076" testName="Fechar_localmente_nao_toca_no_rascunho_do_Outlook" computerName="DESKTOP-R345UFQ" duration="00:00:00.0011996" startTime="2026-08-25T07:42:33.7588714-03:00" endTime="2026-08-25T07:42:33.7609438-03:00" testType="13cdc9d9-ddb5-4fa4-a97d-d965ccfc6d4b" outcome="Passed" testListId="8c84fa94-04c1-424b-9868-57a2d4851a1d" relativeResultsDirectory="c6d753b0-2bd3-4a0e-94da-ca9e9cb6741c" />
    <UnitTestResult executionId="72ef9c5c-225a-48ac-a0f8-f2abee0fe59b" testId="0c183767-3642-5a8c-6539-ea8f23fba01f" testName="Cursor_de_offset_faz_ida_e_volta" computerName="DESKTOP-R345UFQ" duration="00:00:00.0105002" startTime="2026-08-25T07:42:34.3349219-03:00" endTime="2026-08-25T07:42:34.3459294-03:00" testType="13cdc9d9-ddb5-4fa4-a97d-d965ccfc6d4b" outcome="Passed" testListId="8c84fa94-04c1-424b-9868-57a2d4851a1d" relativeResultsDirectory="72ef9c5c-225a-48ac-a0f8-f2abee0fe59b" />
    <UnitTestResult executionId="b8fb3f6e-7261-43ab-8d3b-0b7488dbda02" testId="2fee65f6-82dd-5159-fa53-d05ec8db4697" testName="Alcance_que_encolhe_e_ACUSADO" computerName="DESKTOP-R345UFQ" duration="00:00:00.1624187" startTime="2026-08-25T07:42:33.8248615-03:00" endTime="2026-08-25T07:42:33.9874484-03:00" testType="13cdc9d9-ddb5-4fa4-a97d-d965ccfc6d4b" outcome="Passed" testListId="8c84fa94-04c1-424b-9868-57a2d4851a1d" relativeResultsDirectory="b8fb3f6e-7261-43ab-8d3b-0b7488dbda02" />
    <UnitTestResult executionId="1e103014-a569-40f3-8943-c3c3151abda4" testId="a588d776-4767-2728-8e09-1ad22e0f56d0" testName="S2_recusa_ausencia_nao_amarrada_a_uma_geracao" computerName="DESKTOP-R345UFQ" duration="00:00:00.0002709" startTime="2026-08-25T07:42:36.3198405-03:00" endTime="2026-08-25T07:42:36.3201848-03:00" testType="13cdc9d9-ddb5-4fa4-a97d-d965ccfc6d4b" outcome="Passed" testListId="8c84fa94-04c1-424b-9868-57a2d4851a1d" relativeResultsDirectory="1e103014-a569-40f3-8943-c3c3151abda4" />
    <UnitTestResult executionId="10ae9e3f-1a25-4d08-8b2f-fe1249a5be5f" testId="8fd7516d-5198-5a83-5d3b-ac0906700bec" testName="Truncamento_REJEITA" computerName="DESKTOP-R345UFQ" duration="00:00:00.0003349" startTime="2026-08-25T07:42:36.3393176-03:00" endTime="2026-08-25T07:42:36.3397425-03:00" testType="13cdc9d9-ddb5-4fa4-a97d-d965ccfc6d4b" outcome="Passed" testListId="8c84fa94-04c1-424b-9868-57a2d4851a1d" relativeResultsDirectory="10ae9e3f-1a25-4d08-8b2f-fe1249a5be5f" />
    <UnitTestResult executionId="54c8850a-f97a-4923-9a75-4f6c38ebad3b" testId="32c6198a-5681-3b1f-8d1b-1c325b515a06" testName="Falha_desconhecida_preserva_a_sessao_no_comeco_e_desiste_depois" computerName="DESKTOP-R345UFQ" duration="00:00:00.0002722" startTime="2026-08-25T07:42:34.8861625-03:00" endTime="2026-08-25T07:42:34.8865753-03:00" testType="13cdc9d9-ddb5-4fa4-a97d-d965ccfc6d4b" outcome="Passed" testListId="8c84fa94-04c1-424b-9868-57a2d4851a1d" relativeResultsDirectory="54c8850a-f97a-4923-9a75-4f6c38ebad3b" />
    <UnitTestResult executionId="a1794c56-c1c8-4273-b187-fc631dbe5c83" testId="56712e55-00e2-9f26-705a-8dc0e7115fbf" testName="Modelo_que_viola_invariante_nao_cria_banco" computerName="DESKTOP-R345UFQ" duration="00:00:00.0416900" startTime="2026-08-25T07:42:33.2398698-03:00" endTime="2026-08-25T07:42:33.2820486-03:00" testType="13cdc9d9-ddb5-4fa4-a97d-d965ccfc6d4b" outcome="Passed" testListId="8c84fa94-04c1-424b-9868-57a2d4851a1d" relativeResultsDirectory="a1794c56-c1c8-4273-b187-fc631dbe5c83" />
    <UnitTestResult executionId="1cb64304-4679-4574-b990-048123a48c72" testId="0f809167-04b0-cfa1-cab0-f7ef3ab77b47" testName="Epoca_mudou_durante_a_varredura_RECUSA_publicar" computerName="DESKTOP-R345UFQ" duration="00:00:00.0005990" startTime="2026-08-25T07:42:36.3436137-03:00" endTime="2026-08-25T07:42:36.3442888-03:00" testType="13cdc9d9-ddb5-4fa4-a97d-d965ccfc6d4b" outcome="Passed" testListId="8c84fa94-04c1-424b-9868-57a2d4851a1d" relativeResultsDirectory="1cb64304-4679-4574-b990-048123a48c72" />
    <UnitTestResult executionId="3b268706-364a-4acf-b2b1-fc7089f7a8a8" testId="a93aa21e-b127-6933-a1fb-729fd52f0b93" testName="Tentativa_descartada_nunca_volta_a_publicavel" computerName="DESKTOP-R345UFQ" duration="00:00:00.0002505" startTime="2026-08-25T07:42:36.3295150-03:00" endTime="2026-08-25T07:42:36.3298597-03:00" testType="13cdc9d9-ddb5-4fa4-a97d-d965ccfc6d4b" outcome="Passed" testListId="8c84fa94-04c1-424b-9868-57a2d4851a1d" relativeResultsDirectory="3b268706-364a-4acf-b2b1-fc7089f7a8a8" />
    <UnitTestResult executionId="4ebc41ff-8885-4401-945d-c1bef5f7bcdc" testId="00e01e20-de0c-2edb-a03d-669ca068eb85" testName="Item_que_sumiu_na_segunda_geracao_vira_SUSPEITO_e_nao_ausente" computerName="DESKTOP-R345UFQ" duration="00:00:00.1285537" startTime="2026-08-25T07:42:36.1587143-03:00" endTime="2026-08-25T07:42:36.2873828-03:00" testType="13cdc9d9-ddb5-4fa4-a97d-d965ccfc6d4b" outcome="Passed" testListId="8c84fa94-04c1-424b-9868-57a2d4851a1d" relativeResultsDirectory="4ebc41ff-8885-4401-945d-c1bef5f7bcdc" />
    <UnitTestResult executionId="30641d46-32bd-404c-af05-082b98e9cff6" testId="f4fa37b9-c2a8-9319-74e3-5a49fd66aacf" testName="Nesta_maquina_o_ramo_que_vale_e_o_de_FALHA" computerName="DESKTOP-R345UFQ" duration="00:00:00.0029360" startTime="2026-08-25T07:42:33.5262979-03:00" endTime="2026-08-25T07:42:33.5293232-03:00" testType="13cdc9d9-ddb5-4fa4-a97d-d965ccfc6d4b" outcome="Passed" testListId="8c84fa94-04c1-424b-9868-57a2d4851a1d" relativeResultsDirectory="30641d46-32bd-404c-af05-082b98e9cff6" />
    <UnitTestResult executionId="ec6af1fb-9981-4275-91f7-468740e3462c" testId="eca27205-ad5e-d12b-777c-cd334c9d55d1" testName="Sem_drenagem_perde_exatamente_o_resto_do_grupo" computerName="DESKTOP-R345UFQ" duration="00:00:00.0125523" startTime="2026-08-25T07:42:34.3113580-03:00" endTime="2026-08-25T07:42:34.3242457-03:00" testType="13cdc9d9-ddb5-4fa4-a97d-d965ccfc6d4b" outcome="Passed" testListId="8c84fa94-04c1-424b-9868-57a2d4851a1d" relativeResultsDirectory="ec6af1fb-9981-4275-91f7-468740e3462c" />
    <UnitTestResult executionId="fdd6d777-8529-4a9c-89f4-f94e851bc736" testId="f0290033-59ff-18c9-55f7-b27b27e178f3" testName="Edicoes_espacadas_geram_gravacoes_separadas" computerName="DESKTOP-R345UFQ" duration="00:00:00.1956669" startTime="2026-08-25T07:42:33.5286055-03:00" endTime="2026-08-25T07:42:33.7424930-03:00" testType="13cdc9d9-ddb5-4fa4-a97d-d965ccfc6d4b" outcome="Passed" testListId="8c84fa94-04c1-424b-9868-57a2d4851a1d" relativeResultsDirectory="fdd6d777-8529-4a9c-89f4-f94e851bc736" />
    <UnitTestResult executionId="8237e088-d80d-4fc5-8033-2b7e3c714adc" testId="c959e13b-227d-54d1-2dd6-167e6e613853" testName="Criacao_que_termina_depois_do_descarte_nao_abre_o_compositor" computerName="DESKTOP-R345UFQ" duration="00:00:00.0051753" startTime="2026-08-25T07:42:33.7340236-03:00" endTime="2026-08-25T07:42:33.7431204-03:00" testType="13cdc9d9-ddb5-4fa4-a97d-d965ccfc6d4b" outcome="Passed" testListId="8c84fa94-04c1-424b-9868-57a2d4851a1d" relativeResultsDirectory="8237e088-d80d-4fc5-8033-2b7e3c714adc" />
    <UnitTestResult executionId="ed501e9c-5724-4978-98f0-037b25fb234b" testId="83502fbb-a33f-5c0f-06cb-d3c1fad126a8" testName="Endereco_SMTP_comum_passa" computerName="DESKTOP-R345UFQ" duration="00:00:00.0080577" startTime="2026-08-25T07:42:33.1052978-03:00" endTime="2026-08-25T07:42:33.1606123-03:00" testType="13cdc9d9-ddb5-4fa4-a97d-d965ccfc6d4b" outcome="Passed" testListId="8c84fa94-04c1-424b-9868-57a2d4851a1d" relativeResultsDirectory="ed501e9c-5724-4978-98f0-037b25fb234b" />
    <UnitTestResult executionId="99272add-7836-4a15-acd7-479d93e67b9d" testId="1e9dd67f-b29c-0d33-48b7-28c675dd6c82" testName="O_schema_pretendido_passa_limpo" computerName="DESKTOP-R345UFQ" duration="00:00:00.0008965" startTime="2026-08-25T07:42:36.3070080-03:00" endTime="2026-08-25T07:42:36.3082314-03:00" testType="13cdc9d9-ddb5-4fa4-a97d-d965ccfc6d4b" outcome="Passed" testListId="8c84fa94-04c1-424b-9868-57a2d4851a1d" relativeResultsDirectory="99272add-7836-4a15-acd7-479d93e67b9d" />
    <UnitTestResult executionId="02c600fa-998e-470f-aa3b-edef34c8f183" testId="3be312c5-71b6-f5cd-7a8f-cf95889ce0a1" testName="Sem_ressalva_a_faixa_nao_ocupa_espaco" computerName="DESKTOP-R345UFQ" duration="00:00:00.9080160" startTime="2026-08-25T07:42:34.8931991-03:00" endTime="2026-08-25T07:42:35.8301986-03:00" testType="13cdc9d9-ddb5-4fa4-a97d-d965ccfc6d4b" outcome="Passed" testListId="8c84fa94-04c1-424b-9868-57a2d4851a1d" relativeResultsDirectory="02c600fa-998e-470f-aa3b-edef34c8f183" />
    <UnitTestResult executionId="8173d14b-d9c2-4fc4-984e-d84132452639" testId="69ebb33a-4e6d-6bec-6b7d-bb55fe6363ce" testName="Segunda_rajada_gera_segunda_recarga" computerName="DESKTOP-R345UFQ" duration="00:00:00.0005847" startTime="2026-08-25T07:42:34.3459721-03:00" endTime="2026-08-25T07:42:34.3466657-03:00" testType="13cdc9d9-ddb5-4fa4-a97d-d965ccfc6d4b" outcome="Passed" testListId="8c84fa94-04c1-424b-9868-57a2d4851a1d" relativeResultsDirectory="8173d14b-d9c2-4fc4-984e-d84132452639" />
    <UnitTestResult executionId="b0e8b1cc-7447-4e80-bba1-794c07c0d4a7" testId="f58ae9e9-fbce-c143-0115-015c973ca563" testName="Cria_e_reabre_sem_divergencia" computerName="DESKTOP-R345UFQ" duration="00:00:00.3090401" startTime="2026-08-25T07:42:33.1929989-03:00" endTime="2026-08-25T07:42:33.5022726-03:00" testType="13cdc9d9-ddb5-4fa4-a97d-d965ccfc6d4b" outcome="Passed" testListId="8c84fa94-04c1-424b-9868-57a2d4851a1d" relativeResultsDirectory="b0e8b1cc-7447-4e80-bba1-794c07c0d4a7" />
    <UnitTestResult executionId="724b4482-548a-47cb-a2b9-f2839fc877bf" testId="b9da4fa8-492d-e3f0-b838-e528e7019976" testName="Model_nao_expoe_Object_nem_delegate" computerName="DESKTOP-R345UFQ" duration="00:00:00.0012991" startTime="2026-08-25T07:42:33.1928993-03:00" endTime="2026-08-25T07:42:33.1943346-03:00" testType="13cdc9d9-ddb5-4fa4-a97d-d965ccfc6d4b" outcome="Passed" testListId="8c84fa94-04c1-424b-9868-57a2d4851a1d" relativeResultsDirectory="724b4482-548a-47cb-a2b9-f2839fc877bf" />
    <UnitTestResult executionId="a151499c-a545-4e81-bdf4-98f6d6a420a4" testId="16f8bc96-9e4a-d98e-5ff4-0ef184aec1cf" testName="Varredura_interrompida_e_refeita_converge" computerName="DESKTOP-R345UFQ" duration="00:00:10.6340160" startTime="2026-08-25T07:42:35.5198181-03:00" endTime="2026-08-25T07:42:46.1540274-03:00" testType="13cdc9d9-ddb5-4fa4-a97d-d965ccfc6d4b" outcome="Passed" testListId="8c84fa94-04c1-424b-9868-57a2d4851a1d" relativeResultsDirectory="a151499c-a545-4e81-bdf4-98f6d6a420a4">
      <Output>
        <StdOut>apos retomada: Publicada — &#xD;
convergiu para 988 itens, sem duplicata</StdOut>
      </Output>
    </UnitTestResult>
    <UnitTestResult executionId="b9d56f8c-362f-4a18-b8af-9102bd66e828" testId="a4ea69d6-e821-c557-74b9-0adc8f8c4ed3" testName="Geracao_mais_velha_nao_retrocede_estado" computerName="DESKTOP-R345UFQ" duration="00:00:00.0001352" startTime="2026-08-25T07:42:36.2920988-03:00" endTime="2026-08-25T07:42:36.2922960-03:00" testType="13cdc9d9-ddb5-4fa4-a97d-d965ccfc6d4b" outcome="Passed" testListId="8c84fa94-04c1-424b-9868-57a2d4851a1d" relativeResultsDirectory="b9d56f8c-362f-4a18-b8af-9102bd66e828" />
    <UnitTestResult executionId="8e0cda5f-99d0-433c-b8ea-62f1d089ea13" testId="c1befd49-0e89-3827-c1ef-bdd741c1872a" testName="Consumidor_que_lanca_nao_marca_drenada" computerName="DESKTOP-R345UFQ" duration="00:00:00.1114811" startTime="2026-08-25T07:42:35.9790379-03:00" endTime="2026-08-25T07:42:36.0907515-03:00" testType="13cdc9d9-ddb5-4fa4-a97d-d965ccfc6d4b" outcome="Passed" testListId="8c84fa94-04c1-424b-9868-57a2d4851a1d" relativeResultsDirectory="8e0cda5f-99d0-433c-b8ea-62f1d089ea13" />
    <UnitTestResult executionId="705b5f97-5405-4bbb-a8f6-13166920b8da" testId="15f915f1-4f81-a040-3134-407187c01914" testName="Todo_binding_conhecido_resolve_no_ViewModel" computerName="DESKTOP-R345UFQ" duration="00:00:00.0211230" startTime="2026-08-25T07:42:33.1901323-03:00" endTime="2026-08-25T07:42:33.2114230-03:00" testType="13cdc9d9-ddb5-4fa4-a97d-d965ccfc6d4b" outcome="Passed" testListId="8c84fa94-04c1-424b-9868-57a2d4851a1d" relativeResultsDirectory="705b5f97-5405-4bbb-a8f6-13166920b8da" />
    <UnitTestResult executionId="62f55fc9-6a2a-4b6a-92c4-520ee02b3109" testId="ccbdf1cd-21df-45cd-a3b1-47b9605c4e4f" testName="Envio_ambiguo_nao_permite_reenviar" computerName="DESKTOP-R345UFQ" duration="00:00:00.0186242" startTime="2026-08-25T07:42:33.6019395-03:00" endTime="2026-08-25T07:42:33.6343914-03:00" testType="13cdc9d9-ddb5-4fa4-a97d-d965ccfc6d4b" outcome="Passed" testListId="8c84fa94-04c1-424b-9868-57a2d4851a1d" relativeResultsDirectory="62f55fc9-6a2a-4b6a-92c4-520ee02b3109" />
    <UnitTestResult executionId="be2ffd67-1c67-4d13-a0fd-b6c33885f649" testId="c9ac2725-c63c-55a1-c12a-bcba2d9de6aa" testName="Retomada_nao_duplica_nem_infla_a_contagem" computerName="DESKTOP-R345UFQ" duration="00:00:01.4220453" startTime="2026-08-25T07:42:34.0154259-03:00" endTime="2026-08-25T07:42:35.4380264-03:00" testType="13cdc9d9-ddb5-4fa4-a97d-d965ccfc6d4b" outcome="Passed" testListId="8c84fa94-04c1-424b-9868-57a2d4851a1d" relativeResultsDirectory="be2ffd67-1c67-4d13-a0fd-b6c33885f649" />
    <UnitTestResult executionId="bd7457ad-3745-4e75-98a4-01862b48862e" testId="64c08946-fba9-3d63-2f9a-9f92ff2061c6" testName="Antes_do_backoff_nao_tenta" computerName="DESKTOP-R345UFQ" duration="00:00:00.0014031" startTime="2026-08-25T07:42:36.3035827-03:00" endTime="2026-08-25T07:42:36.3051255-03:00" testType="13cdc9d9-ddb5-4fa4-a97d-d965ccfc6d4b" outcome="Passed" testListId="8c84fa94-04c1-424b-9868-57a2d4851a1d" relativeResultsDirectory="bd7457ad-3745-4e75-98a4-01862b48862e" />
    <UnitTestResult executionId="22e63302-4755-41d8-8c8d-2daf90e38e30" testId="f8a9ac50-b8d0-3a9b-06b9-2b4d0d004a92" testName="Tentativa_rejeitada_nao_altera_item_JA_PUBLICADO" computerName="DESKTOP-R345UFQ" duration="00:00:00.1270634" startTime="2026-08-25T07:42:36.1552542-03:00" endTime="2026-08-25T07:42:36.2825898-03:00" testType="13cdc9d9-ddb5-4fa4-a97d-d965ccfc6d4b" outcome="Passed" testListId="8c84fa94-04c1-424b-9868-57a2d4851a1d" relativeResultsDirectory="22e63302-4755-41d8-8c8d-2daf90e38e30" />
    <UnitTestResult executionId="f82d0899-5051-4ac3-81c9-aa7e4cf49e0c" testId="c9fe266d-4578-e351-a7dd-1986bfa7f560" testName="Inferencia_autorizada_duas_vezes_nao_se_constroi" computerName="DESKTOP-R345UFQ" duration="00:00:00.0005054" startTime="2026-08-25T07:42:34.8592447-03:00" endTime="2026-08-25T07:42:34.8599777-03:00" testType="13cdc9d9-ddb5-4fa4-a97d-d965ccfc6d4b" outcome="Passed" testListId="8c84fa94-04c1-424b-9868-57a2d4851a1d" relativeResultsDirectory="f82d0899-5051-4ac3-81c9-aa7e4cf49e0c" />
    <UnitTestResult executionId="364d337a-7c59-49b0-ab08-65d406cb0cfb" testId="a4dd0dca-7c58-cb7e-dd28-b815ad865464" testName="Pasta_nunca_varrida_diz_que_nunca_foi_varrida" computerName="DESKTOP-R345UFQ" duration="00:00:00.0834133" startTime="2026-08-25T07:42:36.0759599-03:00" endTime="2026-08-25T07:42:36.1596140-03:00" testType="13cdc9d9-ddb5-4fa4-a97d-d965ccfc6d4b" outcome="Passed" testListId="8c84fa94-04c1-424b-9868-57a2d4851a1d" relativeResultsDirectory="364d337a-7c59-49b0-ab08-65d406cb0cfb" />
    <UnitTestResult executionId="5eadd9a1-d5c4-4808-9625-df321354dd69" testId="62200142-53d5-98c0-3e5e-ab36eff655dc" testName="Encontrado_em_outra_pasta_confirma_ausencia_sem_depender_de_cobertura" computerName="DESKTOP-R345UFQ" duration="00:00:00.0002004" startTime="2026-08-25T07:42:36.2913251-03:00" endTime="2026-08-25T07:42:36.2916023-03:00" testType="13cdc9d9-ddb5-4fa4-a97d-d965ccfc6d4b" outcome="Passed" testListId="8c84fa94-04c1-424b-9868-57a2d4851a1d" relativeResultsDirectory="5eadd9a1-d5c4-4808-9625-df321354dd69" />
    <UnitTestResult executionId="68a70998-f001-4d30-8765-44e322e443be" testId="67063333-839a-7cf0-b484-d5165ec74d42" testName="Destinatario_resolvido_leva_a_confirmacao" computerName="DESKTOP-R345UFQ" duration="00:00:00.0844248" startTime="2026-08-25T07:42:33.5299587-03:00" endTime="2026-08-25T07:42:33.6287380-03:00" testType="13cdc9d9-ddb5-4fa4-a97d-d965ccfc6d4b" outcome="Passed" testListId="8c84fa94-04c1-424b-9868-57a2d4851a1d" relativeResultsDirectory="68a70998-f001-4d30-8765-44e322e443be" />
    <UnitTestResult executionId="cd797a76-cc71-4e50-be8c-875afdde6456" testId="2a946e0c-3508-c557-232b-d70dec96e6f2" testName="Persistencia_que_recusa_por_ordem_nao_conta_como_publicado" computerName="DESKTOP-R345UFQ" duration="00:00:00.0003705" startTime="2026-08-25T07:42:36.3431033-03:00" endTime="2026-08-25T07:42:36.3435833-03:00" testType="13cdc9d9-ddb5-4fa4-a97d-d965ccfc6d4b" outcome="Passed" testListId="8c84fa94-04c1-424b-9868-57a2d4851a1d" relativeResultsDirectory="cd797a76-cc71-4e50-be8c-875afdde6456" />
    <UnitTestResult executionId="9acceb5d-dee5-49d3-8cd6-ba78227d2c0e" testId="ac681361-ec9e-8baf-c151-cfa97f6ea062" testName="Receber_a_mesma_geracao_varias_vezes_da_o_mesmo_acervo" computerName="DESKTOP-R345UFQ" duration="00:00:00.8908874" startTime="2026-08-25T07:42:34.3487269-03:00" endTime="2026-08-25T07:42:35.2459823-03:00" testType="13cdc9d9-ddb5-4fa4-a97d-d965ccfc6d4b" outcome="Passed" testListId="8c84fa94-04c1-424b-9868-57a2d4851a1d" relativeResultsDirectory="9acceb5d-dee5-49d3-8cd6-ba78227d2c0e" />
    <UnitTestResult executionId="a316e82b-f86c-4b2b-9155-e7c978fd0817" testId="82ada769-d719-205e-8499-f192b8c3743a" testName="Toda_secao_citada_pela_matriz_existe_no_FASE2" computerName="DESKTOP-R345UFQ" duration="00:00:00.0115246" startTime="2026-08-25T07:42:34.8734713-03:00" endTime="2026-08-25T07:42:34.8931189-03:00" testType="13cdc9d9-ddb5-4fa4-a97d-d965ccfc6d4b" outcome="Passed" testListId="8c84fa94-04c1-424b-9868-57a2d4851a1d" relativeResultsDirectory="a316e82b-f86c-4b2b-9155-e7c978fd0817" />
    <UnitTestResult executionId="2391eda0-c363-4dc9-967c-6ef16069b3a9" testId="4f05a9f5-ad6d-f139-4926-62aa060306dd" testName="Cursor_que_nao_avanca_FALHA_em_vez_de_travar" computerName="DESKTOP-R345UFQ" duration="00:00:00.0003757" startTime="2026-08-25T07:42:36.3398013-03:00" endTime="2026-08-25T07:42:36.3402822-03:00" testType="13cdc9d9-ddb5-4fa4-a97d-d965ccfc6d4b" outcome="Passed" testListId="8c84fa94-04c1-424b-9868-57a2d4851a1d" relativeResultsDirectory="2391eda0-c363-4dc9-967c-6ef16069b3a9" />
    <UnitTestResult executionId="d3eb2709-2baa-456d-8471-6d21dfb3d4d5" testId="f5e7d6f0-5a53-cab5-70f5-2dddeca2c27b" testName="Editando_a_mesma_edicao_grava" computerName="DESKTOP-R345UFQ" duration="00:00:00.2552295" startTime="2026-08-25T07:42:33.6591353-03:00" endTime="2026-08-25T07:42:33.9185535-03:00" testType="13cdc9d9-ddb5-4fa4-a97d-d965ccfc6d4b" outcome="Passed" testListId="8c84fa94-04c1-424b-9868-57a2d4851a1d" relativeResultsDirectory="d3eb2709-2baa-456d-8471-6d21dfb3d4d5" />
    <UnitTestResult executionId="b94e1e80-b26e-4f75-a77d-4e868d75beb1" testId="572f9d91-e99c-94a9-4803-f00721986394" testName="I1_recusa_identificador_do_provider_como_chave_primaria" computerName="DESKTOP-R345UFQ" duration="00:00:00.0022149" startTime="2026-08-25T07:42:36.3072858-03:00" endTime="2026-08-25T07:42:36.3095809-03:00" testType="13cdc9d9-ddb5-4fa4-a97d-d965ccfc6d4b" outcome="Passed" testListId="8c84fa94-04c1-424b-9868-57a2d4851a1d" relativeResultsDirectory="b94e1e80-b26e-4f75-a77d-4e868d75beb1" />
    <UnitTestResult executionId="5a4acf8b-3689-4cbe-8f27-dfafdc59d069" testId="ba1376ed-3995-5ad1-96f6-721edcc8f666" testName="Inconclusivo_deixa_suspeito" computerName="DESKTOP-R345UFQ" duration="00:00:00.0001845" startTime="2026-08-25T07:42:36.2916167-03:00" endTime="2026-08-25T07:42:36.2918624-03:00" testType="13cdc9d9-ddb5-4fa4-a97d-d965ccfc6d4b" outcome="Passed" testListId="8c84fa94-04c1-424b-9868-57a2d4851a1d" relativeResultsDirectory="5a4acf8b-3689-4cbe-8f27-dfafdc59d069" />
    <UnitTestResult executionId="1370f32a-3e4a-4b26-aeb0-dd0f9ca4e2ac" testId="49da835a-a074-d66b-0b2f-a1625caa53a3" testName="Com_cutoff_explicito_vira_nao_observavel" computerName="DESKTOP-R345UFQ" duration="00:00:00.0003216" startTime="2026-08-25T07:42:36.2944678-03:00" endTime="2026-08-25T07:42:36.2949163-03:00" testType="13cdc9d9-ddb5-4fa4-a97d-d965ccfc6d4b" outcome="Passed" testListId="8c84fa94-04c1-424b-9868-57a2d4851a1d" relativeResultsDirectory="1370f32a-3e4a-4b26-aeb0-dd0f9ca4e2ac" />
    <UnitTestResult executionId="dafd6fbd-a8af-43e0-9c82-e12492aac674" testId="8db7ccac-b2ee-ec5b-c7f3-e310b23b9d3c" testName="Table_e_iteracao_leem_o_MESMO_conjunto" computerName="DESKTOP-R345UFQ" duration="00:00:28.2170177" startTime="2026-08-25T07:42:35.7268197-03:00" endTime="2026-08-25T07:43:03.9456473-03:00" testType="13cdc9d9-ddb5-4fa4-a97d-d965ccfc6d4b" outcome="Passed" testListId="8c84fa94-04c1-424b-9868-57a2d4851a1d" relativeResultsDirectory="dafd6fbd-a8af-43e0-9c82-e12492aac674">
      <Output>
        <StdOut>por Table   : 988 chaves, 34 paginas&#xD;
por iteracao: 988 chaves, 34 paginas&#xD;
conferencia : 988 chaves — a pasta mexeu em 0&#xD;
comprimento da chave comum: 140</StdOut>
      </Output>
    </UnitTestResult>
    <UnitTestResult executionId="67ce9bac-1aa9-4ea4-849c-a125948ba780" testId="7015fa2d-b679-ce8c-b7b2-9286afebb35c" testName="A_entrega_e_ao_menos_uma_vez" computerName="DESKTOP-R345UFQ" duration="00:00:00.1147722" startTime="2026-08-25T07:42:36.0401312-03:00" endTime="2026-08-25T07:42:36.1551736-03:00" testType="13cdc9d9-ddb5-4fa4-a97d-d965ccfc6d4b" outcome="Passed" testListId="8c84fa94-04c1-424b-9868-57a2d4851a1d" relativeResultsDirectory="67ce9bac-1aa9-4ea4-849c-a125948ba780" />
    <UnitTestResult executionId="cd8e20a5-d8c8-402a-badb-41685d116b78" testId="cc31f154-32a3-e210-dbfd-2d247bb7af67" testName="Publicar_duas_vezes_e_recusado" computerName="DESKTOP-R345UFQ" duration="00:00:00.1407260" startTime="2026-08-25T07:42:34.1936625-03:00" endTime="2026-08-25T07:42:34.3347257-03:00" testType="13cdc9d9-ddb5-4fa4-a97d-d965ccfc6d4b" outcome="Passed" testListId="8c84fa94-04c1-424b-9868-57a2d4851a1d" relativeResultsDirectory="cd8e20a5-d8c8-402a-badb-41685d116b78" />
    <UnitTestResult executionId="5a0d0fa2-1e41-46a2-adf5-321a8d76add9" testId="63002c88-b404-3b3d-751c-11ece156d2c1" testName="Sessao_substituida_bloqueia_salvar_e_descartar" computerName="DESKTOP-R345UFQ" duration="00:00:00.0020160" startTime="2026-08-25T07:42:33.7548648-03:00" endTime="2026-08-25T07:42:33.7588052-03:00" testType="13cdc9d9-ddb5-4fa4-a97d-d965ccfc6d4b" outcome="Passed" testListId="8c84fa94-04c1-424b-9868-57a2d4851a1d" relativeResultsDirectory="5a0d0fa2-1e41-46a2-adf5-321a8d76add9" />
    <UnitTestResult executionId="065ca470-b790-4bab-aab1-7dd3a6f60530" testId="c857a67c-66c4-e6d0-d1bf-424441df3e6e" testName="Controle_a_leitura_da_arvore_encontra_texto_plantado" computerName="DESKTOP-R345UFQ" duration="00:00:00.8944712" startTime="2026-08-25T07:42:34.9445755-03:00" endTime="2026-08-25T07:42:35.8784439-03:00" testType="13cdc9d9-ddb5-4fa4-a97d-d965ccfc6d4b" outcome="Passed" testListId="8c84fa94-04c1-424b-9868-57a2d4851a1d" relativeResultsDirectory="065ca470-b790-4bab-aab1-7dd3a6f60530" />
    <UnitTestResult executionId="e3783726-3fe7-4f3e-89c6-02f1d0d09cbc" testId="2f8174eb-c944-3177-c2a6-13ba45beda1e" testName="Enquanto_o_anexo_grava_nenhuma_outra_operacao_passa" computerName="DESKTOP-R345UFQ" duration="00:00:00.1912606" startTime="2026-08-25T07:42:33.7066976-03:00" endTime="2026-08-25T07:42:33.9199849-03:00" testType="13cdc9d9-ddb5-4fa4-a97d-d965ccfc6d4b" outcome="Passed" testListId="8c84fa94-04c1-424b-9868-57a2d4851a1d" relativeResultsDirectory="e3783726-3fe7-4f3e-89c6-02f1d0d09cbc" />
    <UnitTestResult executionId="5e0afc71-3323-4117-b557-886f14b3114e" testId="7ea4248f-2298-3c7e-5828-15f33f8224ac" testName="Suspeito_visto_de_novo_volta_a_presente" computerName="DESKTOP-R345UFQ" duration="00:00:00.0001718" startTime="2026-08-25T07:42:36.2891777-03:00" endTime="2026-08-25T07:42:36.2894428-03:00" testType="13cdc9d9-ddb5-4fa4-a97d-d965ccfc6d4b" outcome="Passed" testListId="8c84fa94-04c1-424b-9868-57a2d4851a1d" relativeResultsDirectory="5e0afc71-3323-4117-b557-886f14b3114e" />
    <UnitTestResult executionId="fbf8cdd3-03c8-496a-aea8-95e2886482ee" testId="2649f728-a38b-a7f4-39ba-e85e5edabb35" testName="Controle_a_decisao_distingue_os_tres_casos" computerName="DESKTOP-R345UFQ" duration="00:00:00.0023077" startTime="2026-08-25T07:42:33.5261774-03:00" endTime="2026-08-25T07:42:33.5286201-03:00" testType="13cdc9d9-ddb5-4fa4-a97d-d965ccfc6d4b" outcome="Passed" testListId="8c84fa94-04c1-424b-9868-57a2d4851a1d" relativeResultsDirectory="fbf8cdd3-03c8-496a-aea8-95e2886482ee" />
    <UnitTestResult executionId="6a2d3c8b-d5e1-4298-985b-1030450bcf40" testId="74dedf51-7c32-65ca-c87b-bc7f893be12c" testName="S6_rejeita_universo_diferente_entre_contagem_e_manifesto" computerName="DESKTOP-R345UFQ" duration="00:00:00.0001592" startTime="2026-08-25T07:42:36.3268815-03:00" endTime="2026-08-25T07:42:36.3271161-03:00" testType="13cdc9d9-ddb5-4fa4-a97d-d965ccfc6d4b" outcome="Passed" testListId="8c84fa94-04c1-424b-9868-57a2d4851a1d" relativeResultsDirectory="6a2d3c8b-d5e1-4298-985b-1030450bcf40" />
    <UnitTestResult executionId="4311cc00-f211-4f2b-ba71-730b0aee867c" testId="d12c5be6-52ad-6a3f-a2c4-66111d616029" testName="I4_aceita_aresta_sem_geracao" computerName="DESKTOP-R345UFQ" duration="00:00:00.0005267" startTime="2026-08-25T07:42:36.3184011-03:00" endTime="2026-08-25T07:42:36.3190099-03:00" testType="13cdc9d9-ddb5-4fa4-a97d-d965ccfc6d4b" outcome="Passed" testListId="8c84fa94-04c1-424b-9868-57a2d4851a1d" relativeResultsDirectory="4311cc00-f211-4f2b-ba71-730b0aee867c" />
    <UnitTestResult executionId="3f8dc5d8-6d7e-48cd-86b7-4dc90d287042" testId="37a8e259-5ed8-f8f0-0eb0-514eba322aee" testName="Assinatura_que_chega_atrasada_e_desfeita" computerName="DESKTOP-R345UFQ" duration="00:00:00.2990527" startTime="2026-08-25T07:42:35.2142254-03:00" endTime="2026-08-25T07:42:35.5196340-03:00" testType="13cdc9d9-ddb5-4fa4-a97d-d965ccfc6d4b" outcome="Passed" testListId="8c84fa94-04c1-424b-9868-57a2d4851a1d" relativeResultsDirectory="3f8dc5d8-6d7e-48cd-86b7-4dc90d287042" />
    <UnitTestResult executionId="cde4ae6a-61df-43df-a6e7-22cfe33d86d1" testId="6bb22775-bc9a-7517-fa56-141098ce816f" testName="Cada_defeito_perde_item_por_si" computerName="DESKTOP-R345UFQ" duration="00:00:00.0451085" startTime="2026-08-25T07:42:34.2969093-03:00" endTime="2026-08-25T07:42:34.3423086-03:00" testType="13cdc9d9-ddb5-4fa4-a97d-d965ccfc6d4b" outcome="Passed" testListId="8c84fa94-04c1-424b-9868-57a2d4851a1d" relativeResultsDirectory="cde4ae6a-61df-43df-a6e7-22cfe33d86d1" />
    <UnitTestResult executionId="cc1b6374-80a7-4780-ad83-4830432b6fc0" testId="976b103d-68e1-e35b-92f0-6511db2f325c" testName="Falha_da_fonte_em_qualquer_fronteira_descarta" computerName="DESKTOP-R345UFQ" duration="00:00:00.0003207" startTime="2026-08-25T07:42:36.3274374-03:00" endTime="2026-08-25T07:42:36.3278251-03:00" testType="13cdc9d9-ddb5-4fa4-a97d-d965ccfc6d4b" outcome="Passed" testListId="8c84fa94-04c1-424b-9868-57a2d4851a1d" relativeResultsDirectory="cc1b6374-80a7-4780-ad83-4830432b6fc0" />
    <UnitTestResult executionId="f0c7cd37-93d5-497f-989f-d19006fe8586" testId="4e00c603-d982-4aa4-234d-209b8b681e13" testName="Sem_contracao_a_ressalva_nao_ganha_ruido" computerName="DESKTOP-R345UFQ" duration="00:00:00.2093911" startTime="2026-08-25T07:42:33.9837638-03:00" endTime="2026-08-25T07:42:34.1935654-03:00" testType="13cdc9d9-ddb5-4fa4-a97d-d965ccfc6d4b" outcome="Passed" testListId="8c84fa94-04c1-424b-9868-57a2d4851a1d" relativeResultsDirectory="f0c7cd37-93d5-497f-989f-d19006fe8586" />
    <UnitTestResult executionId="564068d9-efdb-4db9-b534-21e3c5cef519" testId="57c56db2-e0d7-b70b-b102-8409e0966fc7" testName="Toda_FK_aponta_para_coluna_que_existe" computerName="DESKTOP-R345UFQ" duration="00:00:00.2925011" startTime="2026-08-25T07:42:33.1950445-03:00" endTime="2026-08-25T07:42:33.4878182-03:00" testType="13cdc9d9-ddb5-4fa4-a97d-d965ccfc6d4b" outcome="Passed" testListId="8c84fa94-04c1-424b-9868-57a2d4851a1d" relativeResultsDirectory="564068d9-efdb-4db9-b534-21e3c5cef519" />
    <UnitTestResult executionId="d36ba9e4-0cf3-4fc8-8e3c-07ce2eb098a9" testId="6d481a1e-cbde-37c5-3765-bb5eaa8df508" testName="Verificador_reprova_tipo_deliberadamente_ruim" computerName="DESKTOP-R345UFQ" duration="00:00:00.0010113" startTime="2026-08-25T07:42:33.1930043-03:00" endTime="2026-08-25T07:42:33.1941310-03:00" testType="13cdc9d9-ddb5-4fa4-a97d-d965ccfc6d4b" outcome="Passed" testListId="8c84fa94-04c1-424b-9868-57a2d4851a1d" relativeResultsDirectory="d36ba9e4-0cf3-4fc8-8e3c-07ce2eb098a9" />
    <UnitTestResult executionId="7ac5e1cd-6b4a-4064-9684-5f644e20820a" testId="d76014c9-f191-842d-67af-81dd26279d80" testName="Morrer_depois_do_commit_deixa_linhas_e_checkpoint_de_acordo" computerName="DESKTOP-R345UFQ" duration="00:00:00.9902904" startTime="2026-08-25T07:42:33.9874986-03:00" endTime="2026-08-25T07:42:34.9779959-03:00" testType="13cdc9d9-ddb5-4fa4-a97d-d965ccfc6d4b" outcome="Passed" testListId="8c84fa94-04c1-424b-9868-57a2d4851a1d" relativeResultsDirectory="7ac5e1cd-6b4a-4064-9684-5f644e20820a" />
    <UnitTestResult executionId="a931f14d-660f-44bb-8f29-9dab5dc23d77" testId="6e2cea8f-6a3e-54b8-db7f-9556b07a3dad" testName="ViewModels_nao_declaram_tipos_do_Outlook" computerName="DESKTOP-R345UFQ" duration="00:00:00.0230112" startTime="2026-08-25T07:42:36.2949612-03:00" endTime="2026-08-25T07:42:36.3181381-03:00" testType="13cdc9d9-ddb5-4fa4-a97d-d965ccfc6d4b" outcome="Passed" testListId="8c84fa94-04c1-424b-9868-57a2d4851a1d" relativeResultsDirectory="a931f14d-660f-44bb-8f29-9dab5dc23d77" />
    <UnitTestResult executionId="4d2d6723-86fd-4f5f-9449-b95c089becc3" testId="18de9abf-95a8-b955-0168-f5445fb8d09b" testName="Leitura_com_o_mesmo_HRESULT_nao_e_ambigua" computerName="DESKTOP-R345UFQ" duration="00:00:00.0011965" startTime="2026-08-25T07:42:34.8756176-03:00" endTime="2026-08-25T07:42:34.8772140-03:00" testType="13cdc9d9-ddb5-4fa4-a97d-d965ccfc6d4b" outcome="Passed" testListId="8c84fa94-04c1-424b-9868-57a2d4851a1d" relativeResultsDirectory="4d2d6723-86fd-4f5f-9449-b95c089becc3" />
    <UnitTestResult executionId="f9863e74-acbf-4657-a341-28187fedef43" testId="555061ca-44fc-1359-5ce5-32b38240a5a8" testName="Reconhecer_nao_e_autorizar" computerName="DESKTOP-R345UFQ" duration="00:00:00.0004908" startTime="2026-08-25T07:42:34.8387329-03:00" endTime="2026-08-25T07:42:34.8396201-03:00" testType="13cdc9d9-ddb5-4fa4-a97d-d965ccfc6d4b" outcome="Passed" testListId="8c84fa94-04c1-424b-9868-57a2d4851a1d" relativeResultsDirectory="f9863e74-acbf-4657-a341-28187fedef43" />
    <UnitTestResult executionId="6f360c6e-7516-40eb-8959-5f75024b7c98" testId="ba58e9ce-4d48-6c8d-ef47-878db0d40a3f" testName="Travessia_le_tudo_em_todos_os_cenarios" computerName="DESKTOP-R345UFQ" duration="00:00:00.0458469" startTime="2026-08-25T07:42:34.2957920-03:00" endTime="2026-08-25T07:42:34.3419603-03:00" testType="13cdc9d9-ddb5-4fa4-a97d-d965ccfc6d4b" outcome="Passed" testListId="8c84fa94-04c1-424b-9868-57a2d4851a1d" relativeResultsDirectory="6f360c6e-7516-40eb-8959-5f75024b7c98" />
    <UnitTestResult executionId="599ba93b-e795-416b-9b0a-a3bd4a681bba" testId="f5a286e4-95fb-0770-af0f-550a26f87d17" testName="Remover_anexo_tira_da_lista_e_instala_a_chave_nova" computerName="DESKTOP-R345UFQ" duration="00:00:00.0520975" startTime="2026-08-25T07:42:33.7889134-03:00" endTime="2026-08-25T07:42:33.8442848-03:00" testType="13cdc9d9-ddb5-4fa4-a97d-d965ccfc6d4b" outcome="Passed" testListId="8c84fa94-04c1-424b-9868-57a2d4851a1d" relativeResultsDirectory="599ba93b-e795-416b-9b0a-a3bd4a681bba" />
    <UnitTestResult executionId="308e3eee-852f-4e80-801d-d656c1781e6c" testId="6be3ecdf-b990-37d2-c9ed-5433f8264337" testName="Inferencia_autorizada_exige_evidencia" computerName="DESKTOP-R345UFQ" duration="00:00:00.0003648" startTime="2026-08-25T07:42:34.8555084-03:00" endTime="2026-08-25T07:42:34.8560304-03:00" testType="13cdc9d9-ddb5-4fa4-a97d-d965ccfc6d4b" outcome="Passed" testListId="8c84fa94-04c1-424b-9868-57a2d4851a1d" relativeResultsDirectory="308e3eee-852f-4e80-801d-d656c1781e6c" />
    <UnitTestResult executionId="aec4b642-c217-42e5-b682-877e8e2aec23" testId="767677d4-f397-2549-6647-3af5655edf24" testName="PST_nao_herda_do_Exchange" computerName="DESKTOP-R345UFQ" duration="00:00:00.0002392" startTime="2026-08-25T07:42:34.8678052-03:00" endTime="2026-08-25T07:42:34.8682545-03:00" testType="13cdc9d9-ddb5-4fa4-a97d-d965ccfc6d4b" outcome="Passed" testListId="8c84fa94-04c1-424b-9868-57a2d4851a1d" relativeResultsDirectory="aec4b642-c217-42e5-b682-877e8e2aec23" />
    <UnitTestResult executionId="d1df3884-7d1d-4aa8-8274-f3346f76a3e6" testId="87d2d9f1-dccb-42f6-3aac-562354a640ab" testName="Depois_de_envio_ambiguo_o_rascunho_nao_e_regravado" computerName="DESKTOP-R345UFQ" duration="00:00:00.2714058" startTime="2026-08-25T07:42:33.6574187-03:00" endTime="2026-08-25T07:42:33.9363591-03:00" testType="13cdc9d9-ddb5-4fa4-a97d-d965ccfc6d4b" outcome="Passed" testListId="8c84fa94-04c1-424b-9868-57a2d4851a1d" relativeResultsDirectory="d1df3884-7d1d-4aa8-8274-f3346f76a3e6" />
    <UnitTestResult executionId="a60829bf-9079-413f-9b6b-2c4a2ca4eb9e" testId="143c1dd9-4a2f-7b5e-75f7-b1e263c5f5d5" testName="Pagina_maior_que_o_pedido_FALHA" computerName="DESKTOP-R345UFQ" duration="00:00:00.0003499" startTime="2026-08-25T07:42:36.3413046-03:00" endTime="2026-08-25T07:42:36.3418183-03:00" testType="13cdc9d9-ddb5-4fa4-a97d-d965ccfc6d4b" outcome="Passed" testListId="8c84fa94-04c1-424b-9868-57a2d4851a1d" relativeResultsDirectory="a60829bf-9079-413f-9b6b-2c4a2ca4eb9e" />
    <UnitTestResult executionId="6f0c9d39-a02a-472d-9691-1fe9ef87b2bc" testId="733710b4-c19b-66ec-9471-97590a564543" testName="Descarte_NAO_declarado_continua_REJEITANDO" computerName="DESKTOP-R345UFQ" duration="00:00:00.0005476" startTime="2026-08-25T07:42:36.3371689-03:00" endTime="2026-08-25T07:42:36.3378536-03:00" testType="13cdc9d9-ddb5-4fa4-a97d-d965ccfc6d4b" outcome="Passed" testListId="8c84fa94-04c1-424b-9868-57a2d4851a1d" relativeResultsDirectory="6f0c9d39-a02a-472d-9691-1fe9ef87b2bc" />
    <UnitTestResult executionId="a7a4ae8a-f5ea-4ce3-b3c3-26a168c87484" testId="aeb94590-b822-5c31-2911-794acbd2d751" testName="Cached_sem_janela_VARRE_e_publica_PARCIAL" computerName="DESKTOP-R345UFQ" duration="00:00:00.0041764" startTime="2026-08-25T07:42:36.3326676-03:00" endTime="2026-08-25T07:42:36.3373756-03:00" testType="13cdc9d9-ddb5-4fa4-a97d-d965ccfc6d4b" outcome="Passed" testListId="8c84fa94-04c1-424b-9868-57a2d4851a1d" relativeResultsDirectory="a7a4ae8a-f5ea-4ce3-b3c3-26a168c87484" />
    <UnitTestResult executionId="95fc560b-7171-44dc-a6ba-b4121a73cc0e" testId="f4934b5e-06a7-41e3-cffc-6f4ec4f8a9db" testName="Sem_evento_nao_ha_o_que_recarregar" computerName="DESKTOP-R345UFQ" duration="00:00:00.0012048" startTime="2026-08-25T07:42:34.3443533-03:00" endTime="2026-08-25T07:42:34.3457910-03:00" testType="13cdc9d9-ddb5-4fa4-a97d-d965ccfc6d4b" outcome="Passed" testListId="8c84fa94-04c1-424b-9868-57a2d4851a1d" relativeResultsDirectory="95fc560b-7171-44dc-a6ba-b4121a73cc0e" />
    <UnitTestResult executionId="8fd678f7-03e4-4a34-a0c8-d5baf28096f4" testId="174b15c2-bfba-e6c0-8069-2b209d6bda86" testName="Primeira_tentativa_e_imediata" computerName="DESKTOP-R345UFQ" duration="00:00:00.0022160" startTime="2026-08-25T07:42:36.3003240-03:00" endTime="2026-08-25T07:42:36.3028225-03:00" testType="13cdc9d9-ddb5-4fa4-a97d-d965ccfc6d4b" outcome="Passed" testListId="8c84fa94-04c1-424b-9868-57a2d4851a1d" relativeResultsDirectory="8fd678f7-03e4-4a34-a0c8-d5baf28096f4" />
    <UnitTestResult executionId="d372012c-6ad9-4375-89b8-b4e1044d15f1" testId="efd35dd1-bccb-a995-688a-890cf936659e" testName="CHECK_recusa_estado_de_presenca_invalido" computerName="DESKTOP-R345UFQ" duration="00:00:00.3224533" startTime="2026-08-25T07:42:33.1952800-03:00" endTime="2026-08-25T07:42:33.5178731-03:00" testType="13cdc9d9-ddb5-4fa4-a97d-d965ccfc6d4b" outcome="Passed" testListId="8c84fa94-04c1-424b-9868-57a2d4851a1d" relativeResultsDirectory="d372012c-6ad9-4375-89b8-b4e1044d15f1" />
    <UnitTestResult executionId="663d6966-5daf-4cf6-be27-b417e48ab174" testId="fb09a68b-4ca6-2128-3603-cafb14024879" testName="Sem_destinatario_nao_e_conferivel" computerName="DESKTOP-R345UFQ" duration="00:00:00.0081138" startTime="2026-08-25T07:42:33.1053730-03:00" endTime="2026-08-25T07:42:33.1606107-03:00" testType="13cdc9d9-ddb5-4fa4-a97d-d965ccfc6d4b" outcome="Passed" testListId="8c84fa94-04c1-424b-9868-57a2d4851a1d" relativeResultsDirectory="663d6966-5daf-4cf6-be27-b417e48ab174" />
    <UnitTestResult executionId="a1571d9d-a868-4869-8ddc-160bd5dc008d" testId="1a0b6b81-7230-dadf-09c3-3beb0f76b365" testName="Universo_trocado_no_meio_DESCARTA" computerName="DESKTOP-R345UFQ" duration="00:00:00.0006802" startTime="2026-08-25T07:42:36.3374296-03:00" endTime="2026-08-25T07:42:36.3382261-03:00" testType="13cdc9d9-ddb5-4fa4-a97d-d965ccfc6d4b" outcome="Passed" testListId="8c84fa94-04c1-424b-9868-57a2d4851a1d" relativeResultsDirectory="a1571d9d-a868-4869-8ddc-160bd5dc008d" />
    <UnitTestResult executionId="7a42d650-ae13-49fa-9dd0-b1f6b86a4441" testId="abaea8e1-99af-2996-f4f8-23745a38c19f" testName="O_manifesto_declara_que_e_ACERVO_e_nao_estado_corrente" computerName="DESKTOP-R345UFQ" duration="00:00:00.1070107" startTime="2026-08-25T07:42:36.0514682-03:00" endTime="2026-08-25T07:42:36.1586474-03:00" testType="13cdc9d9-ddb5-4fa4-a97d-d965ccfc6d4b" outcome="Passed" testListId="8c84fa94-04c1-424b-9868-57a2d4851a1d" relativeResultsDirectory="7a42d650-ae13-49fa-9dd0-b1f6b86a4441" />
    <UnitTestResult executionId="cf13fcb2-fae6-4862-82f9-31a702ddd9f6" testId="116f8b34-d1cb-12f1-f937-7038bb3197fb" testName="Sucesso_zera_o_contador" computerName="DESKTOP-R345UFQ" duration="00:00:00.0003010" startTime="2026-08-25T07:42:36.3069295-03:00" endTime="2026-08-25T07:42:36.3073374-03:00" testType="13cdc9d9-ddb5-4fa4-a97d-d965ccfc6d4b" outcome="Passed" testListId="8c84fa94-04c1-424b-9868-57a2d4851a1d" relativeResultsDirectory="cf13fcb2-fae6-4862-82f9-31a702ddd9f6" />
    <UnitTestResult executionId="4dc89d6b-b63d-48e9-a726-ac321608601a" testId="690d5bf5-7aee-2264-2c31-b5d10f3568df" testName="Pagina_nula_FALHA" computerName="DESKTOP-R345UFQ" duration="00:00:00.0003212" startTime="2026-08-25T07:42:36.3413845-03:00" endTime="2026-08-25T07:42:36.3418219-03:00" testType="13cdc9d9-ddb5-4fa4-a97d-d965ccfc6d4b" outcome="Passed" testListId="8c84fa94-04c1-424b-9868-57a2d4851a1d" relativeResultsDirectory="4dc89d6b-b63d-48e9-a726-ac321608601a" />
    <UnitTestResult executionId="47296eba-b2d1-4691-829a-6e4a42f4d20c" testId="297e3fda-a466-d690-628d-665e65a29b44" testName="Cada_bloqueio_se_explica" computerName="DESKTOP-R345UFQ" duration="00:00:00.0006554" startTime="2026-08-25T07:42:36.2989496-03:00" endTime="2026-08-25T07:42:36.3002554-03:00" testType="13cdc9d9-ddb5-4fa4-a97d-d965ccfc6d4b" outcome="Passed" testListId="8c84fa94-04c1-424b-9868-57a2d4851a1d" relativeResultsDirectory="47296eba-b2d1-4691-829a-6e4a42f4d20c" />
    <UnitTestResult executionId="d3314b65-c561-42f7-a973-571b838a20fc" testId="19dc2c8d-9582-f9d1-6f02-93d576314d0c" testName="Tres_tentativas_e_a_quarta_degrada" computerName="DESKTOP-R345UFQ" duration="00:00:00.0024674" startTime="2026-08-25T07:42:36.3009299-03:00" endTime="2026-08-25T07:42:36.3034954-03:00" testType="13cdc9d9-ddb5-4fa4-a97d-d965ccfc6d4b" outcome="Passed" testListId="8c84fa94-04c1-424b-9868-57a2d4851a1d" relativeResultsDirectory="d3314b65-c561-42f7-a973-571b838a20fc" />
    <UnitTestResult executionId="3aea11b8-604a-4800-ab59-4c8703bd09e7" testId="2e62a4be-db43-7df8-48e0-16cdf66eecf1" testName="Tabela_ausente_nao_passa_calada" computerName="DESKTOP-R345UFQ" duration="00:00:00.0010386" startTime="2026-08-25T07:42:36.3211615-03:00" endTime="2026-08-25T07:42:36.3222692-03:00" testType="13cdc9d9-ddb5-4fa4-a97d-d965ccfc6d4b" outcome="Passed" testListId="8c84fa94-04c1-424b-9868-57a2d4851a1d" relativeResultsDirectory="3aea11b8-604a-4800-ab59-4c8703bd09e7" />
    <UnitTestResult executionId="a968ab75-752b-4bca-b33d-f66f707dcdd4" testId="bf05f404-6d5c-8e2f-2fbf-f88d0bb5d2a0" testName="S6_rejeita_chave_vazia" computerName="DESKTOP-R345UFQ" duration="00:00:00.0001702" startTime="2026-08-25T07:42:36.3268230-03:00" endTime="2026-08-25T07:42:36.3270704-03:00" testType="13cdc9d9-ddb5-4fa4-a97d-d965ccfc6d4b" outcome="Passed" testListId="8c84fa94-04c1-424b-9868-57a2d4851a1d" relativeResultsDirectory="a968ab75-752b-4bca-b33d-f66f707dcdd4" />
    <UnitTestResult executionId="0ccbbfb2-45c8-4b2b-a41c-8a47bb17849e" testId="5af8bdf2-ea3c-7672-115a-9485b038a958" testName="Pasta_genuinamente_vazia_PUBLICA" computerName="DESKTOP-R345UFQ" duration="00:00:00.0002499" startTime="2026-08-25T07:42:36.3397903-03:00" endTime="2026-08-25T07:42:36.3401211-03:00" testType="13cdc9d9-ddb5-4fa4-a97d-d965ccfc6d4b" outcome="Passed" testListId="8c84fa94-04c1-424b-9868-57a2d4851a1d" relativeResultsDirectory="0ccbbfb2-45c8-4b2b-a41c-8a47bb17849e" />
    <UnitTestResult executionId="cb6f3974-54bb-4637-8fc3-9ed3c65c8145" testId="c2dbefa0-033b-cfdc-6d77-0b736b88ae33" testName="A_explicacao_diz_quanto_faltou" computerName="DESKTOP-R345UFQ" duration="00:00:00.0001883" startTime="2026-08-25T07:42:35.8894592-03:00" endTime="2026-08-25T07:42:35.8897400-03:00" testType="13cdc9d9-ddb5-4fa4-a97d-d965ccfc6d4b" outcome="Passed" testListId="8c84fa94-04c1-424b-9868-57a2d4851a1d" relativeResultsDirectory="cb6f3974-54bb-4637-8fc3-9ed3c65c8145" />
    <UnitTestResult executionId="75ee8295-bb7d-4465-ae36-61fd11222277" testId="03627854-51c3-1ac3-58e4-6d1693a24ba2" testName="S1_recusa_geracao_que_nao_diz_o_que_cobriu" computerName="DESKTOP-R345UFQ" duration="00:00:00.0002821" startTime="2026-08-25T07:42:36.3198212-03:00" endTime="2026-08-25T07:42:36.3201772-03:00" testType="13cdc9d9-ddb5-4fa4-a97d-d965ccfc6d4b" outcome="Passed" testListId="8c84fa94-04c1-424b-9868-57a2d4851a1d" relativeResultsDirectory="75ee8295-bb7d-4465-ae36-61fd11222277" />
    <UnitTestResult executionId="d4780aea-8eb3-4491-8ebf-86f8bc1248af" testId="0bb00346-19ef-5f4f-b3c9-3a70a1c0c4ba" testName="Nao_verificado_e_nao_visto_continua_nao_verificado" computerName="DESKTOP-R345UFQ" duration="00:00:00.0001226" startTime="2026-08-25T07:42:36.2890179-03:00" endTime="2026-08-25T07:42:36.2892194-03:00" testType="13cdc9d9-ddb5-4fa4-a97d-d965ccfc6d4b" outcome="Passed" testListId="8c84fa94-04c1-424b-9868-57a2d4851a1d" relativeResultsDirectory="d4780aea-8eb3-4491-8ebf-86f8bc1248af" />
    <UnitTestResult executionId="924094cf-b139-40a5-92ec-f94bd87aa53a" testId="559e1fe7-b444-8242-a45d-a374f61b18e4" testName="Mutacao_balanceada_PASSA_no_S6_e_isso_e_esperado" computerName="DESKTOP-R345UFQ" duration="00:00:00.0002263" startTime="2026-08-25T07:42:36.3271009-03:00" endTime="2026-08-25T07:42:36.3274042-03:00" testType="13cdc9d9-ddb5-4fa4-a97d-d965ccfc6d4b" outcome="Passed" testListId="8c84fa94-04c1-424b-9868-57a2d4851a1d" relativeResultsDirectory="924094cf-b139-40a5-92ec-f94bd87aa53a" />
    <UnitTestResult executionId="f1b92cae-7b30-4569-ad27-13e4921b5c49" testId="9ad12393-86c9-c686-53e0-3f0798e81676" testName="Destino_que_lanca_ao_publicar_nao_transforma_publicada_em_descartada" computerName="DESKTOP-R345UFQ" duration="00:00:00.0006865" startTime="2026-08-25T07:42:36.3430927-03:00" endTime="2026-08-25T07:42:36.3438866-03:00" testType="13cdc9d9-ddb5-4fa4-a97d-d965ccfc6d4b" outcome="Passed" testListId="8c84fa94-04c1-424b-9868-57a2d4851a1d" relativeResultsDirectory="f1b92cae-7b30-4569-ad27-13e4921b5c49" />
    <UnitTestResult executionId="c61ff6cd-91c6-40f6-a6a2-fcb586d83c6b" testId="9a4789b9-6d98-da6c-f097-840621dbee28" testName="Universo_ausente_REJEITA_em_vez_de_desligar_a_guarda" computerName="DESKTOP-R345UFQ" duration="00:00:00.0002986" startTime="2026-08-25T07:42:36.3393201-03:00" endTime="2026-08-25T07:42:36.3397402-03:00" testType="13cdc9d9-ddb5-4fa4-a97d-d965ccfc6d4b" outcome="Passed" testListId="8c84fa94-04c1-424b-9868-57a2d4851a1d" relativeResultsDirectory="c61ff6cd-91c6-40f6-a6a2-fcb586d83c6b" />
    <UnitTestResult executionId="7f880f03-835b-4655-a9be-4268327ee9a6" testId="6ab875a1-ce26-7f66-be5b-6be2c8b31ae0" testName="I7_recusa_geracao_sem_universo_e_sem_cutoff" computerName="DESKTOP-R345UFQ" duration="00:00:00.0004284" startTime="2026-08-25T07:42:36.3189285-03:00" endTime="2026-08-25T07:42:36.3194605-03:00" testType="13cdc9d9-ddb5-4fa4-a97d-d965ccfc6d4b" outcome="Passed" testListId="8c84fa94-04c1-424b-9868-57a2d4851a1d" relativeResultsDirectory="7f880f03-835b-4655-a9be-4268327ee9a6" />
    <UnitTestResult executionId="e760067e-41de-4635-9c7e-b0145c1b7e6a" testId="0247e048-f349-fe2e-2436-d73e73c22798" testName="Universo_invalidado_no_meio_recusa_a_publicacao" computerName="DESKTOP-R345UFQ" duration="00:00:00.1435597" startTime="2026-08-25T07:42:34.1672579-03:00" endTime="2026-08-25T07:42:34.3111809-03:00" testType="13cdc9d9-ddb5-4fa4-a97d-d965ccfc6d4b" outcome="Passed" testListId="8c84fa94-04c1-424b-9868-57a2d4851a1d" relativeResultsDirectory="e760067e-41de-4635-9c7e-b0145c1b7e6a" />
    <UnitTestResult executionId="49b3e807-59f3-4849-9b89-bd9a2d105574" testId="0919fc83-bb2a-6d0f-9134-9cc2dfa44d5d" testName="Morte_do_Outlook_no_meio_da_varredura_e_NotConnected" computerName="DESKTOP-R345UFQ" duration="00:00:00.0021537" startTime="2026-08-25T07:42:34.8898271-03:00" endTime="2026-08-25T07:42:34.8922819-03:00" testType="13cdc9d9-ddb5-4fa4-a97d-d965ccfc6d4b" outcome="Passed" testListId="8c84fa94-04c1-424b-9868-57a2d4851a1d" relativeResultsDirectory="49b3e807-59f3-4849-9b89-bd9a2d105574" />
    <UnitTestResult executionId="417b7e30-48cc-460b-9690-ff98f86672b3" testId="e78c9154-1e51-8638-9351-ce013ecc0fa0" testName="D1_recusa_coluna_de_conteudo" computerName="DESKTOP-R345UFQ" duration="00:00:00.0003569" startTime="2026-08-25T07:42:36.3222985-03:00" endTime="2026-08-25T07:42:36.3227209-03:00" testType="13cdc9d9-ddb5-4fa4-a97d-d965ccfc6d4b" outcome="Passed" testListId="8c84fa94-04c1-424b-9868-57a2d4851a1d" relativeResultsDirectory="417b7e30-48cc-460b-9690-ff98f86672b3" />
    <UnitTestResult executionId="29820650-9770-471c-a73f-27292959bbcc" testId="340be9a5-b8fb-b152-c5ec-c4b53c083705" testName="Os_reprovados_sao_nomeados" computerName="DESKTOP-R345UFQ" duration="00:00:00.0016230" startTime="2026-08-25T07:42:33.1749015-03:00" endTime="2026-08-25T07:42:33.1774160-03:00" testType="13cdc9d9-ddb5-4fa4-a97d-d965ccfc6d4b" outcome="Passed" testListId="8c84fa94-04c1-424b-9868-57a2d4851a1d" relativeResultsDirectory="29820650-9770-471c-a73f-27292959bbcc" />
    <UnitTestResult executionId="8d8eb86a-c831-461f-b23c-5620f057ce6d" testId="6fe8a020-25a2-24b9-3dba-df54a4657ba7" testName="Versao_incompativel_falha_fechado" computerName="DESKTOP-R345UFQ" duration="00:00:00.2975810" startTime="2026-08-25T07:42:33.2093915-03:00" endTime="2026-08-25T07:42:33.5072266-03:00" testType="13cdc9d9-ddb5-4fa4-a97d-d965ccfc6d4b" outcome="Passed" testListId="8c84fa94-04c1-424b-9868-57a2d4851a1d" relativeResultsDirectory="8d8eb86a-c831-461f-b23c-5620f057ce6d" />
    <UnitTestResult executionId="eb6999dd-f34e-4351-a4b1-b4dda0327f2d" testId="0af81ca1-9ab5-3e43-3e20-043f78728f90" testName="Ambiguo_nunca_e_retentavel" computerName="DESKTOP-R345UFQ" duration="00:00:00.0004348" startTime="2026-08-25T07:42:34.8781985-03:00" endTime="2026-08-25T07:42:34.8788564-03:00" testType="13cdc9d9-ddb5-4fa4-a97d-d965ccfc6d4b" outcome="Passed" testListId="8c84fa94-04c1-424b-9868-57a2d4851a1d" relativeResultsDirectory="eb6999dd-f34e-4351-a4b1-b4dda0327f2d" />
    <UnitTestResult executionId="7631a13e-2fd8-4f03-9881-c8c71e567301" testId="1eb8b906-f8f5-7d36-5bf2-2d322ba5a95d" testName="Rajada_continua_recarrega_no_teto" computerName="DESKTOP-R345UFQ" duration="00:00:00.0004183" startTime="2026-08-25T07:42:34.3459158-03:00" endTime="2026-08-25T07:42:34.3465033-03:00" testType="13cdc9d9-ddb5-4fa4-a97d-d965ccfc6d4b" outcome="Passed" testListId="8c84fa94-04c1-424b-9868-57a2d4851a1d" relativeResultsDirectory="7631a13e-2fd8-4f03-9881-c8c71e567301" />
    <UnitTestResult executionId="5d1a21b5-175d-4574-9cb0-109f3c69f5dd" testId="843f66fa-5ded-795d-8a46-c240e9391cc9" testName="Morrer_entre_Receber_e_MarcarDrenada_reentrega_e_converge" computerName="DESKTOP-R345UFQ" duration="00:00:00.8659656" startTime="2026-08-25T07:42:34.3478215-03:00" endTime="2026-08-25T07:42:35.2140923-03:00" testType="13cdc9d9-ddb5-4fa4-a97d-d965ccfc6d4b" outcome="Passed" testListId="8c84fa94-04c1-424b-9868-57a2d4851a1d" relativeResultsDirectory="5d1a21b5-175d-4574-9cb0-109f3c69f5dd" />
    <UnitTestResult executionId="87cda277-cdbf-455d-b62d-1453bc602d0a" testId="4226af54-e106-1717-75b7-a2ec704cb7e1" testName="Cached_com_janela_nao_lida_degrada" computerName="DESKTOP-R345UFQ" duration="00:00:00.0002907" startTime="2026-08-25T07:42:34.8671328-03:00" endTime="2026-08-25T07:42:34.8676890-03:00" testType="13cdc9d9-ddb5-4fa4-a97d-d965ccfc6d4b" outcome="Passed" testListId="8c84fa94-04c1-424b-9868-57a2d4851a1d" relativeResultsDirectory="87cda277-cdbf-455d-b62d-1453bc602d0a" />
    <UnitTestResult executionId="6565172f-52db-4b15-a903-cc71278586c2" testId="7792a0f4-4e50-f490-9af4-4129d33b3131" testName="Ocupado_e_ocupado" computerName="DESKTOP-R345UFQ" duration="00:00:00.0007251" startTime="2026-08-25T07:42:34.8814326-03:00" endTime="2026-08-25T07:42:34.8824401-03:00" testType="13cdc9d9-ddb5-4fa4-a97d-d965ccfc6d4b" outcome="Passed" testListId="8c84fa94-04c1-424b-9868-57a2d4851a1d" relativeResultsDirectory="6565172f-52db-4b15-a903-cc71278586c2" />
    <UnitTestResult executionId="77c0afed-db7b-4544-9ec4-c3756d6d19fe" testId="a52e93d5-489c-4a5d-c4db-abc115ab0bd1" testName="A_contracao_aparece_na_ressalva_do_manifesto" computerName="DESKTOP-R345UFQ" duration="00:00:00.1918297" startTime="2026-08-25T07:42:33.9712837-03:00" endTime="2026-08-25T07:42:34.1634471-03:00" testType="13cdc9d9-ddb5-4fa4-a97d-d965ccfc6d4b" outcome="Passed" testListId="8c84fa94-04c1-424b-9868-57a2d4851a1d" relativeResultsDirectory="77c0afed-db7b-4544-9ec4-c3756d6d19fe" />
    <UnitTestResult executionId="b41c8c36-5f97-447a-ae4f-679f5d173cb3" testId="0c9fdde5-0556-995b-7bc9-69205017d624" testName="Provider_desconhecido_degrada" computerName="DESKTOP-R345UFQ" duration="00:00:00.0002773" startTime="2026-08-25T07:42:34.8644547-03:00" endTime="2026-08-25T07:42:34.8653002-03:00" testType="13cdc9d9-ddb5-4fa4-a97d-d965ccfc6d4b" outcome="Passed" testListId="8c84fa94-04c1-424b-9868-57a2d4851a1d" relativeResultsDirectory="b41c8c36-5f97-447a-ae4f-679f5d173cb3" />
    <UnitTestResult executionId="5cf97075-6a52-408a-befd-a41e5287b140" testId="07e86220-6187-ea1b-88a2-f29e58726f93" testName="Repetir_a_ultima_pagina_staged_nao_duplica_chaves" computerName="DESKTOP-R345UFQ" duration="00:00:00.0004258" startTime="2026-08-25T07:42:36.3326475-03:00" endTime="2026-08-25T07:42:36.3334261-03:00" testType="13cdc9d9-ddb5-4fa4-a97d-d965ccfc6d4b" outcome="Passed" testListId="8c84fa94-04c1-424b-9868-57a2d4851a1d" relativeResultsDirectory="5cf97075-6a52-408a-befd-a41e5287b140" />
    <UnitTestResult executionId="9f40fba5-ce3c-4696-8974-f5e65669ac0f" testId="e12c0c4e-e49a-b095-e65d-1a2a60064158" testName="S3_recusa_indice_unico_que_proibe_sobreposicao" computerName="DESKTOP-R345UFQ" duration="00:00:00.0004700" startTime="2026-08-25T07:42:36.3198783-03:00" endTime="2026-08-25T07:42:36.3204222-03:00" testType="13cdc9d9-ddb5-4fa4-a97d-d965ccfc6d4b" outcome="Passed" testListId="8c84fa94-04c1-424b-9868-57a2d4851a1d" relativeResultsDirectory="9f40fba5-ce3c-4696-8974-f5e65669ac0f" />
    <UnitTestResult executionId="8248d7ca-13e1-4af8-a3e8-2b411611c42b" testId="275a6281-4309-e34b-6a5d-f583c7f5f931" testName="Sem_instante_da_ultima_falha_espera" computerName="DESKTOP-R345UFQ" duration="00:00:00.0002243" startTime="2026-08-25T07:42:36.3068949-03:00" endTime="2026-08-25T07:42:36.3072423-03:00" testType="13cdc9d9-ddb5-4fa4-a97d-d965ccfc6d4b" outcome="Passed" testListId="8c84fa94-04c1-424b-9868-57a2d4851a1d" relativeResultsDirectory="8248d7ca-13e1-4af8-a3e8-2b411611c42b" />
    <UnitTestResult executionId="e14608e4-dcc4-4517-af0d-5bed75abeaf1" testId="be58e141-0384-a0c7-af65-de72c0ac1d00" testName="Troca_de_sessao_durante_a_criacao_nao_abre_o_compositor" computerName="DESKTOP-R345UFQ" duration="00:00:00.0018023" startTime="2026-08-25T07:42:33.7680477-03:00" endTime="2026-08-25T07:42:33.7727291-03:00" testType="13cdc9d9-ddb5-4fa4-a97d-d965ccfc6d4b" outcome="Passed" testListId="8c84fa94-04c1-424b-9868-57a2d4851a1d" relativeResultsDirectory="e14608e4-dcc4-4517-af0d-5bed75abeaf1" />
    <UnitTestResult executionId="aeab4a00-5615-4964-b7c1-9efaeaf8fc3a" testId="08497536-6f54-fbf5-9142-6bc8c5d98a52" testName="Cursor_fecha_mesmo_quando_a_leitura_lanca" computerName="DESKTOP-R345UFQ" duration="00:00:00.0024695" startTime="2026-08-25T07:42:34.3304443-03:00" endTime="2026-08-25T07:42:34.3331865-03:00" testType="13cdc9d9-ddb5-4fa4-a97d-d965ccfc6d4b" outcome="Passed" testListId="8c84fa94-04c1-424b-9868-57a2d4851a1d" relativeResultsDirectory="aeab4a00-5615-4964-b7c1-9efaeaf8fc3a" />
    <UnitTestResult executionId="0c58e518-d3c4-44ca-b9e6-18abd5b74c25" testId="8e2d29b9-417e-a5d2-e417-97038c1244fb" testName="Unico_impede_pasta_duplicada" computerName="DESKTOP-R345UFQ" duration="00:00:00.3063546" startTime="2026-08-25T07:42:33.1952796-03:00" endTime="2026-08-25T07:42:33.5018630-03:00" testType="13cdc9d9-ddb5-4fa4-a97d-d965ccfc6d4b" outcome="Passed" testListId="8c84fa94-04c1-424b-9868-57a2d4851a1d" relativeResultsDirectory="0c58e518-d3c4-44ca-b9e6-18abd5b74c25" />
    <UnitTestResult executionId="f36a4e53-1bfb-49c3-80ed-a71bbfb2074c" testId="f2392300-f018-6dd2-c17b-df1c94446f16" testName="I5_recusa_schema_em_que_ficar_separado_custa_mais" computerName="DESKTOP-R345UFQ" duration="00:00:00.0004953" startTime="2026-08-25T07:42:36.3184122-03:00" endTime="2026-08-25T07:42:36.3190141-03:00" testType="13cdc9d9-ddb5-4fa4-a97d-d965ccfc6d4b" outcome="Passed" testListId="8c84fa94-04c1-424b-9868-57a2d4851a1d" relativeResultsDirectory="f36a4e53-1bfb-49c3-80ed-a71bbfb2074c" />
    <UnitTestResult executionId="4d7d220c-45f6-4875-9855-9e4befc197e6" testId="be46c425-6879-8d7d-8393-0e6d6fb76006" testName="Suspeito_volta_a_presente_quando_o_item_reaparece" computerName="DESKTOP-R345UFQ" duration="00:00:00.1342958" startTime="2026-08-25T07:42:36.1596755-03:00" endTime="2026-08-25T07:42:36.2941066-03:00" testType="13cdc9d9-ddb5-4fa4-a97d-d965ccfc6d4b" outcome="Passed" testListId="8c84fa94-04c1-424b-9868-57a2d4851a1d" relativeResultsDirectory="4d7d220c-45f6-4875-9855-9e4befc197e6" />
    <UnitTestResult executionId="4356fc21-4c2b-4dde-a5da-1050d623fef5" testId="b2904868-127a-2843-612f-a59edf2e7cb1" testName="Digitar_enquanto_o_envio_e_conferido_invalida_a_confirmacao" computerName="DESKTOP-R345UFQ" duration="00:00:00.0196565" startTime="2026-08-25T07:42:33.6252180-03:00" endTime="2026-08-25T07:42:33.6570767-03:00" testType="13cdc9d9-ddb5-4fa4-a97d-d965ccfc6d4b" outcome="Passed" testListId="8c84fa94-04c1-424b-9868-57a2d4851a1d" relativeResultsDirectory="4356fc21-4c2b-4dde-a5da-1050d623fef5" />
    <UnitTestResult executionId="bd75d57a-9d83-4252-93d1-46b81c29c053" testId="2266f79b-1cfa-a203-8741-559d91bedc45" testName="Toda_rejeicao_descarta_a_tentativa_no_destino" computerName="DESKTOP-R345UFQ" duration="00:00:00.0013316" startTime="2026-08-25T07:42:36.3446620-03:00" endTime="2026-08-25T07:42:36.3461080-03:00" testType="13cdc9d9-ddb5-4fa4-a97d-d965ccfc6d4b" outcome="Passed" testListId="8c84fa94-04c1-424b-9868-57a2d4851a1d" relativeResultsDirectory="bd75d57a-9d83-4252-93d1-46b81c29c053" />
    <UnitTestResult executionId="b84e25f9-9d1e-459e-a290-ee9a09bef87e" testId="f0d1e08b-794c-99a4-e4a8-de063ba94b9b" testName="Conectado_prossegue" computerName="DESKTOP-R345UFQ" duration="00:00:00.0022616" startTime="2026-08-25T07:42:33.5261534-03:00" endTime="2026-08-25T07:42:33.5285757-03:00" testType="13cdc9d9-ddb5-4fa4-a97d-d965ccfc6d4b" outcome="Passed" testListId="8c84fa94-04c1-424b-9868-57a2d4851a1d" relativeResultsDirectory="b84e25f9-9d1e-459e-a290-ee9a09bef87e" />
    <UnitTestResult executionId="f1560cda-b6be-4de6-bdbd-48a974e90369" testId="5e697a34-5feb-b8b7-467f-c572907d5e77" testName="Banco_adulterado_e_recusado" computerName="DESKTOP-R345UFQ" duration="00:00:00.3103625" startTime="2026-08-25T07:42:33.2141725-03:00" endTime="2026-08-25T07:42:33.5247295-03:00" testType="13cdc9d9-ddb5-4fa4-a97d-d965ccfc6d4b" outcome="Passed" testListId="8c84fa94-04c1-424b-9868-57a2d4851a1d" relativeResultsDirectory="f1560cda-b6be-4de6-bdbd-48a974e90369" />
    <UnitTestResult executionId="4e9afcd7-d6a4-4053-904c-2a9628c68787" testId="7afb76c5-7636-4dae-85ef-e31a2be68269" testName="IDEM_recusa_falta_de_unicidade" computerName="DESKTOP-R345UFQ" duration="00:00:00.0007774" startTime="2026-08-25T07:42:36.3236736-03:00" endTime="2026-08-25T07:42:36.3245244-03:00" testType="13cdc9d9-ddb5-4fa4-a97d-d965ccfc6d4b" outcome="Passed" testListId="8c84fa94-04c1-424b-9868-57a2d4851a1d" relativeResultsDirectory="4e9afcd7-d6a4-4053-904c-2a9628c68787" />
    <UnitTestResult executionId="f3cca8c6-5116-4d93-b691-92456d11e9ca" testId="43653a02-8691-9b89-7105-275b076da263" testName="Erro_de_rede_nao_derruba_a_sessao" computerName="DESKTOP-R345UFQ" duration="00:00:00.0001256" startTime="2026-08-25T07:42:34.8858399-03:00" endTime="2026-08-25T07:42:34.8861069-03:00" testType="13cdc9d9-ddb5-4fa4-a97d-d965ccfc6d4b" outcome="Passed" testListId="8c84fa94-04c1-424b-9868-57a2d4851a1d" relativeResultsDirectory="f3cca8c6-5116-4d93-b691-92456d11e9ca" />
    <UnitTestResult executionId="efc6c528-dab2-412b-88d5-4f5171414e2a" testId="adfec4c0-e229-7970-00fd-2e01514ff511" testName="Geracao_publicada_rejeita_mutacao_posterior" computerName="DESKTOP-R345UFQ" duration="00:00:00.0002956" startTime="2026-08-25T07:42:36.3294390-03:00" endTime="2026-08-25T07:42:36.3298369-03:00" testType="13cdc9d9-ddb5-4fa4-a97d-d965ccfc6d4b" outcome="Passed" testListId="8c84fa94-04c1-424b-9868-57a2d4851a1d" relativeResultsDirectory="efc6c528-dab2-412b-88d5-4f5171414e2a" />
    <UnitTestResult executionId="efb76a93-508c-4ace-af32-ebdc6313895b" testId="93670a1a-f143-2b8b-8972-795a62b47e82" testName="Republicar_a_mesma_tentativa_e_idempotente" computerName="DESKTOP-R345UFQ" duration="00:00:00.0003595" startTime="2026-08-25T07:42:36.3289971-03:00" endTime="2026-08-25T07:42:36.3294725-03:00" testType="13cdc9d9-ddb5-4fa4-a97d-d965ccfc6d4b" outcome="Passed" testListId="8c84fa94-04c1-424b-9868-57a2d4851a1d" relativeResultsDirectory="efb76a93-508c-4ace-af32-ebdc6313895b" />
    <UnitTestResult executionId="94b29f77-acb7-4467-92e2-6a44b2200da5" testId="484cbf50-ecd7-4645-a661-24feb370a609" testName="Parte_indisponivel_diz_que_nao_deu_para_ler" computerName="DESKTOP-R345UFQ" duration="00:00:00.0001658" startTime="2026-08-25T07:42:35.8897835-03:00" endTime="2026-08-25T07:42:35.8900593-03:00" testType="13cdc9d9-ddb5-4fa4-a97d-d965ccfc6d4b" outcome="Passed" testListId="8c84fa94-04c1-424b-9868-57a2d4851a1d" relativeResultsDirectory="94b29f77-acb7-4467-92e2-6a44b2200da5" />
    <UnitTestResult executionId="4eae11c5-b214-4382-8685-41869788f9dd" testId="99dfdef0-2a7e-c5e0-0757-c7a03c4dc14e" testName="Anexar_e_conferir_ao_mesmo_tempo_nao_disputam_a_chave" computerName="DESKTOP-R345UFQ" duration="00:00:00.0263487" startTime="2026-08-25T07:42:33.6891404-03:00" endTime="2026-08-25T07:42:33.7537141-03:00" testType="13cdc9d9-ddb5-4fa4-a97d-d965ccfc6d4b" outcome="Passed" testListId="8c84fa94-04c1-424b-9868-57a2d4851a1d" relativeResultsDirectory="4eae11c5-b214-4382-8685-41869788f9dd" />
    <UnitTestResult executionId="24f3b580-b9f9-429d-851c-127c76ed184f" testId="19a81a56-f02b-9ec9-a704-91f151b112c4" testName="Resultado_que_volta_depois_do_fechamento_e_descartado" computerName="DESKTOP-R345UFQ" duration="00:00:00.0027230" startTime="2026-08-25T07:42:33.6649720-03:00" endTime="2026-08-25T07:42:33.7250894-03:00" testType="13cdc9d9-ddb5-4fa4-a97d-d965ccfc6d4b" outcome="Passed" testListId="8c84fa94-04c1-424b-9868-57a2d4851a1d" relativeResultsDirectory="24f3b580-b9f9-429d-851c-127c76ed184f" />
    <UnitTestResult executionId="77ebb4f7-0b4e-4694-a836-b220b023d36d" testId="59781e44-a96e-c35c-73eb-b51921915d45" testName="Duas_confirmacoes_simultaneas_enviam_uma_vez_so" computerName="DESKTOP-R345UFQ" duration="00:00:00.0140830" startTime="2026-08-25T07:42:33.6295001-03:00" endTime="2026-08-25T07:42:33.6621150-03:00" testType="13cdc9d9-ddb5-4fa4-a97d-d965ccfc6d4b" outcome="Passed" testListId="8c84fa94-04c1-424b-9868-57a2d4851a1d" relativeResultsDirectory="77ebb4f7-0b4e-4694-a836-b220b023d36d" />
    <UnitTestResult executionId="7e86f40c-4d27-4b00-ac09-e4fd1084ac7f" testId="50fdc686-a309-04a4-6461-7288cd26fd1a" testName="Contagem_que_muda_no_meio_nao_e_completa" computerName="DESKTOP-R345UFQ" duration="00:00:00.0004792" startTime="2026-08-25T07:42:35.8899162-03:00" endTime="2026-08-25T07:42:35.8905205-03:00" testType="13cdc9d9-ddb5-4fa4-a97d-d965ccfc6d4b" outcome="Passed" testListId="8c84fa94-04c1-424b-9868-57a2d4851a1d" relativeResultsDirectory="7e86f40c-4d27-4b00-ac09-e4fd1084ac7f" />
    <UnitTestResult executionId="65ca8cf7-9c26-49d4-a8fc-7567bf8e02f6" testId="f8c8deb8-0405-318a-09bd-76466b365db8" testName="Mudanca_de_universo_no_meio_abandona" computerName="DESKTOP-R345UFQ" duration="00:00:00.0003583" startTime="2026-08-25T07:42:36.3289609-03:00" endTime="2026-08-25T07:42:36.3294683-03:00" testType="13cdc9d9-ddb5-4fa4-a97d-d965ccfc6d4b" outcome="Passed" testListId="8c84fa94-04c1-424b-9868-57a2d4851a1d" relativeResultsDirectory="65ca8cf7-9c26-49d4-a8fc-7567bf8e02f6" />
    <UnitTestResult executionId="067ae31d-edb5-4e85-95ee-bce789e7f183" testId="fe638ba9-b1de-9469-db55-95bf5880355a" testName="Retomada_nunca_emite_confirmacao_de_ausencia" computerName="DESKTOP-R345UFQ" duration="00:00:00.0006164" startTime="2026-08-25T07:42:36.3314382-03:00" endTime="2026-08-25T07:42:36.3324002-03:00" testType="13cdc9d9-ddb5-4fa4-a97d-d965ccfc6d4b" outcome="Passed" testListId="8c84fa94-04c1-424b-9868-57a2d4851a1d" relativeResultsDirectory="067ae31d-edb5-4e85-95ee-bce789e7f183" />
    <UnitTestResult executionId="900d16df-19c5-4451-bf5e-1eedb08a0124" testId="b91a8e9a-1f62-379e-81fc-9e976a320727" testName="Verificacao_reentregue_nao_aplica_duas_vezes" computerName="DESKTOP-R345UFQ" duration="00:00:00.0002453" startTime="2026-08-25T07:42:36.2920247-03:00" endTime="2026-08-25T07:42:36.2924068-03:00" testType="13cdc9d9-ddb5-4fa4-a97d-d965ccfc6d4b" outcome="Passed" testListId="8c84fa94-04c1-424b-9868-57a2d4851a1d" relativeResultsDirectory="900d16df-19c5-4451-bf5e-1eedb08a0124" />
[...]
    <TestEntry testId="99e6706c-5ddf-8a3b-c649-4ba83fd1714f" executionId="c78b7b92-9efe-49ef-a4dd-5a3b9d1c672a" testListId="8c84fa94-04c1-424b-9868-57a2d4851a1d" />
    <TestEntry testId="d16ab512-94be-0ffe-7432-7077ed0c38da" executionId="0cd9a405-f6a8-4c10-a2a8-516330280ae9" testListId="8c84fa94-04c1-424b-9868-57a2d4851a1d" />
    <TestEntry testId="03f0056c-f816-8564-8347-54c829e4776d" executionId="41ad1b45-d6df-4ab7-9639-d411dfec0b2c" testListId="8c84fa94-04c1-424b-9868-57a2d4851a1d" />
    <TestEntry testId="843b1d60-fe5c-cc01-96e4-1d13a1d752de" executionId="3e847cef-1103-4651-a896-47b4ec1411cd" testListId="8c84fa94-04c1-424b-9868-57a2d4851a1d" />
    <TestEntry testId="6a6435a6-fa79-3b4c-c26c-9bd980a8246c" executionId="09e332e4-104e-4bd5-a9cd-99e9dd3c58c1" testListId="8c84fa94-04c1-424b-9868-57a2d4851a1d" />
    <TestEntry testId="0c71aeed-e8bb-35c0-17ed-33080286e465" executionId="cc63686d-1aba-45b8-ad6f-a93359bbbad8" testListId="8c84fa94-04c1-424b-9868-57a2d4851a1d" />
    <TestEntry testId="db4aba3e-e9fb-6474-afdd-57ad144ed465" executionId="14a1eba7-3237-4bb2-942d-e0129153993b" testListId="8c84fa94-04c1-424b-9868-57a2d4851a1d" />
    <TestEntry testId="61ac740a-cab3-da7e-7e3c-9a57aa43d700" executionId="fc5e72b5-cb10-4a13-8b52-7afd6ba1a213" testListId="8c84fa94-04c1-424b-9868-57a2d4851a1d" />
    <TestEntry testId="54c3e349-ed45-9519-b3b6-b1219f16ee3e" executionId="8535d60e-9dfe-444a-a13b-4100df884fb0" testListId="8c84fa94-04c1-424b-9868-57a2d4851a1d" />
    <TestEntry testId="2b773fc1-e9ca-fa0b-6f28-b5667d8a2d02" executionId="ba58baa3-cf80-4644-a821-a00726625913" testListId="8c84fa94-04c1-424b-9868-57a2d4851a1d" />
    <TestEntry testId="2673aa08-0016-e638-2d7c-9f7843bba58e" executionId="4d1539d4-0eba-4867-b429-1b2c09d46d4b" testListId="8c84fa94-04c1-424b-9868-57a2d4851a1d" />
    <TestEntry testId="df643f0b-fbda-f2a8-7f0f-125d1fa73bfb" executionId="525a509e-0713-4f15-a1db-9970c6d0f9d3" testListId="8c84fa94-04c1-424b-9868-57a2d4851a1d" />
    <TestEntry testId="c92b0856-d6d3-fbb9-a3d3-511fdd3ede90" executionId="2ef7b3b8-ca97-4162-9a2f-ebbdda7d185e" testListId="8c84fa94-04c1-424b-9868-57a2d4851a1d" />
    <TestEntry testId="cc87de05-4116-e6de-b065-1f3718b9f662" executionId="c806fa69-5b2f-47db-964e-923f1443f494" testListId="8c84fa94-04c1-424b-9868-57a2d4851a1d" />
    <TestEntry testId="0683c28c-3bbf-bb2a-ad75-986f72f70286" executionId="52d0fa21-734d-4f99-91d3-1a9d71823c59" testListId="8c84fa94-04c1-424b-9868-57a2d4851a1d" />
    <TestEntry testId="e7c2819e-3a37-4003-0302-24269dad5e7f" executionId="8f3a549a-22e1-4106-945c-09fb36d99a8b" testListId="8c84fa94-04c1-424b-9868-57a2d4851a1d" />
    <TestEntry testId="7e0de9dd-b526-f893-ebbb-8215f0c947e4" executionId="76713b35-d969-4928-8537-67fc4affd532" testListId="8c84fa94-04c1-424b-9868-57a2d4851a1d" />
    <TestEntry testId="8d15f2bf-982f-2687-b7b2-4a1d1551c792" executionId="b7cc5c7b-a7f4-45b4-8a69-27df515a523a" testListId="8c84fa94-04c1-424b-9868-57a2d4851a1d" />
    <TestEntry testId="9a9efe09-879b-d802-4e67-9b4091ad5bef" executionId="0ddda4b6-9024-4e4a-8934-2aecbb1c1c5e" testListId="8c84fa94-04c1-424b-9868-57a2d4851a1d" />
    <TestEntry testId="949894c7-f201-a611-a410-89e0c7de7cd1" executionId="e55772cf-4f98-49e2-9629-d363c5773253" testListId="8c84fa94-04c1-424b-9868-57a2d4851a1d" />
    <TestEntry testId="a7b1e8cd-6180-da11-05a9-a925fc36b7f9" executionId="c319152a-764e-49c5-813a-b2afe7bc2b83" testListId="8c84fa94-04c1-424b-9868-57a2d4851a1d" />
    <TestEntry testId="ff14ad49-af6c-69fd-8ac7-8725ff5ea539" executionId="863eb1f1-821f-493f-b70f-72a9a612690c" testListId="8c84fa94-04c1-424b-9868-57a2d4851a1d" />
    <TestEntry testId="b27b3e54-b7d5-ff84-df12-49e887f0bc10" executionId="7f1f9705-6f5b-418d-aebe-97686119d452" testListId="8c84fa94-04c1-424b-9868-57a2d4851a1d" />
    <TestEntry testId="67dd61fa-ed8e-929a-a41e-9f2856caa650" executionId="806a7b9d-6863-4761-a176-20d75384a9db" testListId="8c84fa94-04c1-424b-9868-57a2d4851a1d" />
    <TestEntry testId="605af9bb-885e-5ddc-eb2f-31154e3336b3" executionId="c6c3e7f9-cf73-4ef7-b81a-ca48526c05e6" testListId="8c84fa94-04c1-424b-9868-57a2d4851a1d" />
    <TestEntry testId="32d23913-e0eb-f423-db1e-b5aca3460cbd" executionId="dca08e1d-ad03-4fb5-9aed-c0aa40a1e02a" testListId="8c84fa94-04c1-424b-9868-57a2d4851a1d" />
    <TestEntry testId="7c93ac0f-7027-d3d5-9582-40e4fa5210f0" executionId="b00a296e-c593-4074-8eac-793fd4860d74" testListId="8c84fa94-04c1-424b-9868-57a2d4851a1d" />
    <TestEntry testId="ae75fef3-16b9-c89c-ea98-521a3455988f" executionId="80f063a6-e411-4084-a420-c45d77c77cd7" testListId="8c84fa94-04c1-424b-9868-57a2d4851a1d" />
    <TestEntry testId="c9c3c465-2553-1cda-d221-59fd0f8fb4d6" executionId="a4ed05d3-5caa-44e4-a333-98a93c832fbc" testListId="8c84fa94-04c1-424b-9868-57a2d4851a1d" />
    <TestEntry testId="38a0e64a-1366-e17a-2441-b55cbe0a3aa7" executionId="570c41ee-6a79-4922-b71d-b4c410aae62a" testListId="8c84fa94-04c1-424b-9868-57a2d4851a1d" />
    <TestEntry testId="5e3f1360-8d94-da6c-29f4-e685d8501bba" executionId="31545f1b-c91d-4c37-92b5-3813662b1093" testListId="8c84fa94-04c1-424b-9868-57a2d4851a1d" />
    <TestEntry testId="69281b07-4ba8-737f-da41-8b651338e671" executionId="b782698a-409e-4b49-bab9-1b326bdc3c9a" testListId="8c84fa94-04c1-424b-9868-57a2d4851a1d" />
    <TestEntry testId="b583f3da-f308-e5c6-a9ad-186e49b050cb" executionId="6b273b03-1aa5-465d-9aab-fb03fce06396" testListId="8c84fa94-04c1-424b-9868-57a2d4851a1d" />
    <TestEntry testId="52afc510-c353-3065-6301-06bc77ead94c" executionId="d13288a2-7ecf-4e31-9585-a337f4a40a6d" testListId="8c84fa94-04c1-424b-9868-57a2d4851a1d" />
    <TestEntry testId="96002749-e0eb-89c5-f65a-19be6b562cde" executionId="15b99c1a-dce7-4968-b6fa-550bf7f0e332" testListId="8c84fa94-04c1-424b-9868-57a2d4851a1d" />
    <TestEntry testId="a577ee74-0124-54de-779a-67211d15b4c2" executionId="1dd34a2b-93b2-4973-8a24-acf9ba9699e4" testListId="8c84fa94-04c1-424b-9868-57a2d4851a1d" />
    <TestEntry testId="1ab4c474-7eb7-3242-2e4f-d9360294d992" executionId="d30236dd-9cbc-48ae-8a6a-11baeab28c92" testListId="8c84fa94-04c1-424b-9868-57a2d4851a1d" />
    <TestEntry testId="ef4a98b6-a2e3-44b5-41b9-23648b562578" executionId="cb6aaf62-7405-48f6-8214-1b622aa43e7a" testListId="8c84fa94-04c1-424b-9868-57a2d4851a1d" />
    <TestEntry testId="abf803c0-cad7-ba2c-25d4-65ab13a3e82a" executionId="f7045b98-09c9-438c-8426-2f208d153ea9" testListId="8c84fa94-04c1-424b-9868-57a2d4851a1d" />
    <TestEntry testId="5a204b74-55df-06f7-3b8c-75de7795e6b5" executionId="d04c522e-4bd1-4e9b-97d5-217f0f0e79f4" testListId="8c84fa94-04c1-424b-9868-57a2d4851a1d" />
    <TestEntry testId="59b1f1ab-1adf-f8fd-a921-fdbfb6e39d37" executionId="46b85c92-922b-431b-af3e-2b43d7080802" testListId="8c84fa94-04c1-424b-9868-57a2d4851a1d" />
    <TestEntry testId="164c18a4-0606-6d3e-aa97-44275b6a203c" executionId="423c1bde-871c-421c-8802-bd60b5ced11e" testListId="8c84fa94-04c1-424b-9868-57a2d4851a1d" />
    <TestEntry testId="c4c8008f-a30f-dfad-76a0-dd7831852408" executionId="09f908df-0665-41d8-92e8-09fbabde0ccb" testListId="8c84fa94-04c1-424b-9868-57a2d4851a1d" />
    <TestEntry testId="cc4e6b73-4440-af4e-0a42-4fccf7a13432" executionId="b03d819c-4118-4eca-8184-3887422b71b2" testListId="8c84fa94-04c1-424b-9868-57a2d4851a1d" />
    <TestEntry testId="b5f3f8db-e55c-694a-0f9d-7d0d92c38d1a" executionId="8f57450c-fdb0-480d-8649-6d6d13a232b9" testListId="8c84fa94-04c1-424b-9868-57a2d4851a1d" />
    <TestEntry testId="62e50d38-69c5-d0b9-195c-d69927324ea5" executionId="55b95935-1171-4651-ad74-02276bfff137" testListId="8c84fa94-04c1-424b-9868-57a2d4851a1d" />
    <TestEntry testId="33574a74-5c8c-bd5f-f515-076138731e13" executionId="6c74e95f-d933-4377-a919-5a882c636b53" testListId="8c84fa94-04c1-424b-9868-57a2d4851a1d" />
    <TestEntry testId="b759dae8-495a-0aef-2e79-85a26e05eb63" executionId="f757421f-b54e-4610-b4e7-1fc007fcb85b" testListId="8c84fa94-04c1-424b-9868-57a2d4851a1d" />
    <TestEntry testId="9f86cbe2-59d6-e91e-8346-a736d0fc1498" executionId="d46a2f7b-46a5-4d65-ae79-2a71a7c1d26b" testListId="8c84fa94-04c1-424b-9868-57a2d4851a1d" />
    <TestEntry testId="158e9409-c7de-debd-878b-daf87fe79ad0" executionId="db3ad9fc-58c8-40bc-b5a4-42f5f36a1c7e" testListId="8c84fa94-04c1-424b-9868-57a2d4851a1d" />
    <TestEntry testId="72ba6e78-2c2e-ebbf-426f-198d7e58cdb6" executionId="63cac37a-871f-42ad-a5dc-b175a08ad090" testListId="8c84fa94-04c1-424b-9868-57a2d4851a1d" />
    <TestEntry testId="26ed3410-36c8-2147-0721-baba9e2fffaf" executionId="df47a3ac-f795-4202-966d-2a88eae96f10" testListId="8c84fa94-04c1-424b-9868-57a2d4851a1d" />
    <TestEntry testId="f3eaae59-a205-0fbe-1b50-2d7f737f2f95" executionId="5a11b574-fdc3-4fe0-89a6-53fe6d748db5" testListId="8c84fa94-04c1-424b-9868-57a2d4851a1d" />
    <TestEntry testId="aafe1b8c-b873-6bc2-9754-45a35be69d71" executionId="53a0d273-1eba-4f64-a85e-11532b08b7e6" testListId="8c84fa94-04c1-424b-9868-57a2d4851a1d" />
    <TestEntry testId="4c5c5aaf-89fa-0e76-a687-ae1bf6dd2394" executionId="5b1e9529-43c2-4361-a554-4d811c85f9b9" testListId="8c84fa94-04c1-424b-9868-57a2d4851a1d" />
    <TestEntry testId="4bf27901-580a-cc69-5863-65c7a2c71cda" executionId="69771ee1-55a7-443d-9ea6-52ed34dd7a4f" testListId="8c84fa94-04c1-424b-9868-57a2d4851a1d" />
    <TestEntry testId="d13395ee-a887-4785-39bf-68a6c4cfe260" executionId="1a172979-91d2-4173-90f4-8643dab691cb" testListId="8c84fa94-04c1-424b-9868-57a2d4851a1d" />
    <TestEntry testId="f240b254-bc0c-1b9b-a946-e1cf8e055f56" executionId="35868578-2db3-40ba-bf40-f96d4781e2f8" testListId="8c84fa94-04c1-424b-9868-57a2d4851a1d" />
    <TestEntry testId="038294bc-794d-e3eb-b359-de3c9cb1f795" executionId="ed579abe-b39a-4f40-8092-2af14d7249d3" testListId="8c84fa94-04c1-424b-9868-57a2d4851a1d" />
    <TestEntry testId="8416b49c-ee62-6a7c-067f-e252e0013c4b" executionId="6d29924c-1ce0-4979-9c69-20da67dd011f" testListId="8c84fa94-04c1-424b-9868-57a2d4851a1d" />
    <TestEntry testId="52a579d5-d080-39db-7267-b8f9cc298372" executionId="5706d025-bf93-4365-8739-c4b1bfea817b" testListId="8c84fa94-04c1-424b-9868-57a2d4851a1d" />
    <TestEntry testId="cc6cc331-0345-b11b-3759-d21226805ecf" executionId="638194b7-447d-41e2-9a0d-29723bded50c" testListId="8c84fa94-04c1-424b-9868-57a2d4851a1d" />
    <TestEntry testId="97af5bb8-4c50-6ff8-94da-808feac7c3c7" executionId="828a0360-2739-4f36-8d94-23a9e2b8599b" testListId="8c84fa94-04c1-424b-9868-57a2d4851a1d" />
    <TestEntry testId="b296ee33-1e8d-b587-87f3-a1ee4a1ed611" executionId="da8cfeb2-b99c-41dc-8a33-ce6ec671921b" testListId="8c84fa94-04c1-424b-9868-57a2d4851a1d" />
    <TestEntry testId="5b014e58-bad5-50ce-49bf-4fc48d519e12" executionId="b31dd6e0-a67f-44c0-8101-12257fb0c3bd" testListId="8c84fa94-04c1-424b-9868-57a2d4851a1d" />
    <TestEntry testId="ae58eae4-66cf-7460-7c1c-a539387227cd" executionId="3091be14-2583-4e81-b2ba-bf1c2b42e254" testListId="8c84fa94-04c1-424b-9868-57a2d4851a1d" />
    <TestEntry testId="6cfadf18-daf2-dd61-5f41-3bf8c742b961" executionId="a5a4d98b-b372-4b4a-b456-cdaecf8c7038" testListId="8c84fa94-04c1-424b-9868-57a2d4851a1d" />
    <TestEntry testId="4291a680-4215-022a-9be2-b72df9e0d5bd" executionId="f73cf091-3117-486c-ae75-8a0edfbf74c1" testListId="8c84fa94-04c1-424b-9868-57a2d4851a1d" />
    <TestEntry testId="fb6ebddc-df17-4535-8e8e-42f772245c6c" executionId="28e44112-75db-4a53-a6d7-62cfabac1925" testListId="8c84fa94-04c1-424b-9868-57a2d4851a1d" />
    <TestEntry testId="e8f2ab35-3ef3-7eb5-e0be-5cdeb35fc684" executionId="d6876be9-af03-4b36-84e5-07d74eebd58d" testListId="8c84fa94-04c1-424b-9868-57a2d4851a1d" />
    <TestEntry testId="e13d2b60-6f38-76a7-22fb-55bff50410cf" executionId="61d2dd28-cc0d-4c05-877c-9d148f9542bb" testListId="8c84fa94-04c1-424b-9868-57a2d4851a1d" />
    <TestEntry testId="adbb06d7-ba70-77f2-a20d-42973c3490ef" executionId="1f357f7f-c0ac-4eb1-b614-c8e76d3c1814" testListId="8c84fa94-04c1-424b-9868-57a2d4851a1d" />
    <TestEntry testId="2357a1fc-6431-bcdd-6a17-5836a817bf41" executionId="ba3a1769-c089-45b7-a705-4353ce37af76" testListId="8c84fa94-04c1-424b-9868-57a2d4851a1d" />
    <TestEntry testId="b150377c-4283-f150-2946-f8433bdf3ec7" executionId="2cd435a2-9822-4181-8d16-e6f2773a458b" testListId="8c84fa94-04c1-424b-9868-57a2d4851a1d" />
    <TestEntry testId="bfc1c687-350c-cb9d-ed14-acee5dd9dfc2" executionId="99e0badb-b560-46f1-a5ea-22f943a7a832" testListId="8c84fa94-04c1-424b-9868-57a2d4851a1d" />
    <TestEntry testId="d0a21385-78ea-a778-286a-dbb32a284f1d" executionId="998c2de4-b42b-45ad-a58f-b4489a414743" testListId="8c84fa94-04c1-424b-9868-57a2d4851a1d" />
    <TestEntry testId="54757a20-b20d-1d4e-68fe-1e8e6ad13dd0" executionId="a95cc95e-a943-4fdc-8237-9308066c840a" testListId="8c84fa94-04c1-424b-9868-57a2d4851a1d" />
    <TestEntry testId="08ac7c4d-e1d2-c610-dce6-4ee37c7020ab" executionId="9756bb0d-0f41-4319-8a37-ba10e7121e41" testListId="8c84fa94-04c1-424b-9868-57a2d4851a1d" />
    <TestEntry testId="321fc9d9-8aef-03bb-4d24-3214d583130c" executionId="1dd9804a-0643-42b3-89d5-054af5f5a879" testListId="8c84fa94-04c1-424b-9868-57a2d4851a1d" />
    <TestEntry testId="42290a3d-9fc7-a8db-504e-fe99014c6062" executionId="7bd7874c-6f55-4073-893d-89aea8588998" testListId="8c84fa94-04c1-424b-9868-57a2d4851a1d" />
    <TestEntry testId="85767ed5-a790-b627-bbd2-6d7ce087526b" executionId="9ec22ee0-86e9-4aef-a669-7ed4617621be" testListId="8c84fa94-04c1-424b-9868-57a2d4851a1d" />
    <TestEntry testId="432720a6-8b72-2d99-b24d-94227436d3d7" executionId="b3c14722-8079-427e-aaa3-dbc6be8da7ce" testListId="8c84fa94-04c1-424b-9868-57a2d4851a1d" />
    <TestEntry testId="50c65cd3-2d98-87b2-7226-f776ec042b34" executionId="7bb109cd-88f7-419b-b7d9-71d34156a6c2" testListId="8c84fa94-04c1-424b-9868-57a2d4851a1d" />
    <TestEntry testId="077b0943-3e44-cd0f-3d64-16e3e9db5fd2" executionId="41e0102c-6ef6-41df-afb8-9a7de86c8e9a" testListId="8c84fa94-04c1-424b-9868-57a2d4851a1d" />
    <TestEntry testId="e5a20ff2-865c-1e2b-26ab-15e39869e871" executionId="e79a55fd-7d27-456f-a937-5adeda922445" testListId="8c84fa94-04c1-424b-9868-57a2d4851a1d" />
    <TestEntry testId="3a6538bb-4700-927b-6f5f-b08ea2b6e926" executionId="bb33ae4a-b962-4ac9-baf0-3fb1314690d3" testListId="8c84fa94-04c1-424b-9868-57a2d4851a1d" />
    <TestEntry testId="1acaa84a-2fa9-64c3-54af-f06d9dfe4fd8" executionId="8840d78e-5219-43fa-891d-d2e6518de465" testListId="8c84fa94-04c1-424b-9868-57a2d4851a1d" />
    <TestEntry testId="e7a6dde1-a854-4f69-b0fd-df29fec92533" executionId="479c3540-37bc-4c29-a0d2-e4ba50ad00e0" testListId="8c84fa94-04c1-424b-9868-57a2d4851a1d" />
    <TestEntry testId="46f5bcc6-b08b-a01d-b817-fbbe4edf8719" executionId="87222298-0c07-4cec-9c53-ab94efc54682" testListId="8c84fa94-04c1-424b-9868-57a2d4851a1d" />
    <TestEntry testId="d843f591-b7ff-d710-43d8-67eee6bdcec7" executionId="8ab30863-c4b1-430e-b945-ecb1d3418313" testListId="8c84fa94-04c1-424b-9868-57a2d4851a1d" />
    <TestEntry testId="a1ef1fbe-1a52-32d6-1c97-d2e039e9b00b" executionId="e4ae8b3c-ce60-4ae6-813e-b4d21b29cdb4" testListId="8c84fa94-04c1-424b-9868-57a2d4851a1d" />
    <TestEntry testId="622cbbd3-2cde-b6f8-a5f4-11b0547b2f3a" executionId="78517940-9b62-44b2-98f0-7c1808c17ca1" testListId="8c84fa94-04c1-424b-9868-57a2d4851a1d" />
    <TestEntry testId="7d96fd79-cbbc-e049-ee44-c9f799dd7da4" executionId="da4b0bb8-5938-4199-b45c-5e8945d03524" testListId="8c84fa94-04c1-424b-9868-57a2d4851a1d" />
    <TestEntry testId="f0b3d683-f7fd-500b-4085-3135516ac468" executionId="1aa4fa81-d431-4398-9664-95aa5b128ead" testListId="8c84fa94-04c1-424b-9868-57a2d4851a1d" />
    <TestEntry testId="7e3ee001-eebc-a2c4-3da8-ab82757eb822" executionId="07c52a3a-623d-4940-87af-46784b526bf5" testListId="8c84fa94-04c1-424b-9868-57a2d4851a1d" />
    <TestEntry testId="40a96957-1f96-cadf-7626-faab359b4e6d" executionId="2deab25c-944b-4d9c-8349-b608c950d049" testListId="8c84fa94-04c1-424b-9868-57a2d4851a1d" />
    <TestEntry testId="b514e16b-7cc0-c97b-5e55-c37899ab676e" executionId="a4d33013-bedf-4605-b4a5-ddcf0f2a5146" testListId="8c84fa94-04c1-424b-9868-57a2d4851a1d" />
    <TestEntry testId="c27196c3-eef1-6b30-1af6-8d58524247b5" executionId="33d637e9-afb8-4a5c-8379-ac424aa8b8ea" testListId="8c84fa94-04c1-424b-9868-57a2d4851a1d" />
    <TestEntry testId="90b0b698-3beb-dea4-3a05-ded113696e16" executionId="c6a7c5dd-d9fb-470c-a948-374116d578ba" testListId="8c84fa94-04c1-424b-9868-57a2d4851a1d" />
    <TestEntry testId="ab5e8939-7364-4a4c-a27b-871ade148e3f" executionId="41d09d55-72a5-4693-9093-6b46be87eebb" testListId="8c84fa94-04c1-424b-9868-57a2d4851a1d" />
    <TestEntry testId="89a4b088-2107-91b2-e3e0-c95967321c2c" executionId="20682e40-27a5-4255-b711-64739b0afd52" testListId="8c84fa94-04c1-424b-9868-57a2d4851a1d" />
    <TestEntry testId="39708930-40f9-c8e5-af03-fe0c5aa97e46" executionId="9308a1f8-e7ca-4df1-b02e-74668ee6cfe9" testListId="8c84fa94-04c1-424b-9868-57a2d4851a1d" />
    <TestEntry testId="d5961d76-f07d-316b-6131-2d4e02218efa" executionId="492220f3-98e4-425c-a683-8b3aa1343fdd" testListId="8c84fa94-04c1-424b-9868-57a2d4851a1d" />
    <TestEntry testId="200fd3ab-9b43-7ae0-d7fc-4fe12a54106c" executionId="9192371c-9a8b-4b68-91b5-d3b1ad206d0a" testListId="8c84fa94-04c1-424b-9868-57a2d4851a1d" />
    <TestEntry testId="6d8b253b-e2d5-ef8f-761b-00ee313a6efd" executionId="e52424fc-1c77-4bb8-bce1-363f256c17a1" testListId="8c84fa94-04c1-424b-9868-57a2d4851a1d" />
    <TestEntry testId="cc9414e0-f04e-9f83-c71f-4cb7ae9caeba" executionId="c15229cc-4272-491b-8a6d-789c5c8b0432" testListId="8c84fa94-04c1-424b-9868-57a2d4851a1d" />
    <TestEntry testId="13aa2f7a-6995-c5e4-39a5-c60145ba1805" executionId="40d0a3c5-eb3e-4209-8ec2-04c3f8ca7a28" testListId="8c84fa94-04c1-424b-9868-57a2d4851a1d" />
    <TestEntry testId="927b6041-b7b9-001b-7a9c-0b6ce086457e" executionId="653ba834-8c81-4064-aaeb-491f1f272b7d" testListId="8c84fa94-04c1-424b-9868-57a2d4851a1d" />
    <TestEntry testId="0ed9d784-da42-31ae-7326-9c741d7982f9" executionId="d0aa976f-aee4-40d4-803f-290f725ac77e" testListId="8c84fa94-04c1-424b-9868-57a2d4851a1d" />
    <TestEntry testId="29907e08-7824-07ed-72ea-b9fe625acab8" executionId="c190dd1b-2648-4beb-8a42-6482e9d42e89" testListId="8c84fa94-04c1-424b-9868-57a2d4851a1d" />
    <TestEntry testId="21821b63-8c17-263e-94e4-d57edfe2af4c" executionId="7f1d6e08-0c19-4b76-97b3-b6410d33b2f7" testListId="8c84fa94-04c1-424b-9868-57a2d4851a1d" />
    <TestEntry testId="c6d3a71b-bb9f-a0cc-7731-a0d7bcb2b58b" executionId="b9d7c642-aa06-4e2b-8ab0-2e71cb23e39c" testListId="8c84fa94-04c1-424b-9868-57a2d4851a1d" />
    <TestEntry testId="c69fc352-97e7-d1c9-728f-cf4b289446be" executionId="1d925c95-6b8f-41d3-b74e-89e324a52423" testListId="8c84fa94-04c1-424b-9868-57a2d4851a1d" />
    <TestEntry testId="d051dd9f-b204-223d-9a1a-e20da2c0a421" executionId="33f79517-9382-474d-aa22-c1394988df48" testListId="8c84fa94-04c1-424b-9868-57a2d4851a1d" />
    <TestEntry testId="ac3b587b-3632-1036-3446-87beb61bb79a" executionId="4ef13d60-3ae8-48d7-b578-1b09bcd6d429" testListId="8c84fa94-04c1-424b-9868-57a2d4851a1d" />
    <TestEntry testId="ff81e3c9-5e72-4d53-adff-7890ea508ee7" executionId="37b2c303-9681-4f37-a25f-d187d97f091b" testListId="8c84fa94-04c1-424b-9868-57a2d4851a1d" />
  </TestEntries>
  <TestLists>
    <TestList name="Results Not in a List" id="8c84fa94-04c1-424b-9868-57a2d4851a1d" />
    <TestList name="All Loaded Results" id="19431567-8539-422a-85d7-44ee4e166bda" />
  </TestLists>
  <ResultSummary outcome="Completed">
    <Counters total="343" executed="343" passed="343" failed="0" error="0" timeout="0" aborted="0" inconclusive="0" passedButRunAborted="0" notRunnable="0" notExecuted="0" disconnected="0" warning="0" completed="0" inProgress="0" pending="0" />
    <Output>
      <StdOut>Test Parallelization enabled for C:\Users\Ricardo\Documents\Iris\tests\Iris.Tests\bin\Debug\net10.0-windows\Iris.Tests.dll (Workers: 12, Scope: MethodLevel)&#xD;
</StdOut>
    </Output>
  </ResultSummary>
</TestRun>