<?xml version="1.0" encoding="utf-8"?>
<TestRun id="a200993a-5ff1-4c6a-96a2-e4505e32d4fb" name="Ricardo@DESKTOP-R345UFQ 2026-08-25 07:43:59" runUser="DESKTOP-R345UFQ\Ricardo" xmlns="http://microsoft.com/schemas/VisualStudio/TeamTest/2010">
  <Times creation="2026-08-25T07:43:59.0730314-03:00" queuing="2026-08-25T07:43:59.0730316-03:00" start="2026-08-25T07:43:57.9269882-03:00" finish="2026-08-25T07:44:30.6371548-03:00" />
  <TestSettings name="default" id="0b42553e-bc1f-42c2-9299-ca24741f5cb2">
    <Deployment runDeploymentRoot="Ricardo_DESKTOP-R345UFQ_2026-08-25_07_43_59" />
  </TestSettings>
  <Results>
    <UnitTestResult executionId="19a15ade-b9f3-42c9-b99e-055e95a3e338" testId="1a4e6f74-5109-cb8b-5768-c59abfc853b5" testName="Destino_que_lanca_ao_gravar_FALHA" computerName="DESKTOP-R345UFQ" duration="00:00:00.0008542" startTime="2026-08-25T07:44:01.8111313-03:00" endTime="2026-08-25T07:44:01.8146940-03:00" testType="13cdc9d9-ddb5-4fa4-a97d-d965ccfc6d4b" outcome="Passed" testListId="8c84fa94-04c1-424b-9868-57a2d4851a1d" relativeResultsDirectory="19a15ade-b9f3-42c9-b99e-055e95a3e338" />
    <UnitTestResult executionId="23192616-69a9-4536-9f04-ba4d1f7fe291" testId="43653a02-8691-9b89-7105-275b076da263" testName="Erro_de_rede_nao_derruba_a_sessao" computerName="DESKTOP-R345UFQ" duration="00:00:00.0003277" startTime="2026-08-25T07:44:00.0929132-03:00" endTime="2026-08-25T07:44:00.0936193-03:00" testType="13cdc9d9-ddb5-4fa4-a97d-d965ccfc6d4b" outcome="Passed" testListId="8c84fa94-04c1-424b-9868-57a2d4851a1d" relativeResultsDirectory="23192616-69a9-4536-9f04-ba4d1f7fe291" />
    <UnitTestResult executionId="beba8f9d-8468-421a-bb22-589dfd07e2b4" testId="ff9d9229-2a16-31d9-0b75-ff2aa08fc1e1" testName="I2_recusa_provider_id_dentro_do_estado_do_usuario" computerName="DESKTOP-R345UFQ" duration="00:00:00.0012310" startTime="2026-08-25T07:44:01.7556646-03:00" endTime="2026-08-25T07:44:01.7571993-03:00" testType="13cdc9d9-ddb5-4fa4-a97d-d965ccfc6d4b" outcome="Passed" testListId="8c84fa94-04c1-424b-9868-57a2d4851a1d" relativeResultsDirectory="beba8f9d-8468-421a-bb22-589dfd07e2b4" />
    <UnitTestResult executionId="8d43c62d-38e3-4d87-92d3-2df7a735339a" testId="c959e13b-227d-54d1-2dd6-167e6e613853" testName="Criacao_que_termina_depois_do_descarte_nao_abre_o_compositor" computerName="DESKTOP-R345UFQ" duration="00:00:00.0029841" startTime="2026-08-25T07:43:59.3819798-03:00" endTime="2026-08-25T07:43:59.3870778-03:00" testType="13cdc9d9-ddb5-4fa4-a97d-d965ccfc6d4b" outcome="Passed" testListId="8c84fa94-04c1-424b-9868-57a2d4851a1d" relativeResultsDirectory="8d43c62d-38e3-4d87-92d3-2df7a735339a" />
    <UnitTestResult executionId="f9bcd691-4440-4c6a-b3cb-2b2c7e2fa615" testId="8898c1cc-d4d4-5938-c1a9-92fe17e45010" testName="Corpo_incompleto_nao_bloqueia_responder" computerName="DESKTOP-R345UFQ" duration="00:00:00.0005768" startTime="2026-08-25T07:44:01.2788297-03:00" endTime="2026-08-25T07:44:01.2796725-03:00" testType="13cdc9d9-ddb5-4fa4-a97d-d965ccfc6d4b" outcome="Passed" testListId="8c84fa94-04c1-424b-9868-57a2d4851a1d" relativeResultsDirectory="f9bcd691-4440-4c6a-b3cb-2b2c7e2fa615" />
    <UnitTestResult executionId="70932bc9-2f14-45c9-b936-bb5e5fab8313" testId="20182413-6195-1183-2a19-550a895e9898" testName="Evento_isolado_recarrega_apos_o_silencio" computerName="DESKTOP-R345UFQ" duration="00:00:00.0006632" startTime="2026-08-25T07:43:59.9576443-03:00" endTime="2026-08-25T07:43:59.9584057-03:00" testType="13cdc9d9-ddb5-4fa4-a97d-d965ccfc6d4b" outcome="Passed" testListId="8c84fa94-04c1-424b-9868-57a2d4851a1d" relativeResultsDirectory="70932bc9-2f14-45c9-b936-bb5e5fab8313" />
    <UnitTestResult executionId="c493d28f-d3a2-4ace-b906-8df49cab504d" testId="cadbc136-2035-034a-d138-940b3ae62ae9" testName="Sem_cobertura_completa_NaoEncontrado_nao_confirma_ausencia" computerName="DESKTOP-R345UFQ" duration="00:00:00.0003027" startTime="2026-08-25T07:44:01.7235482-03:00" endTime="2026-08-25T07:44:01.7240489-03:00" testType="13cdc9d9-ddb5-4fa4-a97d-d965ccfc6d4b" outcome="Passed" testListId="8c84fa94-04c1-424b-9868-57a2d4851a1d" relativeResultsDirectory="c493d28f-d3a2-4ace-b906-8df49cab504d" />
    <UnitTestResult executionId="62997f60-5cf6-4c7f-8bc3-5535c6e21de0" testId="44f461cc-ca8b-b86e-9027-3fce145e65d9" testName="Os_limites_configurados_valem" computerName="DESKTOP-R345UFQ" duration="00:00:00.0020386" startTime="2026-08-25T07:43:59.9602581-03:00" endTime="2026-08-25T07:43:59.9624387-03:00" testType="13cdc9d9-ddb5-4fa4-a97d-d965ccfc6d4b" outcome="Passed" testListId="8c84fa94-04c1-424b-9868-57a2d4851a1d" relativeResultsDirectory="62997f60-5cf6-4c7f-8bc3-5535c6e21de0" />
    <UnitTestResult executionId="52b3678b-6702-4b5a-85d1-1cb9fe2cac16" testId="c2dbefa0-033b-cfdc-6d77-0b736b88ae33" testName="A_explicacao_diz_quanto_faltou" computerName="DESKTOP-R345UFQ" duration="00:00:00.0004809" startTime="2026-08-25T07:44:01.2789277-03:00" endTime="2026-08-25T07:44:01.2796051-03:00" testType="13cdc9d9-ddb5-4fa4-a97d-d965ccfc6d4b" outcome="Passed" testListId="8c84fa94-04c1-424b-9868-57a2d4851a1d" relativeResultsDirectory="52b3678b-6702-4b5a-85d1-1cb9fe2cac16" />
    <UnitTestResult executionId="ef088c51-5653-4153-b14f-183f5f59b3e2" testId="b760a185-f2ff-ae15-2430-a1fe73ef344d" testName="Fechar_com_alteracao_pendente_pergunta_em_vez_de_descartar" computerName="DESKTOP-R345UFQ" duration="00:00:00.0146015" startTime="2026-08-25T07:43:59.3426574-03:00" endTime="2026-08-25T07:43:59.3621245-03:00" testType="13cdc9d9-ddb5-4fa4-a97d-d965ccfc6d4b" outcome="Passed" testListId="8c84fa94-04c1-424b-9868-57a2d4851a1d" relativeResultsDirectory="ef088c51-5653-4153-b14f-183f5f59b3e2" />
    <UnitTestResult executionId="3b269734-bda2-41e8-b99e-90e1a37b92cd" testId="2acb05f0-34be-a7da-f2c0-c8485a88f06a" testName="Retomar_com_epoca_diferente_abandona" computerName="DESKTOP-R345UFQ" duration="00:00:00.0008189" startTime="2026-08-25T07:44:01.7934849-03:00" endTime="2026-08-25T07:44:01.7945550-03:00" testType="13cdc9d9-ddb5-4fa4-a97d-d965ccfc6d4b" outcome="Passed" testListId="8c84fa94-04c1-424b-9868-57a2d4851a1d" relativeResultsDirectory="3b269734-bda2-41e8-b99e-90e1a37b92cd" />
    <UnitTestResult executionId="41ce2d2e-9bb4-4671-8596-86ae439431ee" testId="ba6c2203-289a-89d1-a2f7-c80273e8b93b" testName="Evento_da_mesma_epoca_nao_bloqueia_o_compositor" computerName="DESKTOP-R345UFQ" duration="00:00:00.0579142" startTime="2026-08-25T07:43:59.3975684-03:00" endTime="2026-08-25T07:43:59.4573201-03:00" testType="13cdc9d9-ddb5-4fa4-a97d-d965ccfc6d4b" outcome="Passed" testListId="8c84fa94-04c1-424b-9868-57a2d4851a1d" relativeResultsDirectory="41ce2d2e-9bb4-4671-8596-86ae439431ee" />
    <UnitTestResult executionId="9eb93618-5721-4cb1-bf0d-bc9402ebe9a7" testId="6fe8a020-25a2-24b9-3dba-df54a4657ba7" testName="Versao_incompativel_falha_fechado" computerName="DESKTOP-R345UFQ" duration="00:00:00.2298471" startTime="2026-08-25T07:43:59.0179819-03:00" endTime="2026-08-25T07:43:59.2481709-03:00" testType="13cdc9d9-ddb5-4fa4-a97d-d965ccfc6d4b" outcome="Passed" testListId="8c84fa94-04c1-424b-9868-57a2d4851a1d" relativeResultsDirectory="9eb93618-5721-4cb1-bf0d-bc9402ebe9a7" />
    <UnitTestResult executionId="95a823b8-7bd8-40e9-a142-9ddbb0b06092" testId="29f8e553-1bbf-dd5b-9f6f-7c0fbba69fc2" testName="Anexar_instala_a_chave_nova_do_rascunho" computerName="DESKTOP-R345UFQ" duration="00:00:00.0829341" startTime="2026-08-25T07:43:59.3387119-03:00" endTime="2026-08-25T07:43:59.4318657-03:00" testType="13cdc9d9-ddb5-4fa4-a97d-d965ccfc6d4b" outcome="Passed" testListId="8c84fa94-04c1-424b-9868-57a2d4851a1d" relativeResultsDirectory="95a823b8-7bd8-40e9-a142-9ddbb0b06092" />
    <UnitTestResult executionId="e293ceb5-3ec7-4d57-84a6-738e376439fa" testId="2b773fc1-e9ca-fa0b-6f28-b5667d8a2d02" testName="Pagina_rejeitada_nao_e_gravada" computerName="DESKTOP-R345UFQ" duration="00:00:00.0009241" startTime="2026-08-25T07:44:01.8156222-03:00" endTime="2026-08-25T07:44:01.8168431-03:00" testType="13cdc9d9-ddb5-4fa4-a97d-d965ccfc6d4b" outcome="Passed" testListId="8c84fa94-04c1-424b-9868-57a2d4851a1d" relativeResultsDirectory="e293ceb5-3ec7-4d57-84a6-738e376439fa" />
    <UnitTestResult executionId="12fb5fd6-be72-4c00-82b0-c9a30764f798" testId="64439f5d-4623-159b-27e6-79efa624a78c" testName="Evento_da_pasta_anterior_nao_suja_a_pasta_nova" computerName="DESKTOP-R345UFQ" duration="00:00:00.7323841" startTime="2026-08-25T07:44:00.5059026-03:00" endTime="2026-08-25T07:44:01.2474704-03:00" testType="13cdc9d9-ddb5-4fa4-a97d-d965ccfc6d4b" outcome="Passed" testListId="8c84fa94-04c1-424b-9868-57a2d4851a1d" relativeResultsDirectory="12fb5fd6-be72-4c00-82b0-c9a30764f798" />
    <UnitTestResult executionId="31db4ef0-04bd-4a31-ac7b-31ab840de2db" testId="c9c3c465-2553-1cda-d221-59fd0f8fb4d6" testName="Fronteira_inclusiva_trava_quando_o_grupo_e_maior_que_a_pagina" computerName="DESKTOP-R345UFQ" duration="00:00:00.0008893" startTime="2026-08-25T07:43:59.9422933-03:00" endTime="2026-08-25T07:43:59.9434133-03:00" testType="13cdc9d9-ddb5-4fa4-a97d-d965ccfc6d4b" outcome="Passed" testListId="8c84fa94-04c1-424b-9868-57a2d4851a1d" relativeResultsDirectory="31db4ef0-04bd-4a31-ac7b-31ab840de2db" />
    <UnitTestResult executionId="55eaa40c-a281-4a25-8d84-805816c61d4d" testId="df643f0b-fbda-f2a8-7f0f-125d1fa73bfb" testName="Cursor_de_fronteira_faz_ida_e_volta" computerName="DESKTOP-R345UFQ" duration="00:00:00.0097651" startTime="2026-08-25T07:43:59.9460061-03:00" endTime="2026-08-25T07:43:59.9559009-03:00" testType="13cdc9d9-ddb5-4fa4-a97d-d965ccfc6d4b" outcome="Passed" testListId="8c84fa94-04c1-424b-9868-57a2d4851a1d" relativeResultsDirectory="55eaa40c-a281-4a25-8d84-805816c61d4d" />
    <UnitTestResult executionId="28d6084e-2610-4ffb-92c6-1704f5078145" testId="0919fc83-bb2a-6d0f-9134-9cc2dfa44d5d" testName="Morte_do_Outlook_no_meio_da_varredura_e_NotConnected" computerName="DESKTOP-R345UFQ" duration="00:00:00.0005189" startTime="2026-08-25T07:44:00.0949230-03:00" endTime="2026-08-25T07:44:00.0956920-03:00" testType="13cdc9d9-ddb5-4fa4-a97d-d965ccfc6d4b" outcome="Passed" testListId="8c84fa94-04c1-424b-9868-57a2d4851a1d" relativeResultsDirectory="28d6084e-2610-4ffb-92c6-1704f5078145" />
    <UnitTestResult executionId="94f2da39-7987-4154-8a7b-a1e6c46f22b2" testId="2fee65f6-82dd-5159-fa53-d05ec8db4697" testName="Alcance_que_encolhe_e_ACUSADO" computerName="DESKTOP-R345UFQ" duration="00:00:00.1504085" startTime="2026-08-25T07:43:59.5140516-03:00" endTime="2026-08-25T07:43:59.6649663-03:00" testType="13cdc9d9-ddb5-4fa4-a97d-d965ccfc6d4b" outcome="Passed" testListId="8c84fa94-04c1-424b-9868-57a2d4851a1d" relativeResultsDirectory="94f2da39-7987-4154-8a7b-a1e6c46f22b2" />
    <UnitTestResult executionId="2a79258b-d45a-41ca-9ff8-7241a17ff52c" testId="d76014c9-f191-842d-67af-81dd26279d80" testName="Morrer_depois_do_commit_deixa_linhas_e_checkpoint_de_acordo" computerName="DESKTOP-R345UFQ" duration="00:00:00.8339584" startTime="2026-08-25T07:43:59.6313532-03:00" endTime="2026-08-25T07:44:00.4655838-03:00" testType="13cdc9d9-ddb5-4fa4-a97d-d965ccfc6d4b" outcome="Passed" testListId="8c84fa94-04c1-424b-9868-57a2d4851a1d" relativeResultsDirectory="2a79258b-d45a-41ca-9ff8-7241a17ff52c" />
    <UnitTestResult executionId="c4e1268a-6d3c-4640-a6fa-674aa85962ee" testId="767677d4-f397-2549-6647-3af5655edf24" testName="PST_nao_herda_do_Exchange" computerName="DESKTOP-R345UFQ" duration="00:00:00.0001585" startTime="2026-08-25T07:44:00.0209962-03:00" endTime="2026-08-25T07:44:00.0212402-03:00" testType="13cdc9d9-ddb5-4fa4-a97d-d965ccfc6d4b" outcome="Passed" testListId="8c84fa94-04c1-424b-9868-57a2d4851a1d" relativeResultsDirectory="c4e1268a-6d3c-4640-a6fa-674aa85962ee" />
    <UnitTestResult executionId="161cbad9-9623-48af-b6f5-439e13b33fb7" testId="69281b07-4ba8-737f-da41-8b651338e671" testName="Endereco_Exchange_legado_nao_passa" computerName="DESKTOP-R345UFQ" duration="00:00:00.0001815" startTime="2026-08-25T07:43:58.9887461-03:00" endTime="2026-08-25T07:43:58.9893173-03:00" testType="13cdc9d9-ddb5-4fa4-a97d-d965ccfc6d4b" outcome="Passed" testListId="8c84fa94-04c1-424b-9868-57a2d4851a1d" relativeResultsDirectory="161cbad9-9623-48af-b6f5-439e13b33fb7" />
    <UnitTestResult executionId="3e074fa5-243d-4607-9a76-3e78362a67fb" testId="4571278c-1562-537d-a43d-458986cf4166" testName="Destinatarios_completos_liberam_responder" computerName="DESKTOP-R345UFQ" duration="00:00:00.0002829" startTime="2026-08-25T07:44:01.2780392-03:00" endTime="2026-08-25T07:44:01.2786863-03:00" testType="13cdc9d9-ddb5-4fa4-a97d-d965ccfc6d4b" outcome="Passed" testListId="8c84fa94-04c1-424b-9868-57a2d4851a1d" relativeResultsDirectory="3e074fa5-243d-4607-9a76-3e78362a67fb" />
    <UnitTestResult executionId="4c91f9fa-edcb-433d-bdf4-49cc064ae03a" testId="e53185e0-4fd0-eff5-91d1-d3cf8800f1eb" testName="Controle_positivo_uma_linha_demonstrada_AUTORIZA" computerName="DESKTOP-R345UFQ" duration="00:00:00.0148401" startTime="2026-08-25T07:43:59.9974353-03:00" endTime="2026-08-25T07:44:00.0126795-03:00" testType="13cdc9d9-ddb5-4fa4-a97d-d965ccfc6d4b" outcome="Passed" testListId="8c84fa94-04c1-424b-9868-57a2d4851a1d" relativeResultsDirectory="4c91f9fa-edcb-433d-bdf4-49cc064ae03a" />
    <UnitTestResult executionId="65bc7ae3-f70f-4335-854a-83f9c1ccab6a" testId="bb6afaf8-ff1e-1cc1-66db-05b35cfa6e51" testName="Mutacao_que_nao_comecou_nao_e_ambigua" computerName="DESKTOP-R345UFQ" duration="00:00:00.0001936" startTime="2026-08-25T07:44:00.0853946-03:00" endTime="2026-08-25T07:44:00.0857093-03:00" testType="13cdc9d9-ddb5-4fa4-a97d-d965ccfc6d4b" outcome="Passed" testListId="8c84fa94-04c1-424b-9868-57a2d4851a1d" relativeResultsDirectory="65bc7ae3-f70f-4335-854a-83f9c1ccab6a" />
    <UnitTestResult executionId="c8e17654-0bd4-4e84-ac2f-98d2a21d684b" testId="16f8bc96-9e4a-d98e-5ff4-0ef184aec1cf" testName="Varredura_interrompida_e_refeita_converge" computerName="DESKTOP-R345UFQ" duration="00:00:09.9739314" startTime="2026-08-25T07:44:01.0515356-03:00" endTime="2026-08-25T07:44:11.0257111-03:00" testType="13cdc9d9-ddb5-4fa4-a97d-d965ccfc6d4b" outcome="Passed" testListId="8c84fa94-04c1-424b-9868-57a2d4851a1d" relativeResultsDirectory="c8e17654-0bd4-4e84-ac2f-98d2a21d684b">
      <Output>
        <StdOut>apos retomada: Publicada — &#xD;
convergiu para 988 itens, sem duplicata</StdOut>
      </Output>
    </UnitTestResult>
    <UnitTestResult executionId="3e494510-07d5-47ad-8db5-c283ddda8b25" testId="2a946e0c-3508-c557-232b-d70dec96e6f2" testName="Persistencia_que_recusa_por_ordem_nao_conta_como_publicado" computerName="DESKTOP-R345UFQ" duration="00:00:00.0009559" startTime="2026-08-25T07:44:01.8113090-03:00" endTime="2026-08-25T07:44:01.8125308-03:00" testType="13cdc9d9-ddb5-4fa4-a97d-d965ccfc6d4b" outcome="Passed" testListId="8c84fa94-04c1-424b-9868-57a2d4851a1d" relativeResultsDirectory="3e494510-07d5-47ad-8db5-c283ddda8b25" />
    <UnitTestResult executionId="6cc317d4-916a-4247-8712-13bcdee1edd8" testId="69ebb33a-4e6d-6bec-6b7d-bb55fe6363ce" testName="Segunda_rajada_gera_segunda_recarga" computerName="DESKTOP-R345UFQ" duration="00:00:00.0010882" startTime="2026-08-25T07:43:59.9600886-03:00" endTime="2026-08-25T07:43:59.9614777-03:00" testType="13cdc9d9-ddb5-4fa4-a97d-d965ccfc6d4b" outcome="Passed" testListId="8c84fa94-04c1-424b-9868-57a2d4851a1d" relativeResultsDirectory="6cc317d4-916a-4247-8712-13bcdee1edd8" />
    <UnitTestResult executionId="6d57d561-ccfd-4677-9799-c23c260e743a" testId="f0290033-59ff-18c9-55f7-b27b27e178f3" testName="Edicoes_espacadas_geram_gravacoes_separadas" computerName="DESKTOP-R345UFQ" duration="00:00:00.1830627" startTime="2026-08-25T07:43:59.2700316-03:00" endTime="2026-08-25T07:43:59.4598467-03:00" testType="13cdc9d9-ddb5-4fa4-a97d-d965ccfc6d4b" outcome="Passed" testListId="8c84fa94-04c1-424b-9868-57a2d4851a1d" relativeResultsDirectory="6d57d561-ccfd-4677-9799-c23c260e743a" />
    <UnitTestResult executionId="a7a56eca-a17f-4179-8f18-46f8637a0352" testId="37a8e259-5ed8-f8f0-0eb0-514eba322aee" testName="Assinatura_que_chega_atrasada_e_desfeita" computerName="DESKTOP-R345UFQ" duration="00:00:00.3053574" startTime="2026-08-25T07:44:00.8894150-03:00" endTime="2026-08-25T07:44:01.3027838-03:00" testType="13cdc9d9-ddb5-4fa4-a97d-d965ccfc6d4b" outcome="Passed" testListId="8c84fa94-04c1-424b-9868-57a2d4851a1d" relativeResultsDirectory="a7a56eca-a17f-4179-8f18-46f8637a0352" />
    <UnitTestResult executionId="9b7d4fb1-8833-4092-9150-7ded9b205c96" testId="18de9abf-95a8-b955-0168-f5445fb8d09b" testName="Leitura_com_o_mesmo_HRESULT_nao_e_ambigua" computerName="DESKTOP-R345UFQ" duration="00:00:00.0009656" startTime="2026-08-25T07:44:00.0841594-03:00" endTime="2026-08-25T07:44:00.0853214-03:00" testType="13cdc9d9-ddb5-4fa4-a97d-d965ccfc6d4b" outcome="Passed" testListId="8c84fa94-04c1-424b-9868-57a2d4851a1d" relativeResultsDirectory="9b7d4fb1-8833-4092-9150-7ded9b205c96" />
    <UnitTestResult executionId="5ff24847-d100-4a3b-8c04-0672809bcd99" testId="4226af54-e106-1717-75b7-a2ec704cb7e1" testName="Cached_com_janela_nao_lida_degrada" computerName="DESKTOP-R345UFQ" duration="00:00:00.0001654" startTime="2026-08-25T07:44:00.0206986-03:00" endTime="2026-08-25T07:44:00.0209640-03:00" testType="13cdc9d9-ddb5-4fa4-a97d-d965ccfc6d4b" outcome="Passed" testListId="8c84fa94-04c1-424b-9868-57a2d4851a1d" relativeResultsDirectory="5ff24847-d100-4a3b-8c04-0672809bcd99" />
    <UnitTestResult executionId="03b2ce6f-9217-4a67-8452-496e48dee25d" testId="62dd451a-4055-b328-c9b2-8ef4a955f47a" testName="O_default_do_enum_bloqueia" computerName="DESKTOP-R345UFQ" duration="00:00:00.0026309" startTime="2026-08-25T07:44:01.7364824-03:00" endTime="2026-08-25T07:44:01.7392941-03:00" testType="13cdc9d9-ddb5-4fa4-a97d-d965ccfc6d4b" outcome="Passed" testListId="8c84fa94-04c1-424b-9868-57a2d4851a1d" relativeResultsDirectory="03b2ce6f-9217-4a67-8452-496e48dee25d" />
    <UnitTestResult executionId="16376129-44c4-49ac-840d-1d4254dfdfd7" testId="4e00c603-d982-4aa4-234d-209b8b681e13" testName="Sem_contracao_a_ressalva_nao_ganha_ruido" computerName="DESKTOP-R345UFQ" duration="00:00:00.1806231" startTime="2026-08-25T07:43:59.6230098-03:00" endTime="2026-08-25T07:43:59.8038495-03:00" testType="13cdc9d9-ddb5-4fa4-a97d-d965ccfc6d4b" outcome="Passed" testListId="8c84fa94-04c1-424b-9868-57a2d4851a1d" relativeResultsDirectory="16376129-44c4-49ac-840d-1d4254dfdfd7" />
    <UnitTestResult executionId="0b9df024-deab-4373-b4ce-79754d54e2ce" testId="d77a4e2d-4fe8-fbb7-6620-c9ae1a702393" testName="Controle_um_caminho_inventado_seria_acusado" computerName="DESKTOP-R345UFQ" duration="00:00:00.0153182" startTime="2026-08-25T07:43:59.0112229-03:00" endTime="2026-08-25T07:43:59.0266840-03:00" testType="13cdc9d9-ddb5-4fa4-a97d-d965ccfc6d4b" outcome="Passed" testListId="8c84fa94-04c1-424b-9868-57a2d4851a1d" relativeResultsDirectory="0b9df024-deab-4373-b4ce-79754d54e2ce" />
    <UnitTestResult executionId="0ed403d1-3559-4607-9cd6-8d66e6660942" testId="7e0de9dd-b526-f893-ebbb-8215f0c947e4" testName="Valor_fora_do_enum_nao_se_constroi" computerName="DESKTOP-R345UFQ" duration="00:00:00.0004724" startTime="2026-08-25T07:44:00.0174260-03:00" endTime="2026-08-25T07:44:00.0180813-03:00" testType="13cdc9d9-ddb5-4fa4-a97d-d965ccfc6d4b" outcome="Passed" testListId="8c84fa94-04c1-424b-9868-57a2d4851a1d" relativeResultsDirectory="0ed403d1-3559-4607-9cd6-8d66e6660942" />
    <UnitTestResult executionId="1048d645-af12-4bf0-a766-fbfb505f6c91" testId="1612fa30-640a-7233-88e0-909a7bb1589c" testName="Cursor_de_outra_consulta_e_recusado" computerName="DESKTOP-R345UFQ" duration="00:00:00.0003628" startTime="2026-08-25T07:43:59.9569876-03:00" endTime="2026-08-25T07:43:59.9575123-03:00" testType="13cdc9d9-ddb5-4fa4-a97d-d965ccfc6d4b" outcome="Passed" testListId="8c84fa94-04c1-424b-9868-57a2d4851a1d" relativeResultsDirectory="1048d645-af12-4bf0-a766-fbfb505f6c91" />
    <UnitTestResult executionId="71edfccd-b5f4-4862-a7d3-6f5cf111d236" testId="26ed3410-36c8-2147-0721-baba9e2fffaf" testName="Grupo_unico_termina_em_uma_abertura" computerName="DESKTOP-R345UFQ" duration="00:00:00.0005519" startTime="2026-08-25T07:43:59.9437348-03:00" endTime="2026-08-25T07:43:59.9444162-03:00" testType="13cdc9d9-ddb5-4fa4-a97d-d965ccfc6d4b" outcome="Passed" testListId="8c84fa94-04c1-424b-9868-57a2d4851a1d" relativeResultsDirectory="71edfccd-b5f4-4862-a7d3-6f5cf111d236" />
    <UnitTestResult executionId="4237e0ac-3893-4263-9fee-4ccbd83ba40d" testId="39abd493-855a-ad1d-70ea-5206e64651e9" testName="Item_acrescentado_no_meio_REJEITA" computerName="DESKTOP-R345UFQ" duration="00:00:00.0008260" startTime="2026-08-25T07:44:01.7989312-03:00" endTime="2026-08-25T07:44:01.7999024-03:00" testType="13cdc9d9-ddb5-4fa4-a97d-d965ccfc6d4b" outcome="Passed" testListId="8c84fa94-04c1-424b-9868-57a2d4851a1d" relativeResultsDirectory="4237e0ac-3893-4263-9fee-4ccbd83ba40d" />
    <UnitTestResult executionId="8363d96e-6afe-4b55-b048-d3b43de0462f" testId="f5a286e4-95fb-0770-af0f-550a26f87d17" testName="Remover_anexo_tira_da_lista_e_instala_a_chave_nova" computerName="DESKTOP-R345UFQ" duration="00:00:00.0698466" startTime="2026-08-25T07:43:59.4700368-03:00" endTime="2026-08-25T07:43:59.5440916-03:00" testType="13cdc9d9-ddb5-4fa4-a97d-d965ccfc6d4b" outcome="Passed" testListId="8c84fa94-04c1-424b-9868-57a2d4851a1d" relativeResultsDirectory="8363d96e-6afe-4b55-b048-d3b43de0462f" />
    <UnitTestResult executionId="063a8821-19fe-4f33-ab0c-fd303ea5f016" testId="4bf27901-580a-cc69-5863-65c7a2c71cda" testName="A_UI_nao_instancia_ManifestReader_direto" computerName="DESKTOP-R345UFQ" duration="00:00:00.0456729" startTime="2026-08-25T07:43:59.0073822-03:00" endTime="2026-08-25T07:43:59.0531806-03:00" testType="13cdc9d9-ddb5-4fa4-a97d-d965ccfc6d4b" outcome="Passed" testListId="8c84fa94-04c1-424b-9868-57a2d4851a1d" relativeResultsDirectory="063a8821-19fe-4f33-ab0c-fd303ea5f016" />
    <UnitTestResult executionId="18021521-4cbf-41e2-808d-9a32243da020" testId="ff14ad49-af6c-69fd-8ac7-8725ff5ea539" testName="Controle_a_busca_por_uso_de_tipo_encontra_de_verdade" computerName="DESKTOP-R345UFQ" duration="00:00:00.0017757" startTime="2026-08-25T07:43:59.0073868-03:00" endTime="2026-08-25T07:43:59.0092702-03:00" testType="13cdc9d9-ddb5-4fa4-a97d-d965ccfc6d4b" outcome="Passed" testListId="8c84fa94-04c1-424b-9868-57a2d4851a1d" relativeResultsDirectory="18021521-4cbf-41e2-808d-9a32243da020" />
    <UnitTestResult executionId="c9b6dc8a-4786-4910-9e70-82ec84e47a64" testId="00e01e20-de0c-2edb-a03d-669ca068eb85" testName="Item_que_sumiu_na_segunda_geracao_vira_SUSPEITO_e_nao_ausente" computerName="DESKTOP-R345UFQ" duration="00:00:00.1374566" startTime="2026-08-25T07:44:01.5965607-03:00" endTime="2026-08-25T07:44:01.7349231-03:00" testType="13cdc9d9-ddb5-4fa4-a97d-d965ccfc6d4b" outcome="Passed" testListId="8c84fa94-04c1-424b-9868-57a2d4851a1d" relativeResultsDirectory="c9b6dc8a-4786-4910-9e70-82ec84e47a64" />
    <UnitTestResult executionId="bcccde26-2567-486f-83ac-13197e9f922a" testId="03627854-51c3-1ac3-58e4-6d1693a24ba2" testName="S1_recusa_geracao_que_nao_diz_o_que_cobriu" computerName="DESKTOP-R345UFQ" duration="00:00:00.0003420" startTime="2026-08-25T07:44:01.7715576-03:00" endTime="2026-08-25T07:44:01.7721037-03:00" testType="13cdc9d9-ddb5-4fa4-a97d-d965ccfc6d4b" outcome="Passed" testListId="8c84fa94-04c1-424b-9868-57a2d4851a1d" relativeResultsDirectory="bcccde26-2567-486f-83ac-13197e9f922a" />
    <UnitTestResult executionId="15acbe7b-6e3b-43c0-b716-89c102bb7315" testId="b296ee33-1e8d-b587-87f3-a1ee4a1ed611" testName="Abrir_cria_o_rascunho_antes_de_qualquer_digitacao" computerName="DESKTOP-R345UFQ" duration="00:00:00.0494498" startTime="2026-08-25T07:43:59.2590320-03:00" endTime="2026-08-25T07:43:59.3197223-03:00" testType="13cdc9d9-ddb5-4fa4-a97d-d965ccfc6d4b" outcome="Passed" testListId="8c84fa94-04c1-424b-9868-57a2d4851a1d" relativeResultsDirectory="15acbe7b-6e3b-43c0-b716-89c102bb7315" />
    <UnitTestResult executionId="1edad384-7438-4873-af29-5f5df72015a9" testId="d12c5be6-52ad-6a3f-a2c4-66111d616029" testName="I4_aceita_aresta_sem_geracao" computerName="DESKTOP-R345UFQ" duration="00:00:00.0006685" startTime="2026-08-25T07:44:01.7593156-03:00" endTime="2026-08-25T07:44:01.7711221-03:00" testType="13cdc9d9-ddb5-4fa4-a97d-d965ccfc6d4b" outcome="Passed" testListId="8c84fa94-04c1-424b-9868-57a2d4851a1d" relativeResultsDirectory="1edad384-7438-4873-af29-5f5df72015a9" />
    <UnitTestResult executionId="4c7377f6-84f3-45b4-9e59-95f11f69dbed" testId="7c93ac0f-7027-d3d5-9582-40e4fa5210f0" testName="Ocupado_nao_e_sessao_morta" computerName="DESKTOP-R345UFQ" duration="00:00:00.0023080" startTime="2026-08-25T07:44:00.0903431-03:00" endTime="2026-08-25T07:44:00.0928039-03:00" testType="13cdc9d9-ddb5-4fa4-a97d-d965ccfc6d4b" outcome="Passed" testListId="8c84fa94-04c1-424b-9868-57a2d4851a1d" relativeResultsDirectory="4c7377f6-84f3-45b4-9e59-95f11f69dbed" />
    <UnitTestResult executionId="83b5f9d7-58a2-43e9-b42d-372441db7122" testId="7d96fd79-cbbc-e049-ee44-c9f799dd7da4" testName="Recusa_da_fonte_preserva_o_ErrorKind (NotConnected)" computerName="DESKTOP-R345UFQ" duration="00:00:00.0258516" startTime="2026-08-25T07:43:59.2379841-03:00" endTime="2026-08-25T07:43:59.2686782-03:00" testType="13cdc9d9-ddb5-4fa4-a97d-d965ccfc6d4b" outcome="Passed" testListId="8c84fa94-04c1-424b-9868-57a2d4851a1d" relativeResultsDirectory="83b5f9d7-58a2-43e9-b42d-372441db7122" />
    <UnitTestResult executionId="b23d1a8a-577f-4c24-a96d-9ce475892127" testId="99e6706c-5ddf-8a3b-c649-4ba83fd1714f" testName="A_chave_do_rascunho_e_relida_a_cada_gravacao" computerName="DESKTOP-R345UFQ" duration="00:00:00.1005219" startTime="2026-08-25T07:43:59.2699641-03:00" endTime="2026-08-25T07:43:59.3791743-03:00" testType="13cdc9d9-ddb5-4fa4-a97d-d965ccfc6d4b" outcome="Passed" testListId="8c84fa94-04c1-424b-9868-57a2d4851a1d" relativeResultsDirectory="b23d1a8a-577f-4c24-a96d-9ce475892127" />
    <UnitTestResult executionId="adb653c9-b3ec-45c8-a225-fa9729a51b17" testId="733710b4-c19b-66ec-9471-97590a564543" testName="Descarte_NAO_declarado_continua_REJEITANDO" computerName="DESKTOP-R345UFQ" duration="00:00:00.0004520" startTime="2026-08-25T07:44:01.7999859-03:00" endTime="2026-08-25T07:44:01.8006091-03:00" testType="13cdc9d9-ddb5-4fa4-a97d-d965ccfc6d4b" outcome="Passed" testListId="8c84fa94-04c1-424b-9868-57a2d4851a1d" relativeResultsDirectory="adb653c9-b3ec-45c8-a225-fa9729a51b17" />
    <UnitTestResult executionId="a6690d0e-3b31-4500-8bf1-b2ba87fbe0f4" testId="d051dd9f-b204-223d-9a1a-e20da2c0a421" testName="S6_rejeita_contagem_final_diferente" computerName="DESKTOP-R345UFQ" duration="00:00:00.0005519" startTime="2026-08-25T07:44:01.7865177-03:00" endTime="2026-08-25T07:44:01.7874175-03:00" testType="13cdc9d9-ddb5-4fa4-a97d-d965ccfc6d4b" outcome="Passed" testListId="8c84fa94-04c1-424b-9868-57a2d4851a1d" relativeResultsDirectory="a6690d0e-3b31-4500-8bf1-b2ba87fbe0f4" />
    <UnitTestResult executionId="84912ff0-d148-4605-bced-5146bca516fb" testId="1ab4c474-7eb7-3242-2e4f-d9360294d992" testName="Ambiente_nao_identificado_nem_comeca" computerName="DESKTOP-R345UFQ" duration="00:00:00.0003568" startTime="2026-08-25T07:44:01.7897470-03:00" endTime="2026-08-25T07:44:01.7904121-03:00" testType="13cdc9d9-ddb5-4fa4-a97d-d965ccfc6d4b" outcome="Passed" testListId="8c84fa94-04c1-424b-9868-57a2d4851a1d" relativeResultsDirectory="84912ff0-d148-4605-bced-5146bca516fb" />
    <UnitTestResult executionId="0e0b328c-5d18-48b9-9d38-6a0fa3c5d93a" testId="db4aba3e-e9fb-6474-afdd-57ad144ed465" testName="Cursor_avancado_sem_pagina_e_estado_invalido" computerName="DESKTOP-R345UFQ" duration="00:00:00.0002678" startTime="2026-08-25T07:44:01.7941681-03:00" endTime="2026-08-25T07:44:01.7946009-03:00" testType="13cdc9d9-ddb5-4fa4-a97d-d965ccfc6d4b" outcome="Passed" testListId="8c84fa94-04c1-424b-9868-57a2d4851a1d" relativeResultsDirectory="0e0b328c-5d18-48b9-9d38-6a0fa3c5d93a" />
    <UnitTestResult executionId="3befa10a-fe9d-4a92-ac8a-4ed927853eac" testId="30ed6c17-067f-8db4-c14b-46bd78af3060" testName="Fechar_sem_alteracao_pendente_fecha_direto" computerName="DESKTOP-R345UFQ" duration="00:00:00.0158789" startTime="2026-08-25T07:43:59.3452749-03:00" endTime="2026-08-25T07:43:59.3664075-03:00" testType="13cdc9d9-ddb5-4fa4-a97d-d965ccfc6d4b" outcome="Passed" testListId="8c84fa94-04c1-424b-9868-57a2d4851a1d" relativeResultsDirectory="3befa10a-fe9d-4a92-ac8a-4ed927853eac" />
    <UnitTestResult executionId="4f0b9e2b-25f6-4826-83b1-0c2af70b345d" testId="eea2680b-72ab-8966-f1b0-ad8d3f611853" testName="Ambiente_fora_da_matriz_nao_pode_concluir_ausencia" computerName="DESKTOP-R345UFQ" duration="00:00:00.0002115" startTime="2026-08-25T07:44:00.0198332-03:00" endTime="2026-08-25T07:44:00.0201707-03:00" testType="13cdc9d9-ddb5-4fa4-a97d-d965ccfc6d4b" outcome="Passed" testListId="8c84fa94-04c1-424b-9868-57a2d4851a1d" relativeResultsDirectory="4f0b9e2b-25f6-4826-83b1-0c2af70b345d" />
    <UnitTestResult executionId="bf54b56e-85ce-4607-90c5-ea71921854af" testId="c92b0856-d6d3-fbb9-a3d3-511fdd3ede90" testName="Cancelamento_em_qualquer_fronteira_nao_publica_metade" computerName="DESKTOP-R345UFQ" duration="00:00:00.0011431" startTime="2026-08-25T07:44:01.7895750-03:00" endTime="2026-08-25T07:44:01.7912339-03:00" testType="13cdc9d9-ddb5-4fa4-a97d-d965ccfc6d4b" outcome="Passed" testListId="8c84fa94-04c1-424b-9868-57a2d4851a1d" relativeResultsDirectory="bf54b56e-85ce-4607-90c5-ea71921854af" />
    <UnitTestResult executionId="6a5395e4-0834-4f4c-92f5-3d314cfd2cae" testId="143b2f65-9630-6630-1370-52af22596508" testName="PublicationLog_so_sai_junto_da_publicacao" computerName="DESKTOP-R345UFQ" duration="00:00:00.0007677" startTime="2026-08-25T07:44:01.7934347-03:00" endTime="2026-08-25T07:44:01.7945117-03:00" testType="13cdc9d9-ddb5-4fa4-a97d-d965ccfc6d4b" outcome="Passed" testListId="8c84fa94-04c1-424b-9868-57a2d4851a1d" relativeResultsDirectory="6a5395e4-0834-4f4c-92f5-3d314cfd2cae" />
    <UnitTestResult executionId="e8f84244-0d03-4f59-8c89-26a1616dc899" testId="2649f728-a38b-a7f4-39ba-e85e5edabb35" testName="Controle_a_decisao_distingue_os_tres_casos" computerName="DESKTOP-R345UFQ" duration="00:00:00.0016033" startTime="2026-08-25T07:43:59.2572026-03:00" endTime="2026-08-25T07:43:59.2589508-03:00" testType="13cdc9d9-ddb5-4fa4-a97d-d965ccfc6d4b" outcome="Passed" testListId="8c84fa94-04c1-424b-9868-57a2d4851a1d" relativeResultsDirectory="e8f84244-0d03-4f59-8c89-26a1616dc899" />
    <UnitTestResult executionId="39cdd3fa-d93c-4dba-bbd6-c4f5b489c43c" testId="38d031ae-66a2-e475-bb4d-989d37a8e9b0" testName="Apagar_item_com_estado_do_usuario_e_RECUSADO" computerName="DESKTOP-R345UFQ" duration="00:00:00.2352712" startTime="2026-08-25T07:43:59.0136504-03:00" endTime="2026-08-25T07:43:59.2490264-03:00" testType="13cdc9d9-ddb5-4fa4-a97d-d965ccfc6d4b" outcome="Passed" testListId="8c84fa94-04c1-424b-9868-57a2d4851a1d" relativeResultsDirectory="39cdd3fa-d93c-4dba-bbd6-c4f5b489c43c" />
    <UnitTestResult executionId="65597d2b-51ea-491b-9f5e-2c3a13404d4d" testId="555061ca-44fc-1359-5ce5-32b38240a5a8" testName="Reconhecer_nao_e_autorizar" computerName="DESKTOP-R345UFQ" duration="00:00:00.0004221" startTime="2026-08-25T07:43:59.9959376-03:00" endTime="2026-08-25T07:43:59.9965404-03:00" testType="13cdc9d9-ddb5-4fa4-a97d-d965ccfc6d4b" outcome="Passed" testListId="8c84fa94-04c1-424b-9868-57a2d4851a1d" relativeResultsDirectory="65597d2b-51ea-491b-9f5e-2c3a13404d4d" />
    <UnitTestResult executionId="d10ddd7e-c9de-49de-9e2c-e67952310e02" testId="90b0b698-3beb-dea4-3a05-ded113696e16" testName="Perguntar_nao_altera_o_estado" computerName="DESKTOP-R345UFQ" duration="00:00:00.0009468" startTime="2026-08-25T07:43:59.9601171-03:00" endTime="2026-08-25T07:43:59.9615733-03:00" testType="13cdc9d9-ddb5-4fa4-a97d-d965ccfc6d4b" outcome="Passed" testListId="8c84fa94-04c1-424b-9868-57a2d4851a1d" relativeResultsDirectory="d10ddd7e-c9de-49de-9e2c-e67952310e02" />
    <UnitTestResult executionId="a2003338-b73b-43d8-9afd-7620355211de" testId="83ae479d-a8d2-7906-b124-a0e2c71265aa" testName="Zero_enganoso_REJEITA" computerName="DESKTOP-R345UFQ" duration="00:00:00.0004603" startTime="2026-08-25T07:44:01.8043660-03:00" endTime="2026-08-25T07:44:01.8050241-03:00" testType="13cdc9d9-ddb5-4fa4-a97d-d965ccfc6d4b" outcome="Passed" testListId="8c84fa94-04c1-424b-9868-57a2d4851a1d" relativeResultsDirectory="a2003338-b73b-43d8-9afd-7620355211de" />
    <UnitTestResult executionId="7b68c521-0c99-45ba-9e85-8a435e6af2c5" testId="62e50d38-69c5-d0b9-195c-d69927324ea5" testName="Ausente_visto_de_novo_volta_a_presente" computerName="DESKTOP-R345UFQ" duration="00:00:00.0007903" startTime="2026-08-25T07:44:01.7225247-03:00" endTime="2026-08-25T07:44:01.7234627-03:00" testType="13cdc9d9-ddb5-4fa4-a97d-d965ccfc6d4b" outcome="Passed" testListId="8c84fa94-04c1-424b-9868-57a2d4851a1d" relativeResultsDirectory="7b68c521-0c99-45ba-9e85-8a435e6af2c5" />
    <UnitTestResult executionId="a1a7aed8-3322-4f92-af9b-599e024e53e2" testId="ac681361-ec9e-8baf-c151-cfa97f6ea062" testName="Receber_a_mesma_geracao_varias_vezes_da_o_mesmo_acervo" computerName="DESKTOP-R345UFQ" duration="00:00:00.9127306" startTime="2026-08-25T07:43:59.9852622-03:00" endTime="2026-08-25T07:44:00.8984303-03:00" testType="13cdc9d9-ddb5-4fa4-a97d-d965ccfc6d4b" outcome="Passed" testListId="8c84fa94-04c1-424b-9868-57a2d4851a1d" relativeResultsDirectory="a1a7aed8-3322-4f92-af9b-599e024e53e2" />
    <UnitTestResult executionId="f4aea387-f3a9-4e32-9699-f06e40315a32" testId="56dbc293-581b-5d42-f438-c9598d1ad95b" testName="Descartar_apaga_o_rascunho_e_fecha" computerName="DESKTOP-R345UFQ" duration="00:00:00.0201366" startTime="2026-08-25T07:43:59.3452906-03:00" endTime="2026-08-25T07:43:59.3687912-03:00" testType="13cdc9d9-ddb5-4fa4-a97d-d965ccfc6d4b" outcome="Passed" testListId="8c84fa94-04c1-424b-9868-57a2d4851a1d" relativeResultsDirectory="f4aea387-f3a9-4e32-9699-f06e40315a32" />
    <UnitTestResult executionId="688d1213-2b1b-4c43-b548-23e3af6eb68d" testId="abaea8e1-99af-2996-f4f8-23745a38c19f" testName="O_manifesto_declara_que_e_ACERVO_e_nao_estado_corrente" computerName="DESKTOP-R345UFQ" duration="00:00:00.1123343" startTime="2026-08-25T07:44:01.4662798-03:00" endTime="2026-08-25T07:44:01.5791022-03:00" testType="13cdc9d9-ddb5-4fa4-a97d-d965ccfc6d4b" outcome="Passed" testListId="8c84fa94-04c1-424b-9868-57a2d4851a1d" relativeResultsDirectory="688d1213-2b1b-4c43-b548-23e3af6eb68d" />
    <UnitTestResult executionId="e5d5e48c-5d3d-465e-bc05-0d7a2404b6e2" testId="0a5ecfa9-d0d9-38c7-8a5b-0118e81314ad" testName="Ambiente_nulo_degrada" computerName="DESKTOP-R345UFQ" duration="00:00:00.0001161" startTime="2026-08-25T07:44:00.0204657-03:00" endTime="2026-08-25T07:44:00.0206656-03:00" testType="13cdc9d9-ddb5-4fa4-a97d-d965ccfc6d4b" outcome="Passed" testListId="8c84fa94-04c1-424b-9868-57a2d4851a1d" relativeResultsDirectory="e5d5e48c-5d3d-465e-bc05-0d7a2404b6e2" />
    <UnitTestResult executionId="016c063a-6482-4a38-b1da-7047b27147fb" testId="0ed9d784-da42-31ae-7326-9c741d7982f9" testName="Contagem_negativa_e_indisponivel" computerName="DESKTOP-R345UFQ" duration="00:00:00.0001623" startTime="2026-08-25T07:44:01.2846982-03:00" endTime="2026-08-25T07:44:01.2849982-03:00" testType="13cdc9d9-ddb5-4fa4-a97d-d965ccfc6d4b" outcome="Passed" testListId="8c84fa94-04c1-424b-9868-57a2d4851a1d" relativeResultsDirectory="016c063a-6482-4a38-b1da-7047b27147fb" />
    <UnitTestResult executionId="026984ae-b819-409a-9188-b5ec0a6b1e75" testId="ebabf666-d4df-1709-230c-1310f11aa2f2" testName="Varredura_que_publica_nao_tem_causa" computerName="DESKTOP-R345UFQ" duration="00:00:00.0287142" startTime="2026-08-25T07:43:59.2509730-03:00" endTime="2026-08-25T07:43:59.2798533-03:00" testType="13cdc9d9-ddb5-4fa4-a97d-d965ccfc6d4b" outcome="Passed" testListId="8c84fa94-04c1-424b-9868-57a2d4851a1d" relativeResultsDirectory="026984ae-b819-409a-9188-b5ec0a6b1e75" />
    <UnitTestResult executionId="90332b2a-0e49-4d27-a08e-40241d2cd859" testId="32c6198a-5681-3b1f-8d1b-1c325b515a06" testName="Falha_desconhecida_preserva_a_sessao_no_comeco_e_desiste_depois" computerName="DESKTOP-R345UFQ" duration="00:00:00.0002728" startTime="2026-08-25T07:44:00.0936941-03:00" endTime="2026-08-25T07:44:00.0941034-03:00" testType="13cdc9d9-ddb5-4fa4-a97d-d965ccfc6d4b" outcome="Passed" testListId="8c84fa94-04c1-424b-9868-57a2d4851a1d" relativeResultsDirectory="90332b2a-0e49-4d27-a08e-40241d2cd859" />
    <UnitTestResult executionId="fd8445ab-6b0b-4e79-bb30-30423ac42ea4" testId="e78c9154-1e51-8638-9351-ce013ecc0fa0" testName="D1_recusa_coluna_de_conteudo" computerName="DESKTOP-R345UFQ" duration="00:00:00.0013853" startTime="2026-08-25T07:44:01.7776331-03:00" endTime="2026-08-25T07:44:01.7794110-03:00" testType="13cdc9d9-ddb5-4fa4-a97d-d965ccfc6d4b" outcome="Passed" testListId="8c84fa94-04c1-424b-9868-57a2d4851a1d" relativeResultsDirectory="fd8445ab-6b0b-4e79-bb30-30423ac42ea4" />
    <UnitTestResult executionId="5efd1c30-0dc9-42bc-b6ac-f93129d04528" testId="99dfdef0-2a7e-c5e0-0757-c7a03c4dc14e" testName="Anexar_e_conferir_ao_mesmo_tempo_nao_disputam_a_chave" computerName="DESKTOP-R345UFQ" duration="00:00:00.0247653" startTime="2026-08-25T07:43:59.3688529-03:00" endTime="2026-08-25T07:43:59.3959494-03:00" testType="13cdc9d9-ddb5-4fa4-a97d-d965ccfc6d4b" outcome="Passed" testListId="8c84fa94-04c1-424b-9868-57a2d4851a1d" relativeResultsDirectory="5efd1c30-0dc9-42bc-b6ac-f93129d04528" />
    <UnitTestResult executionId="84463360-4fa5-49da-a845-40effc4e8cc5" testId="116f8b34-d1cb-12f1-f937-7038bb3197fb" testName="Sucesso_zera_o_contador" computerName="DESKTOP-R345UFQ" duration="00:00:00.0004143" startTime="2026-08-25T07:44:01.7493307-03:00" endTime="2026-08-25T07:44:01.7500908-03:00" testType="13cdc9d9-ddb5-4fa4-a97d-d965ccfc6d4b" outcome="Passed" testListId="8c84fa94-04c1-424b-9868-57a2d4851a1d" relativeResultsDirectory="84463360-4fa5-49da-a845-40effc4e8cc5" />
    <UnitTestResult executionId="2689a3ff-2cb0-4405-a7ed-f6818d8d2882" testId="b583f3da-f308-e5c6-a9ad-186e49b050cb" testName="Responder_traz_destinatario_e_citacao_do_Outlook" computerName="DESKTOP-R345UFQ" duration="00:00:00.0491395" startTime="2026-08-25T07:43:59.2673045-03:00" endTime="2026-08-25T07:43:59.3213787-03:00" testType="13cdc9d9-ddb5-4fa4-a97d-d965ccfc6d4b" outcome="Passed" testListId="8c84fa94-04c1-424b-9868-57a2d4851a1d" relativeResultsDirectory="2689a3ff-2cb0-4405-a7ed-f6818d8d2882" />
    <UnitTestResult executionId="0a889905-0bb9-495d-9da1-0206e0baa5b1" testId="f5f9d861-2306-b8e0-658b-aea871bcd02d" testName="Continuar_editando_volta_a_gravar_o_que_estava_pendente" computerName="DESKTOP-R345UFQ" duration="00:00:00.2470929" startTime="2026-08-25T07:43:59.3802396-03:00" endTime="2026-08-25T07:43:59.6310962-03:00" testType="13cdc9d9-ddb5-4fa4-a97d-d965ccfc6d4b" outcome="Passed" testListId="8c84fa94-04c1-424b-9868-57a2d4851a1d" relativeResultsDirectory="0a889905-0bb9-495d-9da1-0206e0baa5b1" />
    <UnitTestResult executionId="3bffbf3a-79c8-42f3-a8c2-57dd1d1ac447" testId="81588253-49dc-832b-cae2-beffee5f27b8" testName="Nao_passa_o_que_nem_endereco_e" computerName="DESKTOP-R345UFQ" duration="00:00:00.0083614" startTime="2026-08-25T07:43:58.9220448-03:00" endTime="2026-08-25T07:43:58.9814593-03:00" testType="13cdc9d9-ddb5-4fa4-a97d-d965ccfc6d4b" outcome="Passed" testListId="8c84fa94-04c1-424b-9868-57a2d4851a1d" relativeResultsDirectory="3bffbf3a-79c8-42f3-a8c2-57dd1d1ac447" />
    <UnitTestResult executionId="90e77876-c373-4cfa-9325-6de0fb510389" testId="83502fbb-a33f-5c0f-06cb-d3c1fad126a8" testName="Endereco_SMTP_comum_passa" computerName="DESKTOP-R345UFQ" duration="00:00:00.0085860" startTime="2026-08-25T07:43:58.9220225-03:00" endTime="2026-08-25T07:43:58.9814735-03:00" testType="13cdc9d9-ddb5-4fa4-a97d-d965ccfc6d4b" outcome="Passed" testListId="8c84fa94-04c1-424b-9868-57a2d4851a1d" relativeResultsDirectory="90e77876-c373-4cfa-9325-6de0fb510389" />
    <UnitTestResult executionId="53dfe9e9-7bfd-444b-93e8-f675ea39e2d4" testId="cb1efdd8-0bf1-50f7-de57-82f03a28a229" testName="Aumentar_a_janela_tambem_exige_reconciliacao" computerName="DESKTOP-R345UFQ" duration="00:00:00.0472990" startTime="2026-08-25T07:44:00.0231107-03:00" endTime="2026-08-25T07:44:00.0706371-03:00" testType="13cdc9d9-ddb5-4fa4-a97d-d965ccfc6d4b" outcome="Passed" testListId="8c84fa94-04c1-424b-9868-57a2d4851a1d" relativeResultsDirectory="53dfe9e9-7bfd-444b-93e8-f675ea39e2d4" />
    <UnitTestResult executionId="0e830ce0-a8f9-423d-99e3-0739548c8319" testId="8d15f2bf-982f-2687-b7b2-4a1d1551c792" testName="Foreign_keys_ficam_ligadas" computerName="DESKTOP-R345UFQ" duration="00:00:00.2244399" startTime="2026-08-25T07:43:59.0114464-03:00" endTime="2026-08-25T07:43:59.2360470-03:00" testType="13cdc9d9-ddb5-4fa4-a97d-d965ccfc6d4b" outcome="Passed" testListId="8c84fa94-04c1-424b-9868-57a2d4851a1d" relativeResultsDirectory="0e830ce0-a8f9-423d-99e3-0739548c8319" />
    <UnitTestResult executionId="4f47add9-87c7-414a-9881-95497c479d3e" testId="158e9409-c7de-debd-878b-daf87fe79ad0" testName="Presente_e_nao_visto_vira_suspeito" computerName="DESKTOP-R345UFQ" duration="00:00:00.0012459" startTime="2026-08-25T07:44:01.7199576-03:00" endTime="2026-08-25T07:44:01.7216141-03:00" testType="13cdc9d9-ddb5-4fa4-a97d-d965ccfc6d4b" outcome="Passed" testListId="8c84fa94-04c1-424b-9868-57a2d4851a1d" relativeResultsDirectory="4f47add9-87c7-414a-9881-95497c479d3e" />
    <UnitTestResult executionId="9be185f1-51c4-47d7-827c-31d985e427e0" testId="ba55c0cc-9d13-bb0f-fd95-9992ea0a9a25" testName="Salvar_e_fechar_nao_fecha_quando_a_gravacao_falha" computerName="DESKTOP-R345UFQ" duration="00:00:00.0040201" startTime="2026-08-25T07:43:59.3579060-03:00" endTime="2026-08-25T07:43:59.3665110-03:00" testType="13cdc9d9-ddb5-4fa4-a97d-d965ccfc6d4b" outcome="Passed" testListId="8c84fa94-04c1-424b-9868-57a2d4851a1d" relativeResultsDirectory="9be185f1-51c4-47d7-827c-31d985e427e0" />
    <UnitTestResult executionId="3eafbba7-c494-4a94-97c6-817fe6ef10e8" testId="340be9a5-b8fb-b152-c5ec-c4b53c083705" testName="Os_reprovados_sao_nomeados" computerName="DESKTOP-R345UFQ" duration="00:00:00.0084848" startTime="2026-08-25T07:43:58.9219301-03:00" endTime="2026-08-25T07:43:58.9814989-03:00" testType="13cdc9d9-ddb5-4fa4-a97d-d965ccfc6d4b" outcome="Passed" testListId="8c84fa94-04c1-424b-9868-57a2d4851a1d" relativeResultsDirectory="3eafbba7-c494-4a94-97c6-817fe6ef10e8" />
    <UnitTestResult executionId="59f35e18-4324-476b-863f-7d3fae534cc7" testId="8e2d29b9-417e-a5d2-e417-97038c1244fb" testName="Unico_impede_pasta_duplicada" computerName="DESKTOP-R345UFQ" duration="00:00:00.2366409" startTime="2026-08-25T07:43:59.0136395-03:00" endTime="2026-08-25T07:43:59.2503908-03:00" testType="13cdc9d9-ddb5-4fa4-a97d-d965ccfc6d4b" outcome="Passed" testListId="8c84fa94-04c1-424b-9868-57a2d4851a1d" relativeResultsDirectory="59f35e18-4324-476b-863f-7d3fae534cc7" />
    <UnitTestResult executionId="70622ffd-b984-4033-862f-3bb61b9fa99a" testId="b2904868-127a-2843-612f-a59edf2e7cb1" testName="Digitar_enquanto_o_envio_e_conferido_invalida_a_confirmacao" computerName="DESKTOP-R345UFQ" duration="00:00:00.0054312" startTime="2026-08-25T07:43:59.3346244-03:00" endTime="2026-08-25T07:43:59.3450363-03:00" testType="13cdc9d9-ddb5-4fa4-a97d-d965ccfc6d4b" outcome="Passed" testListId="8c84fa94-04c1-424b-9868-57a2d4851a1d" relativeResultsDirectory="70622ffd-b984-4033-862f-3bb61b9fa99a" />
    <UnitTestResult executionId="62c0b2d6-dda0-482b-b11d-946963c8f867" testId="e078b20f-dc0c-861f-c9ef-b3851563f9de" testName="Toda_regra_e_exercitada_por_algum_teste" computerName="DESKTOP-R345UFQ" duration="00:00:00.0117977" startTime="2026-08-25T07:44:01.7737641-03:00" endTime="2026-08-25T07:44:01.7857877-03:00" testType="13cdc9d9-ddb5-4fa4-a97d-d965ccfc6d4b" outcome="Passed" testListId="8c84fa94-04c1-424b-9868-57a2d4851a1d" relativeResultsDirectory="62c0b2d6-dda0-482b-b11d-946963c8f867" />
    <UnitTestResult executionId="e4088ca4-89bf-4538-a87f-2dc32aaa4d54" testId="f2392300-f018-6dd2-c17b-df1c94446f16" testName="I5_recusa_schema_em_que_ficar_separado_custa_mais" computerName="DESKTOP-R345UFQ" duration="00:00:00.0005604" startTime="2026-08-25T07:44:01.7593281-03:00" endTime="2026-08-25T07:44:01.7601902-03:00" testType="13cdc9d9-ddb5-4fa4-a97d-d965ccfc6d4b" outcome="Passed" testListId="8c84fa94-04c1-424b-9868-57a2d4851a1d" relativeResultsDirectory="e4088ca4-89bf-4538-a87f-2dc32aaa4d54" />
    <UnitTestResult executionId="a3a89015-6d1f-4d3f-becf-bcff210fa65a" testId="0c183767-3642-5a8c-6539-ea8f23fba01f" testName="Cursor_de_offset_faz_ida_e_volta" computerName="DESKTOP-R345UFQ" duration="00:00:00.0084780" startTime="2026-08-25T07:43:59.9466608-03:00" endTime="2026-08-25T07:43:59.9552897-03:00" testType="13cdc9d9-ddb5-4fa4-a97d-d965ccfc6d4b" outcome="Passed" testListId="8c84fa94-04c1-424b-9868-57a2d4851a1d" relativeResultsDirectory="a3a89015-6d1f-4d3f-becf-bcff210fa65a" />
    <UnitTestResult executionId="cf56532a-dfa5-4e0a-8312-a5f64761ca42" testId="b27b3e54-b7d5-ff84-df12-49e887f0bc10" testName="A_ressalva_de_acervo_parcial_aparece_na_tela" computerName="DESKTOP-R345UFQ" duration="00:00:01.1048322" startTime="2026-08-25T07:44:00.1019599-03:00" endTime="2026-08-25T07:44:01.2774329-03:00" testType="13cdc9d9-ddb5-4fa4-a97d-d965ccfc6d4b" outcome="Passed" testListId="8c84fa94-04c1-424b-9868-57a2d4851a1d" relativeResultsDirectory="cf56532a-dfa5-4e0a-8312-a5f64761ca42" />
    <UnitTestResult executionId="7362c005-72e1-4334-9aa8-28159c1c5e29" testId="54757a20-b20d-1d4e-68fe-1e8e6ad13dd0" testName="Verificacao_com_cobertura_de_outro_universo_nao_autoriza" computerName="DESKTOP-R345UFQ" duration="00:00:00.0002290" startTime="2026-08-25T07:44:01.7273719-03:00" endTime="2026-08-25T07:44:01.7278089-03:00" testType="13cdc9d9-ddb5-4fa4-a97d-d965ccfc6d4b" outcome="Passed" testListId="8c84fa94-04c1-424b-9868-57a2d4851a1d" relativeResultsDirectory="7362c005-72e1-4334-9aa8-28159c1c5e29" />
    <UnitTestResult executionId="ef768507-2310-4859-81c0-76c219b4a007" testId="e8f2ab35-3ef3-7eb5-e0be-5cdeb35fc684" testName="Comando_na_fila_nao_roda_depois_do_rascunho_ser_descartado" computerName="DESKTOP-R345UFQ" duration="00:00:00.0223973" startTime="2026-08-25T07:43:59.3708392-03:00" endTime="2026-08-25T07:43:59.3956371-03:00" testType="13cdc9d9-ddb5-4fa4-a97d-d965ccfc6d4b" outcome="Passed" testListId="8c84fa94-04c1-424b-9868-57a2d4851a1d" relativeResultsDirectory="ef768507-2310-4859-81c0-76c219b4a007" />
    <UnitTestResult executionId="4cfa667f-ae1d-44cf-8a4a-b2517d251392" testId="02b111cc-8b8a-5a24-413c-067cee635256" testName="Fechar_a_janela_durante_o_envio_e_recusado" computerName="DESKTOP-R345UFQ" duration="00:00:00.0027298" startTime="2026-08-25T07:43:59.3646894-03:00" endTime="2026-08-25T07:43:59.3690994-03:00" testType="13cdc9d9-ddb5-4fa4-a97d-d965ccfc6d4b" outcome="Passed" testListId="8c84fa94-04c1-424b-9868-57a2d4851a1d" relativeResultsDirectory="4cfa667f-ae1d-44cf-8a4a-b2517d251392" />
    <UnitTestResult executionId="670a1c72-7a56-450c-afc2-44c768518425" testId="a0f3a64f-3b68-f33c-0dd9-a8f037d6fbb2" testName="Primeira_geracao_nao_tem_com_o_que_comparar" computerName="DESKTOP-R345UFQ" duration="00:00:00.1387057" startTime="2026-08-25T07:43:59.4724120-03:00" endTime="2026-08-25T07:43:59.6114477-03:00" testType="13cdc9d9-ddb5-4fa4-a97d-d965ccfc6d4b" outcome="Passed" testListId="8c84fa94-04c1-424b-9868-57a2d4851a1d" relativeResultsDirectory="670a1c72-7a56-450c-afc2-44c768518425" />
    <UnitTestResult executionId="3aed5caa-2454-40c5-8072-b7cdbad9a236" testId="54c3e349-ed45-9519-b3b6-b1219f16ee3e" testName="Descarte_que_falha_volta_a_gravar_o_que_estava_pendente" computerName="DESKTOP-R345UFQ" duration="00:00:00.2606960" startTime="2026-08-25T07:43:59.3872035-03:00" endTime="2026-08-25T07:43:59.6512058-03:00" testType="13cdc9d9-ddb5-4fa4-a97d-d965ccfc6d4b" outcome="Passed" testListId="8c84fa94-04c1-424b-9868-57a2d4851a1d" relativeResultsDirectory="3aed5caa-2454-40c5-8072-b7cdbad9a236" />
    <UnitTestResult executionId="7e621910-46a8-4059-a785-2015fd436673" testId="c9ac2725-c63c-55a1-c12a-bcba2d9de6aa" testName="Retomada_nao_duplica_nem_infla_a_contagem" computerName="DESKTOP-R345UFQ" duration="00:00:01.3609334" startTime="2026-08-25T07:43:59.6902432-03:00" endTime="2026-08-25T07:44:01.0514114-03:00" testType="13cdc9d9-ddb5-4fa4-a97d-d965ccfc6d4b" outcome="Passed" testListId="8c84fa94-04c1-424b-9868-57a2d4851a1d" relativeResultsDirectory="7e621910-46a8-4059-a785-2015fd436673" />
    <UnitTestResult executionId="50a31e87-b451-494c-bfda-57f9ae08daf2" testId="1121defc-20e8-855e-3c57-9762c6551ddc" testName="Morrer_dentro_da_publicacao_nao_deixa_geracao_parcial" computerName="DESKTOP-R345UFQ" duration="00:00:00.8524928" startTime="2026-08-25T07:43:59.6528986-03:00" endTime="2026-08-25T07:44:00.5057399-03:00" testType="13cdc9d9-ddb5-4fa4-a97d-d965ccfc6d4b" outcome="Passed" testListId="8c84fa94-04c1-424b-9868-57a2d4851a1d" relativeResultsDirectory="50a31e87-b451-494c-bfda-57f9ae08daf2" />
    <UnitTestResult executionId="947978b8-c15f-4654-8919-753ddb218312" testId="34340096-11a7-f1f8-58de-bcdc47b87c71" testName="Anexos_incompletos_bloqueiam_encaminhar" computerName="DESKTOP-R345UFQ" duration="00:00:00.0004068" startTime="2026-08-25T07:44:01.2782338-03:00" endTime="2026-08-25T07:44:01.2788489-03:00" testType="13cdc9d9-ddb5-4fa4-a97d-d965ccfc6d4b" outcome="Passed" testListId="8c84fa94-04c1-424b-9868-57a2d4851a1d" relativeResultsDirectory="947978b8-c15f-4654-8919-753ddb218312" />
    <UnitTestResult executionId="f29d662a-d184-43dc-aca0-47835ae5d6bb" testId="67063333-839a-7cf0-b484-d5165ec74d42" testName="Destinatario_resolvido_leva_a_confirmacao" computerName="DESKTOP-R345UFQ" duration="00:00:00.0634441" startTime="2026-08-25T07:43:59.2700920-03:00" endTime="2026-08-25T07:43:59.3397735-03:00" testType="13cdc9d9-ddb5-4fa4-a97d-d965ccfc6d4b" outcome="Passed" testListId="8c84fa94-04c1-424b-9868-57a2d4851a1d" relativeResultsDirectory="f29d662a-d184-43dc-aca0-47835ae5d6bb" />
    <UnitTestResult executionId="e547d686-c9dc-42e8-8b9c-626004edf4dd" testId="0f809167-04b0-cfa1-cab0-f7ef3ab77b47" testName="Epoca_mudou_durante_a_varredura_RECUSA_publicar" computerName="DESKTOP-R345UFQ" duration="00:00:00.0009339" startTime="2026-08-25T07:44:01.8155942-03:00" endTime="2026-08-25T07:44:01.8168481-03:00" testType="13cdc9d9-ddb5-4fa4-a97d-d965ccfc6d4b" outcome="Passed" testListId="8c84fa94-04c1-424b-9868-57a2d4851a1d" relativeResultsDirectory="e547d686-c9dc-42e8-8b9c-626004edf4dd" />
    <UnitTestResult executionId="d69d1d71-e925-456d-8886-5a28a911e755" testId="adbb06d7-ba70-77f2-a20d-42973c3490ef" testName="S6_rejeita_chave_repetida_entre_paginas" computerName="DESKTOP-R345UFQ" duration="00:00:00.0005983" startTime="2026-08-25T07:44:01.7867067-03:00" endTime="2026-08-25T07:44:01.7876084-03:00" testType="13cdc9d9-ddb5-4fa4-a97d-d965ccfc6d4b" outcome="Passed" testListId="8c84fa94-04c1-424b-9868-57a2d4851a1d" relativeResultsDirectory="d69d1d71-e925-456d-8886-5a28a911e755" />
    <UnitTestResult executionId="9cec8b07-064c-467a-8a3e-478c966ed00f" testId="56712e55-00e2-9f26-705a-8dc0e7115fbf" testName="Modelo_que_viola_invariante_nao_cria_banco" computerName="DESKTOP-R345UFQ" duration="00:00:00.0136380" startTime="2026-08-25T07:43:59.0532663-03:00" endTime="2026-08-25T07:43:59.0671037-03:00" testType="13cdc9d9-ddb5-4fa4-a97d-d965ccfc6d4b" outcome="Passed" testListId="8c84fa94-04c1-424b-9868-57a2d4851a1d" relativeResultsDirectory="9cec8b07-064c-467a-8a3e-478c966ed00f" />
    <UnitTestResult executionId="3231c14e-6a4a-4ae2-8605-386681f79ad0" testId="efd35dd1-bccb-a995-688a-890cf936659e" testName="CHECK_recusa_estado_de_presenca_invalido" computerName="DESKTOP-R345UFQ" duration="00:00:00.2349930" startTime="2026-08-25T07:43:59.0135435-03:00" endTime="2026-08-25T07:43:59.2486697-03:00" testType="13cdc9d9-ddb5-4fa4-a97d-d965ccfc6d4b" outcome="Passed" testListId="8c84fa94-04c1-424b-9868-57a2d4851a1d" relativeResultsDirectory="3231c14e-6a4a-4ae2-8605-386681f79ad0" />
    <UnitTestResult executionId="f982ab0c-5949-4507-bfa7-3c08b1ed91f7" testId="0247e048-f349-fe2e-2436-d73e73c22798" testName="Universo_invalidado_no_meio_recusa_a_publicacao" computerName="DESKTOP-R345UFQ" duration="00:00:00.1364397" startTime="2026-08-25T07:43:59.8039907-03:00" endTime="2026-08-25T07:43:59.9407143-03:00" testType="13cdc9d9-ddb5-4fa4-a97d-d965ccfc6d4b" outcome="Passed" testListId="8c84fa94-04c1-424b-9868-57a2d4851a1d" relativeResultsDirectory="f982ab0c-5949-4507-bfa7-3c08b1ed91f7" />
    <UnitTestResult executionId="54baee47-05c6-44e5-a870-9693b605365f" testId="ad28526e-b47d-615f-a548-7d9661acaf8f" testName="Core_nao_referencia_interop" computerName="DESKTOP-R345UFQ" duration="00:00:00.0013513" startTime="2026-08-25T07:43:58.9939240-03:00" endTime="2026-08-25T07:43:58.9956402-03:00" testType="13cdc9d9-ddb5-4fa4-a97d-d965ccfc6d4b" outcome="Passed" testListId="8c84fa94-04c1-424b-9868-57a2d4851a1d" relativeResultsDirectory="54baee47-05c6-44e5-a870-9693b605365f" />
    <UnitTestResult executionId="68c6cc89-c626-441d-a2e5-16a320481cbf" testId="bfc1c687-350c-cb9d-ed14-acee5dd9dfc2" testName="Destinatarios_lidos_pela_metade_bloqueiam_o_envio" computerName="DESKTOP-R345UFQ" duration="00:00:00.0047224" startTime="2026-08-25T07:43:59.4636957-03:00" endTime="2026-08-25T07:43:59.4699229-03:00" testType="13cdc9d9-ddb5-4fa4-a97d-d965ccfc6d4b" outcome="Passed" testListId="8c84fa94-04c1-424b-9868-57a2d4851a1d" relativeResultsDirectory="68c6cc89-c626-441d-a2e5-16a320481cbf" />
    <UnitTestResult executionId="4361f289-b7d3-40bd-b20d-4ca22304bd5a" testId="29907e08-7824-07ed-72ea-b9fe625acab8" testName="S4_recusa_geracao_global" computerName="DESKTOP-R345UFQ" duration="00:00:00.0003050" startTime="2026-08-25T07:44:01.7716824-03:00" endTime="2026-08-25T07:44:01.7721297-03:00" testType="13cdc9d9-ddb5-4fa4-a97d-d965ccfc6d4b" outcome="Passed" testListId="8c84fa94-04c1-424b-9868-57a2d4851a1d" relativeResultsDirectory="4361f289-b7d3-40bd-b20d-4ca22304bd5a" />
    <UnitTestResult executionId="361feb09-0e79-4a04-bcf6-9403759b19a1" testId="bc248de1-b9f8-bcd0-450d-666def3ce9a9" testName="O_atraso_conta_do_ultimo_evento_e_nao_do_primeiro" computerName="DESKTOP-R345UFQ" duration="00:00:00.0007354" startTime="2026-08-25T07:43:59.9575651-03:00" endTime="2026-08-25T07:43:59.9584075-03:00" testType="13cdc9d9-ddb5-4fa4-a97d-d965ccfc6d4b" outcome="Passed" testListId="8c84fa94-04c1-424b-9868-57a2d4851a1d" relativeResultsDirectory="361feb09-0e79-4a04-bcf6-9403759b19a1" />
    <UnitTestResult executionId="e7f11704-ba87-4529-aa5d-51ec08e04504" testId="9f86cbe2-59d6-e91e-8346-a736d0fc1498" testName="Destino_que_lanca_na_epoca_FALHA" computerName="DESKTOP-R345UFQ" duration="00:00:00.0006842" startTime="2026-08-25T07:44:01.8111572-03:00" endTime="2026-08-25T07:44:01.8124198-03:00" testType="13cdc9d9-ddb5-4fa4-a97d-d965ccfc6d4b" outcome="Passed" testListId="8c84fa94-04c1-424b-9868-57a2d4851a1d" relativeResultsDirectory="e7f11704-ba87-4529-aa5d-51ec08e04504" />
    <UnitTestResult executionId="4c9cc36a-b44c-4a50-8c03-34d7ce63454c" testId="405d9de5-56f8-94d6-1f7b-132b5c895d2f" testName="Morrer_depois_de_publicar_deixa_a_divida_registrada_para_a_UI" computerName="DESKTOP-R345UFQ" duration="00:00:00.9413449" startTime="2026-08-25T07:43:59.6530091-03:00" endTime="2026-08-25T07:44:00.5945670-03:00" testType="13cdc9d9-ddb5-4fa4-a97d-d965ccfc6d4b" outcome="Passed" testListId="8c84fa94-04c1-424b-9868-57a2d4851a1d" relativeResultsDirectory="4c9cc36a-b44c-4a50-8c03-34d7ce63454c" />
    <UnitTestResult executionId="bfddbe4c-fdb0-4bb1-a757-416c7de4c561" testId="c18a81a4-dab4-b392-7dc1-ec479e53a69c" testName="Varre_publica_e_a_UI_drena" computerName="DESKTOP-R345UFQ" duration="00:00:00.1788336" startTime="2026-08-25T07:44:01.2847590-03:00" endTime="2026-08-25T07:44:01.4641114-03:00" testType="13cdc9d9-ddb5-4fa4-a97d-d965ccfc6d4b" outcome="Passed" testListId="8c84fa94-04c1-424b-9868-57a2d4851a1d" relativeResultsDirectory="bfddbe4c-fdb0-4bb1-a757-416c7de4c561" />
    <UnitTestResult executionId="c12f9347-5591-4974-ae51-822a3237be2d" testId="34384d1a-0c6c-4b62-67a9-d108ad2877c2" testName="Unknown_bloqueia_igual_a_Restricted" computerName="DESKTOP-R345UFQ" duration="00:00:00.0004914" startTime="2026-08-25T07:44:01.7358624-03:00" endTime="2026-08-25T07:44:01.7365502-03:00" testType="13cdc9d9-ddb5-4fa4-a97d-d965ccfc6d4b" outcome="Passed" testListId="8c84fa94-04c1-424b-9868-57a2d4851a1d" relativeResultsDirectory="c12f9347-5591-4974-ae51-822a3237be2d" />
    <UnitTestResult executionId="4f324e9d-3c54-4938-92d0-a2b6c443a9f9" testId="08497536-6f54-fbf5-9142-6bc8c5d98a52" testName="Cursor_fecha_mesmo_quando_a_leitura_lanca" computerName="DESKTOP-R345UFQ" duration="00:00:00.0015122" startTime="2026-08-25T07:43:59.9450010-03:00" endTime="2026-08-25T07:43:59.9466139-03:00" testType="13cdc9d9-ddb5-4fa4-a97d-d965ccfc6d4b" outcome="Passed" testListId="8c84fa94-04c1-424b-9868-57a2d4851a1d" relativeResultsDirectory="4f324e9d-3c54-4938-92d0-a2b6c443a9f9" />
    <UnitTestResult executionId="f457e5c6-e425-4ffb-af86-f042b5ad4678" testId="cc6cc331-0345-b11b-3759-d21226805ecf" testName="Tabela_faltando_e_recusada" computerName="DESKTOP-R345UFQ" duration="00:00:00.2230816" startTime="2026-08-25T07:43:59.0280742-03:00" endTime="2026-08-25T07:43:59.2512692-03:00" testType="13cdc9d9-ddb5-4fa4-a97d-d965ccfc6d4b" outcome="Passed" testListId="8c84fa94-04c1-424b-9868-57a2d4851a1d" relativeResultsDirectory="f457e5c6-e425-4ffb-af86-f042b5ad4678" />
    <UnitTestResult executionId="64039dcd-856f-44f1-b64a-5b0d064af1bb" testId="52afc510-c353-3065-6301-06bc77ead94c" testName="Resolvido_com_endereco_ilegivel_nao_conta_como_conferivel" computerName="DESKTOP-R345UFQ" duration="00:00:00.0084971" startTime="2026-08-25T07:43:58.9220671-03:00" endTime="2026-08-25T07:43:58.9815544-03:00" testType="13cdc9d9-ddb5-4fa4-a97d-d965ccfc6d4b" outcome="Passed" testListId="8c84fa94-04c1-424b-9868-57a2d4851a1d" relativeResultsDirectory="64039dcd-856f-44f1-b64a-5b0d064af1bb" />
    <UnitTestResult executionId="5965ee94-8872-43ec-a82e-f255a6d4fc52" testId="6ab875a1-ce26-7f66-be5b-6be2c8b31ae0" testName="I7_recusa_geracao_sem_universo_e_sem_cutoff" computerName="DESKTOP-R345UFQ" duration="00:00:00.0103277" startTime="2026-08-25T07:44:01.7600623-03:00" endTime="2026-08-25T07:44:01.7705834-03:00" testType="13cdc9d9-ddb5-4fa4-a97d-d965ccfc6d4b" outcome="Passed" testListId="8c84fa94-04c1-424b-9868-57a2d4851a1d" relativeResultsDirectory="5965ee94-8872-43ec-a82e-f255a6d4fc52" />
    <UnitTestResult executionId="5009347a-48ca-47c6-bae2-cf8f667c2347" testId="78e7bafb-6c06-a8c1-c16a-3114a334e05d" testName="Muitas_geracoes_sem_ver_NAO_promovem_suspeito_a_ausente" computerName="DESKTOP-R345UFQ" duration="00:00:00.0006703" startTime="2026-08-25T07:44:01.7226326-03:00" endTime="2026-08-25T07:44:01.7234675-03:00" testType="13cdc9d9-ddb5-4fa4-a97d-d965ccfc6d4b" outcome="Passed" testListId="8c84fa94-04c1-424b-9868-57a2d4851a1d" relativeResultsDirectory="5009347a-48ca-47c6-bae2-cf8f667c2347" />
    <UnitTestResult executionId="49f18a67-c913-467e-aa64-773b3d26fbbc" testId="200fd3ab-9b43-7ae0-d7fc-4fe12a54106c" testName="Contagem_nula_FALHA" computerName="DESKTOP-R345UFQ" duration="00:00:00.0003205" startTime="2026-08-25T07:44:01.8075173-03:00" endTime="2026-08-25T07:44:01.8080617-03:00" testType="13cdc9d9-ddb5-4fa4-a97d-d965ccfc6d4b" outcome="Passed" testListId="8c84fa94-04c1-424b-9868-57a2d4851a1d" relativeResultsDirectory="49f18a67-c913-467e-aa64-773b3d26fbbc" />
    <UnitTestResult executionId="83c734bc-2b8b-4b26-93a5-937ed9aae603" testId="5af8bdf2-ea3c-7672-115a-9485b038a958" testName="Pasta_genuinamente_vazia_PUBLICA" computerName="DESKTOP-R345UFQ" duration="00:00:00.0003500" startTime="2026-08-25T07:44:01.8046202-03:00" endTime="2026-08-25T07:44:01.8051266-03:00" testType="13cdc9d9-ddb5-4fa4-a97d-d965ccfc6d4b" outcome="Passed" testListId="8c84fa94-04c1-424b-9868-57a2d4851a1d" relativeResultsDirectory="83c734bc-2b8b-4b26-93a5-937ed9aae603" />
    <UnitTestResult executionId="ded10e4b-3c44-42f2-8d1e-bcf4419ac3b0" testId="a582b3bc-49cb-ad06-3584-a68170fd6e18" testName="Sem_crash_entrega_uma_vez_so" computerName="DESKTOP-R345UFQ" duration="00:00:00.9249630" startTime="2026-08-25T07:43:59.9616152-03:00" endTime="2026-08-25T07:44:00.8867382-03:00" testType="13cdc9d9-ddb5-4fa4-a97d-d965ccfc6d4b" outcome="Passed" testListId="8c84fa94-04c1-424b-9868-57a2d4851a1d" relativeResultsDirectory="ded10e4b-3c44-42f2-8d1e-bcf4419ac3b0" />
    <UnitTestResult executionId="06b92087-2cda-4baa-bc05-01f6fd046fdd" testId="21821b63-8c17-263e-94e4-d57edfe2af4c" testName="D1_nao_confunde_flag_com_conteudo" computerName="DESKTOP-R345UFQ" duration="00:00:00.0013635" startTime="2026-08-25T07:44:01.7777668-03:00" endTime="2026-08-25T07:44:01.7794227-03:00" testType="13cdc9d9-ddb5-4fa4-a97d-d965ccfc6d4b" outcome="Passed" testListId="8c84fa94-04c1-424b-9868-57a2d4851a1d" relativeResultsDirectory="06b92087-2cda-4baa-bc05-01f6fd046fdd" />
    <UnitTestResult executionId="e0473017-8a3b-4bbb-b157-70b25fa31503" testId="40a96957-1f96-cadf-7626-faab359b4e6d" testName="FK_realmente_recusa_referencia_orfa" computerName="DESKTOP-R345UFQ" duration="00:00:00.2247053" startTime="2026-08-25T07:43:59.0117849-03:00" endTime="2026-08-25T07:43:59.2366062-03:00" testType="13cdc9d9-ddb5-4fa4-a97d-d965ccfc6d4b" outcome="Passed" testListId="8c84fa94-04c1-424b-9868-57a2d4851a1d" relativeResultsDirectory="e0473017-8a3b-4bbb-b157-70b25fa31503" />
    <UnitTestResult executionId="202331dc-4952-4893-ade6-23253441ad64" testId="c1befd49-0e89-3827-c1ef-bdd741c1872a" testName="Consumidor_que_lanca_nao_marca_drenada" computerName="DESKTOP-R345UFQ" duration="00:00:00.1398768" startTime="2026-08-25T07:44:01.4259723-03:00" endTime="2026-08-25T07:44:01.5663205-03:00" testType="13cdc9d9-ddb5-4fa4-a97d-d965ccfc6d4b" outcome="Passed" testListId="8c84fa94-04c1-424b-9868-57a2d4851a1d" relativeResultsDirectory="202331dc-4952-4893-ade6-23253441ad64" />
    <UnitTestResult executionId="b8677845-1db6-4080-b15c-e4ec3f2b52d5" testId="d9463c3a-5614-2f13-f098-bad9df47c921" testName="Segunda_varredura_nao_duplica_e_a_cabeca_avanca" computerName="DESKTOP-R345UFQ" duration="00:00:00.1602466" startTime="2026-08-25T07:44:01.3053732-03:00" endTime="2026-08-25T07:44:01.4660916-03:00" testType="13cdc9d9-ddb5-4fa4-a97d-d965ccfc6d4b" outcome="Passed" testListId="8c84fa94-04c1-424b-9868-57a2d4851a1d" relativeResultsDirectory="b8677845-1db6-4080-b15c-e4ec3f2b52d5" />
    <UnitTestResult executionId="e552dd64-a9ea-4b98-b3f6-0494b1167089" testId="93670a1a-f143-2b8b-8972-795a62b47e82" testName="Republicar_a_mesma_tentativa_e_idempotente" computerName="DESKTOP-R345UFQ" duration="00:00:00.0003414" startTime="2026-08-25T07:44:01.7913047-03:00" endTime="2026-08-25T07:44:01.7918840-03:00" testType="13cdc9d9-ddb5-4fa4-a97d-d965ccfc6d4b" outcome="Passed" testListId="8c84fa94-04c1-424b-9868-57a2d4851a1d" relativeResultsDirectory="e552dd64-a9ea-4b98-b3f6-0494b1167089" />
    <UnitTestResult executionId="8e806bb6-2193-4ea3-bb38-fd8b1bbf2a70" testId="b3db5360-0ef1-693f-5a94-b224fb7967c1" testName="Sessao_substituida_recusa_anexar_e_conferir_por_fora" computerName="DESKTOP-R345UFQ" duration="00:00:00.0049706" startTime="2026-08-25T07:43:59.4634087-03:00" endTime="2026-08-25T07:43:59.4702374-03:00" testType="13cdc9d9-ddb5-4fa4-a97d-d965ccfc6d4b" outcome="Passed" testListId="8c84fa94-04c1-424b-9868-57a2d4851a1d" relativeResultsDirectory="8e806bb6-2193-4ea3-bb38-fd8b1bbf2a70" />
    <UnitTestResult executionId="a3a1cf7e-943c-47ec-a0e4-c2e2d2a842fd" testId="6d8b253b-e2d5-ef8f-761b-00ee313a6efd" testName="Qual_tamanho_de_lote_cabe_no_orcamento_da_D5" computerName="DESKTOP-R345UFQ" duration="00:00:24.1366741" startTime="2026-08-25T07:44:00.8994584-03:00" endTime="2026-08-25T07:44:25.0371107-03:00" testType="13cdc9d9-ddb5-4fa4-a97d-d965ccfc6d4b" outcome="Passed" testListId="8c84fa94-04c1-424b-9868-57a2d4851a1d" relativeResultsDirectory="a3a1cf7e-943c-47ec-a0e4-c2e2d2a842fd">
      <Output>
        <StdOut>=== D5: qual lote cabe em 100 ms ===&#xD;
tamanho | exec | lotes |  min | mediana |  MAX | cabe?&#xD;
     25 |    1 |    40 |   61 |      84 |  116 | NAO&#xD;
     25 |    2 |    40 |   56 |      73 |  105 | NAO&#xD;
     25 |    3 |    40 |   61 |      70 |   84 | SIM&#xD;
     50 |    1 |    20 |   74 |      92 |  118 | NAO&#xD;
     50 |    2 |    20 |   70 |      81 |   96 | SIM&#xD;
     50 |    3 |    20 |   67 |      75 |   85 | SIM&#xD;
    100 |    1 |    10 |   74 |      79 |   93 | SIM&#xD;
    100 |    2 |    10 |   72 |      74 |   92 | SIM&#xD;
    100 |    3 |    10 |   66 |      85 |   91 | SIM</StdOut>
      </Output>
    </UnitTestResult>
    <UnitTestResult executionId="cbe366f2-ac49-402d-b02d-d08906a4c7d6" testId="88134c9a-7945-2aab-78fa-04ea32106755" testName="Incompleto_exige_falta_de_verdade" computerName="DESKTOP-R345UFQ" duration="00:00:00.0003520" startTime="2026-08-25T07:44:01.2841411-03:00" endTime="2026-08-25T07:44:01.2846299-03:00" testType="13cdc9d9-ddb5-4fa4-a97d-d965ccfc6d4b" outcome="Passed" testListId="8c84fa94-04c1-424b-9868-57a2d4851a1d" relativeResultsDirectory="cbe366f2-ac49-402d-b02d-d08906a4c7d6" />
    <UnitTestResult executionId="c58dcf83-2c45-4e89-8b6d-39f940599af2" testId="ba58e9ce-4d48-6c8d-ef47-878db0d40a3f" testName="Travessia_le_tudo_em_todos_os_cenarios" computerName="DESKTOP-R345UFQ" duration="00:00:00.0762019" startTime="2026-08-25T07:43:59.8798191-03:00" endTime="2026-08-25T07:43:59.9567158-03:00" testType="13cdc9d9-ddb5-4fa4-a97d-d965ccfc6d4b" outcome="Passed" testListId="8c84fa94-04c1-424b-9868-57a2d4851a1d" relativeResultsDirectory="c58dcf83-2c45-4e89-8b6d-39f940599af2" />
    <UnitTestResult executionId="7aba50e3-3ce5-4ad4-ac6b-db1379e7e5e7" testId="e7a6dde1-a854-4f69-b0fd-df29fec92533" testName="Sem_anexo_a_confirmacao_nao_mostra_nenhum" computerName="DESKTOP-R345UFQ" duration="00:00:00.0143111" startTime="2026-08-25T07:43:59.3425914-03:00" endTime="2026-08-25T07:43:59.3625916-03:00" testType="13cdc9d9-ddb5-4fa4-a97d-d965ccfc6d4b" outcome="Passed" testListId="8c84fa94-04c1-424b-9868-57a2d4851a1d" relativeResultsDirectory="7aba50e3-3ce5-4ad4-ac6b-db1379e7e5e7" />
    <UnitTestResult executionId="3fdef091-65c3-44e5-ba52-084bad818ae2" testId="a9807629-cec1-d660-c876-d76b868e805f" testName="Envio_bem_sucedido_fecha_o_compositor" computerName="DESKTOP-R345UFQ" duration="00:00:00.0587643" startTime="2026-08-25T07:43:59.2799236-03:00" endTime="2026-08-25T07:43:59.3414560-03:00" testType="13cdc9d9-ddb5-4fa4-a97d-d965ccfc6d4b" outcome="Passed" testListId="8c84fa94-04c1-424b-9868-57a2d4851a1d" relativeResultsDirectory="3fdef091-65c3-44e5-ba52-084bad818ae2" />
    <UnitTestResult executionId="bb98d5ce-7461-4933-b15b-dc6d1b131278" testId="b91a8e9a-1f62-379e-81fc-9e976a320727" testName="Verificacao_reentregue_nao_aplica_duas_vezes" computerName="DESKTOP-R345UFQ" duration="00:00:00.0002583" startTime="2026-08-25T07:44:01.7278928-03:00" endTime="2026-08-25T07:44:01.7282895-03:00" testType="13cdc9d9-ddb5-4fa4-a97d-d965ccfc6d4b" outcome="Passed" testListId="8c84fa94-04c1-424b-9868-57a2d4851a1d" relativeResultsDirectory="bb98d5ce-7461-4933-b15b-dc6d1b131278" />
    <UnitTestResult executionId="32926634-7cea-46ce-a971-f7462239b6f9" testId="297e3fda-a466-d690-628d-665e65a29b44" testName="Cada_bloqueio_se_explica" computerName="DESKTOP-R345UFQ" duration="00:00:00.0004507" startTime="2026-08-25T07:44:01.7366257-03:00" endTime="2026-08-25T07:44:01.7372522-03:00" testType="13cdc9d9-ddb5-4fa4-a97d-d965ccfc6d4b" outcome="Passed" testListId="8c84fa94-04c1-424b-9868-57a2d4851a1d" relativeResultsDirectory="32926634-7cea-46ce-a971-f7462239b6f9" />
    <UnitTestResult executionId="db2df006-6df0-4003-ac91-a62192c458f9" testId="19a81a56-f02b-9ec9-a704-91f151b112c4" testName="Resultado_que_volta_depois_do_fechamento_e_descartado" computerName="DESKTOP-R345UFQ" duration="00:00:00.0019585" startTime="2026-08-25T07:43:59.3665446-03:00" endTime="2026-08-25T07:43:59.3711038-03:00" testType="13cdc9d9-ddb5-4fa4-a97d-d965ccfc6d4b" outcome="Passed" testListId="8c84fa94-04c1-424b-9868-57a2d4851a1d" relativeResultsDirectory="db2df006-6df0-4003-ac91-a62192c458f9" />
    <UnitTestResult executionId="022a8dd2-9ef4-492e-b68b-289ee72b17ef" testId="be58e141-0384-a0c7-af65-de72c0ac1d00" testName="Troca_de_sessao_durante_a_criacao_nao_abre_o_compositor" computerName="DESKTOP-R345UFQ" duration="00:00:00.0032711" startTime="2026-08-25T07:43:59.4574013-03:00" endTime="2026-08-25T07:43:59.4632034-03:00" testType="13cdc9d9-ddb5-4fa4-a97d-d965ccfc6d4b" outcome="Passed" testListId="8c84fa94-04c1-424b-9868-57a2d4851a1d" relativeResultsDirectory="022a8dd2-9ef4-492e-b68b-289ee72b17ef" />
    <UnitTestResult executionId="1b55ef4f-3463-4672-bc20-c24d2aa74e93" testId="7e5a5f72-c509-9e5a-1685-96cdc3061311" testName="Contador_detecta_lista_sem_virtualizacao" computerName="DESKTOP-R345UFQ" duration="00:00:04.5360537" startTime="2026-08-25T07:44:01.8157799-03:00" endTime="2026-08-25T07:44:06.3589916-03:00" testType="13cdc9d9-ddb5-4fa4-a97d-d965ccfc6d4b" outcome="Passed" testListId="8c84fa94-04c1-424b-9868-57a2d4851a1d" relativeResultsDirectory="1b55ef4f-3463-4672-bc20-c24d2aa74e93" />
    <UnitTestResult executionId="7458d0f0-fbdd-4f2f-a06c-49311052eb1c" testId="429e918c-db3d-4e1e-f80d-f363cdcba6c9" testName="Cursor_termina_e_recusa_consulta_trocada" computerName="DESKTOP-R345UFQ" duration="00:00:02.2238387" startTime="2026-08-25T07:44:01.2233889-03:00" endTime="2026-08-25T07:44:03.4475034-03:00" testType="13cdc9d9-ddb5-4fa4-a97d-d965ccfc6d4b" outcome="Passed" testListId="8c84fa94-04c1-424b-9868-57a2d4851a1d" relativeResultsDirectory="7458d0f0-fbdd-4f2f-a06c-49311052eb1c" />
    <UnitTestResult executionId="6dad6e58-cfa2-4a04-97e3-1bc9be904e43" testId="96002749-e0eb-89c5-f65a-19be6b562cde" testName="Le_o_que_a_geracao_VIU_e_nao_o_estado_corrente" computerName="DESKTOP-R345UFQ" duration="00:00:00.1716331" startTime="2026-08-25T07:43:59.6184903-03:00" endTime="2026-08-25T07:43:59.7904007-03:00" testType="13cdc9d9-ddb5-4fa4-a97d-d965ccfc6d4b" outcome="Passed" testListId="8c84fa94-04c1-424b-9868-57a2d4851a1d" relativeResultsDirectory="6dad6e58-cfa2-4a04-97e3-1bc9be904e43" />
    <UnitTestResult executionId="d381b70f-bed1-45f5-ae0c-43fc6dfd6ad1" testId="0bb00346-19ef-5f4f-b3c9-3a70a1c0c4ba" testName="Nao_verificado_e_nao_visto_continua_nao_verificado" computerName="DESKTOP-R345UFQ" duration="00:00:00.0002054" startTime="2026-08-25T07:44:01.7217066-03:00" endTime="2026-08-25T07:44:01.7220683-03:00" testType="13cdc9d9-ddb5-4fa4-a97d-d965ccfc6d4b" outcome="Passed" testListId="8c84fa94-04c1-424b-9868-57a2d4851a1d" relativeResultsDirectory="d381b70f-bed1-45f5-ae0c-43fc6dfd6ad1" />
    <UnitTestResult executionId="f1793c9b-cd21-48e4-9d0b-6cae0ecd8bc3" testId="f0d1e08b-794c-99a4-e4a8-de063ba94b9b" testName="Conectado_prossegue" computerName="DESKTOP-R345UFQ" duration="00:00:00.0013045" startTime="2026-08-25T07:43:59.2543289-03:00" endTime="2026-08-25T07:43:59.2557982-03:00" testType="13cdc9d9-ddb5-4fa4-a97d-d965ccfc6d4b" outcome="Passed" testListId="8c84fa94-04c1-424b-9868-57a2d4851a1d" relativeResultsDirectory="f1793c9b-cd21-48e4-9d0b-6cae0ecd8bc3" />
    <UnitTestResult executionId="036cf984-4253-4d49-82ac-62790a3ae318" testId="266baa19-df5d-46cc-3dbd-ee33eb42a0ac" testName="Model_e_Core_nao_miram_windows" computerName="DESKTOP-R345UFQ" duration="00:00:00.0013828" startTime="2026-08-25T07:43:59.0111131-03:00" endTime="2026-08-25T07:43:59.0127260-03:00" testType="13cdc9d9-ddb5-4fa4-a97d-d965ccfc6d4b" outcome="Passed" testListId="8c84fa94-04c1-424b-9868-57a2d4851a1d" relativeResultsDirectory="036cf984-4253-4d49-82ac-62790a3ae318" />
    <UnitTestResult executionId="212aa8b1-63d1-46c5-ae6a-935f16c9707c" testId="e736ddf4-6188-0278-bb42-cd56f3416890" testName="Nao_resolvido_nao_conta_mesmo_com_endereco_bonito" computerName="DESKTOP-R345UFQ" duration="00:00:00.0084496" startTime="2026-08-25T07:43:58.9219483-03:00" endTime="2026-08-25T07:43:58.9815613-03:00" testType="13cdc9d9-ddb5-4fa4-a97d-d965ccfc6d4b" outcome="Passed" testListId="8c84fa94-04c1-424b-9868-57a2d4851a1d" relativeResultsDirectory="212aa8b1-63d1-46c5-ae6a-935f16c9707c" />
    <UnitTestResult executionId="81d4e534-ece8-4716-979a-7464a055b5b0" testId="33574a74-5c8c-bd5f-f515-076138731e13" testName="O_caminho_por_Table_e_bem_mais_rapido" computerName="DESKTOP-R345UFQ" duration="00:00:27.8502679" startTime="2026-08-25T07:44:01.2476323-03:00" endTime="2026-08-25T07:44:29.0981306-03:00" testType="13cdc9d9-ddb5-4fa4-a97d-d965ccfc6d4b" outcome="Passed" testListId="8c84fa94-04c1-424b-9868-57a2d4851a1d" relativeResultsDirectory="81d4e534-ece8-4716-979a-7464a055b5b0">
      <Output>
        <StdOut>itens             : 988&#xD;
Table + cursor    : 4,003 ms em 34 paginas&#xD;
iteracao + offset : 21,901 ms em 34 paginas&#xD;
ganho             : 5.5x&#xD;
drenagem extra    : 3 linhas alem do alvo</StdOut>
      </Output>
    </UnitTestResult>
    <UnitTestResult executionId="a05ff2fb-72eb-43ac-8ee4-89acf520ee05" testId="0173f488-ade3-45a4-47c1-9ac68381f51c" testName="S7_e_independente_do_S6" computerName="DESKTOP-R345UFQ" duration="00:00:00.0005122" startTime="2026-08-25T07:44:01.7736566-03:00" endTime="2026-08-25T07:44:01.7745061-03:00" testType="13cdc9d9-ddb5-4fa4-a97d-d965ccfc6d4b" outcome="Passed" testListId="8c84fa94-04c1-424b-9868-57a2d4851a1d" relativeResultsDirectory="a05ff2fb-72eb-43ac-8ee4-89acf520ee05" />
    <UnitTestResult executionId="530e1c79-d5ff-40a0-8ef4-6995fb9ac3b4" testId="57b9fda5-2c30-5fbc-cef2-66810a94ac59" testName="Presenca_e_observabilidade_sao_independentes" computerName="DESKTOP-R345UFQ" duration="00:00:00.0004129" startTime="2026-08-25T07:44:01.7320631-03:00" endTime="2026-08-25T07:44:01.7329382-03:00" testType="13cdc9d9-ddb5-4fa4-a97d-d965ccfc6d4b" outcome="Passed" testListId="8c84fa94-04c1-424b-9868-57a2d4851a1d" relativeResultsDirectory="530e1c79-d5ff-40a0-8ef4-6995fb9ac3b4" />
    <UnitTestResult executionId="94578c64-bb99-4a82-93c0-8ad24ee1d137" testId="a7b1e8cd-6180-da11-05a9-a925fc36b7f9" testName="Todos_conferiveis_exige_todos" computerName="DESKTOP-R345UFQ" duration="00:00:00.0084581" startTime="2026-08-25T07:43:58.9220919-03:00" endTime="2026-08-25T07:43:58.9814696-03:00" testType="13cdc9d9-ddb5-4fa4-a97d-d965ccfc6d4b" outcome="Passed" testListId="8c84fa94-04c1-424b-9868-57a2d4851a1d" relativeResultsDirectory="94578c64-bb99-4a82-93c0-8ad24ee1d137" />
    <UnitTestResult executionId="f4a40c0f-f6f4-45cc-a1cb-e511ed6ab67d" testId="c6d3a71b-bb9f-a0cc-7731-a0d7bcb2b58b" testName="Sessao_morta_e_NotConnected" computerName="DESKTOP-R345UFQ" duration="00:00:00.0003446" startTime="2026-08-25T07:44:00.0879614-03:00" endTime="2026-08-25T07:44:00.0884902-03:00" testType="13cdc9d9-ddb5-4fa4-a97d-d965ccfc6d4b" outcome="Passed" testListId="8c84fa94-04c1-424b-9868-57a2d4851a1d" relativeResultsDirectory="f4a40c0f-f6f4-45cc-a1cb-e511ed6ab67d" />
    <UnitTestResult executionId="37953b8e-f5c7-4253-905c-01cbc4d4c60a" testId="42290a3d-9fc7-a8db-504e-fe99014c6062" testName="HRESULTs_do_anexar_sao_classificados_de_um_jeito_so" computerName="DESKTOP-R345UFQ" duration="00:00:00.0004348" startTime="2026-08-25T07:44:00.0941708-03:00" endTime="2026-08-25T07:44:00.0947879-03:00" testType="13cdc9d9-ddb5-4fa4-a97d-d965ccfc6d4b" outcome="Passed" testListId="8c84fa94-04c1-424b-9868-57a2d4851a1d" relativeResultsDirectory="37953b8e-f5c7-4253-905c-01cbc4d4c60a" />
    <UnitTestResult executionId="66b4fa19-ce31-430f-8458-741093ceb1bd" testId="cc9414e0-f04e-9f83-c71f-4cb7ae9caeba" testName="Ordenar_por_generation_key_aprovaria_a_velha" computerName="DESKTOP-R345UFQ" duration="00:00:00.1265836" startTime="2026-08-25T07:43:59.7991721-03:00" endTime="2026-08-25T07:43:59.9261156-03:00" testType="13cdc9d9-ddb5-4fa4-a97d-d965ccfc6d4b" outcome="Passed" testListId="8c84fa94-04c1-424b-9868-57a2d4851a1d" relativeResultsDirectory="66b4fa19-ce31-430f-8458-741093ceb1bd" />
    <UnitTestResult executionId="fd87b8a0-ef6a-441c-bff7-4d807fd5fcd2" testId="9afb576b-c379-8742-a22f-d3df62fb7ed8" testName="Sessao_substituida_desliga_o_autosave" computerName="DESKTOP-R345UFQ" duration="00:00:00.2517737" startTime="2026-08-25T07:43:59.3959836-03:00" endTime="2026-08-25T07:43:59.6518225-03:00" testType="13cdc9d9-ddb5-4fa4-a97d-d965ccfc6d4b" outcome="Passed" testListId="8c84fa94-04c1-424b-9868-57a2d4851a1d" relativeResultsDirectory="fd87b8a0-ef6a-441c-bff7-4d807fd5fcd2" />
    <UnitTestResult executionId="988bf291-f700-4df5-82ad-ce12ddab1371" testId="f8c8deb8-0405-318a-09bd-76466b365db8" testName="Mudanca_de_universo_no_meio_abandona" computerName="DESKTOP-R345UFQ" duration="00:00:00.0004102" startTime="2026-08-25T07:44:01.7905542-03:00" endTime="2026-08-25T07:44:01.7911793-03:00" testType="13cdc9d9-ddb5-4fa4-a97d-d965ccfc6d4b" outcome="Passed" testListId="8c84fa94-04c1-424b-9868-57a2d4851a1d" relativeResultsDirectory="988bf291-f700-4df5-82ad-ce12ddab1371" />
    <UnitTestResult executionId="64d531eb-cdcb-441e-ae4c-ebd39a2c6ca8" testId="c4c8008f-a30f-dfad-76a0-dd7831852408" testName="Recusa_da_fonte_preserva_o_ErrorKind (Denied)" computerName="DESKTOP-R345UFQ" duration="00:00:00.0259177" startTime="2026-08-25T07:43:59.2380804-03:00" endTime="2026-08-25T07:43:59.2686126-03:00" testType="13cdc9d9-ddb5-4fa4-a97d-d965ccfc6d4b" outcome="Passed" testListId="8c84fa94-04c1-424b-9868-57a2d4851a1d" relativeResultsDirectory="64d531eb-cdcb-441e-ae4c-ebd39a2c6ca8" />
    <UnitTestResult executionId="8bf8e393-28fc-4f3e-ba6b-70901d547f9d" testId="038294bc-794d-e3eb-b359-de3c9cb1f795" testName="Incompleto_nao_e_confiavel_mesmo_com_conteudo" computerName="DESKTOP-R345UFQ" duration="00:00:00.0017583" startTime="2026-08-25T07:44:01.2724332-03:00" endTime="2026-08-25T07:44:01.2745937-03:00" testType="13cdc9d9-ddb5-4fa4-a97d-d965ccfc6d4b" outcome="Passed" testListId="8c84fa94-04c1-424b-9868-57a2d4851a1d" relativeResultsDirectory="8bf8e393-28fc-4f3e-ba6b-70901d547f9d" />
    <UnitTestResult executionId="d4c65fd8-3408-4e59-9900-5171eeb963c0" testId="6e2cea8f-6a3e-54b8-db7f-9556b07a3dad" testName="ViewModels_nao_declaram_tipos_do_Outlook" computerName="DESKTOP-R345UFQ" duration="00:00:00.0222227" startTime="2026-08-25T07:44:01.7330231-03:00" endTime="2026-08-25T07:44:01.7555365-03:00" testType="13cdc9d9-ddb5-4fa4-a97d-d965ccfc6d4b" outcome="Passed" testListId="8c84fa94-04c1-424b-9868-57a2d4851a1d" relativeResultsDirectory="d4c65fd8-3408-4e59-9900-5171eeb963c0" />
    <UnitTestResult executionId="089fe62f-dbed-4f2b-99f7-e302eac44e9e" testId="8fa23fdb-f6c5-e15b-7d6b-f4ca6c0cf1b8" testName="Mutacao_iniciada_e_ambigua_para_qualquer_HRESULT" computerName="DESKTOP-R345UFQ" duration="00:00:00.0011548" startTime="2026-08-25T07:44:00.0826908-03:00" endTime="2026-08-25T07:44:00.0840856-03:00" testType="13cdc9d9-ddb5-4fa4-a97d-d965ccfc6d4b" outcome="Passed" testListId="8c84fa94-04c1-424b-9868-57a2d4851a1d" relativeResultsDirectory="089fe62f-dbed-4f2b-99f7-e302eac44e9e" />
    <UnitTestResult executionId="a55542cb-8b03-4c1d-b260-98f237f681f6" testId="19dc2c8d-9582-f9d1-6f02-93d576314d0c" testName="Tres_tentativas_e_a_quarta_degrada" computerName="DESKTOP-R345UFQ" duration="00:00:00.0033029" startTime="2026-08-25T07:44:01.7405849-03:00" endTime="2026-08-25T07:44:01.7441266-03:00" testType="13cdc9d9-ddb5-4fa4-a97d-d965ccfc6d4b" outcome="Passed" testListId="8c84fa94-04c1-424b-9868-57a2d4851a1d" relativeResultsDirectory="a55542cb-8b03-4c1d-b260-98f237f681f6" />
    <UnitTestResult executionId="20c39e60-dcac-4bc2-9089-ba5469000ab1" testId="1a3b644c-a70d-b4da-1357-afcbc95638be" testName="Sessao_substituida_preserva_o_texto_e_bloqueia_gravar" computerName="DESKTOP-R345UFQ" duration="00:00:00.0512933" startTime="2026-08-25T07:43:59.3889952-03:00" endTime="2026-08-25T07:43:59.4497810-03:00" testType="13cdc9d9-ddb5-4fa4-a97d-d965ccfc6d4b" outcome="Passed" testListId="8c84fa94-04c1-424b-9868-57a2d4851a1d" relativeResultsDirectory="20c39e60-dcac-4bc2-9089-ba5469000ab1" />
[...]
    <TestEntry testId="ae58eae4-66cf-7460-7c1c-a539387227cd" executionId="c41dcd83-79ef-4b00-b873-bc790996c8a8" testListId="8c84fa94-04c1-424b-9868-57a2d4851a1d" />
    <TestEntry testId="f232e528-c639-bd0a-380e-63b6aa896391" executionId="08328b3f-49dc-4833-9b96-62c41844d292" testListId="8c84fa94-04c1-424b-9868-57a2d4851a1d" />
    <TestEntry testId="46f5bcc6-b08b-a01d-b817-fbbe4edf8719" executionId="182d01aa-d9c8-42f0-948a-f05b80c552fd" testListId="8c84fa94-04c1-424b-9868-57a2d4851a1d" />
    <TestEntry testId="cedec0d3-3a9a-2421-2344-7f49999b589e" executionId="30f1595f-5af3-47ef-8cee-842204cca424" testListId="8c84fa94-04c1-424b-9868-57a2d4851a1d" />
    <TestEntry testId="949894c7-f201-a611-a410-89e0c7de7cd1" executionId="cb761787-925e-4864-952f-dc4fa37483e3" testListId="8c84fa94-04c1-424b-9868-57a2d4851a1d" />
    <TestEntry testId="50c65cd3-2d98-87b2-7226-f776ec042b34" executionId="4769ff0a-26d9-4509-953b-ecc40129b82f" testListId="8c84fa94-04c1-424b-9868-57a2d4851a1d" />
    <TestEntry testId="2f8174eb-c944-3177-c2a6-13ba45beda1e" executionId="4abf9337-8cb0-465f-b1cc-fbf2c5f85132" testListId="8c84fa94-04c1-424b-9868-57a2d4851a1d" />
    <TestEntry testId="f4fa37b9-c2a8-9319-74e3-5a49fd66aacf" executionId="9bda48fa-9ad9-482e-8984-ab1a5fa78c91" testListId="8c84fa94-04c1-424b-9868-57a2d4851a1d" />
    <TestEntry testId="e59dbf02-600f-9d81-4ecd-d38371e6fdee" executionId="e885dcc1-8d74-47ca-baea-f92fd263edcf" testListId="8c84fa94-04c1-424b-9868-57a2d4851a1d" />
    <TestEntry testId="f0b3d683-f7fd-500b-4085-3135516ac468" executionId="8605fba2-4865-4ab7-bc1e-0d9786a78061" testListId="8c84fa94-04c1-424b-9868-57a2d4851a1d" />
    <TestEntry testId="5bee65b8-4885-503e-fd95-3719ee53776f" executionId="ba6c9582-8cda-4d3b-a9ca-5a0d14de2f6f" testListId="8c84fa94-04c1-424b-9868-57a2d4851a1d" />
    <TestEntry testId="64c08946-fba9-3d63-2f9a-9f92ff2061c6" executionId="6393bd13-1b79-483d-97ef-5fd9b0e79614" testListId="8c84fa94-04c1-424b-9868-57a2d4851a1d" />
    <TestEntry testId="8fd7516d-5198-5a83-5d3b-ac0906700bec" executionId="98cba144-62b2-41ec-b155-d22e5eb3cadb" testListId="8c84fa94-04c1-424b-9868-57a2d4851a1d" />
    <TestEntry testId="605af9bb-885e-5ddc-eb2f-31154e3336b3" executionId="3e8e0911-7709-441d-893d-166ff7c55130" testListId="8c84fa94-04c1-424b-9868-57a2d4851a1d" />
    <TestEntry testId="4e28a7d9-7d6e-3b20-f4c4-40274394e438" executionId="3e3ba46e-6dd4-453c-bcd5-ec438798b22b" testListId="8c84fa94-04c1-424b-9868-57a2d4851a1d" />
    <TestEntry testId="32d23913-e0eb-f423-db1e-b5aca3460cbd" executionId="f0f81b1c-55bc-417c-b5f1-d8807abc0b2a" testListId="8c84fa94-04c1-424b-9868-57a2d4851a1d" />
    <TestEntry testId="5e697a34-5feb-b8b7-467f-c572907d5e77" executionId="866a5c2b-a7cf-41eb-ba0d-27a77ba8bd72" testListId="8c84fa94-04c1-424b-9868-57a2d4851a1d" />
    <TestEntry testId="59b1f1ab-1adf-f8fd-a921-fdbfb6e39d37" executionId="26293220-dc5b-4f71-aa49-104f1fb26612" testListId="8c84fa94-04c1-424b-9868-57a2d4851a1d" />
    <TestEntry testId="de073e7d-a193-c53d-a2eb-7c4fa70a608d" executionId="5c15145a-442c-4260-bf13-5ea99039e0ec" testListId="8c84fa94-04c1-424b-9868-57a2d4851a1d" />
    <TestEntry testId="d5961d76-f07d-316b-6131-2d4e02218efa" executionId="518ab90c-4504-4c77-9860-1464d9814aa0" testListId="8c84fa94-04c1-424b-9868-57a2d4851a1d" />
    <TestEntry testId="0c71aeed-e8bb-35c0-17ed-33080286e465" executionId="ebce02e0-0752-40bb-818b-0680193cf9b2" testListId="8c84fa94-04c1-424b-9868-57a2d4851a1d" />
    <TestEntry testId="3be312c5-71b6-f5cd-7a8f-cf95889ce0a1" executionId="117c03a7-83ee-4cab-ad91-c228c29788cc" testListId="8c84fa94-04c1-424b-9868-57a2d4851a1d" />
    <TestEntry testId="4c5c5aaf-89fa-0e76-a687-ae1bf6dd2394" executionId="44f7b0d1-5dd3-43b7-864a-bfb2db629f5f" testListId="8c84fa94-04c1-424b-9868-57a2d4851a1d" />
    <TestEntry testId="4c947eeb-8d67-de99-1bdb-782ec5c2debe" executionId="6934e343-cb9b-47cd-a8db-d4da2b2f934b" testListId="8c84fa94-04c1-424b-9868-57a2d4851a1d" />
    <TestEntry testId="a1ef1fbe-1a52-32d6-1c97-d2e039e9b00b" executionId="ae9a813b-c2e5-4e67-9aae-a98592f98405" testListId="8c84fa94-04c1-424b-9868-57a2d4851a1d" />
    <TestEntry testId="a588d776-4767-2728-8e09-1ad22e0f56d0" executionId="7d661f3a-721e-4601-9cbe-9aee196c110c" testListId="8c84fa94-04c1-424b-9868-57a2d4851a1d" />
    <TestEntry testId="f3eaae59-a205-0fbe-1b50-2d7f737f2f95" executionId="0a4f1396-9aa1-4aa8-8f15-3d97fef661cf" testListId="8c84fa94-04c1-424b-9868-57a2d4851a1d" />
    <TestEntry testId="2357a1fc-6431-bcdd-6a17-5836a817bf41" executionId="92fedecf-9718-44a5-9932-0a7eee6351bd" testListId="8c84fa94-04c1-424b-9868-57a2d4851a1d" />
    <TestEntry testId="cbe120a0-e3cf-af5a-5d75-53c1d3041526" executionId="f4053d51-b6f8-4e38-844c-e8226c89a2b2" testListId="8c84fa94-04c1-424b-9868-57a2d4851a1d" />
    <TestEntry testId="9a4789b9-6d98-da6c-f097-840621dbee28" executionId="964a95d9-1069-41b5-9931-23041780ac1d" testListId="8c84fa94-04c1-424b-9868-57a2d4851a1d" />
    <TestEntry testId="03f0056c-f816-8564-8347-54c829e4776d" executionId="4a0abc14-ab9e-4ebe-9e0e-0a65b2d6f6ab" testListId="8c84fa94-04c1-424b-9868-57a2d4851a1d" />
    <TestEntry testId="ff81e3c9-5e72-4d53-adff-7890ea508ee7" executionId="b89fc05b-b46d-4939-beb6-021d86f8eab7" testListId="8c84fa94-04c1-424b-9868-57a2d4851a1d" />
    <TestEntry testId="62200142-53d5-98c0-3e5e-ab36eff655dc" executionId="0f8249c4-8b8f-4d28-a6c1-f56013e27f54" testListId="8c84fa94-04c1-424b-9868-57a2d4851a1d" />
    <TestEntry testId="82ada769-d719-205e-8499-f192b8c3743a" executionId="6c246290-b674-4baa-a94d-0f568385e4e4" testListId="8c84fa94-04c1-424b-9868-57a2d4851a1d" />
    <TestEntry testId="484cbf50-ecd7-4645-a661-24feb370a609" executionId="42e6e572-004b-47f3-a562-79f99ce35b4d" testListId="8c84fa94-04c1-424b-9868-57a2d4851a1d" />
    <TestEntry testId="cc87de05-4116-e6de-b065-1f3718b9f662" executionId="976d58b2-0c10-45e1-9719-682262e0e841" testListId="8c84fa94-04c1-424b-9868-57a2d4851a1d" />
    <TestEntry testId="e13d2b60-6f38-76a7-22fb-55bff50410cf" executionId="0c4dd04b-b98e-42fa-8e4c-73ef6d1a81e1" testListId="8c84fa94-04c1-424b-9868-57a2d4851a1d" />
    <TestEntry testId="e7c2819e-3a37-4003-0302-24269dad5e7f" executionId="edc2ad96-7e44-4497-ba55-25325daa0f4d" testListId="8c84fa94-04c1-424b-9868-57a2d4851a1d" />
    <TestEntry testId="3b65b6ec-982c-f935-8dfc-6912331fb82d" executionId="0df6ff5c-b9e9-49b6-be5f-1cdcdb8975d8" testListId="8c84fa94-04c1-424b-9868-57a2d4851a1d" />
    <TestEntry testId="63002c88-b404-3b3d-751c-11ece156d2c1" executionId="09343bf3-b8af-4da7-a27f-ebdff7522a43" testListId="8c84fa94-04c1-424b-9868-57a2d4851a1d" />
    <TestEntry testId="e12c0c4e-e49a-b095-e65d-1a2a60064158" executionId="15d2597a-8ad8-468f-ad96-829d307d5f58" testListId="8c84fa94-04c1-424b-9868-57a2d4851a1d" />
    <TestEntry testId="05700538-e7ef-1b4d-f64b-aab90eaa133b" executionId="34398f5d-36c6-4dec-8dea-868764e08a7b" testListId="8c84fa94-04c1-424b-9868-57a2d4851a1d" />
    <TestEntry testId="f0cff5f5-5d6f-7089-e325-fc4c3c059ed2" executionId="e6e03027-e72c-4682-9027-b8d31750b9da" testListId="8c84fa94-04c1-424b-9868-57a2d4851a1d" />
    <TestEntry testId="6db0737b-448c-cb3b-ecac-bfdffbc8f1d8" executionId="c39059a0-9f4b-4f32-9ef6-09774b7fe395" testListId="8c84fa94-04c1-424b-9868-57a2d4851a1d" />
    <TestEntry testId="9ad12393-86c9-c686-53e0-3f0798e81676" executionId="4fd20ac2-0001-47e8-8295-2a2b61371ae1" testListId="8c84fa94-04c1-424b-9868-57a2d4851a1d" />
    <TestEntry testId="89a4b088-2107-91b2-e3e0-c95967321c2c" executionId="6a366a1c-9dfc-4c9b-95ae-0822ca4c0b95" testListId="8c84fa94-04c1-424b-9868-57a2d4851a1d" />
    <TestEntry testId="432720a6-8b72-2d99-b24d-94227436d3d7" executionId="d1535e08-955d-476e-b433-eef6d46c20d3" testListId="8c84fa94-04c1-424b-9868-57a2d4851a1d" />
    <TestEntry testId="aeb94590-b822-5c31-2911-794acbd2d751" executionId="4a2c57a0-3490-4d53-a76c-27a262d0c554" testListId="8c84fa94-04c1-424b-9868-57a2d4851a1d" />
    <TestEntry testId="0bf0efc2-498c-5d3f-3f09-e98a4fa85111" executionId="05716cf3-86fa-4ca5-8c64-ce7c15beded1" testListId="8c84fa94-04c1-424b-9868-57a2d4851a1d" />
    <TestEntry testId="0eac0058-831d-0535-bfe8-c4664eed5170" executionId="cf154eac-1959-429b-9877-71502d24c3f5" testListId="8c84fa94-04c1-424b-9868-57a2d4851a1d" />
    <TestEntry testId="53387279-68e2-5035-3eed-3a53ee3e6e6d" executionId="6189cd56-d2ae-4326-a9d6-d2156545ce55" testListId="8c84fa94-04c1-424b-9868-57a2d4851a1d" />
    <TestEntry testId="a577ee74-0124-54de-779a-67211d15b4c2" executionId="18ff8db7-efb0-4c08-b848-9b430e17fe8f" testListId="8c84fa94-04c1-424b-9868-57a2d4851a1d" />
    <TestEntry testId="ef4a98b6-a2e3-44b5-41b9-23648b562578" executionId="684698af-7808-47d1-a155-c6a082100332" testListId="8c84fa94-04c1-424b-9868-57a2d4851a1d" />
    <TestEntry testId="7792a0f4-4e50-f490-9af4-4129d33b3131" executionId="0f1f3f8f-9e5c-4b30-bb43-0cf41a2e8c7e" testListId="8c84fa94-04c1-424b-9868-57a2d4851a1d" />
    <TestEntry testId="321fc9d9-8aef-03bb-4d24-3214d583130c" executionId="77cd6483-8d22-4546-bcf4-d75d9450dfd6" testListId="8c84fa94-04c1-424b-9868-57a2d4851a1d" />
    <TestEntry testId="fb09a68b-4ca6-2128-3603-cafb14024879" executionId="06d3d087-14f7-4d83-bafd-f5b7e923f572" testListId="8c84fa94-04c1-424b-9868-57a2d4851a1d" />
    <TestEntry testId="b149021e-39d3-c001-431e-2b2fc0c63cef" executionId="1f44d878-7abc-483f-9cdc-dd9ac71e0c44" testListId="8c84fa94-04c1-424b-9868-57a2d4851a1d" />
    <TestEntry testId="572f9d91-e99c-94a9-4803-f00721986394" executionId="315c72ed-5a1c-4198-828d-420f79edde9f" testListId="8c84fa94-04c1-424b-9868-57a2d4851a1d" />
    <TestEntry testId="7afb76c5-7636-4dae-85ef-e31a2be68269" executionId="f82f42d8-5468-4357-86a7-6e6233722c28" testListId="8c84fa94-04c1-424b-9868-57a2d4851a1d" />
    <TestEntry testId="cc31f154-32a3-e210-dbfd-2d247bb7af67" executionId="ebb7e7b3-abaa-43f6-a4b9-f919d7a68b3d" testListId="8c84fa94-04c1-424b-9868-57a2d4851a1d" />
    <TestEntry testId="0c9fdde5-0556-995b-7bc9-69205017d624" executionId="ae591c5e-74f0-47ed-8af5-5a5f8fbbbbaa" testListId="8c84fa94-04c1-424b-9868-57a2d4851a1d" />
    <TestEntry testId="164c18a4-0606-6d3e-aa97-44275b6a203c" executionId="2dad4a22-f799-4b11-824a-5ac148dd4f53" testListId="8c84fa94-04c1-424b-9868-57a2d4851a1d" />
    <TestEntry testId="abf803c0-cad7-ba2c-25d4-65ab13a3e82a" executionId="34133ddf-e6c0-45c8-929d-e3bd8e46be55" testListId="8c84fa94-04c1-424b-9868-57a2d4851a1d" />
    <TestEntry testId="fe638ba9-b1de-9469-db55-95bf5880355a" executionId="1b8e7994-e3ef-475d-b658-f456d4bc1145" testListId="8c84fa94-04c1-424b-9868-57a2d4851a1d" />
    <TestEntry testId="174b15c2-bfba-e6c0-8069-2b209d6bda86" executionId="e9c3daf1-e029-4dd6-b429-732ef6f226d5" testListId="8c84fa94-04c1-424b-9868-57a2d4851a1d" />
    <TestEntry testId="b5f3f8db-e55c-694a-0f9d-7d0d92c38d1a" executionId="349718b0-4a48-4606-8dc6-23a19d46e203" testListId="8c84fa94-04c1-424b-9868-57a2d4851a1d" />
    <TestEntry testId="aafe1b8c-b873-6bc2-9754-45a35be69d71" executionId="f3075b59-ecfd-4245-9b89-4873b98adab8" testListId="8c84fa94-04c1-424b-9868-57a2d4851a1d" />
    <TestEntry testId="6ced4762-38c3-a1ee-04a0-9d40fc23a339" executionId="7a02d8dd-22a6-4436-b6e8-ec246291de17" testListId="8c84fa94-04c1-424b-9868-57a2d4851a1d" />
    <TestEntry testId="07e86220-6187-ea1b-88a2-f29e58726f93" executionId="9923bb26-0007-48fa-acc9-9e9e3639ffdc" testListId="8c84fa94-04c1-424b-9868-57a2d4851a1d" />
    <TestEntry testId="23923cfb-4370-b582-97c6-760cf5dc9f37" executionId="947bc8f5-1633-4f2a-a383-f5caec4eb279" testListId="8c84fa94-04c1-424b-9868-57a2d4851a1d" />
    <TestEntry testId="923d5a5c-75c8-8802-f83b-15846cc22468" executionId="7edbb0f6-eaf5-4674-8558-63b78c20261c" testListId="8c84fa94-04c1-424b-9868-57a2d4851a1d" />
    <TestEntry testId="1e9dd67f-b29c-0d33-48b7-28c675dd6c82" executionId="8deaa1d3-f8ea-475e-9c68-acaa4d9526ee" testListId="8c84fa94-04c1-424b-9868-57a2d4851a1d" />
    <TestEntry testId="8416b49c-ee62-6a7c-067f-e252e0013c4b" executionId="6e990ae0-5471-4c34-9649-6ef98bdc805a" testListId="8c84fa94-04c1-424b-9868-57a2d4851a1d" />
    <TestEntry testId="e5a20ff2-865c-1e2b-26ab-15e39869e871" executionId="3b5c0b5c-1a95-486a-81d0-0f58638984ef" testListId="8c84fa94-04c1-424b-9868-57a2d4851a1d" />
    <TestEntry testId="6d481a1e-cbde-37c5-3765-bb5eaa8df508" executionId="eb8c5eae-58d5-4cb5-b212-808e24dbef83" testListId="8c84fa94-04c1-424b-9868-57a2d4851a1d" />
    <TestEntry testId="f4934b5e-06a7-41e3-cffc-6f4ec4f8a9db" executionId="bba899ba-f7a3-4bbb-8cfc-c9b9ea8be04f" testListId="8c84fa94-04c1-424b-9868-57a2d4851a1d" />
    <TestEntry testId="f58ae9e9-fbce-c143-0115-015c973ca563" executionId="66b4f3a5-3bdd-402a-b114-2915af586051" testListId="8c84fa94-04c1-424b-9868-57a2d4851a1d" />
    <TestEntry testId="ccbdf1cd-21df-45cd-a3b1-47b9605c4e4f" executionId="8201bcbb-cdf9-4c39-b1af-0375d1ca4c58" testListId="8c84fa94-04c1-424b-9868-57a2d4851a1d" />
    <TestEntry testId="fb6ebddc-df17-4535-8e8e-42f772245c6c" executionId="2138b4d2-5b94-49ba-8e97-7264a7394069" testListId="8c84fa94-04c1-424b-9868-57a2d4851a1d" />
    <TestEntry testId="b9da4fa8-492d-e3f0-b838-e528e7019976" executionId="1d7262e4-2e6c-4491-8b9d-82ae32ac024a" testListId="8c84fa94-04c1-424b-9868-57a2d4851a1d" />
    <TestEntry testId="5ef03bd1-01b7-0b74-d122-8a1bae0345d8" executionId="0126fe95-48ac-4ab0-865b-b0266d004f85" testListId="8c84fa94-04c1-424b-9868-57a2d4851a1d" />
    <TestEntry testId="e05162de-eafd-11d4-d509-74dd9bfdd462" executionId="8fb112a5-fea7-4a44-bf08-fcf1dddb58f4" testListId="8c84fa94-04c1-424b-9868-57a2d4851a1d" />
    <TestEntry testId="a4dd0dca-7c58-cb7e-dd28-b815ad865464" executionId="b80c54c3-6c1e-4116-b6bb-92a1f72ef42e" testListId="8c84fa94-04c1-424b-9868-57a2d4851a1d" />
    <TestEntry testId="85767ed5-a790-b627-bbd2-6d7ce087526b" executionId="2ca78c7e-ac89-4837-8679-bac3c85a5a8f" testListId="8c84fa94-04c1-424b-9868-57a2d4851a1d" />
    <TestEntry testId="d0a21385-78ea-a778-286a-dbb32a284f1d" executionId="5af22d3e-fa47-4ee9-bb4f-9644903e3f43" testListId="8c84fa94-04c1-424b-9868-57a2d4851a1d" />
    <TestEntry testId="6cfadf18-daf2-dd61-5f41-3bf8c742b961" executionId="5f1a1420-52bc-481a-a9dd-9a09469e5bce" testListId="8c84fa94-04c1-424b-9868-57a2d4851a1d" />
    <TestEntry testId="c5f361c0-f4f1-b3e1-1ccb-0986e36c55d5" executionId="0120c070-636b-4e69-b170-abbabf0b4b6f" testListId="8c84fa94-04c1-424b-9868-57a2d4851a1d" />
    <TestEntry testId="3a6538bb-4700-927b-6f5f-b08ea2b6e926" executionId="e0f89aef-f015-4711-87a1-afc5e23b2010" testListId="8c84fa94-04c1-424b-9868-57a2d4851a1d" />
    <TestEntry testId="3c1fbf75-b7c6-484c-a02e-0278c7c0dc88" executionId="e9b6ee38-2298-45be-bf83-3ec69c84f134" testListId="8c84fa94-04c1-424b-9868-57a2d4851a1d" />
    <TestEntry testId="4291a680-4215-022a-9be2-b72df9e0d5bd" executionId="15a52149-17ff-4266-966e-6c017e66bcbb" testListId="8c84fa94-04c1-424b-9868-57a2d4851a1d" />
    <TestEntry testId="ba1376ed-3995-5ad1-96f6-721edcc8f666" executionId="48bace60-b474-41ca-ad5c-0d511f81a243" testListId="8c84fa94-04c1-424b-9868-57a2d4851a1d" />
    <TestEntry testId="72ba6e78-2c2e-ebbf-426f-198d7e58cdb6" executionId="54d43012-af0f-4ffc-932d-f0db25648e67" testListId="8c84fa94-04c1-424b-9868-57a2d4851a1d" />
    <TestEntry testId="2266f79b-1cfa-a203-8741-559d91bedc45" executionId="bb7c49d7-07aa-47a2-a81b-991aa58efb11" testListId="8c84fa94-04c1-424b-9868-57a2d4851a1d" />
    <TestEntry testId="217ba165-72e5-8e24-bee8-20a388a80947" executionId="1a47a263-65a3-407d-aa21-9134af3c0ce7" testListId="8c84fa94-04c1-424b-9868-57a2d4851a1d" />
    <TestEntry testId="d13395ee-a887-4785-39bf-68a6c4cfe260" executionId="4bee3966-7297-4219-a5ef-d9e4b4e1e330" testListId="8c84fa94-04c1-424b-9868-57a2d4851a1d" />
    <TestEntry testId="83d35996-5e2a-1661-47e8-bf95e73a843d" executionId="306d77af-1d18-4362-96f2-016f47387e28" testListId="8c84fa94-04c1-424b-9868-57a2d4851a1d" />
    <TestEntry testId="f8a9ac50-b8d0-3a9b-06b9-2b4d0d004a92" executionId="7bc5ec5f-bd1b-41e4-a528-5b58f569e6fc" testListId="8c84fa94-04c1-424b-9868-57a2d4851a1d" />
    <TestEntry testId="b007755d-b6ec-be7f-14f4-7483937833d3" executionId="68b3ee51-085b-4542-acb0-012b4eb4a7e8" testListId="8c84fa94-04c1-424b-9868-57a2d4851a1d" />
    <TestEntry testId="0b27ca00-4c6a-a4b3-05d2-72fc30526833" executionId="2228d0f8-848d-46b1-9dcc-bc47d573c549" testListId="8c84fa94-04c1-424b-9868-57a2d4851a1d" />
    <TestEntry testId="7cb50acb-6a18-932c-89bf-fca650c57152" executionId="5f75e1ae-38a8-4bf8-bdb0-66178531fa11" testListId="8c84fa94-04c1-424b-9868-57a2d4851a1d" />
    <TestEntry testId="ae75fef3-16b9-c89c-ea98-521a3455988f" executionId="7631f507-8895-49ff-9930-223e5994e811" testListId="8c84fa94-04c1-424b-9868-57a2d4851a1d" />
    <TestEntry testId="a52e93d5-489c-4a5d-c4db-abc115ab0bd1" executionId="648cf8a1-5de2-4098-ba0b-e7ec68e56c29" testListId="8c84fa94-04c1-424b-9868-57a2d4851a1d" />
    <TestEntry testId="13aa2f7a-6995-c5e4-39a5-c60145ba1805" executionId="caac74e0-7be5-4932-9896-d7dabf82e74b" testListId="8c84fa94-04c1-424b-9868-57a2d4851a1d" />
    <TestEntry testId="2a725422-4ccd-6e78-641c-e027c123ec59" executionId="0730e635-6cea-49d6-a8b9-842bf997a373" testListId="8c84fa94-04c1-424b-9868-57a2d4851a1d" />
    <TestEntry testId="adce549b-7945-b7f0-fb7b-9bcd0fb2c2b8" executionId="74beb205-a0d0-4089-ae58-691f60de69a4" testListId="8c84fa94-04c1-424b-9868-57a2d4851a1d" />
    <TestEntry testId="59781e44-a96e-c35c-73eb-b51921915d45" executionId="4d5d1a04-2708-4bfe-98c4-d990b632dd3e" testListId="8c84fa94-04c1-424b-9868-57a2d4851a1d" />
    <TestEntry testId="d16ab512-94be-0ffe-7432-7077ed0c38da" executionId="232d95c7-02a5-4756-8dc8-af01bc4057c3" testListId="8c84fa94-04c1-424b-9868-57a2d4851a1d" />
    <TestEntry testId="8db7ccac-b2ee-ec5b-c7f3-e310b23b9d3c" executionId="952b6c54-6dca-4117-8b84-a85fd9474493" testListId="8c84fa94-04c1-424b-9868-57a2d4851a1d" />
    <TestEntry testId="690d5bf5-7aee-2264-2c31-b5d10f3568df" executionId="e0684b9e-ba3a-4527-9e24-9f2c4f1ad9f6" testListId="8c84fa94-04c1-424b-9868-57a2d4851a1d" />
    <TestEntry testId="275a6281-4309-e34b-6a5d-f583c7f5f931" executionId="d3099433-3acf-4e51-8729-f0793c60b7d8" testListId="8c84fa94-04c1-424b-9868-57a2d4851a1d" />
    <TestEntry testId="927b6041-b7b9-001b-7a9c-0b6ce086457e" executionId="3894532c-6d6f-4ab1-935c-f0a310a1c963" testListId="8c84fa94-04c1-424b-9868-57a2d4851a1d" />
    <TestEntry testId="5a204b74-55df-06f7-3b8c-75de7795e6b5" executionId="01860d48-b3dd-4414-b9eb-c91818ab02cf" testListId="8c84fa94-04c1-424b-9868-57a2d4851a1d" />
    <TestEntry testId="c69fc352-97e7-d1c9-728f-cf4b289446be" executionId="2bb21409-689f-4f90-80cd-f61d2707dad6" testListId="8c84fa94-04c1-424b-9868-57a2d4851a1d" />
    <TestEntry testId="5b014e58-bad5-50ce-49bf-4fc48d519e12" executionId="f6d48587-c1f0-42b8-858b-758dd8359cfd" testListId="8c84fa94-04c1-424b-9868-57a2d4851a1d" />
    <TestEntry testId="1acaa84a-2fa9-64c3-54af-f06d9dfe4fd8" executionId="73f706ac-8ae8-4237-8a08-c69468f50783" testListId="8c84fa94-04c1-424b-9868-57a2d4851a1d" />
    <TestEntry testId="4e74f138-dc80-8cb5-336d-ae7166655e1b" executionId="6d774337-5af8-4a5a-9e57-a5fc368588e8" testListId="8c84fa94-04c1-424b-9868-57a2d4851a1d" />
  </TestEntries>
  <TestLists>
    <TestList name="Results Not in a List" id="8c84fa94-04c1-424b-9868-57a2d4851a1d" />
    <TestList name="All Loaded Results" id="19431567-8539-422a-85d7-44ee4e166bda" />
  </TestLists>
  <ResultSummary outcome="Completed">
    <Counters total="343" executed="343" passed="343" failed="0" error="0" timeout="0" aborted="0" inconclusive="0" passedButRunAborted="0" notRunnable="0" notExecuted="0" disconnected="0" warning="0" completed="0" inProgress="0" pending="0" />
    <Output>
      <StdOut>Test Parallelization enabled for C:\Users\Ricardo\Documents\Iris\tests\Iris.Tests\bin\Debug\net10.0-windows\Iris.Tests.dll (Workers: 12, Scope: MethodLevel)&#xD;
</StdOut>
    </Output>
  </ResultSummary>
</TestRun>