<?xml version="1.0" encoding="utf-8"?>
<TestRun id="e12ac1f6-8af4-4322-acf1-dd23f6d17289" name="Ricardo@DESKTOP-R345UFQ 2026-08-25 07:44:40" runUser="DESKTOP-R345UFQ\Ricardo" xmlns="http://microsoft.com/schemas/VisualStudio/TeamTest/2010">
  <Times creation="2026-08-25T07:44:40.8715882-03:00" queuing="2026-08-25T07:44:40.8715884-03:00" start="2026-08-25T07:44:39.5191676-03:00" finish="2026-08-25T07:45:12.3755357-03:00" />
  <TestSettings name="default" id="303cac6f-10c5-4606-a344-fa4e3488168e">
    <Deployment runDeploymentRoot="Ricardo_DESKTOP-R345UFQ_2026-08-25_07_44_40" />
  </TestSettings>
  <Results>
    <UnitTestResult executionId="7cc2ae0e-98fd-470b-8de7-37e69b6efbbd" testId="c27196c3-eef1-6b30-1af6-8d58524247b5" testName="Desconhecido_e_Unexpected" computerName="DESKTOP-R345UFQ" duration="00:00:00.0002464" startTime="2026-08-25T07:44:41.8069317-03:00" endTime="2026-08-25T07:44:41.8073230-03:00" testType="13cdc9d9-ddb5-4fa4-a97d-d965ccfc6d4b" outcome="Passed" testListId="8c84fa94-04c1-424b-9868-57a2d4851a1d" relativeResultsDirectory="7cc2ae0e-98fd-470b-8de7-37e69b6efbbd" />
    <UnitTestResult executionId="7061a0da-9002-4fa8-9586-aacd5e66e3d7" testId="49da835a-a074-d66b-0b2f-a1625caa53a3" testName="Com_cutoff_explicito_vira_nao_observavel" computerName="DESKTOP-R345UFQ" duration="00:00:00.0003145" startTime="2026-08-25T07:44:43.4580421-03:00" endTime="2026-08-25T07:44:43.4585692-03:00" testType="13cdc9d9-ddb5-4fa4-a97d-d965ccfc6d4b" outcome="Passed" testListId="8c84fa94-04c1-424b-9868-57a2d4851a1d" relativeResultsDirectory="7061a0da-9002-4fa8-9586-aacd5e66e3d7" />
    <UnitTestResult executionId="c96fbe8d-ae57-46c3-a5e6-4aa95e492141" testId="fbb80a7c-0d0e-d05b-0e75-bbfc0f76f3dc" testName="A_negacao_nomeia_a_lacuna" computerName="DESKTOP-R345UFQ" duration="00:00:00.0003280" startTime="2026-08-25T07:44:41.7485796-03:00" endTime="2026-08-25T07:44:41.7490316-03:00" testType="13cdc9d9-ddb5-4fa4-a97d-d965ccfc6d4b" outcome="Passed" testListId="8c84fa94-04c1-424b-9868-57a2d4851a1d" relativeResultsDirectory="c96fbe8d-ae57-46c3-a5e6-4aa95e492141" />
    <UnitTestResult executionId="0e310606-29dd-4b7e-89d7-c69c20694af7" testId="03627854-51c3-1ac3-58e4-6d1693a24ba2" testName="S1_recusa_geracao_que_nao_diz_o_que_cobriu" computerName="DESKTOP-R345UFQ" duration="00:00:00.0003742" startTime="2026-08-25T07:44:43.5387303-03:00" endTime="2026-08-25T07:44:43.5393396-03:00" testType="13cdc9d9-ddb5-4fa4-a97d-d965ccfc6d4b" outcome="Passed" testListId="8c84fa94-04c1-424b-9868-57a2d4851a1d" relativeResultsDirectory="0e310606-29dd-4b7e-89d7-c69c20694af7" />
    <UnitTestResult executionId="6b864975-5ad0-47e1-bfe2-c2d6ae7c077d" testId="7d96fd79-cbbc-e049-ee44-c9f799dd7da4" testName="Recusa_da_fonte_preserva_o_ErrorKind (NotConnected)" computerName="DESKTOP-R345UFQ" duration="00:00:00.0257726" startTime="2026-08-25T07:44:41.0411264-03:00" endTime="2026-08-25T07:44:41.0746978-03:00" testType="13cdc9d9-ddb5-4fa4-a97d-d965ccfc6d4b" outcome="Passed" testListId="8c84fa94-04c1-424b-9868-57a2d4851a1d" relativeResultsDirectory="6b864975-5ad0-47e1-bfe2-c2d6ae7c077d" />
    <UnitTestResult executionId="66f3b380-8dea-4433-b827-a82865eb33ec" testId="72ba6e78-2c2e-ebbf-426f-198d7e58cdb6" testName="I3_recusa_aresta_que_nao_pode_ser_retratada" computerName="DESKTOP-R345UFQ" duration="00:00:00.0006950" startTime="2026-08-25T07:44:43.5329632-03:00" endTime="2026-08-25T07:44:43.5338011-03:00" testType="13cdc9d9-ddb5-4fa4-a97d-d965ccfc6d4b" outcome="Passed" testListId="8c84fa94-04c1-424b-9868-57a2d4851a1d" relativeResultsDirectory="66f3b380-8dea-4433-b827-a82865eb33ec" />
    <UnitTestResult executionId="089edd98-dfef-4df0-8767-c444978e7604" testId="19dc2c8d-9582-f9d1-6f02-93d576314d0c" testName="Tres_tentativas_e_a_quarta_degrada" computerName="DESKTOP-R345UFQ" duration="00:00:00.0021749" startTime="2026-08-25T07:44:43.5011521-03:00" endTime="2026-08-25T07:44:43.5036428-03:00" testType="13cdc9d9-ddb5-4fa4-a97d-d965ccfc6d4b" outcome="Passed" testListId="8c84fa94-04c1-424b-9868-57a2d4851a1d" relativeResultsDirectory="089edd98-dfef-4df0-8767-c444978e7604" />
    <UnitTestResult executionId="dbdc252e-8a08-42a1-91c8-3d5d0183cdf0" testId="57b9fda5-2c30-5fbc-cef2-66810a94ac59" testName="Presenca_e_observabilidade_sao_independentes" computerName="DESKTOP-R345UFQ" duration="00:00:00.0003783" startTime="2026-08-25T07:44:43.4591005-03:00" endTime="2026-08-25T07:44:43.4596672-03:00" testType="13cdc9d9-ddb5-4fa4-a97d-d965ccfc6d4b" outcome="Passed" testListId="8c84fa94-04c1-424b-9868-57a2d4851a1d" relativeResultsDirectory="dbdc252e-8a08-42a1-91c8-3d5d0183cdf0" />
    <UnitTestResult executionId="1ca4942e-bf1c-443d-aaa5-b50953f659d8" testId="99dfdef0-2a7e-c5e0-0757-c7a03c4dc14e" testName="Anexar_e_conferir_ao_mesmo_tempo_nao_disputam_a_chave" computerName="DESKTOP-R345UFQ" duration="00:00:00.0110764" startTime="2026-08-25T07:44:41.1782161-03:00" endTime="2026-08-25T07:44:41.1969912-03:00" testType="13cdc9d9-ddb5-4fa4-a97d-d965ccfc6d4b" outcome="Passed" testListId="8c84fa94-04c1-424b-9868-57a2d4851a1d" relativeResultsDirectory="1ca4942e-bf1c-443d-aaa5-b50953f659d8" />
    <UnitTestResult executionId="3e130fa3-59de-494f-a58f-2d8702e18e2b" testId="2266f79b-1cfa-a203-8741-559d91bedc45" testName="Toda_rejeicao_descarta_a_tentativa_no_destino" computerName="DESKTOP-R345UFQ" duration="00:00:00.0018371" startTime="2026-08-25T07:44:43.6021786-03:00" endTime="2026-08-25T07:44:43.6042044-03:00" testType="13cdc9d9-ddb5-4fa4-a97d-d965ccfc6d4b" outcome="Passed" testListId="8c84fa94-04c1-424b-9868-57a2d4851a1d" relativeResultsDirectory="3e130fa3-59de-494f-a58f-2d8702e18e2b" />
    <UnitTestResult executionId="05530930-76a4-4f60-8592-8d3ef6a33d97" testId="5af8bdf2-ea3c-7672-115a-9485b038a958" testName="Pasta_genuinamente_vazia_PUBLICA" computerName="DESKTOP-R345UFQ" duration="00:00:00.0004442" startTime="2026-08-25T07:44:43.5935485-03:00" endTime="2026-08-25T07:44:43.5946542-03:00" testType="13cdc9d9-ddb5-4fa4-a97d-d965ccfc6d4b" outcome="Passed" testListId="8c84fa94-04c1-424b-9868-57a2d4851a1d" relativeResultsDirectory="05530930-76a4-4f60-8592-8d3ef6a33d97" />
    <UnitTestResult executionId="53a17baa-b9cd-46bd-9ae3-0e0822598889" testId="cb1efdd8-0bf1-50f7-de57-82f03a28a229" testName="Aumentar_a_janela_tambem_exige_reconciliacao" computerName="DESKTOP-R345UFQ" duration="00:00:00.0003604" startTime="2026-08-25T07:44:41.7836229-03:00" endTime="2026-08-25T07:44:41.7842266-03:00" testType="13cdc9d9-ddb5-4fa4-a97d-d965ccfc6d4b" outcome="Passed" testListId="8c84fa94-04c1-424b-9868-57a2d4851a1d" relativeResultsDirectory="53a17baa-b9cd-46bd-9ae3-0e0822598889" />
    <UnitTestResult executionId="b0422f99-f504-441e-b0b9-e30b90699724" testId="ab5e8939-7364-4a4c-a27b-871ade148e3f" testName="Texto_digitado_durante_a_gravacao_nao_se_perde" computerName="DESKTOP-R345UFQ" duration="00:00:00.0699055" startTime="2026-08-25T07:44:41.0762081-03:00" endTime="2026-08-25T07:44:41.1612183-03:00" testType="13cdc9d9-ddb5-4fa4-a97d-d965ccfc6d4b" outcome="Passed" testListId="8c84fa94-04c1-424b-9868-57a2d4851a1d" relativeResultsDirectory="b0422f99-f504-441e-b0b9-e30b90699724" />
    <UnitTestResult executionId="bebbac19-0d45-4796-98d3-e0113ab1ae4a" testId="20182413-6195-1183-2a19-550a895e9898" testName="Evento_isolado_recarrega_apos_o_silencio" computerName="DESKTOP-R345UFQ" duration="00:00:00.0018166" startTime="2026-08-25T07:44:41.7113287-03:00" endTime="2026-08-25T07:44:41.7133482-03:00" testType="13cdc9d9-ddb5-4fa4-a97d-d965ccfc6d4b" outcome="Passed" testListId="8c84fa94-04c1-424b-9868-57a2d4851a1d" relativeResultsDirectory="bebbac19-0d45-4796-98d3-e0113ab1ae4a" />
    <UnitTestResult executionId="590f834c-5159-488d-affc-16d4c30bf1fd" testId="ba1376ed-3995-5ad1-96f6-721edcc8f666" testName="Inconclusivo_deixa_suspeito" computerName="DESKTOP-R345UFQ" duration="00:00:00.0004210" startTime="2026-08-25T07:44:43.4526613-03:00" endTime="2026-08-25T07:44:43.4535089-03:00" testType="13cdc9d9-ddb5-4fa4-a97d-d965ccfc6d4b" outcome="Passed" testListId="8c84fa94-04c1-424b-9868-57a2d4851a1d" relativeResultsDirectory="590f834c-5159-488d-affc-16d4c30bf1fd" />
    <UnitTestResult executionId="d221bcaa-4ce7-48de-9f79-4a754c60130c" testId="0c9fdde5-0556-995b-7bc9-69205017d624" testName="Provider_desconhecido_degrada" computerName="DESKTOP-R345UFQ" duration="00:00:00.0005225" startTime="2026-08-25T07:44:41.7783807-03:00" endTime="2026-08-25T07:44:41.7792615-03:00" testType="13cdc9d9-ddb5-4fa4-a97d-d965ccfc6d4b" outcome="Passed" testListId="8c84fa94-04c1-424b-9868-57a2d4851a1d" relativeResultsDirectory="d221bcaa-4ce7-48de-9f79-4a754c60130c" />
    <UnitTestResult executionId="7f4ff5f3-f73d-4439-a598-4ad34e138ad1" testId="de073e7d-a193-c53d-a2eb-7c4fa70a608d" testName="Salvar_e_fechar_que_falha_volta_a_editar" computerName="DESKTOP-R345UFQ" duration="00:00:00.0044543" startTime="2026-08-25T07:44:41.1948944-03:00" endTime="2026-08-25T07:44:41.2022150-03:00" testType="13cdc9d9-ddb5-4fa4-a97d-d965ccfc6d4b" outcome="Passed" testListId="8c84fa94-04c1-424b-9868-57a2d4851a1d" relativeResultsDirectory="7f4ff5f3-f73d-4439-a598-4ad34e138ad1" />
    <UnitTestResult executionId="7bf6b2ab-e0fc-4d88-914b-00497aee4485" testId="43653a02-8691-9b89-7105-275b076da263" testName="Erro_de_rede_nao_derruba_a_sessao" computerName="DESKTOP-R345UFQ" duration="00:00:00.0001224" startTime="2026-08-25T07:44:41.8081763-03:00" endTime="2026-08-25T07:44:41.8084010-03:00" testType="13cdc9d9-ddb5-4fa4-a97d-d965ccfc6d4b" outcome="Passed" testListId="8c84fa94-04c1-424b-9868-57a2d4851a1d" relativeResultsDirectory="7bf6b2ab-e0fc-4d88-914b-00497aee4485" />
    <UnitTestResult executionId="5c610efd-0507-4e4c-8303-0acacd235d52" testId="c9c3c465-2553-1cda-d221-59fd0f8fb4d6" testName="Fronteira_inclusiva_trava_quando_o_grupo_e_maior_que_a_pagina" computerName="DESKTOP-R345UFQ" duration="00:00:00.0007918" startTime="2026-08-25T07:44:41.6864542-03:00" endTime="2026-08-25T07:44:41.6874629-03:00" testType="13cdc9d9-ddb5-4fa4-a97d-d965ccfc6d4b" outcome="Passed" testListId="8c84fa94-04c1-424b-9868-57a2d4851a1d" relativeResultsDirectory="5c610efd-0507-4e4c-8303-0acacd235d52" />
    <UnitTestResult executionId="c98bfd63-9308-4e3a-a4d2-9c913dad41da" testId="e12c0c4e-e49a-b095-e65d-1a2a60064158" testName="S3_recusa_indice_unico_que_proibe_sobreposicao" computerName="DESKTOP-R345UFQ" duration="00:00:00.0144529" startTime="2026-08-25T07:44:43.5428192-03:00" endTime="2026-08-25T07:44:43.5575474-03:00" testType="13cdc9d9-ddb5-4fa4-a97d-d965ccfc6d4b" outcome="Passed" testListId="8c84fa94-04c1-424b-9868-57a2d4851a1d" relativeResultsDirectory="c98bfd63-9308-4e3a-a4d2-9c913dad41da" />
    <UnitTestResult executionId="077906d5-2380-409a-ac05-22172a0aefba" testId="0b27ca00-4c6a-a4b3-05d2-72fc30526833" testName="Conferir_o_envio_grava_o_que_esta_na_tela_antes_de_perguntar" computerName="DESKTOP-R345UFQ" duration="00:00:00.0648515" startTime="2026-08-25T07:44:41.0765805-03:00" endTime="2026-08-25T07:44:41.1491721-03:00" testType="13cdc9d9-ddb5-4fa4-a97d-d965ccfc6d4b" outcome="Passed" testListId="8c84fa94-04c1-424b-9868-57a2d4851a1d" relativeResultsDirectory="077906d5-2380-409a-ac05-22172a0aefba" />
    <UnitTestResult executionId="a7cc62c2-d169-44d3-8074-d9844fb76bec" testId="2acb05f0-34be-a7da-f2c0-c8485a88f06a" testName="Retomar_com_epoca_diferente_abandona" computerName="DESKTOP-R345UFQ" duration="00:00:00.0013632" startTime="2026-08-25T07:44:43.5758993-03:00" endTime="2026-08-25T07:44:43.5775411-03:00" testType="13cdc9d9-ddb5-4fa4-a97d-d965ccfc6d4b" outcome="Passed" testListId="8c84fa94-04c1-424b-9868-57a2d4851a1d" relativeResultsDirectory="a7cc62c2-d169-44d3-8074-d9844fb76bec" />
    <UnitTestResult executionId="f6643709-aabd-43b7-b679-9ac4c93cba66" testId="0af81ca1-9ab5-3e43-3e20-043f78728f90" testName="Ambiguo_nunca_e_retentavel" computerName="DESKTOP-R345UFQ" duration="00:00:00.0003943" startTime="2026-08-25T07:44:41.8027273-03:00" endTime="2026-08-25T07:44:41.8032980-03:00" testType="13cdc9d9-ddb5-4fa4-a97d-d965ccfc6d4b" outcome="Passed" testListId="8c84fa94-04c1-424b-9868-57a2d4851a1d" relativeResultsDirectory="f6643709-aabd-43b7-b679-9ac4c93cba66" />
    <UnitTestResult executionId="3047a6cc-b3e5-47ae-9203-2f44efef06ea" testId="4e28a7d9-7d6e-3b20-f4c4-40274394e438" testName="A_maquina_realmente_publica_alguma_coisa" computerName="DESKTOP-R345UFQ" duration="00:00:00.0017683" startTime="2026-08-25T07:44:43.5654176-03:00" endTime="2026-08-25T07:44:43.5673713-03:00" testType="13cdc9d9-ddb5-4fa4-a97d-d965ccfc6d4b" outcome="Passed" testListId="8c84fa94-04c1-424b-9868-57a2d4851a1d" relativeResultsDirectory="3047a6cc-b3e5-47ae-9203-2f44efef06ea" />
    <UnitTestResult executionId="0af51a84-f5e5-41ba-89c8-18598ad99515" testId="ac3b587b-3632-1036-3446-87beb61bb79a" testName="Descarte_declarado_fecha_a_conta_do_S6" computerName="DESKTOP-R345UFQ" duration="00:00:00.0032486" startTime="2026-08-25T07:44:43.5880825-03:00" endTime="2026-08-25T07:44:43.5923825-03:00" testType="13cdc9d9-ddb5-4fa4-a97d-d965ccfc6d4b" outcome="Passed" testListId="8c84fa94-04c1-424b-9868-57a2d4851a1d" relativeResultsDirectory="0af51a84-f5e5-41ba-89c8-18598ad99515" />
    <UnitTestResult executionId="6c831941-501f-44db-b634-7d7c962de009" testId="64c08946-fba9-3d63-2f9a-9f92ff2061c6" testName="Antes_do_backoff_nao_tenta" computerName="DESKTOP-R345UFQ" duration="00:00:00.0030278" startTime="2026-08-25T07:44:43.5089029-03:00" endTime="2026-08-25T07:44:43.5124369-03:00" testType="13cdc9d9-ddb5-4fa4-a97d-d965ccfc6d4b" outcome="Passed" testListId="8c84fa94-04c1-424b-9868-57a2d4851a1d" relativeResultsDirectory="6c831941-501f-44db-b634-7d7c962de009" />
    <UnitTestResult executionId="280b9566-6bac-48eb-823e-76a967c78b85" testId="29f8e553-1bbf-dd5b-9f6f-7c0fbba69fc2" testName="Anexar_instala_a_chave_nova_do_rascunho" computerName="DESKTOP-R345UFQ" duration="00:00:00.0768091" startTime="2026-08-25T07:44:41.1492744-03:00" endTime="2026-08-25T07:44:41.2336901-03:00" testType="13cdc9d9-ddb5-4fa4-a97d-d965ccfc6d4b" outcome="Passed" testListId="8c84fa94-04c1-424b-9868-57a2d4851a1d" relativeResultsDirectory="280b9566-6bac-48eb-823e-76a967c78b85" />
    <UnitTestResult executionId="ecec8ac8-3d7d-4096-ac6d-385a12c73f5b" testId="cc9414e0-f04e-9f83-c71f-4cb7ae9caeba" testName="Ordenar_por_generation_key_aprovaria_a_velha" computerName="DESKTOP-R345UFQ" duration="00:00:00.1175873" startTime="2026-08-25T07:44:41.5935040-03:00" endTime="2026-08-25T07:44:41.7112753-03:00" testType="13cdc9d9-ddb5-4fa4-a97d-d965ccfc6d4b" outcome="Passed" testListId="8c84fa94-04c1-424b-9868-57a2d4851a1d" relativeResultsDirectory="ecec8ac8-3d7d-4096-ac6d-385a12c73f5b" />
    <UnitTestResult executionId="3e7d5630-d9e6-4e13-a6f0-9f583205639f" testId="690d5bf5-7aee-2264-2c31-b5d10f3568df" testName="Pagina_nula_FALHA" computerName="DESKTOP-R345UFQ" duration="00:00:00.0004028" startTime="2026-08-25T07:44:43.5978686-03:00" endTime="2026-08-25T07:44:43.5985462-03:00" testType="13cdc9d9-ddb5-4fa4-a97d-d965ccfc6d4b" outcome="Passed" testListId="8c84fa94-04c1-424b-9868-57a2d4851a1d" relativeResultsDirectory="3e7d5630-d9e6-4e13-a6f0-9f583205639f" />
    <UnitTestResult executionId="fbd0ab38-f8b1-4d1e-a255-75b62ac92d1b" testId="d843f591-b7ff-d710-43d8-67eee6bdcec7" testName="O_ambiente_do_usuario_esta_reconhecido" computerName="DESKTOP-R345UFQ" duration="00:00:00.0028499" startTime="2026-08-25T07:44:41.7429171-03:00" endTime="2026-08-25T07:44:41.7462335-03:00" testType="13cdc9d9-ddb5-4fa4-a97d-d965ccfc6d4b" outcome="Passed" testListId="8c84fa94-04c1-424b-9868-57a2d4851a1d" relativeResultsDirectory="fbd0ab38-f8b1-4d1e-a255-75b62ac92d1b" />
    <UnitTestResult executionId="6344ad36-1b44-4ed3-a25b-20242c58ecef" testId="0f809167-04b0-cfa1-cab0-f7ef3ab77b47" testName="Epoca_mudou_durante_a_varredura_RECUSA_publicar" computerName="DESKTOP-R345UFQ" duration="00:00:00.0007168" startTime="2026-08-25T07:44:43.6017796-03:00" endTime="2026-08-25T07:44:43.6033974-03:00" testType="13cdc9d9-ddb5-4fa4-a97d-d965ccfc6d4b" outcome="Passed" testListId="8c84fa94-04c1-424b-9868-57a2d4851a1d" relativeResultsDirectory="6344ad36-1b44-4ed3-a25b-20242c58ecef" />
    <UnitTestResult executionId="9f8b32e8-d3ec-4266-a214-b4e1a285d0ab" testId="89a4b088-2107-91b2-e3e0-c95967321c2c" testName="I4_recusa_aresta_sem_procedencia" computerName="DESKTOP-R345UFQ" duration="00:00:00.0004575" startTime="2026-08-25T07:44:43.5338608-03:00" endTime="2026-08-25T07:44:43.5344658-03:00" testType="13cdc9d9-ddb5-4fa4-a97d-d965ccfc6d4b" outcome="Passed" testListId="8c84fa94-04c1-424b-9868-57a2d4851a1d" relativeResultsDirectory="9f8b32e8-d3ec-4266-a214-b4e1a285d0ab" />
    <UnitTestResult executionId="5b64c466-a557-4eaa-a32e-03a1b991df00" testId="7ea4248f-2298-3c7e-5828-15f33f8224ac" testName="Suspeito_visto_de_novo_volta_a_presente" computerName="DESKTOP-R345UFQ" duration="00:00:00.0001984" startTime="2026-08-25T07:44:43.4413113-03:00" endTime="2026-08-25T07:44:43.4416802-03:00" testType="13cdc9d9-ddb5-4fa4-a97d-d965ccfc6d4b" outcome="Passed" testListId="8c84fa94-04c1-424b-9868-57a2d4851a1d" relativeResultsDirectory="5b64c466-a557-4eaa-a32e-03a1b991df00" />
    <UnitTestResult executionId="3f54406e-1be1-4c4c-b30a-7d22344d9a02" testId="b759dae8-495a-0aef-2e79-85a26e05eb63" testName="D2_recusa_ausencia_de_allowlist" computerName="DESKTOP-R345UFQ" duration="00:00:00.0006379" startTime="2026-08-25T07:44:43.5645133-03:00" endTime="2026-08-25T07:44:43.5653464-03:00" testType="13cdc9d9-ddb5-4fa4-a97d-d965ccfc6d4b" outcome="Passed" testListId="8c84fa94-04c1-424b-9868-57a2d4851a1d" relativeResultsDirectory="3f54406e-1be1-4c4c-b30a-7d22344d9a02" />
    <UnitTestResult executionId="105480ed-008a-468f-b30c-20d7a35ffe21" testId="e59dbf02-600f-9d81-4ecd-d38371e6fdee" testName="Instalado_e_fechado_FALHA_em_vez_de_pular" computerName="DESKTOP-R345UFQ" duration="00:00:00.0004392" startTime="2026-08-25T07:44:41.0576650-03:00" endTime="2026-08-25T07:44:41.0582516-03:00" testType="13cdc9d9-ddb5-4fa4-a97d-d965ccfc6d4b" outcome="Passed" testListId="8c84fa94-04c1-424b-9868-57a2d4851a1d" relativeResultsDirectory="105480ed-008a-468f-b30c-20d7a35ffe21" />
    <UnitTestResult executionId="43bc55e8-9843-4d1b-a800-da52bec7acc0" testId="b583f3da-f308-e5c6-a9ad-186e49b050cb" testName="Responder_traz_destinatario_e_citacao_do_Outlook" computerName="DESKTOP-R345UFQ" duration="00:00:00.0506286" startTime="2026-08-25T07:44:41.0746563-03:00" endTime="2026-08-25T07:44:41.1287610-03:00" testType="13cdc9d9-ddb5-4fa4-a97d-d965ccfc6d4b" outcome="Passed" testListId="8c84fa94-04c1-424b-9868-57a2d4851a1d" relativeResultsDirectory="43bc55e8-9843-4d1b-a800-da52bec7acc0" />
    <UnitTestResult executionId="da6a44e2-ddcf-4443-9d1e-e44721a602fd" testId="7792a0f4-4e50-f490-9af4-4129d33b3131" testName="Ocupado_e_ocupado" computerName="DESKTOP-R345UFQ" duration="00:00:00.0003346" startTime="2026-08-25T07:44:41.8033582-03:00" endTime="2026-08-25T07:44:41.8038504-03:00" testType="13cdc9d9-ddb5-4fa4-a97d-d965ccfc6d4b" outcome="Passed" testListId="8c84fa94-04c1-424b-9868-57a2d4851a1d" relativeResultsDirectory="da6a44e2-ddcf-4443-9d1e-e44721a602fd" />
    <UnitTestResult executionId="162be08d-c3c3-4fed-ab36-991907584902" testId="f0cff5f5-5d6f-7089-e325-fc4c3c059ed2" testName="Vazio_completo_e_diferente_de_vazio_por_falha" computerName="DESKTOP-R345UFQ" duration="00:00:00.0008009" startTime="2026-08-25T07:44:42.9899157-03:00" endTime="2026-08-25T07:44:42.9911255-03:00" testType="13cdc9d9-ddb5-4fa4-a97d-d965ccfc6d4b" outcome="Passed" testListId="8c84fa94-04c1-424b-9868-57a2d4851a1d" relativeResultsDirectory="162be08d-c3c3-4fed-ab36-991907584902" />
    <UnitTestResult executionId="8389d1ce-5960-4f98-8df4-647057da47e1" testId="aeb94590-b822-5c31-2911-794acbd2d751" testName="Cached_sem_janela_VARRE_e_publica_PARCIAL" computerName="DESKTOP-R345UFQ" duration="00:00:00.0081109" startTime="2026-08-25T07:44:43.5809051-03:00" endTime="2026-08-25T07:44:43.5895494-03:00" testType="13cdc9d9-ddb5-4fa4-a97d-d965ccfc6d4b" outcome="Passed" testListId="8c84fa94-04c1-424b-9868-57a2d4851a1d" relativeResultsDirectory="8389d1ce-5960-4f98-8df4-647057da47e1" />
    <UnitTestResult executionId="c26a5267-86d0-4b94-a144-197fb434c233" testId="0173f488-ade3-45a4-47c1-9ac68381f51c" testName="S7_e_independente_do_S6" computerName="DESKTOP-R345UFQ" duration="00:00:00.0005748" startTime="2026-08-25T07:44:43.5585672-03:00" endTime="2026-08-25T07:44:43.5593030-03:00" testType="13cdc9d9-ddb5-4fa4-a97d-d965ccfc6d4b" outcome="Passed" testListId="8c84fa94-04c1-424b-9868-57a2d4851a1d" relativeResultsDirectory="c26a5267-86d0-4b94-a144-197fb434c233" />
    <UnitTestResult executionId="3f0b68b2-4eab-4abb-b899-601fa0abb9ae" testId="26ed3410-36c8-2147-0721-baba9e2fffaf" testName="Grupo_unico_termina_em_uma_abertura" computerName="DESKTOP-R345UFQ" duration="00:00:00.0004082" startTime="2026-08-25T07:44:41.6885474-03:00" endTime="2026-08-25T07:44:41.6890967-03:00" testType="13cdc9d9-ddb5-4fa4-a97d-d965ccfc6d4b" outcome="Passed" testListId="8c84fa94-04c1-424b-9868-57a2d4851a1d" relativeResultsDirectory="3f0b68b2-4eab-4abb-b899-601fa0abb9ae" />
    <UnitTestResult executionId="444c14f5-2b67-4cb0-9773-3fed8f14bb1c" testId="0ed9d784-da42-31ae-7326-9c741d7982f9" testName="Contagem_negativa_e_indisponivel" computerName="DESKTOP-R345UFQ" duration="00:00:00.0002219" startTime="2026-08-25T07:44:43.0069572-03:00" endTime="2026-08-25T07:44:43.0075899-03:00" testType="13cdc9d9-ddb5-4fa4-a97d-d965ccfc6d4b" outcome="Passed" testListId="8c84fa94-04c1-424b-9868-57a2d4851a1d" relativeResultsDirectory="444c14f5-2b67-4cb0-9773-3fed8f14bb1c" />
    <UnitTestResult executionId="0a70b7fa-bec5-4bde-a2cd-b6b2072201ad" testId="6ced4762-38c3-a1ee-04a0-9d40fc23a339" testName="Janela_sempre_pequena_nao_tem_contracao_a_detectar" computerName="DESKTOP-R345UFQ" duration="00:00:00.1881707" startTime="2026-08-25T07:44:41.4050004-03:00" endTime="2026-08-25T07:44:41.5933811-03:00" testType="13cdc9d9-ddb5-4fa4-a97d-d965ccfc6d4b" outcome="Passed" testListId="8c84fa94-04c1-424b-9868-57a2d4851a1d" relativeResultsDirectory="0a70b7fa-bec5-4bde-a2cd-b6b2072201ad" />
    <UnitTestResult executionId="294a1792-392c-4af9-8e07-69cf5121fec4" testId="88e46d67-de0c-f6a0-fe62-cf10fa63e301" testName="Limpar_no_meio_da_rajada_recomeca_a_contagem" computerName="DESKTOP-R345UFQ" duration="00:00:00.0002591" startTime="2026-08-25T07:44:41.7156788-03:00" endTime="2026-08-25T07:44:41.7160431-03:00" testType="13cdc9d9-ddb5-4fa4-a97d-d965ccfc6d4b" outcome="Passed" testListId="8c84fa94-04c1-424b-9868-57a2d4851a1d" relativeResultsDirectory="294a1792-392c-4af9-8e07-69cf5121fec4" />
    <UnitTestResult executionId="bf5c0509-0659-4c09-81f6-cf2da722eff0" testId="99e6706c-5ddf-8a3b-c649-4ba83fd1714f" testName="A_chave_do_rascunho_e_relida_a_cada_gravacao" computerName="DESKTOP-R345UFQ" duration="00:00:00.1074636" startTime="2026-08-25T07:44:41.0762313-03:00" endTime="2026-08-25T07:44:41.1952546-03:00" testType="13cdc9d9-ddb5-4fa4-a97d-d965ccfc6d4b" outcome="Passed" testListId="8c84fa94-04c1-424b-9868-57a2d4851a1d" relativeResultsDirectory="bf5c0509-0659-4c09-81f6-cf2da722eff0" />
    <UnitTestResult executionId="3744f2f3-ebe6-46a6-8fbf-86b1acf8b4d4" testId="ff14ad49-af6c-69fd-8ac7-8725ff5ea539" testName="Controle_a_busca_por_uso_de_tipo_encontra_de_verdade" computerName="DESKTOP-R345UFQ" duration="00:00:00.0035525" startTime="2026-08-25T07:44:40.7921919-03:00" endTime="2026-08-25T07:44:40.7960190-03:00" testType="13cdc9d9-ddb5-4fa4-a97d-d965ccfc6d4b" outcome="Passed" testListId="8c84fa94-04c1-424b-9868-57a2d4851a1d" relativeResultsDirectory="3744f2f3-ebe6-46a6-8fbf-86b1acf8b4d4" />
    <UnitTestResult executionId="9531952f-df6e-470a-8b7c-4ce2eca4e5ac" testId="429e918c-db3d-4e1e-f80d-f363cdcba6c9" testName="Cursor_termina_e_recusa_consulta_trocada" computerName="DESKTOP-R345UFQ" duration="00:00:02.5250570" startTime="2026-08-25T07:44:42.9417398-03:00" endTime="2026-08-25T07:44:45.4671730-03:00" testType="13cdc9d9-ddb5-4fa4-a97d-d965ccfc6d4b" outcome="Passed" testListId="8c84fa94-04c1-424b-9868-57a2d4851a1d" relativeResultsDirectory="9531952f-df6e-470a-8b7c-4ce2eca4e5ac" />
    <UnitTestResult executionId="8df71471-2e64-4149-a1e3-30c778270f09" testId="2f12fc22-160a-2884-d73c-c6ade7378765" testName="Voltar_a_ser_observado_restaura_observavel" computerName="DESKTOP-R345UFQ" duration="00:00:00.0002235" startTime="2026-08-25T07:44:43.4586508-03:00" endTime="2026-08-25T07:44:43.4590350-03:00" testType="13cdc9d9-ddb5-4fa4-a97d-d965ccfc6d4b" outcome="Passed" testListId="8c84fa94-04c1-424b-9868-57a2d4851a1d" relativeResultsDirectory="8df71471-2e64-4149-a1e3-30c778270f09" />
    <UnitTestResult executionId="2fa5af15-5e80-48dc-990f-a630dd101515" testId="d76014c9-f191-842d-67af-81dd26279d80" testName="Morrer_depois_do_commit_deixa_linhas_e_checkpoint_de_acordo" computerName="DESKTOP-R345UFQ" duration="00:00:00.8579508" startTime="2026-08-25T07:44:41.4434621-03:00" endTime="2026-08-25T07:44:42.3021951-03:00" testType="13cdc9d9-ddb5-4fa4-a97d-d965ccfc6d4b" outcome="Passed" testListId="8c84fa94-04c1-424b-9868-57a2d4851a1d" relativeResultsDirectory="2fa5af15-5e80-48dc-990f-a630dd101515" />
    <UnitTestResult executionId="0b3b0928-ca11-4cc5-aef2-0b2a23b3e63d" testId="eca27205-ad5e-d12b-777c-cd334c9d55d1" testName="Sem_drenagem_perde_exatamente_o_resto_do_grupo" computerName="DESKTOP-R345UFQ" duration="00:00:00.0014796" startTime="2026-08-25T07:44:41.6846571-03:00" endTime="2026-08-25T07:44:41.6863461-03:00" testType="13cdc9d9-ddb5-4fa4-a97d-d965ccfc6d4b" outcome="Passed" testListId="8c84fa94-04c1-424b-9868-57a2d4851a1d" relativeResultsDirectory="0b3b0928-ca11-4cc5-aef2-0b2a23b3e63d" />
    <UnitTestResult executionId="f9ec046f-07d1-40a2-a73d-6c3e9820384f" testId="23923cfb-4370-b582-97c6-760cf5dc9f37" testName="S1b_recusa_falta_de_tentativa_staging_ou_log" computerName="DESKTOP-R345UFQ" duration="00:00:00.0012831" startTime="2026-08-25T07:44:43.5608488-03:00" endTime="2026-08-25T07:44:43.5623415-03:00" testType="13cdc9d9-ddb5-4fa4-a97d-d965ccfc6d4b" outcome="Passed" testListId="8c84fa94-04c1-424b-9868-57a2d4851a1d" relativeResultsDirectory="f9ec046f-07d1-40a2-a73d-6c3e9820384f" />
    <UnitTestResult executionId="30822fa5-a727-4c42-acf7-379555f4eb92" testId="f2392300-f018-6dd2-c17b-df1c94446f16" testName="I5_recusa_schema_em_que_ficar_separado_custa_mais" computerName="DESKTOP-R345UFQ" duration="00:00:00.0005199" startTime="2026-08-25T07:44:43.5356961-03:00" endTime="2026-08-25T07:44:43.5364853-03:00" testType="13cdc9d9-ddb5-4fa4-a97d-d965ccfc6d4b" outcome="Passed" testListId="8c84fa94-04c1-424b-9868-57a2d4851a1d" relativeResultsDirectory="30822fa5-a727-4c42-acf7-379555f4eb92" />
    <UnitTestResult executionId="85b0f9b3-6665-4fa5-8e36-7f5d51335bb0" testId="c9ac2725-c63c-55a1-c12a-bcba2d9de6aa" testName="Retomada_nao_duplica_nem_infla_a_contagem" computerName="DESKTOP-R345UFQ" duration="00:00:01.4662972" startTime="2026-08-25T07:44:41.4692351-03:00" endTime="2026-08-25T07:44:42.9359200-03:00" testType="13cdc9d9-ddb5-4fa4-a97d-d965ccfc6d4b" outcome="Passed" testListId="8c84fa94-04c1-424b-9868-57a2d4851a1d" relativeResultsDirectory="85b0f9b3-6665-4fa5-8e36-7f5d51335bb0" />
    <UnitTestResult executionId="c07d971e-610d-4c4e-8bd3-feff53055e39" testId="cc6cc331-0345-b11b-3759-d21226805ecf" testName="Tabela_faltando_e_recusada" computerName="DESKTOP-R345UFQ" duration="00:00:00.2334333" startTime="2026-08-25T07:44:40.8178684-03:00" endTime="2026-08-25T07:44:41.0514471-03:00" testType="13cdc9d9-ddb5-4fa4-a97d-d965ccfc6d4b" outcome="Passed" testListId="8c84fa94-04c1-424b-9868-57a2d4851a1d" relativeResultsDirectory="c07d971e-610d-4c4e-8bd3-feff53055e39" />
    <UnitTestResult executionId="f9df3ca4-6407-4d28-8f56-4762a693a2b0" testId="67dd61fa-ed8e-929a-a41e-9f2856caa650" testName="Excecao_COMUM_da_fonte_chega_SEM_causa" computerName="DESKTOP-R345UFQ" duration="00:00:00.0220007" startTime="2026-08-25T07:44:41.0524930-03:00" endTime="2026-08-25T07:44:41.0746963-03:00" testType="13cdc9d9-ddb5-4fa4-a97d-d965ccfc6d4b" outcome="Passed" testListId="8c84fa94-04c1-424b-9868-57a2d4851a1d" relativeResultsDirectory="f9df3ca4-6407-4d28-8f56-4762a693a2b0" />
    <UnitTestResult executionId="6fc0c312-eb9c-4cff-9846-05983dcd08aa" testId="f58ae9e9-fbce-c143-0115-015c973ca563" testName="Cria_e_reabre_sem_divergencia" computerName="DESKTOP-R345UFQ" duration="00:00:00.2430566" startTime="2026-08-25T07:44:40.7975599-03:00" endTime="2026-08-25T07:44:41.0410205-03:00" testType="13cdc9d9-ddb5-4fa4-a97d-d965ccfc6d4b" outcome="Passed" testListId="8c84fa94-04c1-424b-9868-57a2d4851a1d" relativeResultsDirectory="6fc0c312-eb9c-4cff-9846-05983dcd08aa" />
    <UnitTestResult executionId="97653b8d-90ae-4835-9b8d-dad336ab5a1b" testId="93670a1a-f143-2b8b-8972-795a62b47e82" testName="Republicar_a_mesma_tentativa_e_idempotente" computerName="DESKTOP-R345UFQ" duration="00:00:00.0003664" startTime="2026-08-25T07:44:43.5734204-03:00" endTime="2026-08-25T07:44:43.5739250-03:00" testType="13cdc9d9-ddb5-4fa4-a97d-d965ccfc6d4b" outcome="Passed" testListId="8c84fa94-04c1-424b-9868-57a2d4851a1d" relativeResultsDirectory="97653b8d-90ae-4835-9b8d-dad336ab5a1b" />
    <UnitTestResult executionId="0e324def-c4af-4c1b-b999-8028c5f72fbe" testId="adce549b-7945-b7f0-fb7b-9bcd0fb2c2b8" testName="I2_recusa_estado_do_usuario_preso_a_encarnacao" computerName="DESKTOP-R345UFQ" duration="00:00:00.0009100" startTime="2026-08-25T07:44:43.5252328-03:00" endTime="2026-08-25T07:44:43.5265257-03:00" testType="13cdc9d9-ddb5-4fa4-a97d-d965ccfc6d4b" outcome="Passed" testListId="8c84fa94-04c1-424b-9868-57a2d4851a1d" relativeResultsDirectory="0e324def-c4af-4c1b-b999-8028c5f72fbe" />
    <UnitTestResult executionId="6c9d5923-bef5-4b14-9591-72ace9419434" testId="33574a74-5c8c-bd5f-f515-076138731e13" testName="O_caminho_por_Table_e_bem_mais_rapido" computerName="DESKTOP-R345UFQ" duration="00:00:27.8164859" startTime="2026-08-25T07:44:42.9834951-03:00" endTime="2026-08-25T07:45:10.8002012-03:00" testType="13cdc9d9-ddb5-4fa4-a97d-d965ccfc6d4b" outcome="Passed" testListId="8c84fa94-04c1-424b-9868-57a2d4851a1d" relativeResultsDirectory="6c9d5923-bef5-4b14-9591-72ace9419434">
      <Output>
        <StdOut>itens             : 988&#xD;
Table + cursor    : 4,358 ms em 34 paginas&#xD;
iteracao + offset : 21,295 ms em 34 paginas&#xD;
ganho             : 4.9x&#xD;
drenagem extra    : 3 linhas alem do alvo</StdOut>
      </Output>
    </UnitTestResult>
    <UnitTestResult executionId="1f7ea82f-f864-4fe1-b058-c306f42e1924" testId="340be9a5-b8fb-b152-c5ec-c4b53c083705" testName="Os_reprovados_sao_nomeados" computerName="DESKTOP-R345UFQ" duration="00:00:00.0084911" startTime="2026-08-25T07:44:40.7027234-03:00" endTime="2026-08-25T07:44:40.7660167-03:00" testType="13cdc9d9-ddb5-4fa4-a97d-d965ccfc6d4b" outcome="Passed" testListId="8c84fa94-04c1-424b-9868-57a2d4851a1d" relativeResultsDirectory="1f7ea82f-f864-4fe1-b058-c306f42e1924" />
    <UnitTestResult executionId="c4dd6ce2-0a65-4ee6-b40e-2429520c20f6" testId="46f5bcc6-b08b-a01d-b817-fbbe4edf8719" testName="Contagem_estavel_com_item_faltando_e_incompleta" computerName="DESKTOP-R345UFQ" duration="00:00:00.0003788" startTime="2026-08-25T07:44:43.0037141-03:00" endTime="2026-08-25T07:44:43.0044095-03:00" testType="13cdc9d9-ddb5-4fa4-a97d-d965ccfc6d4b" outcome="Passed" testListId="8c84fa94-04c1-424b-9868-57a2d4851a1d" relativeResultsDirectory="c4dd6ce2-0a65-4ee6-b40e-2429520c20f6" />
    <UnitTestResult executionId="bba6e573-8a1b-42cc-8a1a-d50f901e75bf" testId="5ef03bd1-01b7-0b74-d122-8a1bae0345d8" testName="Destinatario_nao_resolvido_bloqueia_o_envio" computerName="DESKTOP-R345UFQ" duration="00:00:00.0654480" startTime="2026-08-25T07:44:41.0782465-03:00" endTime="2026-08-25T07:44:41.1514238-03:00" testType="13cdc9d9-ddb5-4fa4-a97d-d965ccfc6d4b" outcome="Passed" testListId="8c84fa94-04c1-424b-9868-57a2d4851a1d" relativeResultsDirectory="bba6e573-8a1b-42cc-8a1a-d50f901e75bf" />
    <UnitTestResult executionId="90c8005c-1ae0-4814-812f-0468d3cb994b" testId="f3eaae59-a205-0fbe-1b50-2d7f737f2f95" testName="Fonte_que_lanca_na_contagem_inicial_FALHA" computerName="DESKTOP-R345UFQ" duration="00:00:00.0004024" startTime="2026-08-25T07:44:43.5980058-03:00" endTime="2026-08-25T07:44:43.5985801-03:00" testType="13cdc9d9-ddb5-4fa4-a97d-d965ccfc6d4b" outcome="Passed" testListId="8c84fa94-04c1-424b-9868-57a2d4851a1d" relativeResultsDirectory="90c8005c-1ae0-4814-812f-0468d3cb994b" />
    <UnitTestResult executionId="4abaaa80-e4a7-4c76-995d-f974c1b1dcdb" testId="08ac7c4d-e1d2-c610-dce6-4ee37c7020ab" testName="So_Unprotected_libera_o_corpo" computerName="DESKTOP-R345UFQ" duration="00:00:00.0004109" startTime="2026-08-25T07:44:43.4906000-03:00" endTime="2026-08-25T07:44:43.4913275-03:00" testType="13cdc9d9-ddb5-4fa4-a97d-d965ccfc6d4b" outcome="Passed" testListId="8c84fa94-04c1-424b-9868-57a2d4851a1d" relativeResultsDirectory="4abaaa80-e4a7-4c76-995d-f974c1b1dcdb" />
    <UnitTestResult executionId="cc4224da-a03b-44a4-aa6a-0efc82845844" testId="fd25a0dc-01a6-c7d0-ca02-2b47bd8e917f" testName="Troca_de_sessao_com_a_confirmacao_aberta_bloqueia_o_envio" computerName="DESKTOP-R345UFQ" duration="00:00:00.0035635" startTime="2026-08-25T07:44:41.2749036-03:00" endTime="2026-08-25T07:44:41.2805466-03:00" testType="13cdc9d9-ddb5-4fa4-a97d-d965ccfc6d4b" outcome="Passed" testListId="8c84fa94-04c1-424b-9868-57a2d4851a1d" relativeResultsDirectory="cc4224da-a03b-44a4-aa6a-0efc82845844" />
    <UnitTestResult executionId="f6f49ec1-eaa6-48e6-b308-8291f2f38190" testId="ad28526e-b47d-615f-a548-7d9661acaf8f" testName="Core_nao_referencia_interop" computerName="DESKTOP-R345UFQ" duration="00:00:00.0011534" startTime="2026-08-25T07:44:40.7822573-03:00" endTime="2026-08-25T07:44:40.7835595-03:00" testType="13cdc9d9-ddb5-4fa4-a97d-d965ccfc6d4b" outcome="Passed" testListId="8c84fa94-04c1-424b-9868-57a2d4851a1d" relativeResultsDirectory="f6f49ec1-eaa6-48e6-b308-8291f2f38190" />
    <UnitTestResult executionId="0c69d64c-1b03-466f-a2c9-d8e4ba92ce17" testId="21821b63-8c17-263e-94e4-d57edfe2af4c" testName="D1_nao_confunde_flag_com_conteudo" computerName="DESKTOP-R345UFQ" duration="00:00:00.0002863" startTime="2026-08-25T07:44:43.5643682-03:00" endTime="2026-08-25T07:44:43.5648813-03:00" testType="13cdc9d9-ddb5-4fa4-a97d-d965ccfc6d4b" outcome="Passed" testListId="8c84fa94-04c1-424b-9868-57a2d4851a1d" relativeResultsDirectory="0c69d64c-1b03-466f-a2c9-d8e4ba92ce17" />
    <UnitTestResult executionId="f0335316-4908-4cd9-bfec-5202d906c203" testId="843b1d60-fe5c-cc01-96e4-1d13a1d752de" testName="Sem_troca_de_sessao_salvar_e_descartar_continuam_valendo" computerName="DESKTOP-R345UFQ" duration="00:00:00.0010431" startTime="2026-08-25T07:44:41.2715766-03:00" endTime="2026-08-25T07:44:41.2734675-03:00" testType="13cdc9d9-ddb5-4fa4-a97d-d965ccfc6d4b" outcome="Passed" testListId="8c84fa94-04c1-424b-9868-57a2d4851a1d" relativeResultsDirectory="f0335316-4908-4cd9-bfec-5202d906c203" />
    <UnitTestResult executionId="aceb1dea-2835-4ba5-93ad-72982628f2f4" testId="622cbbd3-2cde-b6f8-a5f4-11b0547b2f3a" testName="As_fabricas_recusam_o_que_nao_faz_sentido" computerName="DESKTOP-R345UFQ" duration="00:00:00.0020071" startTime="2026-08-25T07:44:43.0045840-03:00" endTime="2026-08-25T07:44:43.0069593-03:00" testType="13cdc9d9-ddb5-4fa4-a97d-d965ccfc6d4b" outcome="Passed" testListId="8c84fa94-04c1-424b-9868-57a2d4851a1d" relativeResultsDirectory="aceb1dea-2835-4ba5-93ad-72982628f2f4" />
    <UnitTestResult executionId="78640583-3dd0-43cd-b6fd-8834ba79d6c8" testId="2a946e0c-3508-c557-232b-d70dec96e6f2" testName="Persistencia_que_recusa_por_ordem_nao_conta_como_publicado" computerName="DESKTOP-R345UFQ" duration="00:00:00.0004965" startTime="2026-08-25T07:44:43.6010504-03:00" endTime="2026-08-25T07:44:43.6016976-03:00" testType="13cdc9d9-ddb5-4fa4-a97d-d965ccfc6d4b" outcome="Passed" testListId="8c84fa94-04c1-424b-9868-57a2d4851a1d" relativeResultsDirectory="78640583-3dd0-43cd-b6fd-8834ba79d6c8" />
    <UnitTestResult executionId="69d34c74-2c56-4ca9-8a05-13fcee804297" testId="4e00c603-d982-4aa4-234d-209b8b681e13" testName="Sem_contracao_a_ressalva_nao_ganha_ruido" computerName="DESKTOP-R345UFQ" duration="00:00:00.1852568" startTime="2026-08-25T07:44:41.4313458-03:00" endTime="2026-08-25T07:44:41.6171013-03:00" testType="13cdc9d9-ddb5-4fa4-a97d-d965ccfc6d4b" outcome="Passed" testListId="8c84fa94-04c1-424b-9868-57a2d4851a1d" relativeResultsDirectory="69d34c74-2c56-4ca9-8a05-13fcee804297" />
    <UnitTestResult executionId="c76b4365-33f2-49df-9f19-b82c5ff9c15b" testId="83502fbb-a33f-5c0f-06cb-d3c1fad126a8" testName="Endereco_SMTP_comum_passa" computerName="DESKTOP-R345UFQ" duration="00:00:00.0084241" startTime="2026-08-25T07:44:40.7027962-03:00" endTime="2026-08-25T07:44:40.7661195-03:00" testType="13cdc9d9-ddb5-4fa4-a97d-d965ccfc6d4b" outcome="Passed" testListId="8c84fa94-04c1-424b-9868-57a2d4851a1d" relativeResultsDirectory="c76b4365-33f2-49df-9f19-b82c5ff9c15b" />
    <UnitTestResult executionId="f2bf04bf-7a89-4478-846e-3a23ba743869" testId="1612fa30-640a-7233-88e0-909a7bb1589c" testName="Cursor_de_outra_consulta_e_recusado" computerName="DESKTOP-R345UFQ" duration="00:00:00.0005496" startTime="2026-08-25T07:44:41.7101160-03:00" endTime="2026-08-25T07:44:41.7108462-03:00" testType="13cdc9d9-ddb5-4fa4-a97d-d965ccfc6d4b" outcome="Passed" testListId="8c84fa94-04c1-424b-9868-57a2d4851a1d" relativeResultsDirectory="f2bf04bf-7a89-4478-846e-3a23ba743869" />
    <UnitTestResult executionId="279f90fe-7e5a-42bb-9f52-089f9d1354aa" testId="c6d3a71b-bb9f-a0cc-7731-a0d7bcb2b58b" testName="Sessao_morta_e_NotConnected" computerName="DESKTOP-R345UFQ" duration="00:00:00.0003711" startTime="2026-08-25T07:44:41.8057663-03:00" endTime="2026-08-25T07:44:41.8063948-03:00" testType="13cdc9d9-ddb5-4fa4-a97d-d965ccfc6d4b" outcome="Passed" testListId="8c84fa94-04c1-424b-9868-57a2d4851a1d" relativeResultsDirectory="279f90fe-7e5a-42bb-9f52-089f9d1354aa" />
    <UnitTestResult executionId="fffac8a7-bc2c-44ca-8db0-a2500a1a7295" testId="d051dd9f-b204-223d-9a1a-e20da2c0a421" testName="S6_rejeita_contagem_final_diferente" computerName="DESKTOP-R345UFQ" duration="00:00:00.0004087" startTime="2026-08-25T07:44:43.5693830-03:00" endTime="2026-08-25T07:44:43.5699956-03:00" testType="13cdc9d9-ddb5-4fa4-a97d-d965ccfc6d4b" outcome="Passed" testListId="8c84fa94-04c1-424b-9868-57a2d4851a1d" relativeResultsDirectory="fffac8a7-bc2c-44ca-8db0-a2500a1a7295" />
    <UnitTestResult executionId="8d28d674-8f0b-4a7c-b69d-0d3db1af322f" testId="2a725422-4ccd-6e78-641c-e027c123ec59" testName="Caminho_feliz_publica_exatamente_uma_geracao" computerName="DESKTOP-R345UFQ" duration="00:00:00.0028084" startTime="2026-08-25T07:44:43.5649494-03:00" endTime="2026-08-25T07:44:43.5680122-03:00" testType="13cdc9d9-ddb5-4fa4-a97d-d965ccfc6d4b" outcome="Passed" testListId="8c84fa94-04c1-424b-9868-57a2d4851a1d" relativeResultsDirectory="8d28d674-8f0b-4a7c-b69d-0d3db1af322f" />
    <UnitTestResult executionId="4b9be165-933c-4215-b454-c391860de666" testId="7e3ee001-eebc-a2c4-3da8-ab82757eb822" testName="Salto_do_relogio_nao_libera_rajada" computerName="DESKTOP-R345UFQ" duration="00:00:00.0013034" startTime="2026-08-25T07:44:43.5143128-03:00" endTime="2026-08-25T07:44:43.5164322-03:00" testType="13cdc9d9-ddb5-4fa4-a97d-d965ccfc6d4b" outcome="Passed" testListId="8c84fa94-04c1-424b-9868-57a2d4851a1d" relativeResultsDirectory="4b9be165-933c-4215-b454-c391860de666" />
    <UnitTestResult executionId="8f6f1a73-e89f-4926-bff1-59a2b4200b73" testId="d0a21385-78ea-a778-286a-dbb32a284f1d" testName="Recusa_da_fonte_preserva_o_ErrorKind (Busy)" computerName="DESKTOP-R345UFQ" duration="00:00:00.0257946" startTime="2026-08-25T07:44:41.0411274-03:00" endTime="2026-08-25T07:44:41.0747098-03:00" testType="13cdc9d9-ddb5-4fa4-a97d-d965ccfc6d4b" outcome="Passed" testListId="8c84fa94-04c1-424b-9868-57a2d4851a1d" relativeResultsDirectory="8f6f1a73-e89f-4926-bff1-59a2b4200b73" />
    <UnitTestResult executionId="d563637c-eab0-45c8-b94b-26720ae9a764" testId="8898c1cc-d4d4-5938-c1a9-92fe17e45010" testName="Corpo_incompleto_nao_bloqueia_responder" computerName="DESKTOP-R345UFQ" duration="00:00:00.0008037" startTime="2026-08-25T07:44:42.9984174-03:00" endTime="2026-08-25T07:44:42.9998569-03:00" testType="13cdc9d9-ddb5-4fa4-a97d-d965ccfc6d4b" outcome="Passed" testListId="8c84fa94-04c1-424b-9868-57a2d4851a1d" relativeResultsDirectory="d563637c-eab0-45c8-b94b-26720ae9a764" />
    <UnitTestResult executionId="ce927c8e-9783-473d-890b-43bfec0ad4fc" testId="9f86cbe2-59d6-e91e-8346-a736d0fc1498" testName="Destino_que_lanca_na_epoca_FALHA" computerName="DESKTOP-R345UFQ" duration="00:00:00.0006143" startTime="2026-08-25T07:44:43.6008342-03:00" endTime="2026-08-25T07:44:43.6016924-03:00" testType="13cdc9d9-ddb5-4fa4-a97d-d965ccfc6d4b" outcome="Passed" testListId="8c84fa94-04c1-424b-9868-57a2d4851a1d" relativeResultsDirectory="ce927c8e-9783-473d-890b-43bfec0ad4fc" />
    <UnitTestResult executionId="552b5e5f-e572-4000-b06b-6d583828a506" testId="8e2d29b9-417e-a5d2-e417-97038c1244fb" testName="Unico_impede_pasta_duplicada" computerName="DESKTOP-R345UFQ" duration="00:00:00.2474569" startTime="2026-08-25T07:44:40.8002635-03:00" endTime="2026-08-25T07:44:41.0479342-03:00" testType="13cdc9d9-ddb5-4fa4-a97d-d965ccfc6d4b" outcome="Passed" testListId="8c84fa94-04c1-424b-9868-57a2d4851a1d" relativeResultsDirectory="552b5e5f-e572-4000-b06b-6d583828a506" />
    <UnitTestResult executionId="dc6c0a17-3c58-440d-a45c-db9fac7a5a2c" testId="4291a680-4215-022a-9be2-b72df9e0d5bd" testName="Controle_a_lista_do_ambiente_nao_e_vazia_nem_universal" computerName="DESKTOP-R345UFQ" duration="00:00:00.0002307" startTime="2026-08-25T07:44:41.0552005-03:00" endTime="2026-08-25T07:44:41.0555810-03:00" testType="13cdc9d9-ddb5-4fa4-a97d-d965ccfc6d4b" outcome="Passed" testListId="8c84fa94-04c1-424b-9868-57a2d4851a1d" relativeResultsDirectory="dc6c0a17-3c58-440d-a45c-db9fac7a5a2c" />
    <UnitTestResult executionId="7bf1e98e-9563-4c79-8ea3-fb65541eb6fc" testId="200fd3ab-9b43-7ae0-d7fc-4fe12a54106c" testName="Contagem_nula_FALHA" computerName="DESKTOP-R345UFQ" duration="00:00:00.0002735" startTime="2026-08-25T07:44:43.5979841-03:00" endTime="2026-08-25T07:44:43.5985511-03:00" testType="13cdc9d9-ddb5-4fa4-a97d-d965ccfc6d4b" outcome="Passed" testListId="8c84fa94-04c1-424b-9868-57a2d4851a1d" relativeResultsDirectory="7bf1e98e-9563-4c79-8ea3-fb65541eb6fc" />
    <UnitTestResult executionId="ba2ce68d-41fb-4d57-bb67-c0bb57e55ed8" testId="8fa23fdb-f6c5-e15b-7d6b-f4ca6c0cf1b8" testName="Mutacao_iniciada_e_ambigua_para_qualquer_HRESULT" computerName="DESKTOP-R345UFQ" duration="00:00:00.0018982" startTime="2026-08-25T07:44:41.7964861-03:00" endTime="2026-08-25T07:44:41.7994607-03:00" testType="13cdc9d9-ddb5-4fa4-a97d-d965ccfc6d4b" outcome="Passed" testListId="8c84fa94-04c1-424b-9868-57a2d4851a1d" relativeResultsDirectory="ba2ce68d-41fb-4d57-bb67-c0bb57e55ed8" />
    <UnitTestResult executionId="311769a0-8e02-49f5-bf60-f53c7f4a5212" testId="5a348c55-6a7b-3c2a-9180-58fb720da5ee" testName="Endereco_Exchange_legado_bloqueia_mesmo_dizendo_resolvido" computerName="DESKTOP-R345UFQ" duration="00:00:00.0106790" startTime="2026-08-25T07:44:41.1503322-03:00" endTime="2026-08-25T07:44:41.1712547-03:00" testType="13cdc9d9-ddb5-4fa4-a97d-d965ccfc6d4b" outcome="Passed" testListId="8c84fa94-04c1-424b-9868-57a2d4851a1d" relativeResultsDirectory="311769a0-8e02-49f5-bf60-f53c7f4a5212" />
    <UnitTestResult executionId="17bb2ecb-1581-417c-9afd-78203f62bdc4" testId="4e74f138-dc80-8cb5-336d-ae7166655e1b" testName="Verificacao_antiga_nao_sobrescreve_presenca_nova" computerName="DESKTOP-R345UFQ" duration="00:00:00.0006292" startTime="2026-08-25T07:44:43.4537104-03:00" endTime="2026-08-25T07:44:43.4546699-03:00" testType="13cdc9d9-ddb5-4fa4-a97d-d965ccfc6d4b" outcome="Passed" testListId="8c84fa94-04c1-424b-9868-57a2d4851a1d" relativeResultsDirectory="17bb2ecb-1581-417c-9afd-78203f62bdc4" />
    <UnitTestResult executionId="daccb938-76c3-4829-ba23-43d2014dab1a" testId="7e5a5f72-c509-9e5a-1685-96cdc3061311" testName="Contador_detecta_lista_sem_virtualizacao" computerName="DESKTOP-R345UFQ" duration="00:00:05.0684999" startTime="2026-08-25T07:44:43.6040176-03:00" endTime="2026-08-25T07:44:48.6793631-03:00" testType="13cdc9d9-ddb5-4fa4-a97d-d965ccfc6d4b" outcome="Passed" testListId="8c84fa94-04c1-424b-9868-57a2d4851a1d" relativeResultsDirectory="daccb938-76c3-4829-ba23-43d2014dab1a" />
    <UnitTestResult executionId="d567f65b-767a-46e0-984e-1663797f4140" testId="9a9efe09-879b-d802-4e67-9b4091ad5bef" testName="Com_cobertura_completa_NaoEncontrado_confirma_ausencia" computerName="DESKTOP-R345UFQ" duration="00:00:00.0008514" startTime="2026-08-25T07:44:43.4465588-03:00" endTime="2026-08-25T07:44:43.4479835-03:00" testType="13cdc9d9-ddb5-4fa4-a97d-d965ccfc6d4b" outcome="Passed" testListId="8c84fa94-04c1-424b-9868-57a2d4851a1d" relativeResultsDirectory="d567f65b-767a-46e0-984e-1663797f4140" />
    <UnitTestResult executionId="cb6401ad-fafa-4b20-b323-52fd8ac9fd22" testId="6fe8a020-25a2-24b9-3dba-df54a4657ba7" testName="Versao_incompativel_falha_fechado" computerName="DESKTOP-R345UFQ" duration="00:00:00.2380016" startTime="2026-08-25T07:44:40.8125508-03:00" endTime="2026-08-25T07:44:41.0508094-03:00" testType="13cdc9d9-ddb5-4fa4-a97d-d965ccfc6d4b" outcome="Passed" testListId="8c84fa94-04c1-424b-9868-57a2d4851a1d" relativeResultsDirectory="cb6401ad-fafa-4b20-b323-52fd8ac9fd22" />
    <UnitTestResult executionId="eb0cf025-d769-44ba-afa9-d572e89a5318" testId="85767ed5-a790-b627-bbd2-6d7ce087526b" testName="So_correio_novo_NAO_e_contracao" computerName="DESKTOP-R345UFQ" duration="00:00:00.1814030" startTime="2026-08-25T07:44:41.3768569-03:00" endTime="2026-08-25T07:44:41.5585140-03:00" testType="13cdc9d9-ddb5-4fa4-a97d-d965ccfc6d4b" outcome="Passed" testListId="8c84fa94-04c1-424b-9868-57a2d4851a1d" relativeResultsDirectory="eb0cf025-d769-44ba-afa9-d572e89a5318" />
    <UnitTestResult executionId="0830700f-3f49-4e31-b087-a625a04469a1" testId="0a5ecfa9-d0d9-38c7-8a5b-0118e81314ad" testName="Ambiente_nulo_degrada" computerName="DESKTOP-R345UFQ" duration="00:00:00.0002359" startTime="2026-08-25T07:44:41.7793571-03:00" endTime="2026-08-25T07:44:41.7797929-03:00" testType="13cdc9d9-ddb5-4fa4-a97d-d965ccfc6d4b" outcome="Passed" testListId="8c84fa94-04c1-424b-9868-57a2d4851a1d" relativeResultsDirectory="0830700f-3f49-4e31-b087-a625a04469a1" />
    <UnitTestResult executionId="111cacfc-195d-451d-b405-03828b3ef20c" testId="59781e44-a96e-c35c-73eb-b51921915d45" testName="Duas_confirmacoes_simultaneas_enviam_uma_vez_so" computerName="DESKTOP-R345UFQ" duration="00:00:00.0156293" startTime="2026-08-25T07:44:41.1514939-03:00" endTime="2026-08-25T07:44:41.1761232-03:00" testType="13cdc9d9-ddb5-4fa4-a97d-d965ccfc6d4b" outcome="Passed" testListId="8c84fa94-04c1-424b-9868-57a2d4851a1d" relativeResultsDirectory="111cacfc-195d-451d-b405-03828b3ef20c" />
    <UnitTestResult executionId="4ebba289-3892-4b13-b57d-c169210ded14" testId="8416b49c-ee62-6a7c-067f-e252e0013c4b" testName="A_busca_por_campo_de_fase_realmente_encontra_campos" computerName="DESKTOP-R345UFQ" duration="00:00:00.0009842" startTime="2026-08-25T07:44:40.7767215-03:00" endTime="2026-08-25T07:44:40.7780899-03:00" testType="13cdc9d9-ddb5-4fa4-a97d-d965ccfc6d4b" outcome="Passed" testListId="8c84fa94-04c1-424b-9868-57a2d4851a1d" relativeResultsDirectory="4ebba289-3892-4b13-b57d-c169210ded14" />
    <UnitTestResult executionId="88e2b504-91b4-446c-a30f-564250e82814" testId="a93aa21e-b127-6933-a1fb-729fd52f0b93" testName="Tentativa_descartada_nunca_volta_a_publicavel" computerName="DESKTOP-R345UFQ" duration="00:00:00.0002816" startTime="2026-08-25T07:44:43.5735764-03:00" endTime="2026-08-25T07:44:43.5740032-03:00" testType="13cdc9d9-ddb5-4fa4-a97d-d965ccfc6d4b" outcome="Passed" testListId="8c84fa94-04c1-424b-9868-57a2d4851a1d" relativeResultsDirectory="88e2b504-91b4-446c-a30f-564250e82814" />
    <UnitTestResult executionId="f7b6a331-d607-435b-ba86-1afb19777fc7" testId="f8a9ac50-b8d0-3a9b-06b9-2b4d0d004a92" testName="Tentativa_rejeitada_nao_altera_item_JA_PUBLICADO" computerName="DESKTOP-R345UFQ" duration="00:00:00.2180618" startTime="2026-08-25T07:44:43.3399619-03:00" endTime="2026-08-25T07:44:43.5583115-03:00" testType="13cdc9d9-ddb5-4fa4-a97d-d965ccfc6d4b" outcome="Passed" testListId="8c84fa94-04c1-424b-9868-57a2d4851a1d" relativeResultsDirectory="f7b6a331-d607-435b-ba86-1afb19777fc7" />
    <UnitTestResult executionId="dd6c258b-66b0-4c7e-b031-c55e6fad069c" testId="2b773fc1-e9ca-fa0b-6f28-b5667d8a2d02" testName="Pagina_rejeitada_nao_e_gravada" computerName="DESKTOP-R345UFQ" duration="00:00:00.0006227" startTime="2026-08-25T07:44:43.6017835-03:00" endTime="2026-08-25T07:44:43.6025545-03:00" testType="13cdc9d9-ddb5-4fa4-a97d-d965ccfc6d4b" outcome="Passed" testListId="8c84fa94-04c1-424b-9868-57a2d4851a1d" relativeResultsDirectory="dd6c258b-66b0-4c7e-b031-c55e6fad069c" />
    <UnitTestResult executionId="e64a5101-c24b-42a3-b37e-7370fcff1217" testId="646585a0-4ced-93ee-b30d-a41960a6fdf0" testName="Cancelamento_no_meio_nao_publica_nada" computerName="DESKTOP-R345UFQ" duration="00:00:00.0012164" startTime="2026-08-25T07:44:43.6012228-03:00" endTime="2026-08-25T07:44:43.6026405-03:00" testType="13cdc9d9-ddb5-4fa4-a97d-d965ccfc6d4b" outcome="Passed" testListId="8c84fa94-04c1-424b-9868-57a2d4851a1d" relativeResultsDirectory="e64a5101-c24b-42a3-b37e-7370fcff1217" />
    <UnitTestResult executionId="e6828eb5-5fa7-452b-b11c-7e534c19ed18" testId="8d15f2bf-982f-2687-b7b2-4a1d1551c792" testName="Foreign_keys_ficam_ligadas" computerName="DESKTOP-R345UFQ" duration="00:00:00.2429757" startTime="2026-08-25T07:44:40.7977813-03:00" endTime="2026-08-25T07:44:41.0411294-03:00" testType="13cdc9d9-ddb5-4fa4-a97d-d965ccfc6d4b" outcome="Passed" testListId="8c84fa94-04c1-424b-9868-57a2d4851a1d" relativeResultsDirectory="e6828eb5-5fa7-452b-b11c-7e534c19ed18" />
    <UnitTestResult executionId="addc3001-ecc9-4d16-b543-cb881b526a97" testId="52afc510-c353-3065-6301-06bc77ead94c" testName="Resolvido_com_endereco_ilegivel_nao_conta_como_conferivel" computerName="DESKTOP-R345UFQ" duration="00:00:00.0084386" startTime="2026-08-25T07:44:40.7026048-03:00" endTime="2026-08-25T07:44:40.7661332-03:00" testType="13cdc9d9-ddb5-4fa4-a97d-d965ccfc6d4b" outcome="Passed" testListId="8c84fa94-04c1-424b-9868-57a2d4851a1d" relativeResultsDirectory="addc3001-ecc9-4d16-b543-cb881b526a97" />
    <UnitTestResult executionId="ccea0419-d9cf-4f27-8de9-c685acd564c3" testId="8fd7516d-5198-5a83-5d3b-ac0906700bec" testName="Truncamento_REJEITA" computerName="DESKTOP-R345UFQ" duration="00:00:00.0007944" startTime="2026-08-25T07:44:43.5901719-03:00" endTime="2026-08-25T07:44:43.5911692-03:00" testType="13cdc9d9-ddb5-4fa4-a97d-d965ccfc6d4b" outcome="Passed" testListId="8c84fa94-04c1-424b-9868-57a2d4851a1d" relativeResultsDirectory="ccea0419-d9cf-4f27-8de9-c685acd564c3" />
    <UnitTestResult executionId="6e4875a0-e861-488c-bc16-313d7b9de1e1" testId="b9da4fa8-492d-e3f0-b838-e528e7019976" testName="Model_nao_expoe_Object_nem_delegate" computerName="DESKTOP-R345UFQ" duration="00:00:00.0033388" startTime="2026-08-25T07:44:40.7823557-03:00" endTime="2026-08-25T07:44:40.7857788-03:00" testType="13cdc9d9-ddb5-4fa4-a97d-d965ccfc6d4b" outcome="Passed" testListId="8c84fa94-04c1-424b-9868-57a2d4851a1d" relativeResultsDirectory="6e4875a0-e861-488c-bc16-313d7b9de1e1" />
    <UnitTestResult executionId="c5c55177-f452-40fe-abba-a9ecf710414d" testId="abf803c0-cad7-ba2c-25d4-65ab13a3e82a" testName="Pagina_drenada_pode_passar_do_alvo_e_diz_quanto" computerName="DESKTOP-R345UFQ" duration="00:00:00.0007480" startTime="2026-08-25T07:44:41.6875640-03:00" endTime="2026-08-25T07:44:41.6884807-03:00" testType="13cdc9d9-ddb5-4fa4-a97d-d965ccfc6d4b" outcome="Passed" testListId="8c84fa94-04c1-424b-9868-57a2d4851a1d" relativeResultsDirectory="c5c55177-f452-40fe-abba-a9ecf710414d" />
    <UnitTestResult executionId="244ab6e0-5475-413a-8da8-f5c53c77a331" testId="4226af54-e106-1717-75b7-a2ec704cb7e1" testName="Cached_com_janela_nao_lida_degrada" computerName="DESKTOP-R345UFQ" duration="00:00:00.0002515" startTime="2026-08-25T07:44:41.7798549-03:00" endTime="2026-08-25T07:44:41.7802767-03:00" testType="13cdc9d9-ddb5-4fa4-a97d-d965ccfc6d4b" outcome="Passed" testListId="8c84fa94-04c1-424b-9868-57a2d4851a1d" relativeResultsDirectory="244ab6e0-5475-413a-8da8-f5c53c77a331" />
    <UnitTestResult executionId="f2a0ccb6-9897-4427-b8ea-b952581adc78" testId="69281b07-4ba8-737f-da41-8b651338e671" testName="Endereco_Exchange_legado_nao_passa" computerName="DESKTOP-R345UFQ" duration="00:00:00.0002359" startTime="2026-08-25T07:44:40.7766878-03:00" endTime="2026-08-25T07:44:40.7775634-03:00" testType="13cdc9d9-ddb5-4fa4-a97d-d965ccfc6d4b" outcome="Passed" testListId="8c84fa94-04c1-424b-9868-57a2d4851a1d" relativeResultsDirectory="f2a0ccb6-9897-4427-b8ea-b952581adc78" />
    <UnitTestResult executionId="ab550785-5183-4a72-a01a-7568822d9523" testId="ce18e87b-c3ac-6107-09a4-cc9b5e6fa1bf" testName="Backoff_e_30s_2min_8min_e_teto_de_15min" computerName="DESKTOP-R345UFQ" duration="00:00:00.0020410" startTime="2026-08-25T07:44:43.5037648-03:00" endTime="2026-08-25T07:44:43.5061049-03:00" testType="13cdc9d9-ddb5-4fa4-a97d-d965ccfc6d4b" outcome="Passed" testListId="8c84fa94-04c1-424b-9868-57a2d4851a1d" relativeResultsDirectory="ab550785-5183-4a72-a01a-7568822d9523" />
    <UnitTestResult executionId="d13bef6e-9551-409a-9dd6-1b546122cf7a" testId="a577ee74-0124-54de-779a-67211d15b4c2" testName="Fechar_a_janela_com_compositor_limpo_e_permitido" computerName="DESKTOP-R345UFQ" duration="00:00:00.0064551" startTime="2026-08-25T07:44:41.1729304-03:00" endTime="2026-08-25T07:44:41.1822816-03:00" testType="13cdc9d9-ddb5-4fa4-a97d-d965ccfc6d4b" outcome="Passed" testListId="8c84fa94-04c1-424b-9868-57a2d4851a1d" relativeResultsDirectory="d13bef6e-9551-409a-9dd6-1b546122cf7a" />
    <UnitTestResult executionId="86be4931-0e35-438e-b5fa-501f56165cbf" testId="c857a67c-66c4-e6d0-d1bf-424441df3e6e" testName="Controle_a_leitura_da_arvore_encontra_texto_plantado" computerName="DESKTOP-R345UFQ" duration="00:00:00.6587185" startTime="2026-08-25T07:44:42.3023187-03:00" endTime="2026-08-25T07:44:42.9833730-03:00" testType="13cdc9d9-ddb5-4fa4-a97d-d965ccfc6d4b" outcome="Passed" testListId="8c84fa94-04c1-424b-9868-57a2d4851a1d" relativeResultsDirectory="86be4931-0e35-438e-b5fa-501f56165cbf" />
    <UnitTestResult executionId="60818e45-1bc3-4986-96ac-2081fd607a5c" testId="d13395ee-a887-4785-39bf-68a6c4cfe260" testName="S6_recusa_geracao_sem_as_contagens" computerName="DESKTOP-R345UFQ" duration="00:00:00.0011814" startTime="2026-08-25T07:44:43.5577568-03:00" endTime="2026-08-25T07:44:43.5592307-03:00" testType="13cdc9d9-ddb5-4fa4-a97d-d965ccfc6d4b" outcome="Passed" testListId="8c84fa94-04c1-424b-9868-57a2d4851a1d" relativeResultsDirectory="60818e45-1bc3-4986-96ac-2081fd607a5c" />
    <UnitTestResult executionId="b445c99c-e4d1-40a4-9eb9-b3a2c5f9e461" testId="275a6281-4309-e34b-6a5d-f583c7f5f931" testName="Sem_instante_da_ultima_falha_espera" computerName="DESKTOP-R345UFQ" duration="00:00:00.0006053" startTime="2026-08-25T07:44:43.5169599-03:00" endTime="2026-08-25T07:44:43.5182472-03:00" testType="13cdc9d9-ddb5-4fa4-a97d-d965ccfc6d4b" outcome="Passed" testListId="8c84fa94-04c1-424b-9868-57a2d4851a1d" relativeResultsDirectory="b445c99c-e4d1-40a4-9eb9-b3a2c5f9e461" />
    <UnitTestResult executionId="6cc1607f-caec-415d-b1a1-97ee74e503be" testId="cc31f154-32a3-e210-dbfd-2d247bb7af67" testName="Publicar_duas_vezes_e_recusado" computerName="DESKTOP-R345UFQ" duration="00:00:00.1208138" startTime="2026-08-25T07:44:41.6217105-03:00" endTime="2026-08-25T07:44:41.7427807-03:00" testType="13cdc9d9-ddb5-4fa4-a97d-d965ccfc6d4b" outcome="Passed" testListId="8c84fa94-04c1-424b-9868-57a2d4851a1d" relativeResultsDirectory="6cc1607f-caec-415d-b1a1-97ee74e503be" />
    <UnitTestResult executionId="296073f9-0a6a-48be-a3b3-eaf9cc13fd5a" testId="ae58eae4-66cf-7460-7c1c-a539387227cd" testName="Fonte_vazia_termina_sem_cursor" computerName="DESKTOP-R345UFQ" duration="00:00:00.0004364" startTime="2026-08-25T07:44:41.6905601-03:00" endTime="2026-08-25T07:44:41.6911750-03:00" testType="13cdc9d9-ddb5-4fa4-a97d-d965ccfc6d4b" outcome="Passed" testListId="8c84fa94-04c1-424b-9868-57a2d4851a1d" relativeResultsDirectory="296073f9-0a6a-48be-a3b3-eaf9cc13fd5a" />
    <UnitTestResult executionId="e3145d22-9f9e-460f-9907-e879af302345" testId="385083e6-2f06-a415-702e-9e877020f190" testName="Importa_uma_pasta_real_e_mede_a_latencia_por_lote" computerName="DESKTOP-R345UFQ" duration="00:00:09.7265149" startTime="2026-08-25T07:44:42.7109718-03:00" endTime="2026-08-25T07:44:52.4379225-03:00" testType="13cdc9d9-ddb5-4fa4-a97d-d965ccfc6d4b" outcome="Passed" testListId="8c84fa94-04c1-424b-9868-57a2d4851a1d" relativeResultsDirectory="e3145d22-9f9e-460f-9907-e879af302345">
      <Output>
        <StdOut>conclusao : Publicada&#xD;
motivo    : &#xD;
paginas   : 10&#xD;
linhas    : 988&#xD;
cobertura : Parcial&#xD;
total     : 1543 ms&#xD;
idas COM  : 12&#xD;
descartadas: 9  (nao-mensagem ou erro de leitura)&#xD;
&#xD;
=== D5: latencia por lote (ms) ===&#xD;
    condicao: rode via tools/medir-d5.ps1 para a medicao ISOLADA, que e a normativa&#xD;
  lote   1:    131 ms     98 linhas&#xD;
  lote   2:    126 ms     97 linhas&#xD;
  lote   3:    158 ms    100 linhas&#xD;
  lote   4:    132 ms     99 linhas&#xD;
  lote   5:    130 ms     99 linhas&#xD;
  lote   6:    129 ms     99 linhas&#xD;
  lote   7:     98 ms    100 linhas&#xD;
  lote   8:    101 ms    100 linhas&#xD;
  lote   9:     87 ms    100 linhas&#xD;
  lote  10:     89 ms     96 linhas&#xD;
  min 87 / mediana 129 / max 158&#xD;
manifesto : 988 itens, ressalva: Acervo parcial: o Outlook não expõe tudo o que existe no servidor. Pode faltar mensagem, e mensagem marcada como suspeita pode já ter sido apagada.</StdOut>
      </Output>
    </UnitTestResult>
    <UnitTestResult executionId="ddd994f0-7dd5-432e-ba90-e91bc9929d1e" testId="62200142-53d5-98c0-3e5e-ab36eff655dc" testName="Encontrado_em_outra_pasta_confirma_ausencia_sem_depender_de_cobertura" computerName="DESKTOP-R345UFQ" duration="00:00:00.0011046" startTime="2026-08-25T07:44:43.4482339-03:00" endTime="2026-08-25T07:44:43.4499128-03:00" testType="13cdc9d9-ddb5-4fa4-a97d-d965ccfc6d4b" outcome="Passed" testListId="8c84fa94-04c1-424b-9868-57a2d4851a1d" relativeResultsDirectory="ddd994f0-7dd5-432e-ba90-e91bc9929d1e" />
    <UnitTestResult executionId="99c89c27-099b-4951-b4e1-c5b5b3cb36ca" testId="c2dbefa0-033b-cfdc-6d77-0b736b88ae33" testName="A_explicacao_diz_quanto_faltou" computerName="DESKTOP-R345UFQ" duration="00:00:00.0003016" startTime="2026-08-25T07:44:43.0000786-03:00" endTime="2026-08-25T07:44:43.0006900-03:00" testType="13cdc9d9-ddb5-4fa4-a97d-d965ccfc6d4b" outcome="Passed" testListId="8c84fa94-04c1-424b-9868-57a2d4851a1d" relativeResultsDirectory="99c89c27-099b-4951-b4e1-c5b5b3cb36ca" />
    <UnitTestResult executionId="254781a1-8117-4816-bd08-f9a0811808da" testId="d16ab512-94be-0ffe-7432-7077ed0c38da" testName="Pasta_vazia_publica_mas_nao_confirma_ausencia" computerName="DESKTOP-R345UFQ" duration="00:00:00.0025954" startTime="2026-08-25T07:44:43.5699606-03:00" endTime="2026-08-25T07:44:43.5727489-03:00" testType="13cdc9d9-ddb5-4fa4-a97d-d965ccfc6d4b" outcome="Passed" testListId="8c84fa94-04c1-424b-9868-57a2d4851a1d" relativeResultsDirectory="254781a1-8117-4816-bd08-f9a0811808da" />
    <UnitTestResult executionId="8c6a9fbc-477c-4339-9b54-6f6aee339e00" testId="90b0b698-3beb-dea4-3a05-ded113696e16" testName="Perguntar_nao_altera_o_estado" computerName="DESKTOP-R345UFQ" duration="00:00:00.0003658" startTime="2026-08-25T07:44:41.7150613-03:00" endTime="2026-08-25T07:44:41.7155866-03:00" testType="13cdc9d9-ddb5-4fa4-a97d-d965ccfc6d4b" outcome="Passed" testListId="8c84fa94-04c1-424b-9868-57a2d4851a1d" relativeResultsDirectory="8c6a9fbc-477c-4339-9b54-6f6aee339e00" />
    <UnitTestResult executionId="4e1a3058-b6f3-4556-ae00-09f5a56fcc97" testId="843f66fa-5ded-795d-8a46-c240e9391cc9" testName="Morrer_entre_Receber_e_MarcarDrenada_reentrega_e_converge" computerName="DESKTOP-R345UFQ" duration="00:00:00.9603453" startTime="2026-08-25T07:44:41.7157736-03:00" endTime="2026-08-25T07:44:42.6763693-03:00" testType="13cdc9d9-ddb5-4fa4-a97d-d965ccfc6d4b" outcome="Passed" testListId="8c84fa94-04c1-424b-9868-57a2d4851a1d" relativeResultsDirectory="4e1a3058-b6f3-4556-ae00-09f5a56fcc97" />
    <UnitTestResult executionId="ca2ae7de-adff-4280-8b60-40e2cbaca471" testId="e8f2ab35-3ef3-7eb5-e0be-5cdeb35fc684" testName="Comando_na_fila_nao_roda_depois_do_rascunho_ser_descartado" computerName="DESKTOP-R345UFQ" duration="00:00:00.0052765" startTime="2026-08-25T07:44:41.1826881-03:00" endTime="2026-08-25T07:44:41.1958060-03:00" testType="13cdc9d9-ddb5-4fa4-a97d-d965ccfc6d4b" outcome="Passed" testListId="8c84fa94-04c1-424b-9868-57a2d4851a1d" relativeResultsDirectory="ca2ae7de-adff-4280-8b60-40e2cbaca471" />
    <UnitTestResult executionId="02f9ff65-80f1-4161-9a19-50c667681d93" testId="82ada769-d719-205e-8499-f192b8c3743a" testName="Toda_secao_citada_pela_matriz_existe_no_FASE2" computerName="DESKTOP-R345UFQ" duration="00:00:00.0107422" startTime="2026-08-25T07:44:41.7851942-03:00" endTime="2026-08-25T07:44:41.7962892-03:00" testType="13cdc9d9-ddb5-4fa4-a97d-d965ccfc6d4b" outcome="Passed" testListId="8c84fa94-04c1-424b-9868-57a2d4851a1d" relativeResultsDirectory="02f9ff65-80f1-4161-9a19-50c667681d93" />
    <UnitTestResult executionId="a78d8e23-504b-4807-a997-62718ba6fa1a" testId="321fc9d9-8aef-03bb-4d24-3214d583130c" testName="Sessao_substituida_bloqueia_remover_anexo" computerName="DESKTOP-R345UFQ" duration="00:00:00.0030675" startTime="2026-08-25T07:44:41.2839310-03:00" endTime="2026-08-25T07:44:41.2880597-03:00" testType="13cdc9d9-ddb5-4fa4-a97d-d965ccfc6d4b" outcome="Passed" testListId="8c84fa94-04c1-424b-9868-57a2d4851a1d" relativeResultsDirectory="a78d8e23-504b-4807-a997-62718ba6fa1a" />
    <UnitTestResult executionId="447047f0-a88c-4652-8e27-490679a69706" testId="143b2f65-9630-6630-1370-52af22596508" testName="PublicationLog_so_sai_junto_da_publicacao" computerName="DESKTOP-R345UFQ" duration="00:00:00.0007855" startTime="2026-08-25T07:44:43.5757576-03:00" endTime="2026-08-25T07:44:43.5769975-03:00" testType="13cdc9d9-ddb5-4fa4-a97d-d965ccfc6d4b" outcome="Passed" testListId="8c84fa94-04c1-424b-9868-57a2d4851a1d" relativeResultsDirectory="447047f0-a88c-4652-8e27-490679a69706" />
    <UnitTestResult executionId="162cbb3f-d180-413d-a4d3-59d0c5b36781" testId="a0f3a64f-3b68-f33c-0dd9-a8f037d6fbb2" testName="Primeira_geracao_nao_tem_com_o_que_comparar" computerName="DESKTOP-R345UFQ" duration="00:00:00.1207036" startTime="2026-08-25T07:44:41.2839901-03:00" endTime="2026-08-25T07:44:41.4049136-03:00" testType="13cdc9d9-ddb5-4fa4-a97d-d965ccfc6d4b" outcome="Passed" testListId="8c84fa94-04c1-424b-9868-57a2d4851a1d" relativeResultsDirectory="162cbb3f-d180-413d-a4d3-59d0c5b36781" />
    <UnitTestResult executionId="7bcaa308-207e-43df-ac0c-38e6bbf61d7f" testId="74dedf51-7c32-65ca-c87b-bc7f893be12c" testName="S6_rejeita_universo_diferente_entre_contagem_e_manifesto" computerName="DESKTOP-R345UFQ" duration="00:00:00.0002529" startTime="2026-08-25T07:44:43.5694827-03:00" endTime="2026-08-25T07:44:43.5698884-03:00" testType="13cdc9d9-ddb5-4fa4-a97d-d965ccfc6d4b" outcome="Passed" testListId="8c84fa94-04c1-424b-9868-57a2d4851a1d" relativeResultsDirectory="7bcaa308-207e-43df-ac0c-38e6bbf61d7f" />
    <UnitTestResult executionId="23cfa21e-574b-4d8b-b110-123c239358b5" testId="0c71aeed-e8bb-35c0-17ed-33080286e465" testName="Contagem_estavel_com_tudo_lido_e_completa" computerName="DESKTOP-R345UFQ" duration="00:00:00.0003786" startTime="2026-08-25T07:44:43.0035605-03:00" endTime="2026-08-25T07:44:43.0044407-03:00" testType="13cdc9d9-ddb5-4fa4-a97d-d965ccfc6d4b" outcome="Passed" testListId="8c84fa94-04c1-424b-9868-57a2d4851a1d" relativeResultsDirectory="23cfa21e-574b-4d8b-b110-123c239358b5" />
    <UnitTestResult executionId="33982bc1-57ec-4aea-a6ed-e6d77ddd8583" testId="adbb06d7-ba70-77f2-a20d-42973c3490ef" testName="S6_rejeita_chave_repetida_entre_paginas" computerName="DESKTOP-R345UFQ" duration="00:00:00.0003232" startTime="2026-08-25T07:44:43.5694661-03:00" endTime="2026-08-25T07:44:43.5699446-03:00" testType="13cdc9d9-ddb5-4fa4-a97d-d965ccfc6d4b" outcome="Passed" testListId="8c84fa94-04c1-424b-9868-57a2d4851a1d" relativeResultsDirectory="33982bc1-57ec-4aea-a6ed-e6d77ddd8583" />
    <UnitTestResult executionId="34a665b7-f6ef-4f37-8812-94fcc627609c" testId="bb6afaf8-ff1e-1cc1-66db-05b35cfa6e51" testName="Mutacao_que_nao_comecou_nao_e_ambigua" computerName="DESKTOP-R345UFQ" duration="00:00:00.0003623" startTime="2026-08-25T07:44:41.8019294-03:00" endTime="2026-08-25T07:44:41.8026500-03:00" testType="13cdc9d9-ddb5-4fa4-a97d-d965ccfc6d4b" outcome="Passed" testListId="8c84fa94-04c1-424b-9868-57a2d4851a1d" relativeResultsDirectory="34a665b7-f6ef-4f37-8812-94fcc627609c" />
    <UnitTestResult executionId="26b29f96-6152-4b0c-8693-6277a780f7a8" testId="d9463c3a-5614-2f13-f098-bad9df47c921" testName="Segunda_varredura_nao_duplica_e_a_cabeca_avanca" computerName="DESKTOP-R345UFQ" duration="00:00:00.1308357" startTime="2026-08-25T07:44:43.0897938-03:00" endTime="2026-08-25T07:44:43.2209703-03:00" testType="13cdc9d9-ddb5-4fa4-a97d-d965ccfc6d4b" outcome="Passed" testListId="8c84fa94-04c1-424b-9868-57a2d4851a1d" relativeResultsDirectory="26b29f96-6152-4b0c-8693-6277a780f7a8" />
    <UnitTestResult executionId="a880abf6-afbe-444c-aa1a-4e4bd5c5821e" testId="0919fc83-bb2a-6d0f-9134-9cc2dfa44d5d" testName="Morte_do_Outlook_no_meio_da_varredura_e_NotConnected" computerName="DESKTOP-R345UFQ" duration="00:00:00.0002258" startTime="2026-08-25T07:44:41.8094461-03:00" endTime="2026-08-25T07:44:41.8097906-03:00" testType="13cdc9d9-ddb5-4fa4-a97d-d965ccfc6d4b" outcome="Passed" testListId="8c84fa94-04c1-424b-9868-57a2d4851a1d" relativeResultsDirectory="a880abf6-afbe-444c-aa1a-4e4bd5c5821e" />
    <UnitTestResult executionId="3f1fe568-72cf-49bc-ad6f-0e5904981cbd" testId="e53185e0-4fd0-eff5-91d1-d3cf8800f1eb" testName="Controle_positivo_uma_linha_demonstrada_AUTORIZA" computerName="DESKTOP-R345UFQ" duration="00:00:00.0141017" startTime="2026-08-25T07:44:41.7490920-03:00" endTime="2026-08-25T07:44:41.7634957-03:00" testType="13cdc9d9-ddb5-4fa4-a97d-d965ccfc6d4b" outcome="Passed" testListId="8c84fa94-04c1-424b-9868-57a2d4851a1d" relativeResultsDirectory="3f1fe568-72cf-49bc-ad6f-0e5904981cbd" />
    <UnitTestResult executionId="f04e5d34-997a-4e4f-8917-58ba7054b30d" testId="f5a286e4-95fb-0770-af0f-550a26f87d17" testName="Remover_anexo_tira_da_lista_e_instala_a_chave_nova" computerName="DESKTOP-R345UFQ" duration="00:00:00.0584068" startTime="2026-08-25T07:44:41.2825570-03:00" endTime="2026-08-25T07:44:41.3420372-03:00" testType="13cdc9d9-ddb5-4fa4-a97d-d965ccfc6d4b" outcome="Passed" testListId="8c84fa94-04c1-424b-9868-57a2d4851a1d" relativeResultsDirectory="f04e5d34-997a-4e4f-8917-58ba7054b30d" />
    <UnitTestResult executionId="09319d7d-d09e-4c06-8a7d-e7b9c3424fac" testId="0bb00346-19ef-5f4f-b3c9-3a70a1c0c4ba" testName="Nao_verificado_e_nao_visto_continua_nao_verificado" computerName="DESKTOP-R345UFQ" duration="00:00:00.0003289" startTime="2026-08-25T07:44:43.4406087-03:00" endTime="2026-08-25T07:44:43.4412033-03:00" testType="13cdc9d9-ddb5-4fa4-a97d-d965ccfc6d4b" outcome="Passed" testListId="8c84fa94-04c1-424b-9868-57a2d4851a1d" relativeResultsDirectory="09319d7d-d09e-4c06-8a7d-e7b9c3424fac" />
    <UnitTestResult executionId="0e8bd4ee-b78b-4278-8e26-9eb51cf3876b" testId="a52e93d5-489c-4a5d-c4db-abc115ab0bd1" testName="A_contracao_aparece_na_ressalva_do_manifesto" computerName="DESKTOP-R345UFQ" duration="00:00:00.1919041" startTime="2026-08-25T07:44:41.4292491-03:00" endTime="2026-08-25T07:44:41.6215979-03:00" testType="13cdc9d9-ddb5-4fa4-a97d-d965ccfc6d4b" outcome="Passed" testListId="8c84fa94-04c1-424b-9868-57a2d4851a1d" relativeResultsDirectory="0e8bd4ee-b78b-4278-8e26-9eb51cf3876b" />
    <UnitTestResult executionId="22fced6d-de76-4b39-b0d8-37cf384f9160" testId="e078b20f-dc0c-861f-c9ef-b3851563f9de" testName="Toda_regra_e_exercitada_por_algum_teste" computerName="DESKTOP-R345UFQ" duration="00:00:00.0215615" startTime="2026-08-25T07:44:43.5608444-03:00" endTime="2026-08-25T07:44:43.5848976-03:00" testType="13cdc9d9-ddb5-4fa4-a97d-d965ccfc6d4b" outcome="Passed" testListId="8c84fa94-04c1-424b-9868-57a2d4851a1d" relativeResultsDirectory="22fced6d-de76-4b39-b0d8-37cf384f9160" />
    <UnitTestResult executionId="27f03a82-23d3-417a-8e65-2ef1d32318a2" testId="0247e048-f349-fe2e-2436-d73e73c22798" testName="Universo_invalidado_no_meio_recusa_a_publicacao" computerName="DESKTOP-R345UFQ" duration="00:00:00.1099562" startTime="2026-08-25T07:44:41.6172293-03:00" endTime="2026-08-25T07:44:41.7274035-03:00" testType="13cdc9d9-ddb5-4fa4-a97d-d965ccfc6d4b" outcome="Passed" testListId="8c84fa94-04c1-424b-9868-57a2d4851a1d" relativeResultsDirectory="27f03a82-23d3-417a-8e65-2ef1d32318a2" />
    <UnitTestResult executionId="c8b6161d-379f-4994-81d6-7b7f413f1f14" testId="18de9abf-95a8-b955-0168-f5445fb8d09b" testName="Leitura_com_o_mesmo_HRESULT_nao_e_ambigua" computerName="DESKTOP-R345UFQ" duration="00:00:00.0015842" startTime="2026-08-25T07:44:41.7997478-03:00" endTime="2026-08-25T07:44:41.8017848-03:00" testType="13cdc9d9-ddb5-4fa4-a97d-d965ccfc6d4b" outcome="Passed" testListId="8c84fa94-04c1-424b-9868-57a2d4851a1d" relativeResultsDirectory="c8b6161d-379f-4994-81d6-7b7f413f1f14" />
    <UnitTestResult executionId="9be8e9bc-73b9-4a58-b6cb-c1c1d003d372" testId="6bb22775-bc9a-7517-fa56-141098ce816f" testName="Cada_defeito_perde_item_por_si" computerName="DESKTOP-R345UFQ" duration="00:00:00.0123897" startTime="2026-08-25T07:44:41.6718884-03:00" endTime="2026-08-25T07:44:41.6845592-03:00" testType="13cdc9d9-ddb5-4fa4-a97d-d965ccfc6d4b" outcome="Passed" testListId="8c84fa94-04c1-424b-9868-57a2d4851a1d" relativeResultsDirectory="9be8e9bc-73b9-4a58-b6cb-c1c1d003d372" />
    <UnitTestResult executionId="0ad43ca3-1d1b-4a45-92fb-83d837827135" testId="e05162de-eafd-11d4-d509-74dd9bfdd462" testName="Gravacao_falhando_nao_chega_a_confirmacao_de_envio" computerName="DESKTOP-R345UFQ" duration="00:00:00.0063631" startTime="2026-08-25T07:44:41.1348069-03:00" endTime="2026-08-25T07:44:41.1433603-03:00" testType="13cdc9d9-ddb5-4fa4-a97d-d965ccfc6d4b" outcome="Passed" testListId="8c84fa94-04c1-424b-9868-57a2d4851a1d" relativeResultsDirectory="0ad43ca3-1d1b-4a45-92fb-83d837827135" />
    <UnitTestResult executionId="5cba0c3d-f79a-4437-9a83-0027f0fb9a36" testId="ed3f8a1e-d899-ca3f-c734-32a7c82a3076" testName="Fechar_localmente_nao_toca_no_rascunho_do_Outlook" computerName="DESKTOP-R345UFQ" duration="00:00:00.0012233" startTime="2026-08-25T07:44:41.2687288-03:00" endTime="2026-08-25T07:44:41.2707623-03:00" testType="13cdc9d9-ddb5-4fa4-a97d-d965ccfc6d4b" outcome="Passed" testListId="8c84fa94-04c1-424b-9868-57a2d4851a1d" relativeResultsDirectory="5cba0c3d-f79a-4437-9a83-0027f0fb9a36" />
    <UnitTestResult executionId="f9c66913-90b5-410f-a68d-6d9d835798b8" testId="266baa19-df5d-46cc-3dbd-ee33eb42a0ac" testName="Model_e_Core_nao_miram_windows" computerName="DESKTOP-R345UFQ" duration="00:00:00.0026189" startTime="2026-08-25T07:44:40.7822794-03:00" endTime="2026-08-25T07:44:40.7850337-03:00" testType="13cdc9d9-ddb5-4fa4-a97d-d965ccfc6d4b" outcome="Passed" testListId="8c84fa94-04c1-424b-9868-57a2d4851a1d" relativeResultsDirectory="f9c66913-90b5-410f-a68d-6d9d835798b8" />
    <UnitTestResult executionId="1414470b-386b-469e-90f3-3445182718a5" testId="57c56db2-e0d7-b70b-b102-8409e0966fc7" testName="Toda_FK_aponta_para_coluna_que_existe" computerName="DESKTOP-R345UFQ" duration="00:00:00.2407327" startTime="2026-08-25T07:44:40.8001603-03:00" endTime="2026-08-25T07:44:41.0411861-03:00" testType="13cdc9d9-ddb5-4fa4-a97d-d965ccfc6d4b" outcome="Passed" testListId="8c84fa94-04c1-424b-9868-57a2d4851a1d" relativeResultsDirectory="1414470b-386b-469e-90f3-3445182718a5" />
    <UnitTestResult executionId="c3727d42-d643-4bf0-b9e2-ce9a9e2b4804" testId="158e9409-c7de-debd-878b-daf87fe79ad0" testName="Presente_e_nao_visto_vira_suspeito" computerName="DESKTOP-R345UFQ" duration="00:00:00.0008388" startTime="2026-08-25T07:44:43.4359517-03:00" endTime="2026-08-25T07:44:43.4370648-03:00" testType="13cdc9d9-ddb5-4fa4-a97d-d965ccfc6d4b" outcome="Passed" testListId="8c84fa94-04c1-424b-9868-57a2d4851a1d" relativeResultsDirectory="c3727d42-d643-4bf0-b9e2-ce9a9e2b4804" />
    <UnitTestResult executionId="3fb843c3-974e-4c76-b898-87a098d58ece" testId="927b6041-b7b9-001b-7a9c-0b6ce086457e" testName="Salvar_e_fechar_nao_passa_por_edicao_no_meio" computerName="DESKTOP-R345UFQ" duration="00:00:00.0049903" startTime="2026-08-25T07:44:41.1852491-03:00" endTime="2026-08-25T07:44:41.1997376-03:00" testType="13cdc9d9-ddb5-4fa4-a97d-d965ccfc6d4b" outcome="Passed" testListId="8c84fa94-04c1-424b-9868-57a2d4851a1d" relativeResultsDirectory="3fb843c3-974e-4c76-b898-87a098d58ece" />
    <UnitTestResult executionId="945c634f-d3a2-4ef5-8c63-4bc69dc4c17f" testId="df643f0b-fbda-f2a8-7f0f-125d1fa73bfb" testName="Cursor_de_fronteira_faz_ida_e_volta" computerName="DESKTOP-R345UFQ" duration="00:00:00.0135216" startTime="2026-08-25T07:44:41.6950334-03:00" endTime="2026-08-25T07:44:41.7089958-03:00" testType="13cdc9d9-ddb5-4fa4-a97d-d965ccfc6d4b" outcome="Passed" testListId="8c84fa94-04c1-424b-9868-57a2d4851a1d" relativeResultsDirectory="945c634f-d3a2-4ef5-8c63-4bc69dc4c17f" />
    <UnitTestResult executionId="a2d0f965-1de7-4412-925a-f2e06de8aeaa" testId="54757a20-b20d-1d4e-68fe-1e8e6ad13dd0" testName="Verificacao_com_cobertura_de_outro_universo_nao_autoriza" computerName="DESKTOP-R345UFQ" duration="00:00:00.0003927" startTime="2026-08-25T07:44:43.4548207-03:00" endTime="2026-08-25T07:44:43.4554635-03:00" testType="13cdc9d9-ddb5-4fa4-a97d-d965ccfc6d4b" outcome="Passed" testListId="8c84fa94-04c1-424b-9868-57a2d4851a1d" relativeResultsDirectory="a2d0f965-1de7-4412-925a-f2e06de8aeaa" />
    <UnitTestResult executionId="c4a005a1-1ab1-44ba-8ffd-0665b2d0d557" testId="a4dd0dca-7c58-cb7e-dd28-b815ad865464" testName="Pasta_nunca_varrida_diz_que_nunca_foi_varrida" computerName="DESKTOP-R345UFQ" duration="00:00:00.0986379" startTime="2026-08-25T07:44:43.2382956-03:00" endTime="2026-08-25T07:44:43.3371603-03:00" testType="13cdc9d9-ddb5-4fa4-a97d-d965ccfc6d4b" outcome="Passed" testListId="8c84fa94-04c1-424b-9868-57a2d4851a1d" relativeResultsDirectory="c4a005a1-1ab1-44ba-8ffd-0665b2d0d557" />
    <UnitTestResult executionId="3afe5812-4652-4d29-8640-8c82ddc5e757" testId="605af9bb-885e-5ddc-eb2f-31154e3336b3" testName="S6_rejeita_lidas_diferente_de_contagem_inicial" computerName="DESKTOP-R345UFQ" duration="00:00:00.0016080" startTime="2026-08-25T07:44:43.5656177-03:00" endTime="2026-08-25T07:44:43.5673867-03:00" testType="13cdc9d9-ddb5-4fa4-a97d-d965ccfc6d4b" outcome="Passed" testListId="8c84fa94-04c1-424b-9868-57a2d4851a1d" relativeResultsDirectory="3afe5812-4652-4d29-8640-8c82ddc5e757" />
    <UnitTestResult executionId="ab9f3bf7-4b6d-48b7-b664-98cfcc82e92b" testId="3c1fbf75-b7c6-484c-a02e-0278c7c0dc88" testName="Falha_ao_criar_nao_abre_o_compositor" computerName="DESKTOP-R345UFQ" duration="00:00:00.0505901" startTime="2026-08-25T07:44:41.0656420-03:00" endTime="2026-08-25T07:44:41.1240548-03:00" testType="13cdc9d9-ddb5-4fa4-a97d-d965ccfc6d4b" outcome="Passed" testListId="8c84fa94-04c1-424b-9868-57a2d4851a1d" relativeResultsDirectory="ab9f3bf7-4b6d-48b7-b664-98cfcc82e92b" />
    <UnitTestResult executionId="f06716bb-7bdc-4545-94db-160df1417461" testId="2673aa08-0016-e638-2d7c-9f7843bba58e" testName="Model_nao_referencia_interop" computerName="DESKTOP-R345UFQ" duration="00:00:00.0003817" startTime="2026-08-25T07:44:40.7964829-03:00" endTime="2026-08-25T07:44:40.7972512-03:00" testType="13cdc9d9-ddb5-4fa4-a97d-d965ccfc6d4b" outcome="Passed" testListId="8c84fa94-04c1-424b-9868-57a2d4851a1d" relativeResultsDirectory="f06716bb-7bdc-4545-94db-160df1417461" />
    <UnitTestResult executionId="13ccbcaf-f6d6-4720-841c-dd73b9a2e057" testId="50fdc686-a309-04a4-6461-7288cd26fd1a" testName="Contagem_que_muda_no_meio_nao_e_completa" computerName="DESKTOP-R345UFQ" duration="00:00:00.0005394" startTime="2026-08-25T07:44:43.0007678-03:00" endTime="2026-08-25T07:44:43.0014584-03:00" testType="13cdc9d9-ddb5-4fa4-a97d-d965ccfc6d4b" outcome="Passed" testListId="8c84fa94-04c1-424b-9868-57a2d4851a1d" relativeResultsDirectory="13ccbcaf-f6d6-4720-841c-dd73b9a2e057" />
    <UnitTestResult executionId="d898c34d-cb23-46a9-ba60-9965a068cecb" testId="484cbf50-ecd7-4645-a661-24feb370a609" testName="Parte_indisponivel_diz_que_nao_deu_para_ler" computerName="DESKTOP-R345UFQ" duration="00:00:00.0002134" startTime="2026-08-25T07:44:43.0007689-03:00" endTime="2026-08-25T07:44:43.0011308-03:00" testType="13cdc9d9-ddb5-4fa4-a97d-d965ccfc6d4b" outcome="Passed" testListId="8c84fa94-04c1-424b-9868-57a2d4851a1d" relativeResultsDirectory="d898c34d-cb23-46a9-ba60-9965a068cecb" />
    <UnitTestResult executionId="2f8a3cd6-cfea-42ad-8a80-ce72b85a2fea" testId="be46c425-6879-8d7d-8393-0e6d6fb76006" testName="Suspeito_volta_a_presente_quando_o_item_reaparece" computerName="DESKTOP-R345UFQ" duration="00:00:00.1812376" startTime="2026-08-25T07:44:43.3870046-03:00" endTime="2026-08-25T07:44:43.5685727-03:00" testType="13cdc9d9-ddb5-4fa4-a97d-d965ccfc6d4b" outcome="Passed" testListId="8c84fa94-04c1-424b-9868-57a2d4851a1d" relativeResultsDirectory="2f8a3cd6-cfea-42ad-8a80-ce72b85a2fea" />
    <UnitTestResult executionId="cb249eca-5de5-42ee-be25-df6bfe300239" testId="b007755d-b6ec-be7f-14f4-7483937833d3" testName="Ausente_nao_visto_de_novo_permanece_ausente" computerName="DESKTOP-R345UFQ" duration="00:00:00.0003379" startTime="2026-08-25T07:44:43.4444782-03:00" endTime="2026-08-25T07:44:43.4451371-03:00" testType="13cdc9d9-ddb5-4fa4-a97d-d965ccfc6d4b" outcome="Passed" testListId="8c84fa94-04c1-424b-9868-57a2d4851a1d" relativeResultsDirectory="cb249eca-5de5-42ee-be25-df6bfe300239" />
    <UnitTestResult executionId="5bc1cf94-fe36-49d9-bc24-c209dda2f5f6" testId="efd35dd1-bccb-a995-688a-890cf936659e" testName="CHECK_recusa_estado_de_presenca_invalido" computerName="DESKTOP-R345UFQ" duration="00:00:00.2459836" startTime="2026-08-25T07:44:40.8002648-03:00" endTime="2026-08-25T07:44:41.0508522-03:00" testType="13cdc9d9-ddb5-4fa4-a97d-d965ccfc6d4b" outcome="Passed" testListId="8c84fa94-04c1-424b-9868-57a2d4851a1d" relativeResultsDirectory="5bc1cf94-fe36-49d9-bc24-c209dda2f5f6" />
    <UnitTestResult executionId="ed006048-1c46-406c-a1d2-dd9c49f44fb8" testId="50c65cd3-2d98-87b2-7226-f776ec042b34" testName="Cursor_fecha_quando_ABRIR_lanca" computerName="DESKTOP-R345UFQ" duration="00:00:00.0011507" startTime="2026-08-25T07:44:41.6891599-03:00" endTime="2026-08-25T07:44:41.6904696-03:00" testType="13cdc9d9-ddb5-4fa4-a97d-d965ccfc6d4b" outcome="Passed" testListId="8c84fa94-04c1-424b-9868-57a2d4851a1d" relativeResultsDirectory="ed006048-1c46-406c-a1d2-dd9c49f44fb8" />
    <UnitTestResult executionId="73334283-80ec-423e-8798-b6f667c45bb8" testId="62e50d38-69c5-d0b9-195c-d69927324ea5" testName="Ausente_visto_de_novo_volta_a_presente" computerName="DESKTOP-R345UFQ" duration="00:00:00.0007521" startTime="2026-08-25T07:44:43.4417568-03:00" endTime="2026-08-25T07:44:43.4427064-03:00" testType="13cdc9d9-ddb5-4fa4-a97d-d965ccfc6d4b" outcome="Passed" testListId="8c84fa94-04c1-424b-9868-57a2d4851a1d" relativeResultsDirectory="73334283-80ec-423e-8798-b6f667c45bb8" />
    <UnitTestResult executionId="e9563128-4690-4d6a-a77c-90b95f5fc626" testId="52a579d5-d080-39db-7267-b8f9cc298372" testName="Reconhece_os_HRESULTs_de_sessao_morta" computerName="DESKTOP-R345UFQ" duration="00:00:00.0002620" startTime="2026-08-25T07:44:41.8073645-03:00" endTime="2026-08-25T07:44:41.8077348-03:00" testType="13cdc9d9-ddb5-4fa4-a97d-d965ccfc6d4b" outcome="Passed" testListId="8c84fa94-04c1-424b-9868-57a2d4851a1d" relativeResultsDirectory="e9563128-4690-4d6a-a77c-90b95f5fc626" />
[...]
    <TestEntry testId="88134c9a-7945-2aab-78fa-04ea32106755" executionId="db234a5d-ceeb-4ab7-a644-761566ba04ba" testListId="8c84fa94-04c1-424b-9868-57a2d4851a1d" />
    <TestEntry testId="1ab4c474-7eb7-3242-2e4f-d9360294d992" executionId="bccee1ba-6abc-425e-8521-c61c279d30bb" testListId="8c84fa94-04c1-424b-9868-57a2d4851a1d" />
    <TestEntry testId="949894c7-f201-a611-a410-89e0c7de7cd1" executionId="de2175e5-3e9f-4a81-b448-aa3ddf7c6a89" testListId="8c84fa94-04c1-424b-9868-57a2d4851a1d" />
    <TestEntry testId="3b65b6ec-982c-f935-8dfc-6912331fb82d" executionId="e875b151-e77c-425f-817d-bd810b2ac95e" testListId="8c84fa94-04c1-424b-9868-57a2d4851a1d" />
    <TestEntry testId="db4aba3e-e9fb-6474-afdd-57ad144ed465" executionId="0a52ca13-cabf-4a70-9d78-07a7db221ef3" testListId="8c84fa94-04c1-424b-9868-57a2d4851a1d" />
    <TestEntry testId="f8c8deb8-0405-318a-09bd-76466b365db8" executionId="0119fc40-787a-47a3-8597-34d7f38430b3" testListId="8c84fa94-04c1-424b-9868-57a2d4851a1d" />
    <TestEntry testId="c4c8008f-a30f-dfad-76a0-dd7831852408" executionId="7e6983f7-2d87-4aaa-a7b2-12e2187cf8a2" testListId="8c84fa94-04c1-424b-9868-57a2d4851a1d" />
    <TestEntry testId="cc15c669-b095-5ae3-f45a-5c06f54c8f98" executionId="4f500325-28b4-41e3-9b35-8aceb2f75ef1" testListId="8c84fa94-04c1-424b-9868-57a2d4851a1d" />
    <TestEntry testId="297e3fda-a466-d690-628d-665e65a29b44" executionId="f3d90d16-2991-4b3a-8fc9-90ea70151675" testListId="8c84fa94-04c1-424b-9868-57a2d4851a1d" />
    <TestEntry testId="143c1dd9-4a2f-7b5e-75f7-b1e263c5f5d5" executionId="1ff8e9d0-92d3-48e7-847b-ab8d278212ea" testListId="8c84fa94-04c1-424b-9868-57a2d4851a1d" />
    <TestEntry testId="ba6c2203-289a-89d1-a2f7-c80273e8b93b" executionId="090bb1c7-6a48-49d3-98ae-55a6212a62b3" testListId="8c84fa94-04c1-424b-9868-57a2d4851a1d" />
    <TestEntry testId="733710b4-c19b-66ec-9471-97590a564543" executionId="703415d7-af79-4d8b-a640-742e4a08a0c5" testListId="8c84fa94-04c1-424b-9868-57a2d4851a1d" />
    <TestEntry testId="4c947eeb-8d67-de99-1bdb-782ec5c2debe" executionId="bb49da7b-fa18-49d9-8cf4-e33077d619ea" testListId="8c84fa94-04c1-424b-9868-57a2d4851a1d" />
    <TestEntry testId="54c3e349-ed45-9519-b3b6-b1219f16ee3e" executionId="2ef785aa-43b0-4c84-9f74-3c82ff25a697" testListId="8c84fa94-04c1-424b-9868-57a2d4851a1d" />
    <TestEntry testId="f4fa37b9-c2a8-9319-74e3-5a49fd66aacf" executionId="900694fb-f798-41a4-8b69-a1bf19e63b00" testListId="8c84fa94-04c1-424b-9868-57a2d4851a1d" />
    <TestEntry testId="ef4a98b6-a2e3-44b5-41b9-23648b562578" executionId="1d7706ab-b850-48be-bea1-f2d7b0b76f48" testListId="8c84fa94-04c1-424b-9868-57a2d4851a1d" />
    <TestEntry testId="eea2680b-72ab-8966-f1b0-ad8d3f611853" executionId="0bbda6f1-1b99-4d16-a301-6c9ec1b85286" testListId="8c84fa94-04c1-424b-9868-57a2d4851a1d" />
    <TestEntry testId="bfc1c687-350c-cb9d-ed14-acee5dd9dfc2" executionId="4319db63-2101-45df-8c4e-5989adbb2f2d" testListId="8c84fa94-04c1-424b-9868-57a2d4851a1d" />
    <TestEntry testId="83d35996-5e2a-1661-47e8-bf95e73a843d" executionId="90ee4460-405f-4eda-a0c9-48a48f60f173" testListId="8c84fa94-04c1-424b-9868-57a2d4851a1d" />
    <TestEntry testId="15f915f1-4f81-a040-3134-407187c01914" executionId="eae7ebd4-d886-4fd3-a0c0-9aac9595a3c6" testListId="8c84fa94-04c1-424b-9868-57a2d4851a1d" />
    <TestEntry testId="83ae479d-a8d2-7906-b124-a0e2c71265aa" executionId="c506fa29-25d8-4e0a-b6a2-d316f4b0d542" testListId="8c84fa94-04c1-424b-9868-57a2d4851a1d" />
    <TestEntry testId="34340096-11a7-f1f8-58de-bcdc47b87c71" executionId="ba0eade3-a4e4-4e44-9341-05b13bb700ad" testListId="8c84fa94-04c1-424b-9868-57a2d4851a1d" />
    <TestEntry testId="81588253-49dc-832b-cae2-beffee5f27b8" executionId="45be8ccb-9d9f-4838-87ae-520c07d37548" testListId="8c84fa94-04c1-424b-9868-57a2d4851a1d" />
    <TestEntry testId="00e01e20-de0c-2edb-a03d-669ca068eb85" executionId="772b050f-700c-4684-a196-e962ef704aca" testListId="8c84fa94-04c1-424b-9868-57a2d4851a1d" />
    <TestEntry testId="78e7bafb-6c06-a8c1-c16a-3114a334e05d" executionId="45eb4cfb-e225-487a-9cbd-94e549cdfb32" testListId="8c84fa94-04c1-424b-9868-57a2d4851a1d" />
    <TestEntry testId="6cfadf18-daf2-dd61-5f41-3bf8c742b961" executionId="ed39b556-67ed-4298-84c9-dcdeba7ff462" testListId="8c84fa94-04c1-424b-9868-57a2d4851a1d" />
    <TestEntry testId="e78c9154-1e51-8638-9351-ce013ecc0fa0" executionId="fce48642-c2e8-4ecf-bcf4-f811065a310f" testListId="8c84fa94-04c1-424b-9868-57a2d4851a1d" />
    <TestEntry testId="e7c2819e-3a37-4003-0302-24269dad5e7f" executionId="2c19d1df-c756-4df0-9f9a-56e7f8ff68ea" testListId="8c84fa94-04c1-424b-9868-57a2d4851a1d" />
    <TestEntry testId="2f8174eb-c944-3177-c2a6-13ba45beda1e" executionId="057a0c13-bc29-4248-9f8c-54118ce17e4f" testListId="8c84fa94-04c1-424b-9868-57a2d4851a1d" />
    <TestEntry testId="b760a185-f2ff-ae15-2430-a1fe73ef344d" executionId="3d8cd201-d2a4-47da-b8d3-c1116385235b" testListId="8c84fa94-04c1-424b-9868-57a2d4851a1d" />
    <TestEntry testId="34384d1a-0c6c-4b62-67a9-d108ad2877c2" executionId="25c99e53-2ae0-45f8-ade6-c59da79e4dfd" testListId="8c84fa94-04c1-424b-9868-57a2d4851a1d" />
    <TestEntry testId="4f05a9f5-ad6d-f139-4926-62aa060306dd" executionId="9931ff40-a30e-459e-94ee-21d96c089daa" testListId="8c84fa94-04c1-424b-9868-57a2d4851a1d" />
    <TestEntry testId="1a3b644c-a70d-b4da-1357-afcbc95638be" executionId="b561767b-59dc-4adf-811a-ec327039a349" testListId="8c84fa94-04c1-424b-9868-57a2d4851a1d" />
    <TestEntry testId="e5a20ff2-865c-1e2b-26ab-15e39869e871" executionId="21f41410-5141-43c4-a9f1-dbadaf810200" testListId="8c84fa94-04c1-424b-9868-57a2d4851a1d" />
    <TestEntry testId="2e62a4be-db43-7df8-48e0-16cdf66eecf1" executionId="c2615a03-8316-4cf4-a04a-4f5606795706" testListId="8c84fa94-04c1-424b-9868-57a2d4851a1d" />
    <TestEntry testId="a4ea69d6-e821-c557-74b9-0adc8f8c4ed3" executionId="0da5fd1f-b8e9-4be9-99d2-71016ded8a3e" testListId="8c84fa94-04c1-424b-9868-57a2d4851a1d" />
    <TestEntry testId="e0cf370e-1168-fc04-93da-afe60488df26" executionId="758deaa8-15e9-47f1-a617-420ca65d4834" testListId="8c84fa94-04c1-424b-9868-57a2d4851a1d" />
    <TestEntry testId="7015fa2d-b679-ce8c-b7b2-9286afebb35c" executionId="72a77b1e-5a69-4346-8f86-e87cf3c7267f" testListId="8c84fa94-04c1-424b-9868-57a2d4851a1d" />
    <TestEntry testId="7c93ac0f-7027-d3d5-9582-40e4fa5210f0" executionId="670baf31-be78-49fb-b4d9-4378e7e6a13a" testListId="8c84fa94-04c1-424b-9868-57a2d4851a1d" />
    <TestEntry testId="174b15c2-bfba-e6c0-8069-2b209d6bda86" executionId="0bd1c6cb-92c0-4dc7-ba46-2b77b235cf94" testListId="8c84fa94-04c1-424b-9868-57a2d4851a1d" />
    <TestEntry testId="c18a81a4-dab4-b392-7dc1-ec479e53a69c" executionId="673f8237-a57b-4066-80fd-c1b5237f0a81" testListId="8c84fa94-04c1-424b-9868-57a2d4851a1d" />
    <TestEntry testId="767677d4-f397-2549-6647-3af5655edf24" executionId="4810368d-0b7b-4451-975c-a55b9f8e3970" testListId="8c84fa94-04c1-424b-9868-57a2d4851a1d" />
    <TestEntry testId="9c7017ca-6f8d-8dc6-58ed-c413c016e6f1" executionId="1fc9b4a7-685f-4467-acf9-c2a8dfb80d35" testListId="8c84fa94-04c1-424b-9868-57a2d4851a1d" />
    <TestEntry testId="c1befd49-0e89-3827-c1ef-bdd741c1872a" executionId="9a8cf8f7-90c0-45f8-acb6-de2c9a15386c" testListId="8c84fa94-04c1-424b-9868-57a2d4851a1d" />
    <TestEntry testId="08497536-6f54-fbf5-9142-6bc8c5d98a52" executionId="ffb0cc8c-2f1b-4941-be08-1409781cebc4" testListId="8c84fa94-04c1-424b-9868-57a2d4851a1d" />
    <TestEntry testId="38d031ae-66a2-e475-bb4d-989d37a8e9b0" executionId="7e03071e-8680-4092-8e48-37f550e94087" testListId="8c84fa94-04c1-424b-9868-57a2d4851a1d" />
    <TestEntry testId="53387279-68e2-5035-3eed-3a53ee3e6e6d" executionId="210f202f-bbaf-4920-a391-605c5ac5ce65" testListId="8c84fa94-04c1-424b-9868-57a2d4851a1d" />
    <TestEntry testId="572f9d91-e99c-94a9-4803-f00721986394" executionId="4c1a0f96-22a1-47fd-8a5e-d429c81238b6" testListId="8c84fa94-04c1-424b-9868-57a2d4851a1d" />
    <TestEntry testId="116f8b34-d1cb-12f1-f937-7038bb3197fb" executionId="138d0f75-30ae-4bb9-a6ea-146f16c9b465" testListId="8c84fa94-04c1-424b-9868-57a2d4851a1d" />
    <TestEntry testId="d5961d76-f07d-316b-6131-2d4e02218efa" executionId="76f3f849-57f9-4194-aa86-1bcdbb8304ec" testListId="8c84fa94-04c1-424b-9868-57a2d4851a1d" />
    <TestEntry testId="5749f7e7-4066-f326-6a0b-50ab18157aac" executionId="305ce398-f627-4e97-954b-7b06f0cc37f2" testListId="8c84fa94-04c1-424b-9868-57a2d4851a1d" />
    <TestEntry testId="40a96957-1f96-cadf-7626-faab359b4e6d" executionId="ce13cefd-a2a5-4f55-ac83-8691ab0acc85" testListId="8c84fa94-04c1-424b-9868-57a2d4851a1d" />
    <TestEntry testId="9ad12393-86c9-c686-53e0-3f0798e81676" executionId="ebdf90af-f5fe-45ba-aeb1-ab099fd98800" testListId="8c84fa94-04c1-424b-9868-57a2d4851a1d" />
    <TestEntry testId="42290a3d-9fc7-a8db-504e-fe99014c6062" executionId="40e6ecbd-2d18-4ded-b3c9-8e23341d14b1" testListId="8c84fa94-04c1-424b-9868-57a2d4851a1d" />
    <TestEntry testId="0bf0efc2-498c-5d3f-3f09-e98a4fa85111" executionId="ae13d77f-487d-4fef-aaa7-44f45d04a448" testListId="8c84fa94-04c1-424b-9868-57a2d4851a1d" />
    <TestEntry testId="29907e08-7824-07ed-72ea-b9fe625acab8" executionId="b03e3812-1e74-443c-a0c5-57e88f2256f8" testListId="8c84fa94-04c1-424b-9868-57a2d4851a1d" />
    <TestEntry testId="ff81e3c9-5e72-4d53-adff-7890ea508ee7" executionId="6d72d7ac-3e35-4845-b226-773f87627cab" testListId="8c84fa94-04c1-424b-9868-57a2d4851a1d" />
    <TestEntry testId="f5e7d6f0-5a53-cab5-70f5-2dddeca2c27b" executionId="6d17614d-db73-4c9f-8b3d-68bd9e02b527" testListId="8c84fa94-04c1-424b-9868-57a2d4851a1d" />
    <TestEntry testId="1a4e6f74-5109-cb8b-5768-c59abfc853b5" executionId="917033e0-9c41-4fe9-96d3-10d8503e4774" testListId="8c84fa94-04c1-424b-9868-57a2d4851a1d" />
    <TestEntry testId="077b0943-3e44-cd0f-3d64-16e3e9db5fd2" executionId="bffabc29-91e7-4929-9830-70de9c465e72" testListId="8c84fa94-04c1-424b-9868-57a2d4851a1d" />
    <TestEntry testId="a588d776-4767-2728-8e09-1ad22e0f56d0" executionId="37409065-4396-40c1-b0e5-a31efbe5b4f1" testListId="8c84fa94-04c1-424b-9868-57a2d4851a1d" />
    <TestEntry testId="07e86220-6187-ea1b-88a2-f29e58726f93" executionId="6581350b-626f-4de4-a4b7-c8b95e0a1fe5" testListId="8c84fa94-04c1-424b-9868-57a2d4851a1d" />
    <TestEntry testId="6a6435a6-fa79-3b4c-c26c-9bd980a8246c" executionId="0102c15a-7bfa-4a86-bb9f-51bbdafdfa93" testListId="8c84fa94-04c1-424b-9868-57a2d4851a1d" />
    <TestEntry testId="32d23913-e0eb-f423-db1e-b5aca3460cbd" executionId="25ce290d-59df-405e-8031-a7dced26cf1b" testListId="8c84fa94-04c1-424b-9868-57a2d4851a1d" />
    <TestEntry testId="a1ef1fbe-1a52-32d6-1c97-d2e039e9b00b" executionId="4e405660-96d3-4611-84eb-0f63ef07fcdb" testListId="8c84fa94-04c1-424b-9868-57a2d4851a1d" />
    <TestEntry testId="41db3ad8-7f8d-5478-8d65-3e895abe7d89" executionId="9e4102f5-df8b-4198-8b13-7962a27fd246" testListId="8c84fa94-04c1-424b-9868-57a2d4851a1d" />
    <TestEntry testId="432720a6-8b72-2d99-b24d-94227436d3d7" executionId="87eff028-c1b1-4115-bee0-e54649332def" testListId="8c84fa94-04c1-424b-9868-57a2d4851a1d" />
    <TestEntry testId="96002749-e0eb-89c5-f65a-19be6b562cde" executionId="44bdce6a-21c4-44e3-bc35-8a81d091a27b" testListId="8c84fa94-04c1-424b-9868-57a2d4851a1d" />
    <TestEntry testId="ddd2bab8-f711-f24e-8d7b-a98f26283b83" executionId="104f84ac-7d7a-4e41-b9fb-e50d8caf44e3" testListId="8c84fa94-04c1-424b-9868-57a2d4851a1d" />
    <TestEntry testId="5b014e58-bad5-50ce-49bf-4fc48d519e12" executionId="090c4a27-995f-40e6-9a77-c42ee5643038" testListId="8c84fa94-04c1-424b-9868-57a2d4851a1d" />
    <TestEntry testId="7afb76c5-7636-4dae-85ef-e31a2be68269" executionId="850dda02-7695-4b43-adb4-8b5f79062a78" testListId="8c84fa94-04c1-424b-9868-57a2d4851a1d" />
    <TestEntry testId="fe638ba9-b1de-9469-db55-95bf5880355a" executionId="f235d8d5-ee0a-46ac-b929-efc6d61c929e" testListId="8c84fa94-04c1-424b-9868-57a2d4851a1d" />
    <TestEntry testId="59b1f1ab-1adf-f8fd-a921-fdbfb6e39d37" executionId="209a3401-e377-44af-b942-8bee582ce196" testListId="8c84fa94-04c1-424b-9868-57a2d4851a1d" />
    <TestEntry testId="02b111cc-8b8a-5a24-413c-067cee635256" executionId="fbf1ea51-39cf-41be-84ec-c11d97e51891" testListId="8c84fa94-04c1-424b-9868-57a2d4851a1d" />
    <TestEntry testId="f0290033-59ff-18c9-55f7-b27b27e178f3" executionId="ee6c3227-9541-4e92-999d-b51f31592c45" testListId="8c84fa94-04c1-424b-9868-57a2d4851a1d" />
    <TestEntry testId="b2904868-127a-2843-612f-a59edf2e7cb1" executionId="ceebfb4a-e8f6-4e15-bfc2-dfd05540ddae" testListId="8c84fa94-04c1-424b-9868-57a2d4851a1d" />
    <TestEntry testId="7cb50acb-6a18-932c-89bf-fca650c57152" executionId="675b0ef2-5adf-4208-b9ef-d2f0f1a529b5" testListId="8c84fa94-04c1-424b-9868-57a2d4851a1d" />
    <TestEntry testId="5bee65b8-4885-503e-fd95-3719ee53776f" executionId="65786e85-7ac7-40c9-b884-3ac31472bf16" testListId="8c84fa94-04c1-424b-9868-57a2d4851a1d" />
    <TestEntry testId="2037cd4d-9452-1c29-f8ab-aeeec82f2d8d" executionId="80faa66f-fce7-441e-b197-031b9d55ac92" testListId="8c84fa94-04c1-424b-9868-57a2d4851a1d" />
    <TestEntry testId="39abd493-855a-ad1d-70ea-5206e64651e9" executionId="7bfa8750-c8d7-438b-a1d4-c38d67465f94" testListId="8c84fa94-04c1-424b-9868-57a2d4851a1d" />
    <TestEntry testId="64439f5d-4623-159b-27e6-79efa624a78c" executionId="9af70bfa-769a-4c43-9609-542b0d08d5a8" testListId="8c84fa94-04c1-424b-9868-57a2d4851a1d" />
    <TestEntry testId="5e3f1360-8d94-da6c-29f4-e685d8501bba" executionId="35484a48-04e2-4e20-9e74-bb68f1cb7a39" testListId="8c84fa94-04c1-424b-9868-57a2d4851a1d" />
    <TestEntry testId="fb6ebddc-df17-4535-8e8e-42f772245c6c" executionId="44c9a2aa-0cb7-4f4b-b053-6990f5e3c63f" testListId="8c84fa94-04c1-424b-9868-57a2d4851a1d" />
    <TestEntry testId="b3db5360-0ef1-693f-5a94-b224fb7967c1" executionId="9fc89d6b-94a6-4a35-a0f6-e04f32e7a960" testListId="8c84fa94-04c1-424b-9868-57a2d4851a1d" />
    <TestEntry testId="fb09a68b-4ca6-2128-3603-cafb14024879" executionId="ac2e402c-be7d-472e-91bb-b0eb1bc6a43a" testListId="8c84fa94-04c1-424b-9868-57a2d4851a1d" />
    <TestEntry testId="a9807629-cec1-d660-c876-d76b868e805f" executionId="0b859004-a617-40ca-9cc2-5fdeaba8e033" testListId="8c84fa94-04c1-424b-9868-57a2d4851a1d" />
    <TestEntry testId="ff9d9229-2a16-31d9-0b75-ff2aa08fc1e1" executionId="0e579393-311b-41e9-af4b-e186ab55b3ac" testListId="8c84fa94-04c1-424b-9868-57a2d4851a1d" />
    <TestEntry testId="bc248de1-b9f8-bcd0-450d-666def3ce9a9" executionId="c4f800bd-752e-44dc-ad05-55037b316d3c" testListId="8c84fa94-04c1-424b-9868-57a2d4851a1d" />
    <TestEntry testId="ac681361-ec9e-8baf-c151-cfa97f6ea062" executionId="8e4322bd-7315-45e3-b078-f3b9755c6457" testListId="8c84fa94-04c1-424b-9868-57a2d4851a1d" />
    <TestEntry testId="b27b3e54-b7d5-ff84-df12-49e887f0bc10" executionId="e27bda59-0509-4b05-abd2-683bc3571eb2" testListId="8c84fa94-04c1-424b-9868-57a2d4851a1d" />
    <TestEntry testId="0683c28c-3bbf-bb2a-ad75-986f72f70286" executionId="10892ba2-84e1-48b2-9757-9eeee8817895" testListId="8c84fa94-04c1-424b-9868-57a2d4851a1d" />
    <TestEntry testId="56dbc293-581b-5d42-f438-c9598d1ad95b" executionId="b40ea908-7216-4251-a3bb-e7074805cfb4" testListId="8c84fa94-04c1-424b-9868-57a2d4851a1d" />
    <TestEntry testId="4571278c-1562-537d-a43d-458986cf4166" executionId="3cfe4cb8-3532-4e6b-99f3-51d721744567" testListId="8c84fa94-04c1-424b-9868-57a2d4851a1d" />
    <TestEntry testId="38a0e64a-1366-e17a-2441-b55cbe0a3aa7" executionId="3bcd47c5-2bb1-41c9-997e-d30da358f1bc" testListId="8c84fa94-04c1-424b-9868-57a2d4851a1d" />
    <TestEntry testId="e7a6dde1-a854-4f69-b0fd-df29fec92533" executionId="8425d1aa-f8ee-4b2c-adff-8b8f392db02f" testListId="8c84fa94-04c1-424b-9868-57a2d4851a1d" />
    <TestEntry testId="69ebb33a-4e6d-6bec-6b7d-bb55fe6363ce" executionId="22941218-7425-4813-9ba2-22c4feb3c8d7" testListId="8c84fa94-04c1-424b-9868-57a2d4851a1d" />
    <TestEntry testId="05700538-e7ef-1b4d-f64b-aab90eaa133b" executionId="05a4cca8-3104-4eef-863f-80de764faf67" testListId="8c84fa94-04c1-424b-9868-57a2d4851a1d" />
    <TestEntry testId="ebabf666-d4df-1709-230c-1310f11aa2f2" executionId="511b4aed-493a-445e-971d-0975cd72a132" testListId="8c84fa94-04c1-424b-9868-57a2d4851a1d" />
    <TestEntry testId="63002c88-b404-3b3d-751c-11ece156d2c1" executionId="6b9a194e-a7c3-4dbe-9ded-fef62a9351f6" testListId="8c84fa94-04c1-424b-9868-57a2d4851a1d" />
    <TestEntry testId="5a204b74-55df-06f7-3b8c-75de7795e6b5" executionId="88fbbeba-94ad-496b-8d25-70436b432322" testListId="8c84fa94-04c1-424b-9868-57a2d4851a1d" />
    <TestEntry testId="16f8bc96-9e4a-d98e-5ff4-0ef184aec1cf" executionId="4b5a72aa-10d2-4c42-96b3-fe9f63ee811c" testListId="8c84fa94-04c1-424b-9868-57a2d4851a1d" />
    <TestEntry testId="d12c5be6-52ad-6a3f-a2c4-66111d616029" executionId="a016010e-6ae0-499f-b010-978f9679f451" testListId="8c84fa94-04c1-424b-9868-57a2d4851a1d" />
    <TestEntry testId="b149021e-39d3-c001-431e-2b2fc0c63cef" executionId="ffaf9ff1-9aaf-4188-aeb3-632c79e54921" testListId="8c84fa94-04c1-424b-9868-57a2d4851a1d" />
    <TestEntry testId="f240b254-bc0c-1b9b-a946-e1cf8e055f56" executionId="12973940-f761-4b78-8df3-40929d1f107b" testListId="8c84fa94-04c1-424b-9868-57a2d4851a1d" />
    <TestEntry testId="5e697a34-5feb-b8b7-467f-c572907d5e77" executionId="fc7b7f82-3d55-4277-8f24-82ed4a8861ec" testListId="8c84fa94-04c1-424b-9868-57a2d4851a1d" />
    <TestEntry testId="405d9de5-56f8-94d6-1f7b-132b5c895d2f" executionId="b824addb-be98-4591-9a03-b367489f5997" testListId="8c84fa94-04c1-424b-9868-57a2d4851a1d" />
    <TestEntry testId="03f0056c-f816-8564-8347-54c829e4776d" executionId="4fb0b081-2ed2-48fb-85b2-8720c2a3b2cd" testListId="8c84fa94-04c1-424b-9868-57a2d4851a1d" />
    <TestEntry testId="8db7ccac-b2ee-ec5b-c7f3-e310b23b9d3c" executionId="5782e96e-9e37-47a7-aea8-401ab9950479" testListId="8c84fa94-04c1-424b-9868-57a2d4851a1d" />
    <TestEntry testId="6d481a1e-cbde-37c5-3765-bb5eaa8df508" executionId="ecf1b5d0-3dc7-4404-b380-a57c6bb7b63f" testListId="8c84fa94-04c1-424b-9868-57a2d4851a1d" />
    <TestEntry testId="aafe1b8c-b873-6bc2-9754-45a35be69d71" executionId="9ef6cd8a-4971-49b1-ba09-88988dafc360" testListId="8c84fa94-04c1-424b-9868-57a2d4851a1d" />
    <TestEntry testId="9a4789b9-6d98-da6c-f097-840621dbee28" executionId="fca84216-44c2-4493-bbf8-9227c9abfd9d" testListId="8c84fa94-04c1-424b-9868-57a2d4851a1d" />
    <TestEntry testId="cc87de05-4116-e6de-b065-1f3718b9f662" executionId="f0a2eeb8-0591-48fc-b35f-956258f3e0a1" testListId="8c84fa94-04c1-424b-9868-57a2d4851a1d" />
    <TestEntry testId="32c6198a-5681-3b1f-8d1b-1c325b515a06" executionId="ed71b710-fb09-4a37-93fe-620e1451bc8d" testListId="8c84fa94-04c1-424b-9868-57a2d4851a1d" />
    <TestEntry testId="1121defc-20e8-855e-3c57-9762c6551ddc" executionId="654f570f-e206-475c-9b11-f3b3f03d7780" testListId="8c84fa94-04c1-424b-9868-57a2d4851a1d" />
    <TestEntry testId="0aeefe4b-e85c-13a9-98a6-92a397f5cc5c" executionId="fafff5db-5954-4ba4-ab07-45b6560bc229" testListId="8c84fa94-04c1-424b-9868-57a2d4851a1d" />
    <TestEntry testId="e736ddf4-6188-0278-bb42-cd56f3416890" executionId="6600adb5-950b-4462-a8e2-368ed9536d1c" testListId="8c84fa94-04c1-424b-9868-57a2d4851a1d" />
  </TestEntries>
  <TestLists>
    <TestList name="Results Not in a List" id="8c84fa94-04c1-424b-9868-57a2d4851a1d" />
    <TestList name="All Loaded Results" id="19431567-8539-422a-85d7-44ee4e166bda" />
  </TestLists>
  <ResultSummary outcome="Completed">
    <Counters total="343" executed="343" passed="343" failed="0" error="0" timeout="0" aborted="0" inconclusive="0" passedButRunAborted="0" notRunnable="0" notExecuted="0" disconnected="0" warning="0" completed="0" inProgress="0" pending="0" />
    <Output>
      <StdOut>Test Parallelization enabled for C:\Users\Ricardo\Documents\Iris\tests\Iris.Tests\bin\Debug\net10.0-windows\Iris.Tests.dll (Workers: 12, Scope: MethodLevel)&#xD;
</StdOut>
    </Output>
  </ResultSummary>
</TestRun>